1 
2 
3 
4 
5 
6 
7 
8 
9 
1 
18 
10 
9 
5 
31 
3 
22 
3 
27 
13 
2 
41 
13 
8 
15 
10 
11 
12 
13 
10 
17 
16 
15 
12 
39 
28 
27 
26 
25 
9 
45 
10 
19 
4 
35 
6 
21 
20 
1 
33 
32 
6 
51 
20 
18 
11 
32 
17 
18 
19 
13 
14 
15 
23 
10 
22 
14 
25 
10 
50 
3 
34 
21 
20 
19 
36 
7 
42 
14 
35 
21 
22 
23 
24 
25 
15 
46 
2 
46 
28 
29 
30 
16 
41 
17 
72 
4 
1 
57 
16 
48 
35 
34 
33 
34 
54 
23 
25 
41 
40 
3 
63 
48 
47 
24 
51 
22 
50 
49 
16 
65 
1 
83 
3 
75 
2 
64 
9 
55 
43 
42 
38 
18 
52 
19 
58 
11 
37 
36 
21 
44 
26 
58 
18 
53 
5 
61 
7 
60 
8 
95 
10 
60 
46 
36 
35 
57 
20 
30 
31 
23 
32 
31 
40 
13 
56 
15 
69 
2 
75 
20 
68 
32 
56 
29 
75 
25 
66 
21 
86 
13 
77 
23 
49 
39 
38 
37 
36 
64 
31 
72 
12 
91 
6 
79 
20 
99 
1 
94 
2 
80 
25 
79 
23 
51 
50 
55 
44 
40 
39 
53 
28 
75 
48 
49 
41 
42 
72 
22 
65 
64 
55 
47 
30 
81 
7 
5 
90 
21 
97 
27 
62 
18 
74 
14 
87 
86 
17 
81 
33 
93 
9 
76 
22 
76 
57 
40 
56 
55 
54 
41 
47 
46 
45 
44 
43 
58 
45 
44 
82 
11 
84 
26 
67 
38 
6 
100 
24 
92 
12 
93 
11 
94 
10 
88 
10 
9 
98 
28 
80 
26 
74 
19 
11 
96 
13 
88 
16 
71 
41 
61 
60 
59 
57 
46 
47 
70 
54 
53 
49 
57 
56 
57 
58 
53 
52 
51 
52 
74 
65 
66 
34 
73 
16 
91 
39 
89 
14 
12 
94 
23 
96 
16 
15 
78 
27 
94 
29 
78 
43 
18 
93 
26 
22 
83 
35 
82 
81 
47 
93 
31 
80 
60 
81 
58 
59 
67 
51 
71 
45 
79 
41 
25 
92 
28 
84 
31 
99 
32 
96 
52 
90 
35 
93 
45 
85 
37 
77 
65 
99 
33 
98 
47 
29 
88 
36 
88 
80 
79 
61 
62 
63 
56 
84 
37 
84 
42 
90 
40 
99 
33 
32 
100 
30 
92 
44 
89 
59 
68 
50 
78 
59 
70 
68 
61 
92 
60 
39 
99 
48 
42 
100 
89 
79 
67 
54 
83 
59 
85 
51 
46 
66 
67 
64 
63 
73 
55 
49 
93 
86 
63 
78 
77 
71 
53 
69 
57 
53 
84 
58 
75 
73 
62 
98 
54 
58 
98 
74 
67 
68 
69 
70 
71 
72 
73 
68 
66 
99 
93 
86 
67 
69 
92 
73 
70 
73 
74 
75 
76 
71 
94 
93 
91 
79 
78 
86 
85 
84 
77 
76 
71 
97 
61 
95 
81 
80 
79 
78 
90 
74 
97 
92 
81 
80 
81 
90 
89 
88 
86 
83 
77 
84 
83 
82 
83 
95 
90 
91 
92 
93 
92 
100 
99 
93 
99 
94 
95 
96 
97 
98 
96 
99 
98 
88 
87 
