1
3
5
8
9
12
13
15
17
20
21
23
25
28
30
32
33
35
37
39
41
43
45
47
50
51
54
55
57
59
61
63
65
68
69
71
73
75
77
79
82
83
85
87
89
91
93
95
97
99
101
103
106
107
109
111
114
115
117
119
122
123
125
127
129
132
134
135
137
139
142
143
146
147
150
152
153
155
158
160
162
163
165
167
170
171
173
175
177
180
181
183
186
188
189
191
194
196
197
199
201
204
206
207
210
212
214
216
217
219
222
223
225
227
229
232
233
235
237
239
241
243
245
248
250
251
254
255
258
260
261
263
266
267
269
271
273
275
278
279
282
284
285
288
289
291
293
296
297
299
302
304
305
307
309
311
313
315
318
320
322
323
326
327
330
332
333
336
337
340
342
343
345
347
350
352
353
356
357
359
362
364
366
367
370
371
373
375
378
379
382
383
385
387
389
391
394
395
397
399
401
403
405
407
409
411
413
415
417
419
421
423
425
427
430
431
433
436
437
440
442
444
445
447
450
451
453
455
458
460
461
463
466
468
469
471
473
475
477
479
482
483
485
487
490
491
493
496
498
499
502
503
505
507
509
511
514
516
517
519
522
523
525
527
529
531
533
535
538
539
541
544
545
548
549
551
553
556
558
560
561
564
565
567
569
571
573
576
577
579
581
583
586
587
590
591
593
595
597
599
601
604
606
607
610
611
614
615
618
619
621
624
625
627
629
632
633
635
637
639
641
644
646
647
649
651
654
655
658
659
661
663
665
668
669
671
673
675
678
680
681
684
685
687
690
692
694
695
697
699
701
703
706
707
710
712
714
715
718
719
721
723
725
728
730
731
733
736
737
740
742
743
746
747
749
751
753
756
757
760
761
764
766
768
770
771
774
775
777
780
781
783
785
787
789
791
793
796
797
800
801
803
805
808
809
812
814
816
817
819
821
823
825
827
829
832
833
835
837
840
842
844
846
847
850
852
853
856
858
859
861
863
865
867
869
871
873
875
877
879
881
884
885
887
890
892
893
895
898
900
901
904
905
908
910
912
914
915
917
920
921
924
926
928
930
932
934
936
937
939
942
944
945
947
949
951
953
955
957
960
961
963
965
967
969
972
974
975
978
979
982
983
986
987
990
991
993
995
997
1000
1001
1003
1006
1007
1010
1011
1013
1015
1017
1019
1022
1024
1025
1027
1030
1032
1033
1036
1037
1039
1042
1043
1046
1047
1049
1052
1053
1055
1058
1059
1061
1064
1066
1068
1069
1071
1073
1076
1078
1079
1081
1083
1085
1088
1090
1091
1093
1095
1097
1099
1102
1104
1106
1108
1109
1112
1114
1115
1118
1119
1121
1123
1125
1128
1129
1131
1133
1136
1137
1139
1142
1143
1145
1148
1149
1151
1153
1155
1158
1160
1162
1163
1166
1167
1169
1171
1174
1176
1177
1179
1181
1183
1185
1187
1190
1191
1193
1196
1197
1200
1202
1204
1206
1208
1209
1212
1213
1216
1217
1219
1221
1224
1226
1227
1230
1231
1233
1236
1237
1239
1241
1244
1245
1248
1250
1251
1253
1256
1257
1259
1261
1264
1265
1267
1269
1271
1273
1275
1278
1279
1281
1283
1285
1287
1290
1292
1293
1296
1297
1299
1302
1303
1306
1307
1309
1311
1313
1315
1317
1319
1322
1323
1326
1327
1329
1332
1333
1335
1337
1340
1342
1344
1346
1347
1350
1351
1353
1355
1357
1359
1361
1363
1365
1367
1369
1372
1374
1375
1377
1380
1382
1383
1385
1387
1389
1391
1394
1396
1397
1399
1401
1404
1406
1408
1409
1412
1413
1416
1418
1419
1421
1424
1425
1428
1429
1431
1433
1436
1437
1439
1441
1444
1446
1447
1449
1451
1454
1456
1457
1460
1462
1463
1466
1468
1469
1471
1473
1476
1478
1480
1481
1484
1486
1487
1490
1491
1494
1496
1498
1499
1502
1503
1506
1508
1509
1512
1514
1515
1518
1519
1521
1524
1525
1527
1529
1532
1533
1536
1537
1539
1541
1543
1545
1547
1550
1551
1553
1555
1558
1560
1561
1564
1565
1567
1569
1572
1573
1575
1578
1580
1581
1583
1586
1587
1589
1592
1594
1595
1598
1600
1601
1604
1606
1607
1610
1611
1614
1616
1618
1619
1621
1623
1626
1628
1630
1632
1633
1635
1637
1639
1641
1643
1646
1647
1649
1651
1653
1655
1657
1660
1661
1663
1666
1668
1670
1672
1673
1676
1678
1680
1681
1683
1685
1687
1690
1691
1694
1696
1697
1699
1701
1704
1705
1708
1709
1711
1714
1716
1717
1719
1721
1724
1726
1728
1729
1731
1734
1736
1737
1739
1741
1744
1745
1747
1750
1752
1753
1755
1757
1759
1761
1764
1765
1767
1769
1772
1773
1775
1777
1780
1781
1784
1785
1787
1789
1791
1794
1795
1797
1799
1801
1804
1805
1807
1810
1811
1814
1815
1817
1820
1821
1823
1825
1828
1829
1831
1833
1835
1837
1840
1842
1843
1845
1848
1850
1851
1853
1855
1857
1860
1861
1864
1865
1867
1870
1871
1874
1876
1877
1879
1882
1884
1885
1887
1890
1892
1894
1895
1897
1899
1901
1903
1905
1907
1909
1911
1914
1916
1917
1920
1922
1923
1926
1928
1929
1931
1933
1936
1937
1940
1942
1943
1945
1947
1949
1951
1953
1955
1957
1959
1961
1963
1966
1967
1969
1971
1974
1976
1977
1979
1982
1983
1985
1987
1989
1991
1993
1995
1997
1999
2001
2003
2005
2008
2010
2012
2014
2015
2018
2019
2021
2024
2025
2027
2029
2031
2034
2035
2038
2039
2041
2044
2045
2048
2049
2052
2053
2055
2057
2060
2062
2064
2065
2067
2069
2071
2073
2076
2078
2079
2081
2083
2086
2087
2089
2091
2094
2095
2097
2099
2101
2104
2106
2108
2109
2112
2113
2115
2118
2120
2121
2123
2126
2127
2129
2131
2133
2135
2138
2139
2142
2143
2146
2147
2149
2151
2153
2155
2157
2160
2162
2164
2165
2168
2169
2171
2173
2175
2177
2179
2181
2183
2186
2187
2189
2192
2193
2196
2198
2199
2201
2203
2205
2207
2210
2211
2214
2215
2218
2219
2221
2224
2225
2228
2230
2232
2234
2235
2237
2239
2241
2244
2246
2248
2250
2251
2253
2255
2257
2259
2261
2264
2265
2267
2269
2271
2274
2275
2277
2280
2281
2283
2285
2287
2289
2291
2293
2295
2298
2299
2302
2304
2305
2307
2310
2311
2314
2316
2317
2319
2321
2323
2326
2327
2330
2332
2333
2335
2337
2339
2341
2343
2346
2347
2349
2351
2354
2356
2358
2360
2361
2364
2366
2368
2369
2372
2374
2376
2378
2380
2381
2384
2385
2387
2389
2391
2393
2395
2398
2399
2401
2404
2406
2408
2409
2412
2413
2415
2417
2419
2422
2423
2425
2428
2429
2432
2434
2435
2437
2440
2442
2444
2445
2448
2449
2451
2454
2455
2457
2460
2461
2463
2465
2467
2469
2471
2473
2475
2477
2480
2481
2483
2485
2487
2490
2491
2494
2496
2498
2500
2501
2504
2505
2508
2509
2512
2514
2516
2517
2519
2522
2523
2526
2527
2530
2531
2533
2536
2538
2539
2542
2543
2545
2547
2549
2551
2553
2555
2557
2559
2561
2563
2566
2567
2569
2571
2573
2575
2577
2580
2582
2584
2586
2588
2590
2592
2594
2595
2597
2599
2601
2603
2605
2608
2609
2611
2614
2615
2617
2619
2621
2623
2626
2627
2629
2632
2633
2636
2637
2639
2641
2644
2645
2648
2650
2651
2653
2656
2658
2659
2662
2663
2666
2667
2669
2671
2674
2676
2677
2680
2681
2684
2685
2688
2689
2692
2693
2695
2698
2699
2702
2704
2705
2707
2709
2712
2714
2715
2718
2720
2721
2724
2725
2727
2729
2731
2734
2735
2737
2740
2741
2744
2746
2748
2749
2751
2754
2755
2757
2759
2761
2764
2766
2768
2769
2771
2774
2775
2777
2779
2781
2783
2785
2788
2789
2792
2793
2796
2797
2799
2802
2804
2806
2807
2809
2811
2813
2816
2817
2819
2821
2823
2826
2828
2829
2832
2834
2835
2837
2839
2842
2843
2845
2847
2850
2851
2853
2856
2858
2859
2861
2864
2866
2867
2870
2871
2874
2875
2877
2880
2882
2883
2885
2887
2889
2891
2893
2896
2898
2899
2901
2904
2905
2907
2909
2912
2914
2916
2917
2919
2922
2924
2925
2927
2929
2931
2934
2935
2938
2939
2941
2943
2945
2947
2949
2952
2953
2955
2958
2960
2961
2964
2966
2968
2969
2971
2973
2975
2978
2980
2982
2984
2985
2987
2989
2992
2994
2995
2998
3000
3001
3003
3005
3008
3009
3011
3013
3016
3017
3019
3022
3023
3025
3028
3029
3031
3034
3035
3038
3039
3042
3043
3045
3047
3050
3052
3053
3056
3057
3060
3062
3064
3066
3067
3070
3072
3073
3075
3077
3080
3081
3084
3085
3088
3090
3092
3093
3095
3097
3100
3102
3103
3106
3107
3110
3112
3114
3116
3117
3119
3121
3123
3125
3127
3130
3131
3133
3136
3137
3140
3142
3143
3145
3147
3149
3151
3153
3155
3157
3159
3162
3163
3166
3168
3169
3172
3173
3175
3178
3179
3182
3183
3185
3187
3189
3192
3194
3196
3197
3200
3201
3203
3206
3208
3209
3212
3214
3215
3217
3219
3221
3224
3226
3227
3229
3232
3234
3235
3237
3239
3242
3243
3246
3248
3249
3251
3253
3256
3258
3260
3262
3263
3266
3267
3270
3271
3274
3275
3277
3279
3282
3284
3285
3287
3290
3291
3293
3295
3297
3299
3301
3303
3306
3307
3310
3311
3314
3315
3318
3319
3321
3323
3325
3328
3329
3331
3333
3335
3338
3340
3341
3343
3346
3348
3349
3351
3353
3355
3358
3360
3362
3363
3365
3368
3369
3372
3373
3375
3378
3380
3381
3384
3385
3387
3389
3392
3393
3395
3397
3400
3401
3404
3405
3407
3409
3411
3413
3415
3418
3420
3422
3423
3426
3427
3430
3432
3434
3435
3437
3440
3441
3443
3446
3447
3450
3452
3453
3455
3457
3459
3461
3464
3465
3468
3469
3471
3473
3476
3477
3480
3482
3484
3486
3487
3489
3492
3494
3495
3497
3500
3502
3504
3506
3508
3509
3512
3514
3515
3518
3520
3522
3524
3525
3527
3529
3531
3534
3536
3537
3539
3542
3543
3546
3548
3549
3551
3553
3556
3557
3559
3561
3563
3565
3567
3569
3571
3573
3575
3578
3579
3581
3583
3585
3587
3590
3591
3594
3596
3597
3600
3601
3603
3606
3607
3609
3611
3614
3615
3617
3619
3621
3624
3625
3628
3629
3632
3633
3636
3637
3639
3642
3644
3645
3648
3649
3651
3654
3655
3658
3659
3661
3664
3666
3668
3669
3671
3673
3676
3677
3680
3681
3683
3686
3687
3689
3692
3693
3696
3697
3699
3702
3704
3705
3707
3709
3712
3714
3716
3718
3719
3721
3724
3725
3727
3730
3731
3733
3735
3738
3739
3742
3743
3745
3747
3750
3752
3753
3756
3757
3760
3762
3763
3765
3767
3770
3771
3773
3775
3778
3779
3781
3783
3785
3787
3790
3792
3793
3796
3798
3800
3801
3803
3805
3807
3810
3811
3814
3815
3817
3820
3821
3824
3825
3827
3829
3831
3833
3835
3838
3840
3841
3844
3846
3847
3849
3852
3853
3855
3858
3859
3862
3864
3865
3868
3869
3872
3873
3875
3877
3880
3882
3884
3886
3887
3889
3892
3893
3895
3897
3900
3902
3903
3905
3907
3909
3912
3913
3915
3917
3920
3921
3924
3926
3927
3930
3932
3933
3935
3938
3940
3942
3944
3945
3948
3949
3951
3954
3955
3957
3960
3962
3963
3965
3967
3970
3972
3973
3975
3977
3979
3982
3983
3985
3988
3989
3992
3994
3996
3997
3999
4001
4004
4005
4007
4009
4012
4013
4015
4018
4019
4021
4023
4025
4028
4030
4031
4034
4036
4037
4039
4042
4044
4045
4048
4049
4051
4053
4056
4058
4060
4061
4064
4065
4068
4069
4071
4074
4075
4078
4080
4082
4083
4085
4087
4090
4092
4093
4096
4097
4099
4102
4103
4106
4107
4110
4111
4113
4116
4117
4119
4122
4124
4126
4127
4129
4131
4133
4135
4138
4140
4141
4144
4146
4148
4150
4152
4153
4155
4158
4160
4161
4164
4165
4167
4170
4172
4173
4175
4177
4179
4182
4184
4185
4187
4189
4192
4193
4196
4198
4199
4201
4204
4205
4208
4209
4211
4214
4215
4217
4220
4221
4223
4225
4227
4229
4231
4234
4235
4237
4240
4242
4244
4245
4248
4250
4251
4254
4255
4258
4259
4262
4263
4266
4267
4270
4272
4274
4275
4277
4279
4281
4284
4285
4288
4290
4291
4294
4295
4297
4299
4302
4304
4305
4308
4310
4312
4313
4316
4318
4320
4322
4323
4325
4328
4329
4332
4333
4335
4337
4340
4341
4343
4346
4347
4350
4352
4353
4356
4357
4359
4362
4363
4365
4367
4369
4371
4373
4376
4377
4379
4382
4384
4386
4387
4389
4391
4394
4396
4398
4399
4401
4404
4406
4407
4410
4412
4414
4415
4417
4420
4422
4424
4426
4428
4429
4431
4434
4435
4438
4439
4442
4443
4445
4447
4449
4452
4454
4455
4457
4459
4461
4464
4465
4467
4470
4471
4474
4476
4477
4479
4482
4483
4486
4488
4489
4491
4493
4496
4498
4499
4501
4503
4505
4507
4510
4512
4514
4516
4517
4520
4521
4523
4525
4528
4529
4532
4533
4535
4538
4539
4541
4543
4546
4547
4549
4551
4553
4555
4558
4559
4562
4563
4566
4568
4569
4571
4574
4575
4578
4580
4581
4584
4585
4588
4590
4591
4593
4596
4598
4600
4602
4603
4606
4607
4609
4612
4614
4615
4618
4619
4622
4624
4625
4628
4629
4631
4634
4636
4637
4639
4641
4644
4645
4648
4650
4651
4653
4656
4657
4659
4662
4663
4666
4668
4669
4672
4674
4676
4677
4680
4681
4684
4685
4688
4689
4692
4693
4695
4697
4700
4702
4704
4705
4708
4709
4711
4714
4716
4718
4720
4722
4724
4725
4728
4729
4732
4734
4735
4737
4740
4742
4743
4746
4748
4750
4751
4754
4755
4758
4760
4761
4763
4765
4767
4769
4771
4773
4775
4778
4779
4781
4784
4786
4787
4789
4791
4794
4795
4798
4799
4801
4803
4806
4807
4809
4812
4814
4816
4817
4820
4822
4824
4826
4827
4830
4831
4834
4836
4837
4839
4841
4844
4845
4847
4849
4851
4854
4856
4857
4860
4861
4864
4866
4867
4870
4872
4873
4875
4877
4880
4881
4884
4886
4887
4890
4892
4894
4895
4897
4899
4902
4903
4905
4907
4910
4912
4913
4916
4918
4919
4922
4923
4925
4927
4929
4931
4933
4935
4938
4939
4942
4943
4945
4948
4950
4952
4953
4955
4957
4959
4961
4964
4965
4968
4969
4971
4973
4975
4977
4979
4982
4984
4985
4987
4989
4992
4994
4995
4998
5000
5001
5003
5005
5008
5010
5011
5014
5015
5017
5019
5022
5023
5026
5027
5029
5032
5033
5035
5038
5039
5041
5043
5046
5047
5049
5052
5053
5055
5057
5059
5062
5063
5065
5068
5070
5072
5074
5075
5077
5080
5081
5084
5086
5088
5089
5091
5094
5095
5097
5099
5101
5104
5106
5107
5110
5112
5113
5115
5117
5120
5122
5123
5126
5128
5129
5132
5134
5135
5137
5139
5142
5144
5145
5147
5150
5151
5153
5155
5158
5159
5162
5164
5166
5167
5169
5172
5174
5175
5178
5180
5182
5183
5185
5187
5189
5191
5194
5195
5198
5199
5201
5203
5206
5207
5209
5211
5214
5215
5217
5219
5222
5223
5226
5228
5230
5232
5233
5235
5237
5240
5242
5243
5246
5248
5249
5251
5253
5256
5258
5259
5262
5263
5265
5267
5269
5272
5274
5276
5277
5280
5281
5284
5285
5287
5289
5292
5294
5295
5298
5300
5302
5303
5306
5308
5310
5311
5314
5315
5317
5319
5321
5324
5325
5327
5329
5332
5333
5336
5338
5340
5341
5344
5345
5348
5349
5352
5353
5355
5357
5360
5362
5363
5365
5367
5370
5371
5373
5375
5377
5379
5381
5383
5385
5387
5389
5391
5393
5395
5398
5400
5401
5404
5406
5408
5409
5411
5414
5416
5418
5420
5422
5423
5426
5427
5430
5432
5433
5435
5438
5440
5441
5443
5445
5448
5449
5452
5453
5456
5457
5460
5461
5464
5465
5468
5470
5472
5474
5476
5477
5479
5482
5484
5486
5488
5489
5492
5494
5496
5497
5499
5501
5503
5506
5507
5510
5511
5513
5516
5518
5519
5522
5523
5526
5527
5530
5532
5534
5535
5537
5539
5541
5543
5546
5547
5549
5551
5553
5555
5558
5559
5562
5563
5565
5568
5570
5571
5573
5575
5578
5580
5582
5583
5585
5588
5590
5592
5593
5595
5597
5600
5602
5603
5605
5607
5610
5612
5613
5616
5618
5619
5622
5623
5626
5628
5630
5631
5634
5636
5637
5640
5641
5643
5646
5647
5649
5652
5653
5656
5657
5660
5661
5663
5665
5667
5669
5672
5673
5676
5678
5679
5681
5683
5685
5687
5690
5691
5694
5695
5698
5700
5702
5704
5705
5707
5709
5711
5713
5715
5717
5719
5721
5724
5725
5728
5730
5731
5734
5735
5737
5739
5741
5743
5746
5747
5750
5752
5754
5755
5757
5759
5761
5763
5766
5768
5770
5772
5774
5775
5777
5780
5782
5783
5785
5788
5790
5792
5794
5795
5797
5799
5802
5803
5805
5807
5809
5811
5814
5816
5818
5819
5822
5824
5825
5828
5830
5832
5833
5836
5837
5840
5842
5844
5845
5848
5850
5851
5854
5856
5857
5860
5861
5864
5865
5867
5870
5872
5873
5876
5877
5880
5882
5883
5886
5888
5890
5891
5894
5896
5897
5899
5902
5904
5906
5907
5910
5911
5914
5915
5917
5919
5921
5924
5925
5928
5929
5932
5934
5935
5937
5939
5942
5943
5945
5947
5950
5952
5953
5956
5957
5960
5961
5964
5965
5967
5970
5972
5974
5975
5977
5980
5981
5983
5985
5988
5989
5992
5994
5995
5998
6000
6001
6003
6005
6007
6009
6011
6013
6016
6017
6020
6021
6023
6026
6027
6030
6031
6033
6035
6038
6039
6041
6044
6045
6047
6049
6052
6054
6056
6057
6059
6061
6064
6066
6068
6069
6072
6074
6075
6077
6080
6081
6084
6086
6087
6090
6092
6093
6095
6097
6100
6101
6103
6106
6108
6109
6111
6114
6116
6117
6120
6122
6123
6126
6127
6129
6131
6133
6135
6138
6140
6141
6144
6146
6147
6150
6152
6153
6155
6157
6160
6162
6163
6166
6167
6169
6171
6174
6176
6177
6180
6182
6184
6185
6188
6190
6191
6193
6196
6198
6200
6201
6204
6205
6208
6209
6211
6214
6216
6217
6219
6221
6224
6225
6227
6229
6231
6234
6235
6237
6239
6242
6243
6245
6248
6249
6252
6254
6256
6257
6259
6262
6264
6265
6267
6269
6272
6273
6275
6277
6279
6281
6284
6285
6288
6289
6291
6293
6295
6297
6300
6302
6304
6306
6307
6309
6312
6313
6316
6317
6320
6322
6324
6325
6327
6330
6331
6334
6335
6338
6339
6342
6344
6345
6347
6349
6352
6354
6356
6357
6360
6362
6364
6365
6368
6369
6371
6373
6375
6378
6380
6382
6383
6386
6388
6389
6392
6393
6396
6397
6400
6401
6404
6406
6407
6409
6411
6413
6416
6418
6420
6422
6424
6426
6428
6429
6431
6434
6436
6438
6440
6441
6443
6446
6448
6449
6451
6453
6455
6458
6460
6461
6463
6466
6468
6470
6471
6474
6476
6478
6480
6481
6483
6486
6487
6490
6492
6494
6495
6497
6499
6502
6504
6506
6507
6509
6511
6513
6515
6518
6519
6521
6523
6525
6527
6529
6531
6533
6536
6537
6540
6542
6544
6546
6547
6550
6552
6553
6556
6557
6559
6561
6564
6566
6568
6569
6571
6574
6576
6578
6579
6582
6583
6585
6587
6590
6592
6594
6595
6597
6600
6602
6604
6605
6608
6610
6611
6614
6615
6618
6619
6622
6624
6625
6627
6630
6631
6633
6635
6638
6639
6641
6643
6645
6648
6650
6652
6653
6655
6657
6660
6662
6663
6666
6668
6670
6672
6673
6676
6678
6680
6682
6683
6686
6687
6689
6691
6694
6696
6698
6700
6701
6704
6705
6707
6710
6711
6713
6715
6718
6720
6722
6723
6726
6727
6729
6731
6734
6736
6738
6739
6741
6743
6745
6748
6749
6752
6754
6755
6757
6760
6761
6763
6766
6767
6769
6772
6773
6775
6778
6780
6781
6784
6786
6787
6790
6792
6794
6795
6797
6799
6802
6804
6805
6808
6809
6811
6813
6815
6818
6820
6822
6824
6825
6828
6829
6832
6834
6836
6838
6839
6841
6844
6845
6847
6849
6851
6853
6855
6857
6860
6861
6864
6865
6867
6870
6871
6874
6876
6878
6879
6882
6884
6885
6887
6889
6891
6894
6895
6897
6900
6901
6904
6905
6908
6909
6912
6914
6915
6917
6919
6921
6924
6925
6927
6930
6932
6933
6936
6938
6940
6941
6943
6945
6948
6949
6951
6954
6955
6958
6960
6961
6964
6966
6967
6970
6971
6974
6976
6977
6979
6981
6983
6985
6987
6990
6991
6994
6995
6998
7000
7002
7003
7006
7007
7009
7012
7013
7015
7018
7020
7021
7024
7025
7028
7029
7031
7033
7036
7038
7039
7041
7044
7045
7047
7049
7052
7053
7056
7058
7060
7061
7063
7066
7068
7069
7072
7073
7075
7078
7079
7081
7084
7085
7087
7090
7091
7094
7095
7098
7099
7102
7103
7105
7108
7109
7111
7114
7115
7117
7119
7122
7124
7125
7128
7130
7132
7133
7135
7138
7139
7142
7143
7146
7148
7149
7151
7154
7155
7158
7160
7162
7163
7165
7168
7170
7172
7173
7176
7177
7180
7182
7183
7185
7187
7189
7192
7194
7195
7197
7199
7202
7203
7206
7208
7209
7211
7214
7216
7218
7219
7222
7223
7225
7227
7229
7231
7233
7236
7237
7240
7242
7244
7246
7247
7249
7251
7254
7256
7257
7259
7262
7264
7265
7267
7269
7271
7273
7276
7278
7280
7281
7284
7286
7288
7289
7292
7294
7296
7298
7299
7302
7304
7306
7307
7309
7312
7314
7315
7317
7320
7321
7324
7325
7328
7329
7331
7334
7335
7337
7340
7341
7343
7346
7348
7349
7351
7354
7356
7357
7359
7362
7364
7366
7368
7370
7371
7374
7375
7377
7380
7381
7383
7386
7387
7389
7391
7393
7396
7398
7399
7401
7404
7406
7407
7410
7411
7413
7415
7418
7420
7422
7423
7425
7427
7429
7431
7434
7436
7437
7439
7442
7444
7446
7448
7449
7451
7454
7455
7457
7459
7462
7464
7466
7468
7469
7472
7474
7475
7477
7479
7482
7484
7486
7488
7490
7491
7494
7495
7497
7500
7502
7503
7506
7508
7510
7511
7513
7515
7518
7519
7522
7524
7525
7528
7530
7531
7534
7535
7538
7540
7542
7544
7545
7548
7550
7552
7553
7556
7558
7560
7561
7564
7565
7568
7569
7571
7574
7575
7578
7579
7581
7583
7586
7587
7589
7591
7593
7595
7598
7600
7602
7604
7605
7607
7609
7612
7614
7615
7618
7619
7621
7624
7626
7627
7629
7632
7634
7636
7637
7639
7642
7643
7645
7647
7649
7652
7653
7656
7658
7660
7662
7664
7665
7667
7670
7672
7673
7676
7677
7680
7681
7683
7686
7688
7690
7691
7694
7696
7697
7700
7701
7704
7705
7708
7709
7712
7714
7716
7717
7720
7722
7724
7726
7727
7730
7731
7733
7736
7738
7740
7742
7743
7745
7748
7750
7751
7753
7756
7758
7760
7761
7763
7766
7768
7770
7771
7773
7776
7778
7779
7781
7784
7785
7787
7789
7792
7793
7795
7797
7799
7801
7804
7805
7807
7809
7811
7814
7815
7817
7820
7821
7824
7826
7827
7830
7831
7833
7836
7838
7840
7841
7844
7845
7848
7850
7851
7853
7856
7858
7859
7862
7864
7865
7868
7869
7871
7874
7875
7877
7880
7881
7884
7886
7887
7889
7891
7893
7896
7897
7900
7901
7904
7906
7908
7909
7912
7914
7916
7917
7919
7921
7924
7926
7927
7929
7932
7933
7936
7938
7939
7942
7943
7946
7947
7950
7952
7954
7955
7957
7959
7961
7963
7965
7968
7969
7971
7973
7975
7977
7980
7982
7984
7986
7987
7990
7991
7994
7995
7998
7999
8001
8003
8005
8007
8009
8011
8013
8015
8017
8019
8021
8023
8025
8027
8029
8031
8033
8035
8037
8039
8041
8043
8045
8047
8049
8051
8053
8055
8057
8059
8061
8063
8065
8067
8069
8071
8073
8075
8077
8079
8081
8083
8085
8087
8089
8091
8093
8095
8097
8099
8101
8103
8105
8107
8109
8111
8113
8115
8117
8119
8121
8123
8125
8127
8129
8131
8133
8135
8137
8139
8141
8143
8145
8147
8149
8151
8153
8155
8157
8159
8161
8163
8165
8167
8169
8171
8173
8175
8177
8179
8181
8183
8185
8187
8189
8191
8193
8195
8197
8199
8201
8203
8205
8207
8209
8211
8213
8215
8217
8219
8221
8223
8225
8227
8229
8231
8233
8235
8237
8239
8241
8243
8245
8247
8249
8251
8253
8255
8257
8259
8261
8263
8265
8267
8269
8271
8273
8275
8277
8279
8281
8283
8285
8287
8289
8291
8293
8295
8297
8299
8301
8303
8305
8307
8309
8311
8313
8315
8317
8319
8321
8323
8325
8327
8329
8331
8333
8335
8337
8339
8341
8343
8345
8347
8349
8351
8353
8355
8357
8359
8361
8363
8365
8367
8369
8371
8373
8375
8377
8379
8381
8383
8385
8387
8389
8391
8393
8395
8397
8399
8401
8403
8405
8407
8409
8411
8413
8415
8417
8419
8421
8423
8425
8427
8429
8431
8433
8435
8437
8439
8441
8443
8445
8447
8449
8451
8453
8455
8457
8459
8461
8463
8465
8467
8469
8471
8473
8475
8477
8479
8481
8483
8485
8487
8489
8491
8493
8495
8497
8499
8501
8503
8505
8507
8509
8511
8513
8515
8517
8519
8521
8523
8525
8527
8529
8531
8533
8535
8537
8539
8541
8543
8545
8547
8549
8551
8553
8555
8557
8559
8561
8563
8565
8567
8569
8571
8573
8575
8577
8579
8581
8583
8585
8587
8589
8591
8593
8595
8597
8599
8601
8603
8605
8607
8609
8611
8613
8615
8617
8619
8621
8623
8625
8627
8629
8631
8633
8635
8637
8639
8641
8643
8645
8647
8649
8651
8653
8655
8657
8659
8661
8663
8665
8667
8669
8671
8673
8675
8677
8679
8681
8683
8685
8687
8689
8691
8693
8695
8697
8699
8701
8703
8705
8707
8709
8711
8713
8715
8717
8719
8721
8723
8725
8727
8729
8731
8733
8735
8737
8739
8741
8743
8745
8747
8749
8751
8753
8755
8757
8759
8761
8763
8765
8767
8769
8771
8773
8775
8777
8779
8781
8783
8785
8787
8789
8791
8793
8795
8797
8799
8801
8803
8805
8807
8809
8811
8813
8815
8817
8819
8821
8823
8825
8827
8829
8831
8833
8835
8837
8839
8841
8843
8845
8847
8849
8851
8853
8855
8857
8859
8861
8863
8865
8867
8869
8871
8873
8875
8877
8879
8881
8883
8885
8887
8889
8891
8893
8895
8897
8899
8901
8903
8905
8907
8909
8911
8913
8915
8917
8919
8921
8923
8925
8927
8929
8931
8933
8935
8937
8939
8941
8943
8945
8947
8949
8951
8953
8955
8957
8959
8961
8963
8965
8967
8969
8971
8973
8975
8977
8979
8981
8983
8985
8987
8989
8991
8993
8995
8997
8999
9001
9003
9005
9007
9009
9011
9013
9015
9017
9019
9021
9023
9025
9027
9029
9031
9033
9035
9037
9039
9041
9043
9045
9047
9049
9051
9053
9055
9057
9059
9061
9063
9065
9067
9069
9071
9073
9075
9077
9079
9081
9083
9085
9087
9089
9091
9093
9095
9097
9099
9101
9103
9105
9107
9109
9111
9113
9115
9117
9119
9121
9123
9125
9127
9129
9131
9133
9135
9137
9139
9141
9143
9145
9147
9149
9151
9153
9155
9157
9159
9161
9163
9165
9167
9169
9171
9173
9175
9177
9179
9181
9183
9185
9187
9189
9191
9193
9195
9197
9199
9201
9203
9205
9207
9209
9211
9213
9215
9217
9219
9221
9223
9225
9227
9229
9231
9233
9235
9237
9239
9241
9243
9245
9247
9249
9251
9253
9255
9257
9259
9261
9263
9265
9267
9269
9271
9273
9275
9277
9279
9281
9283
9285
9287
9289
9291
9293
9295
9297
9299
9301
9303
9305
9307
9309
9311
9313
9315
9317
9319
9321
9323
9325
9327
9329
9331
9333
9335
9337
9339
9341
9343
9345
9347
9349
9351
9353
9355
9357
9359
9361
9363
9365
9367
9369
9371
9373
9375
9377
9379
9381
9383
9385
9387
9389
9391
9393
9395
9397
9399
9401
9403
9405
9407
9409
9411
9413
9415
9417
9419
9421
9423
9425
9427
9429
9431
9433
9435
9437
9439
9441
9443
9445
9447
9449
9451
9453
9455
9457
9459
9461
9463
9465
9467
9469
9471
9473
9475
9477
9479
9481
9483
9485
9487
9489
9491
9493
9495
9497
9499
9501
9503
9505
9507
9509
9511
9513
9515
9517
9519
9521
9523
9525
9527
9529
9531
9533
9535
9537
9539
9541
9543
9545
9547
9549
9551
9553
9555
9557
9559
9561
9563
9565
9567
9569
9571
9573
9575
9577
9579
9581
9583
9585
9587
9589
9591
9593
9595
9597
9599
9601
9603
9605
9607
9609
9611
9613
9615
9617
9619
9621
9623
9625
9627
9629
9631
9633
9635
9637
9639
9641
9643
9645
9647
9649
9651
9653
9655
9657
9659
9661
9663
9665
9667
9669
9671
9673
9675
9677
9679
9681
9683
9685
9687
9689
9691
9693
9695
9697
9699
9701
9703
9705
9707
9709
9711
9713
9715
9717
9719
9721
9723
9725
9727
9729
9731
9733
9735
9737
9739
9741
9743
9745
9747
9749
9751
9753
9755
9757
9759
9761
9763
9765
9767
9769
9771
9773
9775
9777
9779
9781
9783
9785
9787
9789
9791
9793
9795
9797
9799
9801
9803
9805
9807
9809
9811
9813
9815
9817
9819
9821
9823
9825
9827
9829
9831
9833
9835
9837
9839
9841
9843
9845
9847
9849
9851
9853
9855
9857
9859
9861
9863
9865
9867
9869
9871
9873
9875
9877
9879
9881
9883
9885
9887
9889
9891
9893
9895
9897
9899
9901
9903
9905
9907
9909
9911
9913
9915
9917
9919
9921
9923
9925
9927
9929
9931
9933
9935
9937
9939
9941
9943
9945
9947
9949
9951
9953
9955
9957
9959
9961
9963
9965
9967
9969
9971
9973
9975
9977
9979
9981
9983
9985
9987
9989
9991
9993
9995
9997
9999
10001
10003
10005
10007
10009
10011
10013
10015
10017
10019
10021
10023
10025
10027
10029
10031
10033
10035
10037
10039
10041
10043
10045
10047
10049
10051
10053
10055
10057
10059
10061
10063
10065
10067
10069
10071
10073
10075
10077
10079
10081
10083
10085
10087
10089
10091
10093
10095
10097
10099
10101
10103
10105
10107
10109
10111
10113
10115
10117
10119
10121
10123
10125
10127
10129
10131
10133
10135
10137
10139
10141
10143
10145
10147
10149
10151
10153
10155
10157
10159
10161
10163
10165
10167
10169
10171
10173
10175
10177
10179
10181
10183
10185
10187
10189
10191
10193
10195
10197
10199
10201
10203
10205
10207
10209
10211
10213
10215
10217
10219
10221
10223
10225
10227
10229
10231
10233
10235
10237
10239
10241
10243
10245
10247
10249
10251
10253
10255
10257
10259
10261
10263
10265
10267
10269
10271
10273
10275
10277
10279
10281
10283
10285
10287
10289
10291
10293
10295
10297
10299
10301
10303
10305
10307
10309
10311
10313
10315
10317
10319
10321
10323
10325
10327
10329
10331
10333
10335
10337
10339
10341
10343
10345
10347
10349
10351
10353
10355
10357
10359
10361
10363
10365
10367
10369
10371
10373
10375
10377
10379
10381
10383
10385
10387
10389
10391
10393
10395
10397
10399
10401
10403
10405
10407
10409
10411
10413
10415
10417
10419
10421
10423
10425
10427
10429
10431
10433
10435
10437
10439
10441
10443
10445
10447
10449
10451
10453
10455
10457
10459
10461
10463
10465
10467
10469
10471
10473
10475
10477
10479
10481
10483
10485
10487
10489
10491
10493
10495
10497
10499
10501
10503
10505
10507
10509
10511
10513
10515
10517
10519
10521
10523
10525
10527
10529
10531
10533
10535
10537
10539
10541
10543
10545
10547
10549
10551
10553
10555
10557
10559
10561
10563
10565
10567
10569
10571
10573
10575
10577
10579
10581
10583
10585
10587
10589
10591
10593
10595
10597
10599
10601
10603
10605
10607
10609
10611
10613
10615
10617
10619
10621
10623
10625
10627
10629
10631
10633
10635
10637
10639
10641
10643
10645
10647
10649
10651
10653
10655
10657
10659
10661
10663
10665
10667
10669
10671
10673
10675
10677
10679
10681
10683
10685
10687
10689
10691
10693
10695
10697
10699
10701
10703
10705
10707
10709
10711
10713
10715
10717
10719
10721
10723
10725
10727
10729
10731
10733
10735
10737
10739
10741
10743
10745
10747
10749
10751
10753
10755
10757
10759
10761
10763
10765
10767
10769
10771
10773
10775
10777
10779
10781
10783
10785
10787
10789
10791
10793
10795
10797
10799
10801
10803
10805
10807
10809
10811
10813
10815
10817
10819
10821
10823
10825
10827
10829
10831
10833
10835
10837
10839
10841
10843
10845
10847
10849
10851
10853
10855
10857
10859
10861
10863
10865
10867
10869
10871
10873
10875
10877
10879
10881
10883
10885
10887
10889
10891
10893
10895
10897
10899
10901
10903
10905
10907
10909
10911
10913
10915
10917
10919
10921
10923
10925
10927
10929
10931
10933
10935
10937
10939
10941
10943
10945
10947
10949
10951
10953
10955
10957
10959
10961
10963
10965
10967
10969
10971
10973
10975
10977
10979
10981
10983
10985
10987
10989
10991
10993
10995
10997
10999
11001
11003
11005
11007
11009
11011
11013
11015
11017
11019
11021
11023
11025
11027
11029
11031
11033
11035
11037
11039
11041
11043
11045
11047
11049
11051
11053
11055
11057
11059
11061
11063
11065
11067
11069
11071
11073
11075
11077
11079
11081
11083
11085
11087
11089
11091
11093
11095
11097
11099
11101
11103
11105
11107
11109
11111
11113
11115
11117
11119
11121
11123
11125
11127
11129
11131
11133
11135
11137
11139
11141
11143
11145
11147
11149
11151
11153
11155
11157
11159
11161
11163
11165
11167
11169
11171
11173
11175
11177
11179
11181
11183
11185
11187
11189
11191
11193
11195
11197
11199
11201
11203
11205
11207
11209
11211
11213
11215
11217
11219
11221
11223
11225
11227
11229
11231
11233
11235
11237
11239
11241
11243
11245
11247
11249
11251
11253
11255
11257
11259
11261
11263
11265
11267
11269
11271
11273
11275
11277
11279
11281
11283
11285
11287
11289
11291
11293
11295
11297
11299
11301
11303
11305
11307
11309
11311
11313
11315
11317
11319
11321
11323
11325
11327
11329
11331
11333
11335
11337
11339
11341
11343
11345
11347
11349
11351
11353
11355
11357
11359
11361
11363
11365
11367
11369
11371
11373
11375
11377
11379
11381
11383
11385
11387
11389
11391
11393
11395
11397
11399
11401
11403
11405
11407
11409
11411
11413
11415
11417
11419
11421
11423
11425
11427
11429
11431
11433
11435
11437
11439
11441
11443
11445
11447
11449
11451
11453
11455
11457
11459
11461
11463
11465
11467
11469
11471
11473
11475
11477
11479
11481
11483
11485
11487
11489
11491
11493
11495
11497
11499
11501
11503
11505
11507
11509
11511
11513
11515
11517
11519
11521
11523
11525
11527
11529
11531
11533
11535
11537
11539
11541
11543
11545
11547
11549
11551
11553
11555
11557
11559
11561
11563
11565
11567
11569
11571
11573
11575
11577
11579
11581
11583
11585
11587
11589
11591
11593
11595
11597
11599
11601
11603
11605
11607
11609
11611
11613
11615
11617
11619
11621
11623
11625
11627
11629
11631
11633
11635
11637
11639
11641
11643
11645
11647
11649
11651
11653
11655
11657
11659
11661
11663
11665
11667
11669
11671
11673
11675
11677
11679
11681
11683
11685
11687
11689
11691
11693
11695
11697
11699
11701
11703
11705
11707
11709
11711
11713
11715
11717
11719
11721
11723
11725
11727
11729
11731
11733
11735
11737
11739
11741
11743
11745
11747
11749
11751
11753
11755
11757
11759
11761
11763
11765
11767
11769
11771
11773
11775
11777
11779
11781
11783
11785
11787
11789
11791
11793
11795
11797
11799
11801
11803
11805
11807
11809
11811
11813
11815
11817
11819
11821
11823
11825
11827
11829
11831
11833
11835
11837
11839
11841
11843
11845
11847
11849
11851
11853
11855
11857
11859
11861
11863
11865
11867
11869
11871
11873
11875
11877
11879
11881
11883
11885
11887
11889
11891
11893
11895
11897
11899
11901
11903
11905
11907
11909
11911
11913
11915
11917
11919
11921
11923
11925
11927
11929
11931
11933
11935
11937
11939
11941
11943
11945
11947
11949
11951
11953
11955
11957
11959
11961
11963
11965
11967
11969
11971
11973
11975
11977
11979
11981
11983
11985
11987
11989
11991
11993
11995
11997
11999
12001
12003
12005
12007
12009
12011
12013
12015
12017
12019
12021
12023
12025
12027
12029
12031
12033
12035
12037
12039
12041
12043
12045
12047
12049
12051
12053
12055
12057
12059
12061
12063
12065
12067
12069
12071
12073
12075
12077
12079
12081
12083
12085
12087
12089
12091
12093
12095
12097
12099
12101
12103
12105
12107
12109
12111
12113
12115
12117
12119
12121
12123
12125
12127
12129
12131
12133
12135
12137
12139
12141
12143
12145
12147
12149
12151
12153
12155
12157
12159
12161
12163
12165
12167
12169
12171
12173
12175
12177
12179
12181
12183
12185
12187
12189
12191
12193
12195
12197
12199
12201
12203
12205
12207
12209
12211
12213
12215
12217
12219
12221
12223
12225
12227
12229
12231
12233
12235
12237
12239
12241
12243
12245
12247
12249
12251
12253
12255
12257
12259
12261
12263
12265
12267
12269
12271
12273
12275
12277
12279
12281
12283
12285
12287
12289
12291
12293
12295
12297
12299
12301
12303
12305
12307
12309
12311
12313
12315
12317
12319
12321
12323
12325
12327
12329
12331
12333
12335
12337
12339
12341
12343
12345
12347
12349
12351
12353
12355
12357
12359
12361
12363
12365
12367
12369
12371
12373
12375
12377
12379
12381
12383
12385
12387
12389
12391
12393
12395
12397
12399
12401
12403
12405
12407
12409
12411
12413
12415
12417
12419
12421
12423
12425
12427
12429
12431
12433
12435
12437
12439
12441
12443
12445
12447
12449
12451
12453
12455
12457
12459
12461
12463
12465
12467
12469
12471
12473
12475
12477
12479
12481
12483
12485
12487
12489
12491
12493
12495
12497
12499
12501
12503
12505
12507
12509
12511
12513
12515
12517
12519
12521
12523
12525
12527
12529
12531
12533
12535
12537
12539
12541
12543
12545
12547
12549
12551
12553
12555
12557
12559
12561
12563
12565
12567
12569
12571
12573
12575
12577
12579
12581
12583
12585
12587
12589
12591
12593
12595
12597
12599
12601
12603
12605
12607
12609
12611
12613
12615
12617
12619
12621
12623
12625
12627
12629
12631
12633
12635
12637
12639
12641
12643
12645
12647
12649
12651
12653
12655
12657
12659
12661
12663
12665
12667
12669
12671
12673
12675
12677
12679
12681
12683
12685
12687
12689
12691
12693
12695
12697
12699
12701
12703
12705
12707
12709
12711
12713
12715
12717
12719
12721
12723
12725
12727
12729
12731
12733
12735
12737
12739
12741
12743
12745
12747
12749
12751
12753
12755
12757
12759
12761
12763
12765
12767
12769
12771
12773
12775
12777
12779
12781
12783
12785
12787
12789
12791
12793
12795
12797
12799
12801
12803
12805
12807
12809
12811
12813
12815
12817
12819
12821
12823
12825
12827
12829
12831
12833
12835
12837
12839
12841
12843
12845
12847
12849
12851
12853
12855
12857
12859
12861
12863
12865
12867
12869
12871
12873
12875
12877
12879
12881
12883
12885
12887
12889
12891
12893
12895
12897
12899
12901
12903
12905
12907
12909
12911
12913
12915
12917
12919
12921
12923
12925
12927
12929
12931
12933
12935
12937
12939
12941
12943
12945
12947
12949
12951
12953
12955
12957
12959
12961
12963
12965
12967
12969
12971
12973
12975
12977
12979
12981
12983
12985
12987
12989
12991
12993
12995
12997
12999
13001
13003
13005
13007
13009
13011
13013
13015
13017
13019
13021
13023
13025
13027
13029
13031
13033
13035
13037
13039
13041
13043
13045
13047
13049
13051
13053
13055
13057
13059
13061
13063
13065
13067
13069
13071
13073
13075
13077
13079
13081
13083
13085
13087
13089
13091
13093
13095
13097
13099
13101
13103
13105
13107
13109
13111
13113
13115
13117
13119
13121
13123
13125
13127
13129
13131
13133
13135
13137
13139
13141
13143
13145
13147
13149
13151
13153
13155
13157
13159
13161
13163
13165
13167
13169
13171
13173
13175
13177
13179
13181
13183
13185
13187
13189
13191
13193
13195
13197
13199
13201
13203
13205
13207
13209
13211
13213
13215
13217
13219
13221
13223
13225
13227
13229
13231
13233
13235
13237
13239
13241
13243
13245
13247
13249
13251
13253
13255
13257
13259
13261
13263
13265
13267
13269
13271
13273
13275
13277
13279
13281
13283
13285
13287
13289
13291
13293
13295
13297
13299
13301
13303
13305
13307
13309
13311
13313
13315
13317
13319
13321
13323
13325
13327
13329
13331
13333
13335
13337
13339
13341
13343
13345
13347
13349
13351
13353
13355
13357
13359
13361
13363
13365
13367
13369
13371
13373
13375
13377
13379
13381
13383
13385
13387
13389
13391
13393
13395
13397
13399
13401
13403
13405
13407
13409
13411
13413
13415
13417
13419
13421
13423
13425
13427
13429
13431
13433
13435
13437
13439
13441
13443
13445
13447
13449
13451
13453
13455
13457
13459
13461
13463
13465
13467
13469
13471
13473
13475
13477
13479
13481
13483
13485
13487
13489
13491
13493
13495
13497
13499
13501
13503
13505
13507
13509
13511
13513
13515
13517
13519
13521
13523
13525
13527
13529
13531
13533
13535
13537
13539
13541
13543
13545
13547
13549
13551
13553
13555
13557
13559
13561
13563
13565
13567
13569
13571
13573
13575
13577
13579
13581
13583
13585
13587
13589
13591
13593
13595
13597
13599
13601
13603
13605
13607
13609
13611
13613
13615
13617
13619
13621
13623
13625
13627
13629
13631
13633
13635
13637
13639
13641
13643
13645
13647
13649
13651
13653
13655
13657
13659
13661
13663
13665
13667
13669
13671
13673
13675
13677
13679
13681
13683
13685
13687
13689
13691
13693
13695
13697
13699
13701
13703
13705
13707
13709
13711
13713
13715
13717
13719
13721
13723
13725
13727
13729
13731
13733
13735
13737
13739
13741
13743
13745
13747
13749
13751
13753
13755
13757
13759
13761
13763
13765
13767
13769
13771
13773
13775
13777
13779
13781
13783
13785
13787
13789
13791
13793
13795
13797
13799
13801
13803
13805
13807
13809
13811
13813
13815
13817
13819
13821
13823
13825
13827
13829
13831
13833
13835
13837
13839
13841
13843
13845
13847
13849
13851
13853
13855
13857
13859
13861
13863
13865
13867
13869
13871
13873
13875
13877
13879
13881
13883
13885
13887
13889
13891
13893
13895
13897
13899
13901
13903
13905
13907
13909
13911
13913
13915
13917
13919
13921
13923
13925
13927
13929
13931
13933
13935
13937
13939
13941
13943
13945
13947
13949
13951
13953
13955
13957
13959
13961
13963
13965
13967
13969
13971
13973
13975
13977
13979
13981
13983
13985
13987
13989
13991
13993
13995
13997
13999
14001
14003
14005
14007
14009
14011
14013
14015
14017
14019
14021
14023
14025
14027
14029
14031
14033
14035
14037
14039
14041
14043
14045
14047
14049
14051
14053
14055
14057
14059
14061
14063
14065
14067
14069
14071
14073
14075
14077
14079
14081
14083
14085
14087
14089
14091
14093
14095
14097
14099
14101
14103
14105
14107
14109
14111
14113
14115
14117
14119
14121
14123
14125
14127
14129
14131
14133
14135
14137
14139
14141
14143
14145
14147
14149
14151
14153
14155
14157
14159
14161
14163
14165
14167
14169
14171
14173
14175
14177
14179
14181
14183
14185
14187
14189
14191
14193
14195
14197
14199
14201
14203
14205
14207
14209
14211
14213
14215
14217
14219
14221
14223
14225
14227
14229
14231
14233
14235
14237
14239
14241
14243
14245
14247
14249
14251
14253
14255
14257
14259
14261
14263
14265
14267
14269
14271
14273
14275
14277
14279
14281
14283
14285
14287
14289
14291
14293
14295
14297
14299
14301
14303
14305
14307
14309
14311
14313
14315
14317
14319
14321
14323
14325
14327
14329
14331
14333
14335
14337
14339
14341
14343
14345
14347
14349
14351
14353
14355
14357
14359
14361
14363
14365
14367
14369
14371
14373
14375
14377
14379
14381
14383
14385
14387
14389
14391
14393
14395
14397
14399
14401
14403
14405
14407
14409
14411
14413
14415
14417
14419
14421
14423
14425
14427
14429
14431
14433
14435
14437
14439
14441
14443
14445
14447
14449
14451
14453
14455
14457
14459
14461
14463
14465
14467
14469
14471
14473
14475
14477
14479
14481
14483
14485
14487
14489
14491
14493
14495
14497
14499
14501
14503
14505
14507
14509
14511
14513
14515
14517
14519
14521
14523
14525
14527
14529
14531
14533
14535
14537
14539
14541
14543
14545
14547
14549
14551
14553
14555
14557
14559
14561
14563
14565
14567
14569
14571
14573
14575
14577
14579
14581
14583
14585
14587
14589
14591
14593
14595
14597
14599
14601
14603
14605
14607
14609
14611
14613
14615
14617
14619
14621
14623
14625
14627
14629
14631
14633
14635
14637
14639
14641
14643
14645
14647
14649
14651
14653
14655
14657
14659
14661
14663
14665
14667
14669
14671
14673
14675
14677
14679
14681
14683
14685
14687
14689
14691
14693
14695
14697
14699
14701
14703
14705
14707
14709
14711
14713
14715
14717
14719
14721
14723
14725
14727
14729
14731
14733
14735
14737
14739
14741
14743
14745
14747
14749
14751
14753
14755
14757
14759
14761
14763
14765
14767
14769
14771
14773
14775
14777
14779
14781
14783
14785
14787
14789
14791
14793
14795
14797
14799
14801
14803
14805
14807
14809
14811
14813
14815
14817
14819
14821
14823
14825
14827
14829
14831
14833
14835
14837
14839
14841
14843
14845
14847
14849
14851
14853
14855
14857
14859
14861
14863
14865
14867
14869
14871
14873
14875
14877
14879
14881
14883
14885
14887
14889
14891
14893
14895
14897
14899
14901
14903
14905
14907
14909
14911
14913
14915
14917
14919
14921
14923
14925
14927
14929
14931
14933
14935
14937
14939
14941
14943
14945
14947
14949
14951
14953
14955
14957
14959
14961
14963
14965
14967
14969
14971
14973
14975
14977
14979
14981
14983
14985
14987
14989
14991
14993
14995
14997
14999
15001
15003
15005
15007
15009
15011
15013
15015
15017
15019
15021
15023
15025
15027
15029
15031
15033
15035
15037
15039
15041
15043
15045
15047
15049
15051
15053
15055
15057
15059
15061
15063
15065
15067
15069
15071
15073
15075
15077
15079
15081
15083
15085
15087
15089
15091
15093
15095
15097
15099
15101
15103
15105
15107
15109
15111
15113
15115
15117
15119
15121
15123
15125
15127
15129
15131
15133
15135
15137
15139
15141
15143
15145
15147
15149
15151
15153
15155
15157
15159
15161
15163
15165
15167
15169
15171
15173
15175
15177
15179
15181
15183
15185
15187
15189
15191
15193
15195
15197
15199
15201
15203
15205
15207
15209
15211
15213
15215
15217
15219
15221
15223
15225
15227
15229
15231
15233
15235
15237
15239
15241
15243
15245
15247
15249
15251
15253
15255
15257
15259
15261
15263
15265
15267
15269
15271
15273
15275
15277
15279
15281
15283
15285
15287
15289
15291
15293
15295
15297
15299
15301
15303
15305
15307
15309
15311
15313
15315
15317
15319
15321
15323
15325
15327
15329
15331
15333
15335
15337
15339
15341
15343
15345
15347
15349
15351
15353
15355
15357
15359
15361
15363
15365
15367
15369
15371
15373
15375
15377
15379
15381
15383
15385
15387
15389
15391
15393
15395
15397
15399
15401
15403
15405
15407
15409
15411
15413
15415
15417
15419
15421
15423
15425
15427
15429
15431
15433
15435
15437
15439
15441
15443
15445
15447
15449
15451
15453
15455
15457
15459
15461
15463
15465
15467
15469
15471
15473
15475
15477
15479
15481
15483
15485
15487
15489
15491
15493
15495
15497
15499
15501
15503
15505
15507
15509
15511
15513
15515
15517
15519
15521
15523
15525
15527
15529
15531
15533
15535
15537
15539
15541
15543
15545
15547
15549
15551
15553
15555
15557
15559
15561
15563
15565
15567
15569
15571
15573
15575
15577
15579
15581
15583
15585
15587
15589
15591
15593
15595
15597
15599
15601
15603
15605
15607
15609
15611
15613
15615
15617
15619
15621
15623
15625
15627
15629
15631
15633
15635
15637
15639
15641
15643
15645
15647
15649
15651
15653
15655
15657
15659
15661
15663
15665
15667
15669
15671
15673
15675
15677
15679
15681
15683
15685
15687
15689
15691
15693
15695
15697
15699
15701
15703
15705
15707
15709
15711
15713
15715
15717
15719
15721
15723
15725
15727
15729
15731
15733
15735
15737
15739
15741
15743
15745
15747
15749
15751
15753
15755
15757
15759
15761
15763
15765
15767
15769
15771
15773
15775
15777
15779
15781
15783
15785
15787
15789
15791
15793
15795
15797
15799
15801
15803
15805
15807
15809
15811
15813
15815
15817
15819
15821
15823
15825
15827
15829
15831
15833
15835
15837
15839
15841
15843
15845
15847
15849
15851
15853
15855
15857
15859
15861
15863
15865
15867
15869
15871
15873
15875
15877
15879
15881
15883
15885
15887
15889
15891
15893
15895
15897
15899
15901
15903
15905
15907
15909
15911
15913
15915
15917
15919
15921
15923
15925
15927
15929
15931
15933
15935
15937
15939
15941
15943
15945
15947
15949
15951
15953
15955
15957
15959
15961
15963
15965
15967
15969
15971
15973
15975
15977
15979
15981
15983
15985
15987
15989
15991
15993
15995
15997
15999