52
27 288 261
33 288 255
37 288 251
38 288 250
39 288 249
42 288 246
44 288 244
50 288 238
61 288 227
62 288 226
69 288 219
79 288 209
85 288 203
86 288 202
99 288 189
100 288 188
105 288 183
106 288 182
110 288 178
111 288 177
113 288 175
114 288 174
119 288 169
127 288 161
134 288 154
150 288 138
154 288 134
158 288 130
161 288 127
163 288 125
164 288 124
167 288 121
175 288 113
179 288 109
182 288 106
183 288 105
187 288 101
196 288 92
202 288 86
203 288 85
209 288 79
211 288 77
213 288 75
227 288 61
235 288 53
236 288 52
237 288 51
242 288 46
250 288 38
255 288 33
258 288 30
260 288 28
