2 papaya = 9 mango
? guava = ? mango
? papaya = ? passionfruit
2 armoredcommandotruck = 3 secretrockethovercar
9 a = 320 z
? chicken = ? dog
1 cow = 54 cat
2 chicken = 1 dog
74 dvdplayer = 637 toaster
? fork = ? cow
7 toaster = 74 spoon
689 sportutilityvehicle = 1504 truck
5 sock = 2 shirt
? shirt = ? pant
45 pant = 188 shirt
2 papaya = 9 mangogo
? guavava = ? mangogo
? papaya = ? passionfruitter
? armoredcommandotruckk = ? secretrockethovercarrer
1 r = 1 qqq
9 aaa = 320 z
? chickener = ? dogger
1 coww = 54 cat
2 chickener = 1 dogger
74 dvdplayer = 637 toast
? forker = ? coww
7 toast = 74 spoon
338 sportutilityvehicle = 517 truckker
? sockker = ? shirt
? shirt = ? pantter
7 papaya = 31 mangooo
? guava = ? mangooo
? papaya = ? passionfruitttt
1 aredcommandotruck = 1 secretrockethovertaxi
1 sstoperqr = 1 vos
? abababacarsstoperqrtoper = ? zpo
? chickennnn = ? dogggg
1 cowcow = 36 catcat
3 chickennnn = 1 dogggg
74 cdpplayer = 637 coaster
? forkkkk = ? cowcow
7 coaster = 74 spppoon
312 silityvehicle = 517 truck
5 sock = 2 ts
188 ts = 45 pant
45 pant = 188 ts
63 ee = 2560 aa
? aa = ? oo
? aa = ? zz
? aa = ? yy
4543 ww = 96 nn
? yy = ? ii
? gg = ? uu
7007 uu = 192 yy
9 bc = 2 de
4 ab = 1 ef
1 op = 5 lm
? yy = ? zz
9 bc = 1 ef
? gh = ? ww
? gh = ? lm
8 vw = 15 yz
660 xx = 91 ab
4 ABCE = 1 ABCL
1 za = 8 ABCD
1 ABCS = 128 ABCZ
32 ABCY = 1 ABCO
8 ABCY = 1 ABDZ
1 ABDZ = 4 ABEW
1 ABET = 1 ABEF
1 ABFK = 2 ABFW
1 ABGO = 2 ABGI
8 ABHK = 3 ABHX
3 ABIQ = 4 ABIZ
8 ABCD = 1 ABIZ
128 ABCD = 3 ABIR
? ABER = ? ABKR
? ABIR = ? ABKR
8 ABCD = 1 za
? ABCD = ? hi
1024 ABEX = 165 ABKT
2 ABNY = 1 ABNU
128 m = 1 ABOZ
16 ABSY = 1 ABQX
5 d = 1 ccc
131072 ABGQ = 165 ABJV
? AROV = ? ASTU
826 ABCD = 55 ABDV
? mango = ? ABEF
2 ABQV = 1 ABVW
32 ASWZ = 1 ASUV
4 ab = 1 ARWY
? aa = ? ABFW
413 dangmu = 1980 ABDF
? ARWY = ? AUXY
23040 nn = 413 ARVX
22 ABED = 9 nn
6 k = 1 jjj
? ABSZ = ? ASWY
4 tt = 57475 pp