(1,1)
(2,14)
(3,13)
(4,12)
(5,11)
(6,10)
(7,9)
(8,8)
(9,7)
(10,6)
(11,5)
(12,4)
(13,3)
(14,2)
(15,241)
(16,240)
(17,239)
(18,238)
(19,237)
(20,236)
(21,235)
(22,234)
(23,233)
(24,232)
(25,231)
(26,230)
(27,229)
(28,228)
(29,227)
(30,226)
(31,225)
(32,224)
(33,223)
(34,222)
(35,221)
(36,220)
(37,219)
(38,218)
(39,217)
(40,216)
(41,215)
(42,214)
(43,213)
(44,212)
(45,211)
(46,210)
(47,209)
(48,208)
(49,207)
(50,206)
(51,205)
(52,204)
(53,203)
(54,202)
(55,201)
(56,200)
(57,199)
(58,198)
(59,197)
(60,196)
(61,195)
(62,194)
(63,193)
(64,192)
(65,191)
(66,190)
(67,189)
(68,188)
(69,187)
(70,186)
(71,185)
(72,184)
(73,183)
(74,182)
(75,181)
(76,180)
(77,179)
(78,178)
(79,177)
(80,176)
(81,175)
(82,174)
(83,173)
(84,172)
(85,171)
(86,170)
(87,169)
(88,168)
(89,167)
(90,166)
(91,165)
(92,164)
(93,163)
(94,162)
(95,161)
(96,160)
(97,159)
(98,158)
(99,157)
(100,156)
(101,155)
(102,154)
(103,153)
(104,152)
(105,151)
(106,150)
(107,149)
(108,148)
(109,147)
(110,146)
(111,145)
(112,144)
(113,143)
(114,142)
(115,141)
(116,140)
(117,139)
(118,138)
(119,137)
(120,136)
(121,135)
(122,134)
(123,133)
(124,132)
(125,131)
(126,130)
(127,129)
(128,128)
(129,127)
(130,126)
(131,125)
(132,124)
(133,123)
(134,122)
(135,121)
(136,120)
(137,119)
(138,118)
(139,117)
(140,116)
(141,115)
(142,114)
(143,113)
(144,112)
(145,111)
(146,110)
(147,109)
(148,108)
(149,107)
(150,106)
(151,105)
(152,104)
(153,103)
(154,102)
(155,101)
(156,100)
(157,99)
(158,98)
(159,97)
(160,96)
(161,95)
(162,94)
(163,93)
(164,92)
(165,91)
(166,90)
(167,89)
(168,88)
(169,87)
(170,86)
(171,85)
(172,84)
(173,83)
(174,82)
(175,81)
(176,80)
(177,79)
(178,78)
(179,77)
(180,76)
(181,75)
(182,74)
(183,73)
(184,72)
(185,71)
(186,70)
(187,69)
(188,68)
(189,67)
(190,66)
(191,65)
(192,64)
(193,63)
(194,62)
(195,61)
(196,60)
(197,59)
(198,58)
(199,57)
(200,56)
(201,55)
(202,54)
(203,53)
(204,52)
(205,51)
(206,50)
(207,49)
(208,48)
(209,47)
(210,46)
(211,45)
(212,44)
(213,43)
(214,42)
(215,41)
(216,40)
(217,39)
(218,38)
(219,37)
(220,36)
(221,35)
(222,34)
(223,33)
(224,32)
(225,31)
(226,30)
(227,29)
(228,28)
(229,27)
(230,26)
(231,25)
(232,24)
(233,23)
(234,22)
(235,21)
(236,20)
(237,19)
(238,18)
(239,17)
(240,16)
(241,15)
(242,782)
(243,781)
(244,780)
(245,779)
(246,778)
(247,777)
(248,776)
(249,775)
(250,774)
(251,773)
(252,772)
(253,771)
(254,770)
(255,769)
(256,768)
(257,767)
(258,766)
(259,765)
(260,764)
(261,763)
(262,762)
(263,761)
(264,760)
(265,759)
(266,758)
(267,757)
(268,756)
(269,755)
(270,754)
(271,753)
(272,752)
(273,751)
(274,750)
(275,749)
(276,748)
(277,747)
(278,746)
(279,745)
(280,744)
(281,743)
(282,742)
(283,741)
(284,740)
(285,739)
(286,738)
(287,737)
(288,736)
(289,735)
(290,734)
(291,733)
(292,732)
(293,731)
(294,730)
(295,729)
(296,728)
(297,727)
(298,726)
(299,725)
(300,724)
(301,723)
(302,722)
(303,721)
(304,720)
(305,719)
(306,718)
(307,717)
(308,716)
(309,715)
(310,714)
(311,713)
(312,712)
(313,711)
(314,710)
(315,709)
(316,708)
(317,707)
(318,706)
(319,705)
(320,704)
(321,703)
(322,702)
(323,701)
(324,700)
(325,699)
(326,698)
(327,697)
(328,696)
(329,695)
(330,694)
(331,693)
(332,692)
(333,691)
(334,690)
(335,689)
(336,688)
(337,687)
(338,686)
(339,685)
(340,684)
(341,683)
(342,682)
(343,681)
(344,680)
(345,679)
(346,678)
(347,677)
(348,676)
(349,675)
(350,674)
(351,673)
(352,672)
(353,671)
(354,670)
(355,669)
(356,668)
(357,667)
(358,666)
(359,665)
(360,664)
(361,663)
(362,662)
(363,661)
(364,660)
(365,659)
(366,658)
(367,657)
(368,656)
(369,655)
(370,654)
(371,653)
(372,652)
(373,651)
(374,650)
(375,649)
(376,648)
(377,647)
(378,646)
(379,645)
(380,644)
(381,643)
(382,642)
(383,641)
(384,640)
(385,639)
(386,638)
(387,637)
(388,636)
(389,635)
(390,634)
(391,633)
(392,632)
(393,631)
(394,630)
(395,629)
(396,628)
(397,627)
(398,626)
(399,625)
(400,624)
(401,623)
(402,622)
(403,621)
(404,620)
(405,619)
(406,618)
(407,617)
(408,616)
(409,615)
(410,614)
(411,613)
(412,612)
(413,611)
(414,610)
(415,609)
(416,608)
(417,607)
(418,606)
(419,605)
(420,604)
(421,603)
(422,602)
(423,601)
(424,600)
(425,599)
(426,598)
(427,597)
(428,596)
(429,595)
(430,594)
(431,593)
(432,592)
(433,591)
(434,590)
(435,589)
(436,588)
(437,587)
(438,586)
(439,585)
(440,584)
(441,583)
(442,582)
(443,581)
(444,580)
(445,579)
(446,578)
(447,577)
(448,576)
(449,575)
(450,574)
(451,573)
(452,572)
(453,571)
(454,570)
(455,569)
(456,568)
(457,567)
(458,566)
(459,565)
(460,564)
(461,563)
(462,562)
(463,561)
(464,560)
(465,559)
(466,558)
(467,557)
(468,556)
(469,555)
(470,554)
(471,553)
(472,552)
(473,551)
(474,550)
(475,549)
(476,548)
(477,547)
(478,546)
(479,545)
(480,544)
(481,543)
(482,542)
(483,541)
(484,540)
(485,539)
(486,538)
(487,537)
(488,536)
(489,535)
(490,534)
(491,533)
(492,532)
(493,531)
(494,530)
(495,529)
(496,528)
(497,527)
(498,526)
(499,525)
(500,524)
(501,523)
(502,522)
(503,521)
(504,520)
(505,519)
(506,518)
(507,517)
(508,516)
(509,515)
(510,514)
(511,513)
(512,512)
(513,511)
(514,510)
(515,509)
(516,508)
(517,507)
(518,506)
(519,505)
(520,504)
(521,503)
(522,502)
(523,501)
(524,500)
(525,499)
(526,498)
(527,497)
(528,496)
(529,495)
(530,494)
(531,493)
(532,492)
(533,491)
(534,490)
(535,489)
(536,488)
(537,487)
(538,486)
(539,485)
(540,484)
(541,483)
(542,482)
(543,481)
(544,480)
(545,479)
(546,478)
(547,477)
(548,476)
(549,475)
(550,474)
(551,473)
(552,472)
(553,471)
(554,470)
(555,469)
(556,468)
(557,467)
(558,466)
(559,465)
(560,464)
(561,463)
(562,462)
(563,461)
(564,460)
(565,459)
(566,458)
(567,457)
(568,456)
(569,455)
(570,454)
(571,453)
(572,452)
(573,451)
(574,450)
(575,449)
(576,448)
(577,447)
(578,446)
(579,445)
(580,444)
(581,443)
(582,442)
(583,441)
(584,440)
(585,439)
(586,438)
(587,437)
(588,436)
(589,435)
(590,434)
(591,433)
(592,432)
(593,431)
(594,430)
(595,429)
(596,428)
(597,427)
(598,426)
(599,425)
(600,424)
(601,423)
(602,422)
(603,421)
(604,420)
(605,419)
(606,418)
(607,417)
(608,416)
(609,415)
(610,414)
(611,413)
(612,412)
(613,411)
(614,410)
(615,409)
(616,408)
(617,407)
(618,406)
(619,405)
(620,404)
(621,403)
(622,402)
(623,401)
(624,400)
(625,399)
(626,398)
(627,397)
(628,396)
(629,395)
(630,394)
(631,393)
(632,392)
(633,391)
(634,390)
(635,389)
(636,388)
(637,387)
(638,386)
(639,385)
(640,384)
(641,383)
(642,382)
(643,381)
(644,380)
(645,379)
(646,378)
(647,377)
(648,376)
(649,375)
(650,374)
(651,373)
(652,372)
(653,371)
(654,370)
(655,369)
(656,368)
(657,367)
(658,366)
(659,365)
(660,364)
(661,363)
(662,362)
(663,361)
(664,360)
(665,359)
(666,358)
(667,357)
(668,356)
(669,355)
(670,354)
(671,353)
(672,352)
(673,351)
(674,350)
(675,349)
(676,348)
(677,347)
(678,346)
(679,345)
(680,344)
(681,343)
(682,342)
(683,341)
(684,340)
(685,339)
(686,338)
(687,337)
(688,336)
(689,335)
(690,334)
(691,333)
(692,332)
(693,331)
(694,330)
(695,329)
(696,328)
(697,327)
(698,326)
(699,325)
(700,324)
(701,323)
(702,322)
(703,321)
(704,320)
(705,319)
(706,318)
(707,317)
(708,316)
(709,315)
(710,314)
(711,313)
(712,312)
(713,311)
(714,310)
(715,309)
(716,308)
(717,307)
(718,306)
(719,305)
(720,304)
(721,303)
(722,302)
(723,301)
(724,300)
(725,299)
(726,298)
(727,297)
(728,296)
(729,295)
(730,294)
(731,293)
(732,292)
(733,291)
(734,290)
(735,289)
(736,288)
(737,287)
(738,286)
(739,285)
(740,284)
(741,283)
(742,282)
(743,281)
(744,280)
(745,279)
(746,278)
(747,277)
(748,276)
(749,275)
(750,274)
(751,273)
(752,272)
(753,271)
(754,270)
(755,269)
(756,268)
(757,267)
(758,266)
(759,265)
(760,264)
(761,263)
(762,262)
(763,261)
(764,260)
(765,259)
(766,258)
(767,257)
(768,256)
(769,255)
(770,254)
(771,253)
(772,252)
(773,251)
(774,250)
(775,249)
(776,248)
(777,247)
(778,246)
(779,245)
(780,244)
(781,243)
(782,242)
