(1,7)
(2,6)
(3,5)
(4,4)
(5,3)
(6,2)
(7,1)
(8,8)
(9,23)
(10,22)
(11,21)
(12,20)
(13,19)
(14,18)
(15,17)
(16,16)
(17,15)
(18,14)
(19,13)
(20,12)
(21,11)
(22,10)
(23,9)
(24,1000)
(25,999)
(26,998)
(27,997)
(28,996)
(29,995)
(30,994)
(31,993)
(32,992)
(33,991)
(34,990)
(35,989)
(36,988)
(37,987)
(38,986)
(39,985)
(40,984)
(41,983)
(42,982)
(43,981)
(44,980)
(45,979)
(46,978)
(47,977)
(48,976)
(49,975)
(50,974)
(51,973)
(52,972)
(53,971)
(54,970)
(55,969)
(56,968)
(57,967)
(58,966)
(59,965)
(60,964)
(61,963)
(62,962)
(63,961)
(64,960)
(65,959)
(66,958)
(67,957)
(68,956)
(69,955)
(70,954)
(71,953)
(72,952)
(73,951)
(74,950)
(75,949)
(76,948)
(77,947)
(78,946)
(79,945)
(80,944)
(81,943)
(82,942)
(83,941)
(84,940)
(85,939)
(86,938)
(87,937)
(88,936)
(89,935)
(90,934)
(91,933)
(92,932)
(93,931)
(94,930)
(95,929)
(96,928)
(97,927)
(98,926)
(99,925)
(100,924)
(101,923)
(102,922)
(103,921)
(104,920)
(105,919)
(106,918)
(107,917)
(108,916)
(109,915)
(110,914)
(111,913)
(112,912)
(113,911)
(114,910)
(115,909)
(116,908)
(117,907)
(118,906)
(119,905)
(120,904)
(121,903)
(122,902)
(123,901)
(124,900)
(125,899)
(126,898)
(127,897)
(128,896)
(129,895)
(130,894)
(131,893)
(132,892)
(133,891)
(134,890)
(135,889)
(136,888)
(137,887)
(138,886)
(139,885)
(140,884)
(141,883)
(142,882)
(143,881)
(144,880)
(145,879)
(146,878)
(147,877)
(148,876)
(149,875)
(150,874)
(151,873)
(152,872)
(153,871)
(154,870)
(155,869)
(156,868)
(157,867)
(158,866)
(159,865)
(160,864)
(161,863)
(162,862)
(163,861)
(164,860)
(165,859)
(166,858)
(167,857)
(168,856)
(169,855)
(170,854)
(171,853)
(172,852)
(173,851)
(174,850)
(175,849)
(176,848)
(177,847)
(178,846)
(179,845)
(180,844)
(181,843)
(182,842)
(183,841)
(184,840)
(185,839)
(186,838)
(187,837)
(188,836)
(189,835)
(190,834)
(191,833)
(192,832)
(193,831)
(194,830)
(195,829)
(196,828)
(197,827)
(198,826)
(199,825)
(200,824)
(201,823)
(202,822)
(203,821)
(204,820)
(205,819)
(206,818)
(207,817)
(208,816)
(209,815)
(210,814)
(211,813)
(212,812)
(213,811)
(214,810)
(215,809)
(216,808)
(217,807)
(218,806)
(219,805)
(220,804)
(221,803)
(222,802)
(223,801)
(224,800)
(225,799)
(226,798)
(227,797)
(228,796)
(229,795)
(230,794)
(231,793)
(232,792)
(233,791)
(234,790)
(235,789)
(236,788)
(237,787)
(238,786)
(239,785)
(240,784)
(241,783)
(242,782)
(243,781)
(244,780)
(245,779)
(246,778)
(247,777)
(248,776)
(249,775)
(250,774)
(251,773)
(252,772)
(253,771)
(254,770)
(255,769)
(256,768)
(257,767)
(258,766)
(259,765)
(260,764)
(261,763)
(262,762)
(263,761)
(264,760)
(265,759)
(266,758)
(267,757)
(268,756)
(269,755)
(270,754)
(271,753)
(272,752)
(273,751)
(274,750)
(275,749)
(276,748)
(277,747)
(278,746)
(279,745)
(280,744)
(281,743)
(282,742)
(283,741)
(284,740)
(285,739)
(286,738)
(287,737)
(288,736)
(289,735)
(290,734)
(291,733)
(292,732)
(293,731)
(294,730)
(295,729)
(296,728)
(297,727)
(298,726)
(299,725)
(300,724)
(301,723)
(302,722)
(303,721)
(304,720)
(305,719)
(306,718)
(307,717)
(308,716)
(309,715)
(310,714)
(311,713)
(312,712)
(313,711)
(314,710)
(315,709)
(316,708)
(317,707)
(318,706)
(319,705)
(320,704)
(321,703)
(322,702)
(323,701)
(324,700)
(325,699)
(326,698)
(327,697)
(328,696)
(329,695)
(330,694)
(331,693)
(332,692)
(333,691)
(334,690)
(335,689)
(336,688)
(337,687)
(338,686)
(339,685)
(340,684)
(341,683)
(342,682)
(343,681)
(344,680)
(345,679)
(346,678)
(347,677)
(348,676)
(349,675)
(350,674)
(351,673)
(352,672)
(353,671)
(354,670)
(355,669)
(356,668)
(357,667)
(358,666)
(359,665)
(360,664)
(361,663)
(362,662)
(363,661)
(364,660)
(365,659)
(366,658)
(367,657)
(368,656)
(369,655)
(370,654)
(371,653)
(372,652)
(373,651)
(374,650)
(375,649)
(376,648)
(377,647)
(378,646)
(379,645)
(380,644)
(381,643)
(382,642)
(383,641)
(384,640)
(385,639)
(386,638)
(387,637)
(388,636)
(389,635)
(390,634)
(391,633)
(392,632)
(393,631)
(394,630)
(395,629)
(396,628)
(397,627)
(398,626)
(399,625)
(400,624)
(401,623)
(402,622)
(403,621)
(404,620)
(405,619)
(406,618)
(407,617)
(408,616)
(409,615)
(410,614)
(411,613)
(412,612)
(413,611)
(414,610)
(415,609)
(416,608)
(417,607)
(418,606)
(419,605)
(420,604)
(421,603)
(422,602)
(423,601)
(424,600)
(425,599)
(426,598)
(427,597)
(428,596)
(429,595)
(430,594)
(431,593)
(432,592)
(433,591)
(434,590)
(435,589)
(436,588)
(437,587)
(438,586)
(439,585)
(440,584)
(441,583)
(442,582)
(443,581)
(444,580)
(445,579)
(446,578)
(447,577)
(448,576)
(449,575)
(450,574)
(451,573)
(452,572)
(453,571)
(454,570)
(455,569)
(456,568)
(457,567)
(458,566)
(459,565)
(460,564)
(461,563)
(462,562)
(463,561)
(464,560)
(465,559)
(466,558)
(467,557)
(468,556)
(469,555)
(470,554)
(471,553)
(472,552)
(473,551)
(474,550)
(475,549)
(476,548)
(477,547)
(478,546)
(479,545)
(480,544)
(481,543)
(482,542)
(483,541)
(484,540)
(485,539)
(486,538)
(487,537)
(488,536)
(489,535)
(490,534)
(491,533)
(492,532)
(493,531)
(494,530)
(495,529)
(496,528)
(497,527)
(498,526)
(499,525)
(500,524)
(501,523)
(502,522)
(503,521)
(504,520)
(505,519)
(506,518)
(507,517)
(508,516)
(509,515)
(510,514)
(511,513)
(512,512)
(513,511)
(514,510)
(515,509)
(516,508)
(517,507)
(518,506)
(519,505)
(520,504)
(521,503)
(522,502)
(523,501)
(524,500)
(525,499)
(526,498)
(527,497)
(528,496)
(529,495)
(530,494)
(531,493)
(532,492)
(533,491)
(534,490)
(535,489)
(536,488)
(537,487)
(538,486)
(539,485)
(540,484)
(541,483)
(542,482)
(543,481)
(544,480)
(545,479)
(546,478)
(547,477)
(548,476)
(549,475)
(550,474)
(551,473)
(552,472)
(553,471)
(554,470)
(555,469)
(556,468)
(557,467)
(558,466)
(559,465)
(560,464)
(561,463)
(562,462)
(563,461)
(564,460)
(565,459)
(566,458)
(567,457)
(568,456)
(569,455)
(570,454)
(571,453)
(572,452)
(573,451)
(574,450)
(575,449)
(576,448)
(577,447)
(578,446)
(579,445)
(580,444)
(581,443)
(582,442)
(583,441)
(584,440)
(585,439)
(586,438)
(587,437)
(588,436)
(589,435)
(590,434)
(591,433)
(592,432)
(593,431)
(594,430)
(595,429)
(596,428)
(597,427)
(598,426)
(599,425)
(600,424)
(601,423)
(602,422)
(603,421)
(604,420)
(605,419)
(606,418)
(607,417)
(608,416)
(609,415)
(610,414)
(611,413)
(612,412)
(613,411)
(614,410)
(615,409)
(616,408)
(617,407)
(618,406)
(619,405)
(620,404)
(621,403)
(622,402)
(623,401)
(624,400)
(625,399)
(626,398)
(627,397)
(628,396)
(629,395)
(630,394)
(631,393)
(632,392)
(633,391)
(634,390)
(635,389)
(636,388)
(637,387)
(638,386)
(639,385)
(640,384)
(641,383)
(642,382)
(643,381)
(644,380)
(645,379)
(646,378)
(647,377)
(648,376)
(649,375)
(650,374)
(651,373)
(652,372)
(653,371)
(654,370)
(655,369)
(656,368)
(657,367)
(658,366)
(659,365)
(660,364)
(661,363)
(662,362)
(663,361)
(664,360)
(665,359)
(666,358)
(667,357)
(668,356)
(669,355)
(670,354)
(671,353)
(672,352)
(673,351)
(674,350)
(675,349)
(676,348)
(677,347)
(678,346)
(679,345)
(680,344)
(681,343)
(682,342)
(683,341)
(684,340)
(685,339)
(686,338)
(687,337)
(688,336)
(689,335)
(690,334)
(691,333)
(692,332)
(693,331)
(694,330)
(695,329)
(696,328)
(697,327)
(698,326)
(699,325)
(700,324)
(701,323)
(702,322)
(703,321)
(704,320)
(705,319)
(706,318)
(707,317)
(708,316)
(709,315)
(710,314)
(711,313)
(712,312)
(713,311)
(714,310)
(715,309)
(716,308)
(717,307)
(718,306)
(719,305)
(720,304)
(721,303)
(722,302)
(723,301)
(724,300)
(725,299)
(726,298)
(727,297)
(728,296)
(729,295)
(730,294)
(731,293)
(732,292)
(733,291)
(734,290)
(735,289)
(736,288)
(737,287)
(738,286)
(739,285)
(740,284)
(741,283)
(742,282)
(743,281)
(744,280)
(745,279)
(746,278)
(747,277)
(748,276)
(749,275)
(750,274)
(751,273)
(752,272)
(753,271)
(754,270)
(755,269)
(756,268)
(757,267)
(758,266)
(759,265)
(760,264)
(761,263)
(762,262)
(763,261)
(764,260)
(765,259)
(766,258)
(767,257)
(768,256)
(769,255)
(770,254)
(771,253)
(772,252)
(773,251)
(774,250)
(775,249)
(776,248)
(777,247)
(778,246)
(779,245)
(780,244)
(781,243)
(782,242)
(783,241)
(784,240)
(785,239)
(786,238)
(787,237)
(788,236)
(789,235)
(790,234)
(791,233)
(792,232)
(793,231)
(794,230)
(795,229)
(796,228)
(797,227)
(798,226)
(799,225)
(800,224)
(801,223)
(802,222)
(803,221)
(804,220)
(805,219)
(806,218)
(807,217)
(808,216)
(809,215)
(810,214)
(811,213)
(812,212)
(813,211)
(814,210)
(815,209)
(816,208)
(817,207)
(818,206)
(819,205)
(820,204)
(821,203)
(822,202)
(823,201)
(824,200)
(825,199)
(826,198)
(827,197)
(828,196)
(829,195)
(830,194)
(831,193)
(832,192)
(833,191)
(834,190)
(835,189)
(836,188)
(837,187)
(838,186)
(839,185)
(840,184)
(841,183)
(842,182)
(843,181)
(844,180)
(845,179)
(846,178)
(847,177)
(848,176)
(849,175)
(850,174)
(851,173)
(852,172)
(853,171)
(854,170)
(855,169)
(856,168)
(857,167)
(858,166)
(859,165)
(860,164)
(861,163)
(862,162)
(863,161)
(864,160)
(865,159)
(866,158)
(867,157)
(868,156)
(869,155)
(870,154)
(871,153)
(872,152)
(873,151)
(874,150)
(875,149)
(876,148)
(877,147)
(878,146)
(879,145)
(880,144)
(881,143)
(882,142)
(883,141)
(884,140)
(885,139)
(886,138)
(887,137)
(888,136)
(889,135)
(890,134)
(891,133)
(892,132)
(893,131)
(894,130)
(895,129)
(896,128)
(897,127)
(898,126)
(899,125)
(900,124)
(901,123)
(902,122)
(903,121)
(904,120)
(905,119)
(906,118)
(907,117)
(908,116)
(909,115)
(910,114)
(911,113)
(912,112)
(913,111)
(914,110)
(915,109)
(916,108)
(917,107)
(918,106)
(919,105)
(920,104)
(921,103)
(922,102)
(923,101)
(924,100)
(925,99)
(926,98)
(927,97)
(928,96)
(929,95)
(930,94)
(931,93)
(932,92)
(933,91)
(934,90)
(935,89)
(936,88)
(937,87)
(938,86)
(939,85)
(940,84)
(941,83)
(942,82)
(943,81)
(944,80)
(945,79)
(946,78)
(947,77)
(948,76)
(949,75)
(950,74)
(951,73)
(952,72)
(953,71)
(954,70)
(955,69)
(956,68)
(957,67)
(958,66)
(959,65)
(960,64)
(961,63)
(962,62)
(963,61)
(964,60)
(965,59)
(966,58)
(967,57)
(968,56)
(969,55)
(970,54)
(971,53)
(972,52)
(973,51)
(974,50)
(975,49)
(976,48)
(977,47)
(978,46)
(979,45)
(980,44)
(981,43)
(982,42)
(983,41)
(984,40)
(985,39)
(986,38)
(987,37)
(988,36)
(989,35)
(990,34)
(991,33)
(992,32)
(993,31)
(994,30)
(995,29)
(996,28)
(997,27)
(998,26)
(999,25)
(1000,24)
