2 : 39601
3 : 39204
4 : 38809
5 : 38416
6 : 38025
7 : 37636
8 : 37249
9 : 36864
10 : 36481
11 : 36100
12 : 35721
13 : 35344
14 : 34969
15 : 34596
16 : 34225
17 : 33856
18 : 33489
19 : 33124
20 : 32761
21 : 32400
22 : 32041
23 : 31684
24 : 31329
25 : 30976
26 : 30625
27 : 30276
28 : 29929
29 : 29584
30 : 29241
31 : 28900
32 : 28561
33 : 28224
34 : 27889
35 : 27556
36 : 27225
37 : 26896
38 : 26569
39 : 26244
40 : 25921
41 : 25600
42 : 25281
43 : 24964
44 : 24649
45 : 24336
46 : 24025
47 : 23716
48 : 23409
49 : 23104
50 : 22801
51 : 22500
52 : 22201
53 : 21904
54 : 21609
55 : 21316
56 : 21025
57 : 20736
58 : 20449
59 : 20164
60 : 19881
61 : 19600
62 : 19321
63 : 19044
64 : 18769
65 : 18496
66 : 18225
67 : 17956
68 : 17689
69 : 17424
70 : 17161
71 : 16900
72 : 16641
73 : 16384
74 : 16129
75 : 15876
76 : 15625
77 : 15376
78 : 15129
79 : 14884
80 : 14641
81 : 14400
82 : 14161
83 : 13924
84 : 13689
85 : 13456
86 : 13225
87 : 12996
88 : 12769
89 : 12544
90 : 12321
91 : 12100
92 : 11881
93 : 11664
94 : 11449
95 : 11236
96 : 11025
97 : 10816
98 : 10609
99 : 10404
100 : 10201
101 : 10000
102 : 9801
103 : 9604
104 : 9409
105 : 9216
106 : 9025
107 : 8836
108 : 8649
109 : 8464
110 : 8281
111 : 8100
112 : 7921
113 : 7744
114 : 7569
115 : 7396
116 : 7225
117 : 7056
118 : 6889
119 : 6724
120 : 6561
121 : 6400
122 : 6241
123 : 6084
124 : 5929
125 : 5776
126 : 5625
127 : 5476
128 : 5329
129 : 5184
130 : 5041
131 : 4900
132 : 4761
133 : 4624
134 : 4489
135 : 4356
136 : 4225
137 : 4096
138 : 3969
139 : 3844
140 : 3721
141 : 3600
142 : 3481
143 : 3364
144 : 3249
145 : 3136
146 : 3025
147 : 2916
148 : 2809
149 : 2704
150 : 2601
151 : 2500
152 : 2401
153 : 2304
154 : 2209
155 : 2116
156 : 2025
157 : 1936
158 : 1849
159 : 1764
160 : 1681
161 : 1600
162 : 1521
163 : 1444
164 : 1369
165 : 1296
166 : 1225
167 : 1156
168 : 1089
169 : 1024
170 : 961
171 : 900
172 : 841
173 : 784
174 : 729
175 : 676
176 : 625
177 : 576
178 : 529
179 : 484
180 : 441
181 : 400
182 : 361
183 : 324
184 : 289
185 : 256
186 : 225
187 : 196
188 : 169
189 : 144
190 : 121
191 : 100
192 : 81
193 : 64
194 : 49
195 : 36
196 : 25
197 : 16
198 : 9
199 : 4
200 : 1