2 : 39597
3 : 39200
4 : 38805
5 : 38412
6 : 38021
7 : 37632
8 : 37245
9 : 36860
10 : 36477
11 : 36096
12 : 35717
13 : 35340
14 : 34965
15 : 34592
16 : 34221
17 : 33852
18 : 33485
19 : 33120
20 : 32757
21 : 32396
22 : 32037
23 : 31680
24 : 31325
25 : 30972
26 : 30621
27 : 30272
28 : 29925
29 : 29580
30 : 29237
31 : 28896
32 : 28557
33 : 28220
34 : 27885
35 : 27552
36 : 27221
37 : 26892
38 : 26565
39 : 26240
40 : 25917
41 : 25596
42 : 25277
43 : 24960
44 : 24645
45 : 24332
46 : 24021
47 : 23712
48 : 23405
49 : 23100
50 : 22797
51 : 22496
52 : 22197
53 : 21900
54 : 21605
55 : 21312
56 : 21021
57 : 20732
58 : 20445
59 : 20160
60 : 19877
61 : 19596
62 : 19317
63 : 19040
64 : 18765
65 : 18492
66 : 18221
67 : 17952
68 : 17685
69 : 17420
70 : 17157
71 : 16896
72 : 16637
73 : 16380
74 : 16125
75 : 15872
76 : 15621
77 : 15372
78 : 15125
79 : 14880
80 : 14637
81 : 14396
82 : 14157
83 : 13920
84 : 13685
85 : 13452
86 : 13221
87 : 12992
88 : 12765
89 : 12540
90 : 12317
91 : 12096
92 : 11877
93 : 11660
94 : 11445
95 : 11232
96 : 11021
97 : 10812
98 : 10605
99 : 10400
100 : 10197
101 : 9996
102 : 9797
103 : 9600
104 : 9405
105 : 9212
106 : 9021
107 : 8832
108 : 8645
109 : 8460
110 : 8277
111 : 8096
112 : 7917
113 : 7740
114 : 7565
115 : 7392
116 : 7221
117 : 7052
118 : 6885
119 : 6720
120 : 6557
121 : 6396
122 : 6237
123 : 6080
124 : 5925
125 : 5772
126 : 5621
127 : 5472
128 : 5325
129 : 5180
130 : 5037
131 : 4896
132 : 4757
133 : 4620
134 : 4485
135 : 4352
136 : 4221
137 : 4092
138 : 3965
139 : 3840
140 : 3717
141 : 3596
142 : 3477
143 : 3360
144 : 3245
145 : 3132
146 : 3021
147 : 2912
148 : 2805
149 : 2700
150 : 2597
151 : 2496
152 : 2397
153 : 2300
154 : 2205
155 : 2112
156 : 2021
157 : 1932
158 : 1845
159 : 1760
160 : 1677
161 : 1596
162 : 1517
163 : 1440
164 : 1365
165 : 1292
166 : 1221
167 : 1152
168 : 1085
169 : 1020
170 : 957
171 : 896
172 : 837
173 : 780
174 : 725
175 : 672
176 : 621
177 : 572
178 : 525
179 : 480
180 : 437
181 : 396
182 : 357
183 : 320
184 : 285
185 : 252
186 : 221
187 : 192
188 : 165
189 : 140
190 : 117
191 : 96
192 : 77
193 : 60
194 : 45
195 : 32
196 : 21
197 : 12
198 : 5
199 : 1