2002.05.11 21:06 B D:\IT영재교육센터\c++\교재\book\image2\가남사.jpg --> gifted.icu.ac.kr /home/web/htdocs/hjkim/c++/book/image2 가남사.jpg
2002.05.11 21:06 B D:\IT영재교육센터\c++\교재\book\image2\마이트프레스.gif --> gifted.icu.ac.kr /home/web/htdocs/hjkim/c++/book/image2 마이트프레스.gif
2002.05.11 21:06 B D:\IT영재교육센터\c++\교재\book\image2\마이트프레스.jpg --> gifted.icu.ac.kr /home/web/htdocs/hjkim/c++/book/image2 마이트프레스.jpg
2002.05.11 21:06 B D:\IT영재교육센터\c++\교재\book\image2\삼각형.jpg --> gifted.icu.ac.kr /home/web/htdocs/hjkim/c++/book/image2 삼각형.jpg
2002.05.11 21:06 B D:\IT영재교육센터\c++\교재\book\image2\삼양출판사.jpg --> gifted.icu.ac.kr /home/web/htdocs/hjkim/c++/book/image2 삼양출판사.jpg
2002.05.11 21:06 B D:\IT영재교육센터\c++\교재\book\image2\영진.jpg --> gifted.icu.ac.kr /home/web/htdocs/hjkim/c++/book/image2 영진.jpg
2002.05.11 21:06 B D:\IT영재교육센터\c++\교재\book\image2\영진2.jpg --> gifted.icu.ac.kr /home/web/htdocs/hjkim/c++/book/image2 영진2.jpg
2002.05.11 21:06 B D:\IT영재교육센터\c++\교재\book\image2\인포북.gif --> gifted.icu.ac.kr /home/web/htdocs/hjkim/c++/book/image2 인포북.gif
2002.05.11 21:06 B D:\IT영재교육센터\c++\교재\book\image2\정보문화사.jpg --> gifted.icu.ac.kr /home/web/htdocs/hjkim/c++/book/image2 정보문화사.jpg
2002.05.11 21:06 B D:\IT영재교육센터\c++\교재\book\image2\정보문화사2.jpg --> gifted.icu.ac.kr /home/web/htdocs/hjkim/c++/book/image2 정보문화사2.jpg
2002.05.11 21:06 B D:\IT영재교육센터\c++\교재\book\image2\정보문화사3.jpg --> gifted.icu.ac.kr /home/web/htdocs/hjkim/c++/book/image2 정보문화사3.jpg
2002.05.11 21:26 B D:\IT영재교육센터\c++\교재\book\image2\1.jpg --> gifted.icu.ac.kr /home/web/htdocs/hjkim/c++/book/image2 1.jpg
2002.05.11 21:26 B D:\IT영재교육센터\c++\교재\book\image2\2.jpg --> gifted.icu.ac.kr /home/web/htdocs/hjkim/c++/book/image2 2.jpg
2002.05.11 21:26 B D:\IT영재교육센터\c++\교재\book\image2\3.jpg --> gifted.icu.ac.kr /home/web/htdocs/hjkim/c++/book/image2 3.jpg
2002.05.11 21:26 B D:\IT영재교육센터\c++\교재\book\image2\4.jpg --> gifted.icu.ac.kr /home/web/htdocs/hjkim/c++/book/image2 4.jpg
2002.05.11 21:26 B D:\IT영재교육센터\c++\교재\book\image2\5.gif --> gifted.icu.ac.kr /home/web/htdocs/hjkim/c++/book/image2 5.gif
2002.05.11 21:26 B D:\IT영재교육센터\c++\교재\book\image2\6.gif --> gifted.icu.ac.kr /home/web/htdocs/hjkim/c++/book/image2 6.gif
2002.05.11 21:26 B D:\IT영재교육센터\c++\교재\book\image2\7.jpg --> gifted.icu.ac.kr /home/web/htdocs/hjkim/c++/book/image2 7.jpg
2002.05.11 21:26 B D:\IT영재교육센터\c++\교재\book\image2\8.jpg --> gifted.icu.ac.kr /home/web/htdocs/hjkim/c++/book/image2 8.jpg
2002.05.11 21:26 B D:\IT영재교육센터\c++\교재\book\image2\9.jpg --> gifted.icu.ac.kr /home/web/htdocs/hjkim/c++/book/image2 9.jpg
