NIE
99 0 
NIE
99 97 95 93 91 89 87 85 83 81 79 77 75 73 71 69 67 65 63 61 59 57 55 53 51 49 47 45 43 41 39 37 35 33 31 29 27 25 23 21 19 17 15 13 11 9 7 5 3 1 
98 96 94 92 90 88 86 84 82 80 78 76 74 72 70 68 66 64 62 60 58 56 54 52 50 48 46 44 42 40 38 36 34 32 30 28 26 24 22 20 18 16 14 12 10 8 6 4 2 0 
99 98 97 96 95 94 93 92 91 90 89 88 87 86 85 84 83 82 81 80 79 78 77 76 75 74 73 72 71 70 69 68 67 66 65 64 63 62 61 60 59 58 57 56 55 54 53 52 51 50 49 48 47 46 45 44 43 42 41 40 39 38 37 36 35 34 33 32 31 30 29 28 27 26 25 24 23 22 21 20 19 18 17 16 15 14 13 12 11 10 9 8 7 6 5 4 3 2 1 0 
6 5 4 3 2 1 
5 3 1 
16 15 
15 
32 31 1 0 
31 0 
54 53 51 50 48 46 43 42 41 39 38 36 35 34 33 29 27 22 18 17 16 13 8 7 6 5 2 0 
53 50 49 48 47 46 44 43 41 38 35 33 30 29 28 27 23 22 19 18 16 14 13 7 5 3 2 1 0 
96 
97 96 
96 95 94 93 92 91 90 89 88 87 86 85 84 83 82 81 80 79 78 77 76 75 74 73 72 71 70 69 68 67 66 65 64 63 62 61 60 59 58 57 56 55 54 53 52 51 50 49 48 47 46 45 44 43 42 41 40 39 38 37 36 35 34 33 32 31 30 29 28 27 26 25 24 23 22 21 20 19 18 17 16 15 14 13 12 11 10 9 8 7 6 5 4 3 2 1 0 
97 96 94 92 90 88 86 84 82 80 78 76 74 72 70 68 66 64 62 60 58 56 54 52 50 48 46 44 42 40 38 36 34 32 30 28 26 24 22 20 18 16 14 12 10 8 6 4 2 0 
96 95 94 93 92 91 90 89 88 87 86 85 84 83 82 81 80 79 78 77 76 75 74 73 72 71 70 69 68 67 66 65 64 63 62 61 60 59 58 57 56 55 54 53 52 51 50 49 48 47 46 45 44 43 42 41 40 39 38 37 36 35 34 33 32 31 30 29 28 27 26 25 24 23 22 21 20 19 18 17 16 15 14 13 12 11 10 9 8 7 6 5 4 3 2 1 
95 93 91 89 87 85 83 81 79 77 75 73 71 69 67 65 63 61 59 57 55 53 51 49 47 45 43 41 39 37 35 33 31 29 27 25 23 21 19 17 15 13 11 9 7 5 3 1 
96 94 90 89 88 86 85 81 76 71 70 69 68 65 64 63 61 60 57 55 53 52 50 49 46 45 43 39 38 36 35 34 33 32 31 30 29 
97 96 95 94 91 90 88 85 82 81 77 76 70 68 66 65 63 60 58 57 56 55 52 49 45 44 43 38 35 33 31 29 
96 95 94 93 88 86 85 81 74 72 70 69 68 66 65 64 61 60 59 58 57 53 52 49 47 45 44 40 39 31 30 29 28 24 22 20 18 17 16 14 13 11 10 8 5 4 3 2 1 0 
95 93 89 88 85 82 81 75 74 73 72 71 70 68 67 66 64 62 61 59 57 52 50 49 48 47 44 39 30 28 25 24 23 22 21 20 19 18 16 13 10 9 8 4 2 0 
18 17 16 15 14 13 7 6 3 1 
17 15 13 6 4 3 2 1 
NIE
99 95 94 91 90 89 88 87 85 84 83 82 81 80 77 76 75 74 73 69 68 67 66 57 56 55 54 51 47 46 43 41 
62 61 60 59 58 55 54 53 51 48 46 45 44 41 37 31 30 29 26 25 22 21 20 18 17 14 12 11 10 9 5 3 
63 62 60 58 56 55 53 52 51 49 48 47 46 44 42 41 38 37 32 31 29 25 23 22 20 17 15 14 11 9 6 5 4 3 
