2 1 
1 
2 
3 2 
4 3 
3 
4 
5 4 
6 5 
5 
6 
7 6 
8 7 
7 
8 
9 8 
10 9 
9 
10 
11 10 
12 11 
11 
12 
13 12 
14 13 
13 
14 
15 14 
16 15 
15 
16 
17 16 
18 17 
17 
18 
19 18 
20 19 
19 
20 
21 20 
22 21 
21 
22 
23 22 
24 23 
23 
24 
25 24 
26 25 
25 
26 
27 26 
28 27 
27 
28 
29 28 
30 29 
29 
30 
31 30 
32 31 
31 
32 
33 32 
34 33 
33 
34 
35 34 
36 35 
35 
36 
37 36 
38 37 
37 
38 
39 38 
40 39 
39 
40 
41 40 
42 41 
41 
42 
43 42 
44 43 
43 
44 
45 44 
46 45 
45 
46 
47 46 
48 47 
47 
48 
49 48 
50 49 
49 
50 
51 50 
52 51 
51 
52 
53 52 
54 53 
53 
54 
55 54 
56 55 
55 
56 
57 56 
58 57 
57 
58 
59 58 
60 59 
59 
60 
61 60 
62 61 
61 
62 
63 62 
64 63 
63 
64 
65 64 
66 65 
65 
66 
67 66 
68 67 
67 
68 
69 68 
70 69 
69 
70 
71 70 
72 71 
71 
72 
73 72 
74 73 
73 
74 
75 74 
76 75 
75 
76 
77 76 
78 77 
77 
78 
79 78 
80 79 
79 
80 
81 80 
82 81 
81 
82 
83 82 
84 83 
83 
84 
85 84 
86 85 
85 
86 
87 86 
88 87 
87 
88 
89 88 
90 89 
89 
90 
91 90 
92 91 
91 
92 
93 92 
94 93 
93 
94 
95 94 
96 95 
95 
96 
97 96 
98 97 
97 
98 
99 98 
NIE
99 
2 1 0 
3 2 0 
2 0 
3 2 1 0 
4 3 0 
3 1 0 
4 0 
5 4 1 0 
6 5 0 
5 1 0 
6 0 
7 6 1 0 
8 7 0 
7 1 0 
8 0 
9 8 1 0 
10 9 0 
9 1 0 
10 0 
11 10 1 0 
12 11 0 
11 1 0 
12 0 
13 12 1 0 
14 13 0 
13 1 0 
14 0 
15 14 1 0 
16 15 0 
15 1 0 
16 0 
17 16 1 0 
18 17 0 
17 1 0 
18 0 
19 18 1 0 
20 19 0 
19 1 0 
20 0 
21 20 1 0 
22 21 0 
21 1 0 
22 0 
23 22 1 0 
24 23 0 
23 1 0 
24 0 
25 24 1 0 
26 25 0 
25 1 0 
26 0 
27 26 1 0 
28 27 0 
27 1 0 
28 0 
29 28 1 0 
30 29 0 
29 1 0 
30 0 
31 30 1 0 
32 31 0 
31 1 0 
32 0 
33 32 1 0 
34 33 0 
33 1 0 
34 0 
35 34 1 0 
36 35 0 
35 1 0 
36 0 
37 36 1 0 
38 37 0 
37 1 0 
38 0 
39 38 1 0 
40 39 0 
39 1 0 
40 0 
41 40 1 0 
42 41 0 
41 1 0 
42 0 
43 42 1 0 
44 43 0 
43 1 0 
44 0 
45 44 1 0 
46 45 0 
45 1 0 
46 0 
47 46 1 0 
48 47 0 
47 1 0 
48 0 
49 48 1 0 
50 49 0 
49 1 0 
50 0 
51 50 1 0 
52 51 0 
51 1 0 
52 0 
53 52 1 0 
54 53 0 
53 1 0 
54 0 
55 54 1 0 
56 55 0 
55 1 0 
56 0 
57 56 1 0 
58 57 0 
57 1 0 
58 0 
59 58 1 0 
60 59 0 
59 1 0 
60 0 
61 60 1 0 
62 61 0 
61 1 0 
62 0 
63 62 1 0 
64 63 0 
63 1 0 
64 0 
65 64 1 0 
66 65 0 
65 1 0 
66 0 
67 66 1 0 
68 67 0 
67 1 0 
68 0 
69 68 1 0 
70 69 0 
69 1 0 
70 0 
71 70 1 0 
72 71 0 
71 1 0 
72 0 
73 72 1 0 
74 73 0 
73 1 0 
74 0 
75 74 1 0 
76 75 0 
75 1 0 
76 0 
77 76 1 0 
78 77 0 
77 1 0 
78 0 
79 78 1 0 
80 79 0 
79 1 0 
80 0 
81 80 1 0 
82 81 0 
81 1 0 
82 0 
83 82 1 0 
84 83 0 
83 1 0 
84 0 
85 84 1 0 
86 85 0 
85 1 0 
86 0 
87 86 1 0 
88 87 0 
87 1 0 
88 0 
89 88 1 0 
90 89 0 
89 1 0 
90 0 
91 90 1 0 
92 91 0 
91 1 0 
92 0 
93 92 1 0 
94 93 0 
93 1 0 
94 0 
95 94 1 0 
96 95 0 
95 1 0 
96 0 
97 96 1 0 
98 97 0 
97 1 0 
98 0 
99 98 1 0 
NIE
99 1 0 
0 
1 0 
2 1 0 
3 2 0 
4 3 1 0 
3 0 
4 1 0 
5 4 0 
6 5 1 0 
5 0 
6 1 0 
7 6 0 
8 7 1 0 
7 0 
8 1 0 
9 8 0 
10 9 1 0 
9 0 
10 1 0 
11 10 0 
12 11 1 0 
11 0 
12 1 0 
13 12 0 
14 13 1 0 
13 0 
14 1 0 
15 14 0 
16 15 1 0 
15 0 
16 1 0 
17 16 0 
18 17 1 0 
17 0 
18 1 0 
19 18 0 
20 19 1 0 
19 0 
20 1 0 
21 20 0 
22 21 1 0 
21 0 
22 1 0 
23 22 0 
24 23 1 0 
23 0 
24 1 0 
25 24 0 
26 25 1 0 
25 0 
26 1 0 
27 26 0 
28 27 1 0 
27 0 
28 1 0 
29 28 0 
30 29 1 0 
29 0 
30 1 0 
31 30 0 
32 31 1 0 
31 0 
32 1 0 
33 32 0 
34 33 1 0 
33 0 
34 1 0 
35 34 0 
36 35 1 0 
35 0 
36 1 0 
37 36 0 
38 37 1 0 
37 0 
38 1 0 
39 38 0 
40 39 1 0 
39 0 
40 1 0 
41 40 0 
42 41 1 0 
41 0 
42 1 0 
43 42 0 
44 43 1 0 
43 0 
44 1 0 
45 44 0 
46 45 1 0 
45 0 
46 1 0 
47 46 0 
48 47 1 0 
47 0 
48 1 0 
49 48 0 
50 49 1 0 
49 0 
50 1 0 
51 50 0 
52 51 1 0 
51 0 
52 1 0 
53 52 0 
54 53 1 0 
53 0 
54 1 0 
55 54 0 
56 55 1 0 
55 0 
56 1 0 
57 56 0 
58 57 1 0 
57 0 
58 1 0 
59 58 0 
60 59 1 0 
59 0 
60 1 0 
61 60 0 
62 61 1 0 
61 0 
62 1 0 
63 62 0 
64 63 1 0 
63 0 
64 1 0 
65 64 0 
66 65 1 0 
65 0 
66 1 0 
67 66 0 
68 67 1 0 
67 0 
68 1 0 
69 68 0 
70 69 1 0 
69 0 
70 1 0 
71 70 0 
72 71 1 0 
71 0 
72 1 0 
73 72 0 
74 73 1 0 
73 0 
74 1 0 
75 74 0 
76 75 1 0 
75 0 
76 1 0 
77 76 0 
78 77 1 0 
77 0 
78 1 0 
79 78 0 
80 79 1 0 
79 0 
80 1 0 
81 80 0 
82 81 1 0 
81 0 
82 1 0 
83 82 0 
84 83 1 0 
83 0 
84 1 0 
85 84 0 
86 85 1 0 
85 0 
86 1 0 
87 86 0 
88 87 1 0 
87 0 
88 1 0 
89 88 0 
90 89 1 0 
89 0 
90 1 0 
91 90 0 
92 91 1 0 
91 0 
92 1 0 
93 92 0 
94 93 1 0 
93 0 
94 1 0 
95 94 0 
96 95 1 0 
95 0 
96 1 0 
97 96 0 
98 97 1 0 
97 0 
98 1 0 
99 98 0 
NIE
99 0 
0 
1 0 
0 
1 0 
2 1 
1 
2 1 0 
3 2 0 
2 0 
3 2 1 0 
4 3 
3 
4 3 2 0 
5 4 2 1 0 
4 2 0 
5 4 3 2 1 0 
6 5 2 1 
5 1 
6 3 1 0 
7 6 4 3 0 
8 7 5 3 0 
7 6 5 4 3 1 0 
8 7 4 
7 5 4 
8 5 4 3 0 
9 8 6 5 3 1 0 
10 9 7 3 0 
9 8 7 4 3 1 0 
10 9 8 7 5 2 1 
9 7 6 5 1 
10 5 3 2 1 0 
11 10 6 5 2 0 
12 11 9 6 3 2 0 
11 10 9 7 6 2 1 0 
12 11 10 9 6 5 3 
11 9 5 4 3 
12 6 4 2 0 
13 12 7 6 5 4 3 2 1 0 
14 13 11 10 9 8 7 5 4 3 2 0 
13 12 11 9 7 4 2 1 0 
14 13 12 11 10 9 8 7 6 2 1 
15 14 12 10 8 6 1 
14 10 8 6 5 4 1 0 
15 14 11 10 9 8 7 6 4 0 
16 15 13 12 5 4 0 
15 12 4 1 0 
16 15 14 13 12 10 8 6 5 
17 16 14 12 11 10 9 8 5 
16 14 13 10 8 4 0 
17 16 13 11 10 9 8 5 4 1 0 
18 17 13 11 10 9 6 5 4 0 
17 14 13 12 11 9 7 6 4 1 0 
18 17 16 9 8 6 2 1 
19 18 16 8 7 6 1 
18 16 13 11 10 9 7 5 4 2 1 0 
19 18 17 16 14 13 12 11 9 8 7 4 3 2 0 
20 19 13 11 8 7 6 5 4 2 0 
19 14 13 12 11 9 8 6 4 3 2 1 0 
20 19 18 16 15 14 13 12 10 9 6 5 4 3 
21 20 18 17 16 14 12 9 5 3 
20 18 16 15 12 11 10 9 8 5 3 2 0 
21 20 19 18 15 13 12 10 8 6 5 2 1 0 
22 21 16 14 11 10 8 2 0 
21 17 16 15 14 10 9 8 3 2 1 0 
22 19 17 15 14 12 11 5 2 1 
23 22 20 19 18 17 14 11 6 5 1 
24 23 21 19 17 16 10 8 5 4 3 1 0 
23 22 21 20 19 16 11 10 9 8 6 5 3 0 
24 23 20 19 18 16 15 14 12 11 10 8 7 6 4 3 0 
23 21 20 18 17 16 14 13 12 10 9 8 6 3 1 0 
24 21 18 15 14 12 10 9 7 6 5 4 
25 24 22 21 19 18 14 13 12 9 6 4 
26 25 23 21 20 16 15 14 13 9 8 7 3 0 
25 24 23 20 15 13 10 9 7 4 3 1 0 
26 25 22 20 18 16 15 13 12 6 5 4 3 0 
25 23 22 21 20 19 18 15 12 5 3 1 0 
26 23 22 18 16 12 9 8 7 6 5 2 1 
27 26 22 19 18 17 16 13 12 10 9 7 5 1 
28 27 25 22 21 19 18 17 15 9 8 7 6 4 3 2 1 0 
27 26 25 21 20 19 17 16 15 8 6 5 4 2 0 
28 27 26 25 21 17 16 15 12 9 7 5 4 3 2 0 
27 25 22 21 18 17 15 13 12 10 9 8 7 4 2 1 0 
28 19 12 11 10 6 3 
29 28 20 19 13 12 10 7 6 4 3 
30 29 27 26 25 21 19 17 16 15 14 13 11 10 9 7 6 5 2 0 
29 28 27 25 22 21 20 19 18 17 15 13 12 11 9 8 7 5 3 2 1 0 
30 29 28 27 26 25 23 22 20 17 16 15 14 13 12 11 9 5 3 2 0 
29 27 25 22 21 20 18 17 15 13 11 10 9 6 5 2 1 0 
30 26 23 22 21 18 16 14 7 2 1 
31 30 27 26 24 23 21 19 18 17 16 15 14 8 7 1 
32 31 29 28 25 23 21 20 18 13 12 11 9 7 5 1 0 
31 28 26 25 24 23 20 19 18 14 13 11 10 9 8 7 6 5 0 
32 31 30 29 28 24 22 21 19 16 14 13 10 8 5 0 
33 32 30 28 25 24 21 20 19 17 16 13 11 10 9 8 6 5 1 0 
32 30 29 25 24 23 20 19 18 16 12 11 10 9 6 
33 32 29 26 25 23 21 20 18 17 16 11 9 7 6 
34 33 31 30 28 23 22 21 20 19 17 14 13 12 9 8 6 5 0 
33 30 29 28 24 23 21 19 18 17 15 14 12 8 5 1 0 
34 33 32 29 28 25 22 21 20 18 17 16 14 11 10 9 7 5 0 
35 34 32 28 26 25 23 22 20 19 18 16 15 14 12 11 9 8 7 6 5 1 0 
34 32 31 30 25 21 19 18 17 15 13 12 11 8 7 2 1 
35 34 33 32 30 26 25 22 21 20 19 17 16 15 14 13 11 7 1 
36 35 31 30 29 28 27 26 20 19 18 16 15 14 13 10 9 5 2 1 0 
35 30 28 26 21 20 18 15 13 9 6 5 3 2 0 
36 35 34 32 31 29 28 27 26 25 21 20 19 17 12 11 10 9 8 7 5 2 0 
37 36 34 31 30 29 27 25 22 21 19 18 17 11 9 7 6 5 3 2 1 0 
36 34 30 29 27 25 21 20 18 17 16 15 14 13 12 11 10 6 4 3 
37 36 35 34 29 28 27 26 25 20 19 18 16 14 12 10 7 6 3 
38 37 32 31 21 19 16 15 14 11 9 8 7 6 5 4 3 2 0 
37 31 22 21 20 19 17 16 14 12 11 8 6 4 2 1 0 
38 37 36 34 32 31 30 29 27 25 23 22 20 19 18 15 13 10 9 8 5 4 2 0 
39 38 36 35 34 31 29 28 27 26 25 22 21 20 18 16 15 14 13 11 10 8 4 3 2 1 0 
38 36 34 32 30 29 27 25 23 22 21 18 14 13 11 10 9 7 6 5 2 1 
39 38 37 36 35 34 33 32 29 28 27 26 25 24 23 21 19 18 13 12 11 9 8 7 5 1 
40 39 36 35 34 33 31 30 29 28 27 26 23 21 20 15 11 10 8 7 6 5 3 1 0 
39 35 33 30 28 26 24 23 20 16 15 10 7 5 4 3 0 
40 37 33 32 31 30 24 20 18 15 14 13 11 9 6 3 0 
41 40 38 37 32 30 25 24 21 20 19 18 16 15 13 12 11 10 9 7 6 4 3 1 0 
42 41 39 37 36 35 32 31 29 28 27 26 24 23 18 17 16 12 10 9 8 7 6 4 
41 40 39 38 37 35 31 28 26 23 19 18 16 13 12 11 10 8 6 5 4 
42 41 38 36 35 33 32 30 29 28 25 23 22 21 19 17 16 15 14 13 12 11 8 4 3 0 
41 39 38 35 32 31 30 28 26 25 24 23 21 20 19 18 17 15 13 11 9 8 3 1 0 
42 39 38 37 36 31 30 29 27 26 25 22 21 19 18 17 15 14 11 10 5 3 0 
43 42 38 36 32 31 29 28 27 25 21 20 19 17 14 10 6 5 4 3 1 0 
44 43 41 35 33 32 31 30 28 27 23 22 21 20 16 15 13 10 8 5 2 1 
43 42 41 36 35 32 30 27 22 20 15 14 13 11 10 9 8 6 5 1 
44 43 42 41 39 38 37 36 35 33 32 31 29 26 25 23 22 20 19 18 17 14 13 8 7 6 3 2 1 0 
43 41 40 39 37 35 34 33 31 30 29 25 22 19 17 13 9 8 6 2 0 
44 39 38 37 35 34 32 30 29 28 27 26 25 23 19 18 17 16 15 12 11 9 7 6 5 3 2 0 
45 44 40 39 37 34 33 32 29 27 25 24 23 20 19 17 15 11 10 9 8 7 5 2 1 0 
46 45 43 40 38 34 31 28 27 26 25 24 22 18 16 15 14 13 12 11 9 8 7 5 3 
45 44 43 41 40 39 38 35 34 32 31 29 28 26 24 23 22 19 18 15 13 11 10 9 7 6 5 4 3 
46 45 44 43 40 37 32 31 30 29 28 26 24 23 22 17 16 14 13 12 11 10 5 4 2 0 
45 43 41 40 38 37 33 32 30 28 27 26 25 24 22 16 15 14 12 10 4 3 2 1 0 
46 42 41 38 37 34 30 18 15 14 12 10 9 6 4 3 2 0 
47 46 41 37 35 34 31 30 19 18 14 13 12 9 7 6 5 4 2 1 0 
48 47 45 44 43 42 41 40 34 32 29 28 26 24 23 22 18 17 16 9 6 2 1 
47 44 42 40 35 34 33 32 28 27 26 25 24 22 19 18 16 10 9 7 6 1 
48 47 46 45 44 43 42 40 38 37 36 35 32 30 29 28 26 24 23 22 20 19 17 16 15 14 12 8 7 4 1 0 
49 48 46 44 42 41 40 37 35 33 32 31 30 28 27 26 25 24 22 19 16 14 13 12 7 5 4 0 
48 46 45 43 38 37 36 33 30 29 28 27 26 25 23 20 19 18 17 15 14 12 9 8 7 6 4 0 
49 48 45 44 43 39 38 36 34 33 29 27 25 24 23 19 17 14 13 12 8 6 5 4 1 0 
50 49 47 46 44 43 41 39 37 35 31 29 25 22 20 16 15 14 13 7 5 
49 46 43 42 41 40 39 38 37 36 35 32 31 30 29 26 25 23 22 21 20 15 13 8 7 6 5 
50 49 48 45 41 39 36 35 33 31 28 27 21 19 18 17 16 15 13 12 9 6 5 4 0 
51 50 48 46 45 42 41 40 39 35 34 33 32 31 27 22 21 20 19 17 15 12 10 9 7 6 4 1 0 
50 48 47 46 45 42 41 40 37 35 34 32 29 28 27 25 22 21 20 19 18 17 16 12 9 7 4 0 
51 50 47 45 43 42 40 38 37 34 33 32 30 29 27 26 25 23 22 20 18 16 13 12 10 9 8 7 5 4 1 0 
52 51 47 40 39 37 34 33 32 31 29 28 25 20 19 17 15 11 10 7 6 2 1 
51 48 47 39 38 37 33 31 28 26 25 19 18 17 16 15 10 6 1 
52 51 50 46 45 42 41 40 38 33 32 30 28 26 22 21 20 16 15 12 11 8 6 4 2 1 0 
53 52 50 45 43 42 40 39 38 32 31 30 29 28 27 26 23 22 20 15 11 9 8 7 6 5 4 3 2 0 
52 50 47 46 45 42 39 38 37 34 33 31 30 26 25 22 19 17 10 8 4 2 0 
53 52 51 50 48 47 45 43 42 40 39 37 33 30 25 23 22 20 19 18 17 11 10 9 8 5 4 3 2 1 0 
54 53 47 46 44 43 41 40 37 32 30 29 27 25 24 23 21 20 19 17 16 15 12 9 8 7 5 4 3 
53 46 43 40 38 37 33 32 29 28 27 26 25 23 22 21 19 18 17 15 13 12 10 9 7 6 5 3 
54 53 52 50 47 45 44 43 42 41 40 39 34 33 32 29 27 24 23 22 21 19 18 16 15 12 10 7 3 2 0 
55 54 52 51 50 48 47 46 45 43 41 39 35 34 32 30 29 28 27 23 21 18 15 13 12 11 10 8 7 2 1 0 
54 52 50 49 48 46 45 44 42 41 39 37 34 29 28 25 24 18 17 16 14 13 10 9 5 2 0 
55 54 53 52 51 50 48 47 46 44 41 40 39 38 37 35 34 28 24 19 18 16 13 9 6 5 3 2 1 0 
56 55 52 51 49 48 47 46 45 43 42 37 36 35 33 32 31 30 28 27 23 22 21 15 14 11 9 7 5 2 1 
55 51 50 49 47 45 42 38 37 35 32 30 27 24 23 21 14 12 11 10 9 8 7 6 5 1 
56 53 51 50 49 47 46 44 43 42 40 38 36 35 34 33 32 31 30 27 25 24 23 22 21 18 17 16 13 11 9 8 6 4 3 1 0 
57 56 54 53 52 51 49 46 45 44 42 41 40 39 38 37 36 34 32 30 28 27 26 25 23 21 19 18 16 14 13 12 11 8 7 6 3 0 
58 57 55 53 48 47 45 44 43 40 38 37 36 34 33 31 25 22 18 17 16 15 12 11 10 8 7 6 5 4 3 0 
57 56 55 54 53 47 46 45 43 41 40 39 38 36 33 32 31 26 25 23 22 17 15 13 12 10 7 5 3 1 0 
58 57 54 51 50 49 46 43 41 40 39 35 34 30 29 28 26 24 21 20 19 17 15 13 10 5 4 
57 55 54 52 51 49 47 46 44 43 42 41 39 34 31 30 28 27 26 25 24 22 21 19 18 17 16 15 14 13 11 10 4 
58 55 54 53 51 50 49 48 47 46 45 39 38 37 36 33 31 30 29 28 26 25 24 22 21 20 19 13 12 8 7 6 5 3 0 
59 58 56 55 53 52 51 49 47 45 38 36 34 33 30 28 27 26 24 21 19 12 7 5 4 3 1 0 
60 59 57 55 54 52 50 48 45 43 41 38 37 36 35 34 33 29 28 27 20 19 18 16 14 12 10 8 7 4 3 0 
59 58 57 54 53 52 51 50 49 48 46 45 44 43 42 41 37 35 33 30 29 27 21 20 18 17 16 15 14 13 12 11 10 7 3 1 0 
60 59 58 57 55 53 52 47 43 41 37 35 31 30 29 27 26 25 24 22 21 20 18 16 14 10 8 6 5 2 1 
59 57 56 55 52 48 47 44 43 42 41 38 37 36 35 32 31 29 26 24 23 22 20 19 18 17 16 15 14 11 10 9 8 5 1 
60 57 56 54 50 46 44 43 42 34 33 31 26 25 24 22 18 17 16 15 14 13 11 10 9 7 6 5 4 3 2 1 0 
61 60 56 55 54 51 50 47 46 45 44 42 33 32 31 27 26 24 23 22 17 15 13 12 11 9 6 4 2 0 
62 61 59 56 55 54 53 52 50 47 46 42 41 37 35 32 30 29 25 24 23 19 13 9 8 7 6 4 3 2 0 
61 60 59 57 56 54 52 51 50 46 41 38 37 36 35 33 32 29 26 25 23 20 19 14 13 8 6 5 4 2 1 0 
62 61 60 59 51 44 41 37 35 34 33 32 31 30 29 26 25 23 22 19 18 17 16 15 11 8 7 3 
61 59 52 51 45 44 42 41 38 37 36 35 33 31 29 25 22 20 19 17 15 12 11 7 4 3 
62 56 55 54 53 52 51 50 47 46 44 39 38 37 36 34 31 30 22 21 20 18 17 16 15 13 11 9 8 6 2 0 
63 62 57 56 54 52 50 46 45 44 38 36 35 34 30 23 22 20 17 15 14 13 12 11 8 7 6 3 2 1 0 
64 63 61 60 59 56 55 54 53 50 45 41 39 36 33 32 31 29 26 25 21 20 19 18 16 15 14 12 7 6 3 2 0 
63 62 61 59 55 53 51 50 46 45 42 41 40 39 37 36 34 33 31 30 29 25 20 18 17 16 14 13 12 6 2 1 0 
64 63 62 61 60 59 56 54 52 47 46 45 44 43 42 40 38 34 33 30 29 26 25 22 21 17 16 14 13 12 11 9 8 2 1 
63 61 59 57 56 55 54 53 52 46 44 42 41 40 39 38 33 29 25 21 16 13 11 8 1 
64 60 58 57 53 52 50 47 44 43 42 41 40 39 38 36 32 31 26 20 19 18 11 9 8 7 6 1 0 
65 64 61 60 57 52 51 50 48 47 45 44 42 40 38 37 36 31 27 26 21 20 18 12 11 8 6 0 
66 65 63 62 59 58 57 56 54 50 49 48 46 43 36 34 33 32 31 30 29 28 27 25 22 21 20 19 18 17 16 14 13 9 7 6 0 
65 62 58 56 55 54 51 50 48 47 46 44 43 37 36 33 31 29 27 26 25 23 22 20 18 16 13 10 9 6 1 0 
66 65 64 63 62 60 59 58 56 54 51 49 48 47 46 42 41 40 37 34 33 32 30 29 28 27 26 25 22 19 17 16 12 10 8 7 
67 66 64 62 61 60 58 57 56 55 54 52 51 48 46 43 42 40 38 37 35 34 32 29 27 25 23 22 20 19 16 13 12 11 10 7 
66 64 63 60 59 56 55 51 50 49 43 42 41 40 35 33 31 30 28 24 23 21 18 17 14 13 12 10 9 6 0 
67 66 63 59 55 52 51 49 42 40 36 35 34 33 30 29 28 23 22 21 17 15 14 12 9 7 6 1 0 
68 67 63 61 59 57 55 54 53 52 48 47 46 41 37 35 32 27 26 25 24 23 22 21 19 16 14 12 11 9 8 7 6 0 
67 64 63 62 61 60 59 58 57 54 52 49 48 46 42 41 38 37 36 35 33 32 28 27 25 23 21 20 19 17 16 15 14 11 8 6 1 0 
68 67 66 61 57 54 53 52 51 50 49 48 47 46 43 40 39 38 36 33 32 31 30 28 27 26 25 24 19 18 15 11 8 2 1 
69 68 66 62 61 58 57 55 54 52 50 48 46 44 43 41 40 38 37 36 32 30 29 28 26 24 18 16 15 12 11 9 8 1 
68 66 65 64 62 61 60 58 53 51 50 47 43 41 40 39 38 37 36 35 31 30 28 27 25 23 20 18 16 15 14 7 6 2 1 0 
69 68 67 66 64 63 62 60 59 58 54 53 50 48 47 44 43 42 41 39 37 35 30 27 26 25 24 23 21 20 19 18 17 16 14 6 3 2 0 
70 69 65 64 60 58 57 52 51 49 46 45 44 39 35 33 32 31 28 24 23 20 14 11 8 7 6 2 0 
69 64 61 60 57 51 50 49 47 46 44 40 39 36 35 34 33 31 29 28 23 21 20 15 14 12 11 9 8 6 3 2 1 0 
70 69 68 66 65 62 60 59 57 53 50 49 47 46 45 44 43 41 38 37 33 32 31 29 27 25 22 21 18 16 11 8 7 4 3 
71 70 68 65 63 62 59 58 57 54 53 49 48 47 45 43 42 41 37 34 33 31 30 29 28 27 26 25 21 19 18 17 16 12 11 7 3 
70 68 66 65 63 61 59 53 52 51 45 43 41 39 36 34 32 29 28 27 25 24 23 22 21 20 18 16 14 13 12 8 6 4 3 2 0 
71 70 69 68 65 64 63 62 61 60 59 54 53 51 46 45 44 43 42 41 40 39 37 36 35 34 33 32 30 29 27 24 22 20 19 18 17 16 15 14 12 9 8 7 6 5 4 2 1 0 
72 71 66 63 62 61 57 55 54 52 51 50 49 47 43 42 39 38 37 36 34 33 32 30 27 26 24 21 19 18 17 14 13 12 11 10 9 7 6 4 2 0 
71 67 66 64 63 61 58 57 54 51 49 48 47 42 38 36 35 34 32 31 30 26 25 24 22 21 20 19 17 13 11 9 6 5 4 3 2 1 0 
72 71 70 68 66 64 59 57 55 54 53 52 48 46 44 40 38 36 35 30 29 26 23 20 15 13 11 10 9 8 6 5 2 1 
73 72 70 69 68 67 66 65 64 60 59 58 57 54 52 49 48 47 46 45 44 41 40 39 38 35 29 27 26 24 23 21 20 16 15 14 13 10 8 5 1 
74 73 71 69 67 64 63 60 58 55 51 50 49 48 47 46 44 43 42 40 35 34 31 29 24 23 21 20 19 18 17 15 10 8 3 1 0 
73 72 71 70 69 68 67 63 61 60 59 58 56 55 50 48 46 45 44 42 41 40 34 32 31 30 29 23 22 21 19 17 16 15 11 10 9 8 4 3 0 
74 73 70 69 68 65 63 60 59 56 54 53 52 51 50 46 45 41 38 34 31 26 19 16 13 6 5 3 0 
73 71 70 68 66 65 64 63 59 57 56 55 54 52 50 45 42 41 39 38 35 34 32 31 27 26 20 19 17 16 14 13 5 4 3 1 0 
74 71 68 67 65 62 61 59 58 56 55 54 53 52 51 49 48 45 44 43 42 41 40 38 33 32 29 26 24 23 21 18 17 16 15 13 10 8 4 
75 74 72 71 67 66 65 61 58 55 53 51 48 44 42 40 39 38 32 30 29 27 26 23 22 21 17 15 14 13 11 10 9 8 5 4 
76 75 73 71 70 69 68 66 63 62 61 60 59 57 55 54 52 50 49 48 44 43 42 41 39 34 33 32 31 29 28 27 24 23 21 19 18 17 16 14 10 8 6 5 4 3 0 
75 74 73 70 68 67 66 64 63 61 59 58 57 54 53 52 51 50 48 43 41 40 39 33 31 30 29 27 23 22 21 18 16 15 14 11 10 9 8 5 3 1 0 
76 75 72 70 67 66 65 63 62 58 57 56 55 51 50 49 45 44 42 40 39 38 32 30 28 27 26 24 23 22 17 15 14 13 12 11 10 9 6 3 0 
75 73 72 71 70 68 67 65 62 57 55 52 51 49 44 43 42 41 40 38 33 32 31 30 29 28 26 25 24 22 18 17 16 15 13 11 9 7 6 4 3 1 0 
76 73 72 69 68 65 63 61 60 59 54 52 51 50 48 41 38 34 31 30 29 28 26 24 22 21 19 16 13 12 7 5 2 1 
77 76 72 68 66 65 64 63 62 61 59 55 54 53 52 50 49 48 42 41 39 38 35 34 30 28 27 26 25 24 21 20 19 17 16 12 8 7 6 5 1 
78 77 75 70 69 68 67 65 64 62 61 60 59 58 57 56 55 54 52 51 49 48 45 44 42 41 40 34 32 26 25 21 19 17 16 15 14 13 11 10 9 7 6 5 3 2 1 0 
77 76 75 69 67 64 63 62 60 58 56 54 51 48 44 43 42 40 35 34 33 32 25 22 21 20 19 18 17 15 13 12 11 9 8 7 5 2 0 
78 77 76 75 73 72 68 66 64 63 60 58 57 56 52 50 45 44 40 38 36 35 32 31 30 27 25 24 21 20 15 12 11 8 3 2 0 
77 75 72 69 68 67 66 63 61 60 59 58 56 53 52 51 50 44 41 40 39 38 35 33 32 30 28 27 24 20 16 15 11 9 8 2 1 0 
78 73 72 70 67 66 63 62 57 53 51 50 49 48 45 42 38 36 33 31 30 27 24 23 22 20 19 17 14 13 10 9 8 7 6 5 3 
79 78 72 71 70 66 62 58 57 54 53 50 48 46 45 43 42 39 38 37 36 34 33 30 28 27 25 24 22 19 18 17 13 9 7 5 4 3 
80 79 77 76 75 73 70 68 62 60 56 53 52 49 48 45 43 41 39 38 37 35 33 32 31 29 28 23 22 19 17 15 14 13 12 11 10 7 4 2 0 
79 78 77 75 74 73 71 70 69 68 63 62 61 60 57 56 52 48 46 45 44 43 42 41 40 39 37 36 35 34 33 31 28 22 20 19 18 17 14 12 10 8 7 5 4 3 2 1 0 
80 79 78 77 76 75 73 71 68 67 66 60 57 56 55 54 52 51 50 49 47 46 43 42 41 37 34 30 29 28 27 24 23 19 18 15 14 12 9 6 5 4 3 2 0 
79 77 75 74 73 72 71 69 68 66 61 60 56 54 51 49 46 44 43 41 38 37 35 34 29 27 23 18 14 13 12 10 9 7 6 4 2 1 0 
80 76 75 74 69 67 66 64 63 61 55 54 51 48 47 44 39 35 34 33 32 31 30 29 27 22 21 20 18 17 15 11 10 9 7 6 2 1 
81 80 77 76 74 70 69 66 63 62 61 54 52 51 47 45 44 40 39 36 35 33 31 29 28 27 23 22 20 17 16 15 12 11 9 6 1 
82 81 79 78 77 76 74 73 71 69 68 67 64 63 61 60 57 56 55 50 49 46 44 43 42 41 39 37 33 32 31 30 24 23 22 21 20 19 18 16 14 12 11 5 4 1 0 
81 78 76 73 72 71 70 69 67 63 60 58 57 55 49 47 46 43 41 40 39 38 37 32 30 25 24 22 20 18 17 16 15 14 11 4 0 
82 81 80 79 78 75 74 72 70 66 64 63 62 60 57 54 51 50 49 48 45 43 40 37 35 34 33 31 29 27 24 21 17 16 15 14 10 9 7 6 5 4 0 
83 82 80 78 74 73 72 71 70 67 66 65 64 62 61 60 58 57 55 54 50 48 46 45 44 43 41 40 38 37 36 35 33 32 31 30 29 28 27 25 24 22 21 16 14 9 6 4 1 0 
82 80 79 77 76 73 72 71 70 69 68 67 66 64 62 59 58 56 55 54 51 50 48 46 45 42 41 38 35 30 29 27 26 25 23 20 19 18 12 11 10 9 7 6 5 
83 82 79 76 72 70 68 66 65 64 63 62 58 57 56 54 50 49 48 45 41 39 38 36 35 29 28 27 25 24 23 21 20 18 11 9 8 7 5 
84 83 81 80 78 77 76 75 74 69 68 66 65 60 59 58 57 56 51 43 42 41 40 36 34 33 31 29 28 26 25 24 23 21 20 19 18 17 16 15 14 12 11 10 9 8 6 4 0 
83 80 79 78 76 74 68 65 61 60 58 56 52 51 42 40 37 36 33 32 31 28 25 23 20 18 16 14 13 12 10 8 7 6 5 4 1 0 
84 83 82 79 78 77 75 74 73 72 71 70 69 65 64 62 60 59 55 54 53 52 50 48 46 45 43 42 40 38 36 35 34 33 31 28 27 26 19 17 16 15 14 12 10 8 5 4 0 
85 84 82 80 79 77 76 75 73 71 69 64 63 62 59 54 52 51 50 49 48 45 42 41 40 39 38 35 33 32 31 29 28 26 20 19 16 14 13 12 11 10 9 8 4 1 0 
84 82 81 80 79 78 76 75 73 72 71 68 64 62 60 58 57 56 55 54 53 52 51 50 48 46 45 43 40 39 37 35 34 33 32 25 24 23 21 18 17 15 14 13 6 2 1 
85 84 83 82 80 78 75 74 73 71 69 68 65 64 63 62 61 60 59 58 56 54 52 50 49 48 45 44 43 39 38 37 34 32 26 25 23 22 21 17 16 15 13 7 6 1 
86 85 81 80 79 77 72 70 69 68 64 63 62 61 59 58 57 56 55 53 50 49 46 43 41 39 38 37 34 32 31 28 27 26 25 24 23 21 19 16 15 13 12 10 8 6 5 4 2 1 0 
85 82 81 79 78 77 73 72 71 70 68 63 61 60 59 57 55 54 53 49 47 46 44 43 42 41 40 39 37 35 34 31 27 25 23 22 21 20 19 15 12 11 10 9 8 7 6 4 3 2 0 
86 85 84 80 78 77 76 75 71 70 66 65 61 60 59 58 56 52 49 48 46 44 41 31 28 27 24 23 22 19 18 17 14 13 11 9 7 5 4 2 0 
87 86 84 81 80 77 75 70 65 60 58 57 56 53 52 48 47 46 45 44 42 41 32 31 27 25 24 22 20 19 17 13 12 11 10 9 8 7 4 3 2 1 0 
86 84 79 76 75 72 69 68 66 65 64 63 60 59 55 53 52 50 49 47 42 39 38 37 34 28 26 25 24 20 18 17 16 15 12 11 10 9 8 7 6 5 4 3 
87 86 85 84 80 79 75 73 72 68 65 63 59 56 55 52 49 48 47 43 42 40 39 37 35 34 29 28 27 26 24 21 20 17 15 11 9 7 5 3 
88 87 80 79 78 77 76 72 71 70 69 68 66 64 63 61 60 58 56 55 48 47 46 44 42 41 39 38 37 34 31 30 29 27 26 23 22 20 19 18 16 15 14 13 6 5 3 2 0 
87 81 80 78 76 73 72 70 68 67 66 63 60 59 58 55 49 48 46 45 44 41 40 39 37 35 34 32 31 29 26 22 21 20 18 15 13 5 2 1 0 
88 87 86 84 78 75 74 73 71 70 69 68 67 65 64 59 58 53 52 50 49 46 44 42 40 38 36 35 31 30 29 28 25 24 21 17 16 14 13 12 11 10 9 8 7 6 2 0 
89 88 86 85 84 79 78 76 75 73 72 71 69 67 64 58 52 49 47 46 45 44 43 42 41 40 39 38 35 30 28 24 22 21 16 15 14 12 10 8 6 3 2 1 0 
88 86 84 80 77 76 75 74 73 72 71 69 67 66 63 61 60 56 55 53 52 50 49 48 46 45 44 43 41 40 37 36 35 34 33 32 30 28 27 26 25 24 23 22 21 20 19 18 15 14 12 11 10 9 8 5 2 1 
89 88 87 86 85 84 81 80 78 77 75 73 71 70 69 66 64 63 60 55 52 51 50 48 45 43 40 36 34 32 31 30 29 28 26 24 22 20 18 14 13 12 10 8 6 5 1 
90 89 86 85 80 78 77 74 66 65 64 63 61 60 59 58 56 55 53 52 51 49 47 43 42 38 37 36 34 33 32 27 26 25 23 20 19 18 17 16 11 9 7 6 5 4 3 1 0 
89 85 81 80 77 75 74 65 63 60 58 55 54 53 51 50 49 48 47 42 39 38 36 35 34 32 28 27 25 24 23 21 20 18 16 12 11 10 9 8 7 5 3 0 
90 87 85 84 82 81 76 73 72 71 69 65 61 59 58 56 53 51 48 47 46 45 42 41 40 38 37 33 30 26 22 19 17 16 15 14 8 7 4 3 0 
91 90 88 87 84 81 77 76 74 73 71 70 69 66 65 62 61 58 57 56 54 53 52 51 47 45 43 42 40 37 34 33 31 30 27 26 23 22 20 19 16 14 7 3 1 0 
92 91 89 87 84 82 81 80 78 77 76 74 73 72 71 69 62 60 59 56 54 49 46 45 41 40 38 36 32 30 25 23 22 18 17 15 14 11 9 6 5 4 
91 90 89 88 87 85 84 83 82 80 79 78 76 73 71 70 69 63 62 59 57 56 55 54 50 49 45 40 39 38 37 36 33 32 31 30 26 25 22 17 14 12 11 10 9 7 6 4 
92 91 88 82 80 78 72 71 70 65 62 61 60 59 57 54 53 51 49 48 47 46 42 41 40 39 37 36 31 26 25 19 16 15 11 9 8 7 6 3 0 
91 89 88 83 82 81 80 79 78 73 72 70 66 65 61 59 58 57 53 52 51 48 46 41 39 36 32 31 25 20 19 15 12 11 8 6 4 3 1 0 
92 89 88 87 86 85 83 80 79 77 76 74 73 72 70 69 65 64 63 61 60 57 56 54 52 50 48 45 42 41 39 38 32 31 30 23 22 19 18 17 14 13 12 11 10 8 5 4 3 0 
93 92 90 89 87 85 84 83 79 76 75 74 72 69 66 65 63 60 56 55 54 53 52 51 50 49 48 46 45 41 38 33 32 30 22 20 19 17 15 14 12 10 9 8 6 5 3 1 0 
94 93 91 87 86 85 81 79 78 77 76 74 69 67 66 64 63 62 61 59 57 55 53 52 51 50 47 46 45 42 38 37 36 30 26 25 23 22 21 20 18 17 16 15 14 13 10 7 6 5 2 1 
93 92 91 88 87 85 82 81 78 76 75 74 70 69 66 63 61 60 59 58 57 56 55 52 50 48 47 45 43 42 39 38 36 31 30 25 22 20 17 15 13 11 10 8 7 5 1 
94 93 92 91 89 86 83 81 78 77 76 75 73 72 67 66 65 64 58 56 55 54 48 47 44 43 41 37 36 32 26 25 23 21 20 19 18 16 15 14 12 8 7 4 3 2 1 0 
93 91 90 89 87 86 84 83 82 81 77 75 72 66 64 59 58 57 56 54 47 43 42 41 36 33 32 25 24 23 20 18 17 16 14 13 12 7 5 4 2 0 
94 89 87 86 84 82 77 75 74 73 72 69 67 63 62 61 59 58 57 54 53 52 51 50 46 45 44 43 42 41 38 37 32 30 26 25 24 22 21 15 13 12 10 6 5 4 3 2 0 
95 94 90 89 86 85 84 83 82 78 77 74 72 70 69 68 67 64 63 61 60 59 57 55 54 52 50 45 43 41 37 33 32 31 30 27 26 24 21 16 15 12 11 10 7 6 4 2 1 0 
96 95 93 90 84 83 82 81 74 73 71 70 68 66 65 64 63 62 61 57 56 53 52 51 50 48 47 46 45 44 36 34 33 30 26 24 23 20 19 18 14 10 8 7 6 3 
95 94 93 91 90 83 81 73 70 69 68 65 63 61 56 52 50 49 48 46 44 37 36 33 31 30 27 26 23 21 20 18 15 14 11 10 9 8 6 4 3 
96 95 94 93 90 89 85 81 77 75 74 72 71 70 69 68 67 66 65 62 59 56 54 53 51 48 45 43 42 41 38 37 36 34 31 28 27 23 22 21 20 19 18 15 14 11 8 5 2 0 
95 93 89 86 85 82 81 78 77 74 71 69 67 65 63 62 60 59 57 56 53 52 51 49 48 46 45 44 43 41 39 38 36 35 34 32 31 27 22 20 18 14 12 11 9 8 6 5 3 2 1 0 
96 92 91 89 85 84 83 77 73 72 71 67 66 64 61 59 52 51 49 47 44 43 42 41 38 36 35 33 31 30 28 27 26 22 19 9 7 6 5 3 2 0 
97 96 91 90 89 86 85 83 78 77 74 73 71 66 65 64 62 61 60 59 51 50 49 48 47 43 41 39 38 35 34 33 30 29 28 26 23 22 20 19 10 9 8 7 5 2 1 0 
98 97 95 94 93 92 91 87 86 84 83 81 79 78 75 74 73 72 70 69 68 67 65 64 60 56 54 53 49 48 47 45 42 40 39 35 32 30 28 26 21 18 15 14 11 9 8 7 2 1 
97 96 95 93 91 86 83 82 81 78 74 72 69 67 64 61 60 57 56 53 50 49 47 46 45 43 42 39 36 35 33 32 31 30 29 28 27 26 22 21 19 18 14 12 11 10 9 7 1 
98 97 96 95 94 93 92 89 87 86 85 84 81 79 78 77 75 74 73 71 70 69 66 61 60 59 56 54 53 50 45 44 41 40 39 38 33 32 30 29 22 21 19 18 15 14 13 12 10 6 5 1 0 
99 98 96 94 92 90 89 86 84 82 81 80 79 77 76 75 73 72 71 69 67 66 62 61 59 57 56 53 51 50 44 40 38 32 29 21 18 14 12 11 10 5 0 
98 96 95 93 91 89 87 85 84 82 81 80 78 76 74 72 71 70 68 67 66 65 64 59 58 57 54 50 49 46 44 42 41 40 38 35 32 31 29 28 26 15 13 12 11 10 9 8 7 6 5 0 
99 98 95 94 93 92 91 90 89 88 87 84 83 82 80 79 78 77 76 75 74 73 72 70 69 68 66 64 60 59 57 55 54 49 47 46 45 44 43 42 40 39 38 36 35 31 28 27 26 16 15 14 13 11 9 7 5 1 0 
NIE
99 96 91 90 88 85 81 80 76 74 73 71 68 64 62 61 59 58 56 55 54 53 51 50 49 47 46 41 36 35 32 31 29 28 27 26 21 18 16 13 8 6 
NIE
NIE
