8 7 6 5 4 2 0 
9 8 6 4 3 2 1 0 
8 5 4 
9 8 4 
6 2 1 0 
7 6 3 2 0 
12 11 9 8 6 4 3 
11 8 7 6 3 
14 13 11 2 0 
13 12 11 3 2 1 0 
6 5 3 2 1 0 
5 2 0 
14 11 10 8 3 
15 14 10 9 8 4 3 
10 4 
11 10 5 4 
16 13 11 10 5 3 2 0 
17 16 14 13 10 6 5 2 1 0 
18 11 10 6 4 3 2 1 0 
19 18 10 7 6 5 4 2 0 
10 9 7 4 1 
9 8 7 5 4 2 1 
22 21 19 17 15 14 13 11 8 7 5 4 3 2 
21 20 19 18 17 16 15 13 12 11 7 4 2 
10 9 7 5 0 
9 8 7 6 5 1 0 
6 3 2 1 0 
7 6 2 0 
8 6 3 2 
9 8 7 6 2 
14 13 10 7 6 0 
13 11 10 6 1 0 
8 7 5 
7 6 5 
16 15 14 10 8 7 3 1 0 
17 16 14 11 10 7 4 3 0 
6 5 4 3 2 1 
5 3 1 
14 12 11 10 9 8 5 3 2 
15 14 13 12 10 8 6 5 2 
6 5 3 2 0 
5 2 1 0 
6 3 2 
7 6 2 
6 5 
5 
14 13 12 9 8 4 2 1 
15 14 12 8 5 4 1 
10 6 5 3 2 1 0 
11 10 5 2 0 
14 12 9 7 4 0 
15 14 13 12 10 9 8 7 5 4 1 0 
20 15 14 13 9 7 6 4 1 0 
21 20 16 15 13 10 9 6 5 4 0 
12 9 8 5 4 3 2 1 0 
13 12 8 4 2 0 
6 3 1 
7 6 4 3 2 1 
14 13 11 10 9 8 3 2 0 
13 10 8 2 1 0 
22 21 19 18 14 13 12 11 9 8 7 6 5 4 1 
21 18 13 11 8 6 4 2 1 
10 7 5 4 
11 10 8 7 4 
6 4 3 
7 6 3 
14 13 7 6 3 1 0 
13 6 4 3 0 
6 5 4 3 0 
5 3 1 0 
8 7 4 2 0 
7 5 4 3 2 1 0 
22 21 20 19 18 17 16 11 9 8 7 2 1 
23 22 20 18 16 12 11 10 9 7 1 
6 4 1 0 
7 6 5 4 0 
6 3 1 0 
7 6 4 3 0 
8 5 3 0 
9 8 6 5 4 3 1 0 
10 9 8 6 5 3 0 
11 10 8 5 4 3 1 0 
10 9 8 6 5 4 2 1 
11 10 8 7 6 4 1 
4 1 0 
5 4 0 
8 5 3 2 
9 8 6 5 2 
4 2 
5 4 3 2 
8 7 6 2 0 
9 8 6 3 2 1 0 
6 5 4 3 2 1 
5 3 1 
6 5 3 
5 4 3 
6 5 4 3 0 
5 3 1 0 
6 5 1 0 
5 0 
4 2 1 
5 4 1 
12 11 7 6 5 4 3 2 0 
11 6 4 2 1 0 
6 5 3 2 
5 2 
4 2 
5 4 3 2 
8 7 1 
7 2 1 
6 5 3 
5 4 3 
8 7 6 5 4 2 1 0 
9 8 6 4 3 2 0 
12 9 6 5 4 0 
13 12 10 9 7 6 4 1 0 
6 5 3 2 1 0 
5 2 0 
14 13 12 11 9 7 4 3 
13 11 10 9 8 7 3 
10 9 7 6 5 1 0 
9 8 7 5 0 
6 5 4 3 0 
5 3 1 0 
22 21 20 9 8 7 6 5 4 3 0 
23 22 20 10 9 7 5 3 1 0 
6 4 3 2 
7 6 5 4 2 
4 
5 4 
4 2 1 0 
5 4 3 2 0 
8 7 3 2 
7 2 
6 5 3 2 
5 2 
16 15 13 5 4 3 
15 14 13 6 5 3 
8 7 6 2 1 
9 8 6 1 
6 5 1 
5 2 1 
8 7 6 5 2 0 
7 5 3 2 1 0 
6 5 4 3 2 1 
5 3 1 
6 5 2 0 
5 3 2 1 0 
12 11 9 8 7 6 2 
11 8 6 3 2 
10 9 8 6 5 4 2 
11 10 8 7 6 4 3 2 
8 7 5 3 2 0 
7 6 5 2 1 0 
6 5 4 3 2 
7 6 4 2 
4 2 
5 4 3 2 
6 2 
7 6 3 2 
6 5 3 2 
5 2 
14 13 4 1 
13 5 4 2 1 
10 9 7 6 2 
9 6 3 2 
6 5 3 1 0 
5 4 3 0 
14 13 11 10 7 2 1 0 
13 10 8 7 3 2 0 
6 4 3 2 1 
7 6 3 1 
10 4 3 
11 10 3 
14 13 11 6 5 2 
13 12 11 5 3 2 
4 0 
5 4 1 0 
8 7 2 
7 3 2 
10 8 7 6 4 2 1 0 
11 10 9 8 6 5 4 3 2 0 
10 7 6 4 
11 10 6 5 4 
14 13 11 9 5 4 2 
13 12 11 10 9 4 3 2 
10 8 4 3 2 1 
11 10 9 8 3 1 
4 2 1 0 
5 4 3 2 0 
22 19 17 13 12 10 8 6 5 2 0 
23 22 20 19 18 17 12 11 10 9 8 5 3 2 1 0 
14 13 9 8 7 5 4 3 2 0 
13 10 9 7 4 2 1 0 
10 7 6 2 1 
11 10 6 1 
4 2 0 
5 4 3 2 1 0 
6 5 2 1 0 
5 3 2 0 
