20
(1 15) (2 23) (3 26) (4 25) (5 4) (6 8) (7 27) (8 10) (9 5) (10 18) (11 14) (12 24) (13 29) (14 17) (15 30) (16 19) (17 28) (18 16) (19 20) (20 3) (21 7) (22 21) (23 6) (24 11) (25 22) (26 9) (27 12) (28 13) (29 2) (30 1)
(1 30) (2 26) (3 21) (4 27) (5 8) (6 14) (7 25) (8 7) (9 2) (10 17) (11 12) (12 29) (13 13) (14 22) (15 6) (16 11) (17 16) (18 19) (19 24) (20 10) (21 5) (22 28) (23 23) (24 20) (25 9) (26 15) (27 18) (28 1) (29 3) (30 4)
(1 21) (2 27) (3 20) (4 24) (5 9) (6 18) (7 19) (8 25) (9 10) (10 28) (11 22) (12 8) (13 1) (14 30) (15 17) (16 29) (17 7) (18 12) (19 5) (20 16) (21 13) (22 15) (23 11) (24 26) (25 2) (26 23) (27 3) (28 14) (29 4) (30 6)
(1 2) (2 17) (3 14) (4 1) (5 16) (6 29) (7 26) (8 18) (9 19) (10 22) (11 25) (12 10) (13 5) (14 28) (15 27) (16 20) (17 21) (18 24) (19 30) (20 11) (21 15) (22 23) (23 12) (24 3) (25 4) (26 13) (27 7) (28 6) (29 9) (30 8)
(1 10) (2 24) (3 5) (4 22) (5 30) (6 3) (7 15) (8 26) (9 12) (10 27) (11 28) (12 11) (13 16) (14 19) (15 29) (16 1) (17 20) (18 23) (19 6) (20 7) (21 17) (22 2) (23 14) (24 13) (25 8) (26 4) (27 21) (28 25) (29 18) (30 9)
(1 9) (2 16) (3 13) (4 21) (5 5) (6 23) (7 1) (8 15) (9 28) (10 20) (11 8) (12 17) (13 25) (14 27) (15 24) (16 12) (17 14) (18 3) (19 22) (20 26) (21 4) (22 6) (23 30) (24 29) (25 7) (26 18) (27 2) (28 11) (29 19) (30 10)
(1 8) (2 19) (3 15) (4 10) (5 24) (6 26) (7 16) (8 5) (9 4) (10 7) (11 3) (12 25) (13 27) (14 23) (15 18) (16 9) (17 11) (18 2) (19 14) (20 13) (21 22) (22 30) (23 20) (24 1) (25 6) (26 17) (27 29) (28 28) (29 21) (30 12)
(1 11) (2 21) (3 6) (4 8) (5 28) (6 10) (7 17) (8 27) (9 16) (10 3) (11 29) (12 1) (13 23) (14 26) (15 20) (16 7) (17 4) (18 5) (19 12) (20 15) (21 18) (22 25) (23 9) (24 2) (25 14) (26 30) (27 24) (28 19) (29 22) (30 13)
(1 3) (2 20) (3 1) (4 4) (5 25) (6 5) (7 21) (8 9) (9 15) (10 8) (11 11) (12 28) (13 6) (14 2) (15 10) (16 17) (18 7) (19 23) (20 19) (21 24) (22 22) (23 18) (24 27) (25 12) (26 29) (27 13) (28 26) (29 30) (30 14)
(1 4) (2 18) (3 3) (4 12) (5 2) (6 9) (7 7) (8 11) (9 23) (10 19) (11 6) (12 21) (13 20) (14 1) (15 22) (16 13) (18 15) (19 26) (20 14) (21 25) (22 27) (23 24) (24 28) (25 17) (26 10) (29 29)
(2 12) (3 9) (4 13) (5 19) (6 7) (7 4) (8 17) (9 26) (10 1) (11 24) (12 2) (13 10) (14 18) (15 11) (16 15) (18 6) (19 25) (20 20) (21 21) (22 3) (23 22) (25 28) (27 14) (28 27) (29 23) (30 29)
(2 13) (5 6) (6 22) (7 2) (8 20) (9 14) (10 9) (11 21) (12 19) (13 12) (14 3) (15 15) (18 17) (19 7) (20 4) (21 10) (22 1) (25 11) (26 24) (27 25) (30 23)
(2 10) (5 13) (6 11) (7 24) (8 21) (9 27) (10 15) (11 19) (12 3) (14 9) (15 12) (18 1) (19 28) (21 20) (22 4) (24 17) (26 22) (29 25)
(5 12) (6 4) (8 13) (9 3) (11 10) (12 9) (14 20) (23 1) (25 15) (26 21) (27 19) (29 24) (30 22)
(6 19) (9 9) (12 20) (14 13) (20 12) (23 15) (29 1) (30 21)
(6 15) (9 1) (15 13) (18 20) (21 12) (26 19) (30 27)
(6 20) (9 11) (19 13) (24 12) (30 15)
(6 12) (9 20) (23 13) (30 19)
(9 24) (25 13)
(9 25)
