180
99 99
99 98
99 97
99 96
98 96
98 95
98 94
98 93
98 92
98 91
98 90
97 90
96 90
96 89
96 88
96 87
96 86
96 85
96 84
96 83
96 82
96 81
96 80
95 80
94 80
93 80
93 79
93 78
93 77
93 76
93 75
93 74
92 74
92 73
92 72
92 71
92 70
92 69
92 68
92 67
92 66
92 65
91 65
91 64
91 63
90 63
89 63
88 63
87 63
87 62
86 62
85 62
84 62
84 61
83 61
83 60
82 60
82 59
82 58
81 58
81 57
80 57
79 57
78 57
77 57
77 56
77 55
76 55
75 55
74 55
74 54
73 54
73 53
72 53
71 53
70 53
69 53
69 52
68 52
68 51
68 50
67 50
66 50
66 49
66 48
66 47
66 46
65 46
64 46
63 46
63 45
63 44
63 43
63 42
63 41
62 41
62 40
61 40
60 40
60 39
59 39
58 39
58 38
57 38
57 37
57 36
57 35
57 34
56 34
55 34
54 34
54 33
54 32
53 32
53 31
53 30
52 30
51 30
50 30
49 30
48 30
47 30
46 30
45 30
44 30
43 30
43 29
42 29
41 29
40 29
39 29
38 29
37 29
37 28
37 27
37 26
36 26
35 26
34 26
34 25
34 24
34 23
33 23
32 23
31 23
31 22
31 21
30 21
29 21
28 21
27 21
27 20
26 20
26 19
25 19
25 18
25 17
25 16
25 15
25 14
24 14
24 13
23 13
22 13
21 13
20 13
19 13
18 13
17 13
17 12
16 12
15 12
14 12
14 11
13 11
12 11
11 11
11 10
10 10
9 10
8 10
7 10
6 10
6 9
6 8
5 8
4 8
3 8
2 8
1 8
1 7
1 6
1 5
1 4
0 4
0 3
0 2
0 1
0 0
