1075
599 599
599 598
599 597
599 596
599 595
598 595
597 595
597 594
597 593
597 592
597 591
597 590
597 589
597 588
596 588
595 588
595 587
594 587
594 586
594 585
594 584
594 583
594 582
594 581
594 580
594 579
594 578
593 578
593 577
592 577
591 577
591 576
590 576
589 576
588 576
587 576
586 576
585 576
584 576
583 576
582 576
581 576
580 576
579 576
578 576
577 576
577 575
577 574
577 573
577 572
576 572
575 572
575 571
575 570
575 569
575 568
575 567
574 567
573 567
573 566
572 566
571 566
570 566
569 566
568 566
567 566
567 565
566 565
565 565
564 565
563 565
562 565
561 565
560 565
559 565
558 565
557 565
557 564
556 564
555 564
555 563
554 563
554 562
554 561
554 560
553 560
553 559
552 559
552 558
552 557
552 556
552 555
552 554
551 554
550 554
549 554
548 554
547 554
546 554
545 554
544 554
543 554
542 554
542 553
542 552
541 552
540 552
539 552
538 552
537 552
536 552
536 551
535 551
535 550
534 550
533 550
532 550
531 550
530 550
530 549
529 549
529 548
529 547
529 546
529 545
529 544
529 543
529 542
528 542
528 541
527 541
527 540
526 540
526 539
526 538
526 537
526 536
525 536
525 535
525 534
524 534
523 534
522 534
521 534
520 534
519 534
518 534
517 534
516 534
515 534
514 534
514 533
513 533
512 533
512 532
512 531
511 531
511 530
511 529
511 528
510 528
509 528
508 528
508 527
507 527
507 526
507 525
507 524
506 524
506 523
505 523
504 523
503 523
502 523
502 522
501 522
500 522
500 521
500 520
499 520
498 520
498 519
497 519
496 519
495 519
494 519
493 519
493 518
492 518
491 518
490 518
489 518
488 518
487 518
486 518
485 518
484 518
483 518
482 518
481 518
480 518
479 518
478 518
477 518
476 518
476 517
476 516
475 516
475 515
475 514
475 513
474 513
473 513
473 512
473 511
472 511
471 511
470 511
469 511
468 511
467 511
466 511
465 511
464 511
463 511
463 510
463 509
462 509
462 508
461 508
460 508
459 508
458 508
457 508
456 508
455 508
454 508
453 508
453 507
452 507
451 507
450 507
450 506
449 506
448 506
447 506
446 506
445 506
444 506
443 506
442 506
442 505
442 504
441 504
440 504
439 504
438 504
437 504
436 504
435 504
434 504
433 504
432 504
431 504
430 504
429 504
428 504
428 503
427 503
426 503
425 503
424 503
424 502
423 502
423 501
423 500
422 500
421 500
420 500
419 500
418 500
417 500
417 499
417 498
416 498
416 497
416 496
415 496
415 495
415 494
414 494
413 494
413 493
412 493
412 492
412 491
411 491
411 490
410 490
409 490
408 490
407 490
407 489
407 488
407 487
406 487
406 486
405 486
405 485
405 484
405 483
405 482
405 481
405 480
404 480
403 480
402 480
401 480
400 480
399 480
398 480
397 480
396 480
396 479
395 479
395 478
395 477
395 476
395 475
395 474
395 473
395 472
395 471
395 470
395 469
395 468
395 467
395 466
394 466
393 466
393 465
392 465
391 465
391 464
390 464
389 464
388 464
387 464
386 464
385 464
384 464
384 463
383 463
382 463
381 463
380 463
379 463
378 463
377 463
376 463
375 463
375 462
374 462
373 462
372 462
371 462
370 462
369 462
368 462
367 462
366 462
365 462
364 462
363 462
362 462
361 462
360 462
359 462
359 461
359 460
359 459
359 458
359 457
358 457
357 457
357 456
357 455
357 454
357 453
356 453
356 452
355 452
354 452
353 452
352 452
352 451
352 450
352 449
352 448
352 447
351 447
350 447
349 447
348 447
347 447
346 447
345 447
345 446
345 445
344 445
344 444
344 443
344 442
344 441
344 440
344 439
344 438
344 437
344 436
343 436
343 435
343 434
342 434
341 434
341 433
340 433
340 432
339 432
339 431
339 430
338 430
338 429
337 429
336 429
335 429
335 428
335 427
335 426
334 426
333 426
333 425
332 425
331 425
330 425
330 424
330 423
330 422
329 422
329 421
329 420
328 420
327 420
326 420
326 419
326 418
326 417
326 416
326 415
325 415
325 414
325 413
325 412
325 411
324 411
324 410
324 409
323 409
323 408
322 408
321 408
321 407
321 406
321 405
320 405
320 404
320 403
320 402
320 401
319 401
318 401
318 400
318 399
318 398
318 397
318 396
317 396
317 395
317 394
317 393
317 392
316 392
315 392
314 392
314 391
314 390
314 389
313 389
313 388
313 387
313 386
313 385
312 385
311 385
310 385
310 384
310 383
310 382
309 382
309 381
309 380
309 379
309 378
309 377
308 377
307 377
306 377
306 376
305 376
304 376
304 375
304 374
303 374
303 373
303 372
302 372
302 371
302 370
301 370
301 369
301 368
300 368
300 367
300 366
299 366
298 366
298 365
298 364
297 364
297 363
296 363
295 363
294 363
293 363
292 363
291 363
291 362
290 362
290 361
290 360
290 359
290 358
290 357
290 356
290 355
290 354
289 354
289 353
289 352
289 351
289 350
289 349
289 348
289 347
289 346
289 345
288 345
287 345
286 345
285 345
284 345
284 344
283 344
282 344
281 344
281 343
281 342
281 341
281 340
281 339
280 339
280 338
280 337
280 336
280 335
280 334
280 333
280 332
279 332
278 332
277 332
277 331
277 330
277 329
276 329
275 329
274 329
273 329
273 328
273 327
273 326
273 325
273 324
273 323
273 322
272 322
272 321
272 320
271 320
270 320
269 320
269 319
269 318
268 318
267 318
267 317
267 316
266 316
265 316
264 316
263 316
262 316
262 315
261 315
261 314
261 313
261 312
261 311
260 311
260 310
259 310
259 309
258 309
257 309
257 308
257 307
257 306
257 305
257 304
257 303
257 302
257 301
256 301
255 301
254 301
253 301
253 300
253 299
253 298
253 297
253 296
252 296
251 296
251 295
251 294
251 293
250 293
249 293
249 292
248 292
248 291
247 291
247 290
246 290
245 290
244 290
244 289
244 288
243 288
242 288
242 287
241 287
240 287
239 287
238 287
238 286
238 285
238 284
237 284
237 283
237 282
236 282
235 282
234 282
233 282
232 282
231 282
230 282
229 282
229 281
229 280
228 280
228 279
228 278
227 278
227 277
227 276
227 275
227 274
227 273
227 272
226 272
226 271
226 270
226 269
226 268
226 267
225 267
224 267
223 267
222 267
222 266
222 265
222 264
222 263
222 262
222 261
221 261
221 260
221 259
221 258
221 257
221 256
221 255
220 255
220 254
220 253
220 252
220 251
219 251
219 250
219 249
219 248
219 247
219 246
219 245
219 244
219 243
219 242
218 242
218 241
217 241
216 241
216 240
215 240
214 240
214 239
213 239
213 238
213 237
212 237
212 236
212 235
212 234
211 234
210 234
210 233
210 232
210 231
209 231
208 231
207 231
206 231
206 230
205 230
205 229
205 228
204 228
203 228
202 228
201 228
200 228
199 228
199 227
199 226
198 226
198 225
198 224
197 224
197 223
197 222
196 222
195 222
195 221
194 221
194 220
194 219
193 219
193 218
192 218
191 218
190 218
189 218
189 217
189 216
189 215
188 215
188 214
187 214
187 213
187 212
187 211
187 210
187 209
187 208
186 208
185 208
184 208
183 208
182 208
181 208
180 208
179 208
178 208
178 207
177 207
177 206
177 205
177 204
177 203
177 202
177 201
177 200
177 199
177 198
177 197
177 196
177 195
177 194
176 194
175 194
175 193
174 193
173 193
173 192
172 192
171 192
170 192
169 192
168 192
167 192
166 192
166 191
165 191
164 191
163 191
162 191
161 191
160 191
159 191
158 191
157 191
157 190
156 190
155 190
154 190
153 190
152 190
151 190
150 190
149 190
148 190
147 190
146 190
145 190
144 190
143 190
142 190
141 190
141 189
141 188
141 187
141 186
141 185
140 185
139 185
139 184
139 183
139 182
139 181
138 181
138 180
137 180
136 180
135 180
134 180
134 179
134 178
134 177
134 176
134 175
133 175
132 175
131 175
130 175
129 175
128 175
127 175
127 174
127 173
126 173
126 172
126 171
126 170
126 169
126 168
126 167
126 166
126 165
126 164
125 164
125 163
125 162
124 162
123 162
123 161
122 161
122 160
121 160
121 159
121 158
120 158
120 157
119 157
118 157
117 157
117 156
117 155
117 154
116 154
115 154
115 153
114 153
113 153
112 153
112 152
112 151
112 150
111 150
111 149
111 148
110 148
109 148
108 148
108 147
108 146
108 145
108 144
108 143
107 143
107 142
107 141
107 140
107 139
106 139
106 138
106 137
105 137
105 136
104 136
103 136
103 135
103 134
103 133
102 133
102 132
102 131
102 130
102 129
101 129
100 129
100 128
100 127
100 126
100 125
100 124
99 124
99 123
99 122
99 121
99 120
98 120
97 120
96 120
96 119
96 118
96 117
95 117
95 116
95 115
95 114
95 113
94 113
93 113
92 113
92 112
92 111
92 110
91 110
91 109
91 108
91 107
91 106
91 105
90 105
89 105
88 105
88 104
87 104
86 104
86 103
86 102
85 102
85 101
85 100
84 100
84 99
84 98
83 98
83 97
83 96
82 96
82 95
82 94
81 94
80 94
80 93
80 92
79 92
79 91
78 91
77 91
76 91
75 91
74 91
73 91
73 90
72 90
72 89
72 88
72 87
72 86
72 85
72 84
72 83
72 82
71 82
71 81
71 80
71 79
71 78
71 77
71 76
71 75
71 74
71 73
70 73
69 73
68 73
67 73
66 73
66 72
65 72
64 72
63 72
63 71
63 70
63 69
63 68
63 67
62 67
62 66
62 65
62 64
62 63
62 62
62 61
62 60
61 60
60 60
59 60
59 59
59 58
59 57
58 57
57 57
56 57
55 57
55 56
55 55
55 54
55 53
55 52
55 51
55 50
54 50
54 49
54 48
53 48
52 48
51 48
51 47
51 46
50 46
49 46
49 45
49 44
48 44
47 44
46 44
45 44
44 44
44 43
43 43
43 42
43 41
43 40
43 39
42 39
42 38
41 38
41 37
40 37
39 37
39 36
39 35
39 34
39 33
39 32
39 31
39 30
39 29
38 29
37 29
36 29
35 29
35 28
35 27
35 26
35 25
35 24
34 24
33 24
33 23
33 22
33 21
32 21
31 21
31 20
30 20
30 19
29 19
29 18
28 18
27 18
26 18
26 17
26 16
25 16
24 16
24 15
23 15
22 15
21 15
20 15
20 14
20 13
20 12
19 12
19 11
19 10
18 10
17 10
16 10
15 10
14 10
13 10
12 10
11 10
11 9
11 8
10 8
10 7
10 6
9 6
9 5
8 5
7 5
6 5
6 4
5 4
5 3
5 2
5 1
4 1
3 1
2 1
1 1
0 1
0 0
