1818
999 999
999 998
999 997
999 996
999 995
999 994
999 993
999 992
999 991
999 990
998 990
997 990
996 990
995 990
994 990
994 989
994 988
994 987
993 987
993 986
993 985
993 984
992 984
992 983
992 982
992 981
991 981
991 980
991 979
991 978
991 977
991 976
991 975
990 975
990 974
989 974
989 973
988 973
987 973
986 973
985 973
984 973
983 973
982 973
982 972
982 971
981 971
981 970
980 970
980 969
980 968
980 967
980 966
980 965
980 964
980 963
979 963
979 962
978 962
978 961
978 960
977 960
977 959
977 958
976 958
976 957
976 956
976 955
975 955
975 954
975 953
975 952
975 951
975 950
974 950
973 950
973 949
972 949
971 949
970 949
969 949
968 949
967 949
966 949
965 949
965 948
965 947
964 947
964 946
964 945
963 945
962 945
962 944
962 943
961 943
961 942
961 941
961 940
960 940
960 939
959 939
958 939
957 939
956 939
955 939
955 938
954 938
953 938
952 938
952 937
951 937
951 936
950 936
949 936
949 935
948 935
947 935
947 934
947 933
947 932
946 932
945 932
944 932
943 932
943 931
942 931
942 930
942 929
941 929
940 929
940 928
939 928
938 928
937 928
936 928
936 927
935 927
934 927
934 926
933 926
932 926
932 925
932 924
932 923
931 923
930 923
930 922
929 922
929 921
928 921
927 921
926 921
925 921
924 921
923 921
922 921
921 921
921 920
920 920
919 920
919 919
918 919
918 918
918 917
918 916
918 915
918 914
918 913
917 913
917 912
917 911
916 911
915 911
915 910
915 909
914 909
914 908
913 908
913 907
912 907
911 907
910 907
909 907
909 906
908 906
907 906
907 905
907 904
906 904
906 903
906 902
905 902
905 901
905 900
905 899
904 899
903 899
902 899
901 899
900 899
899 899
898 899
897 899
896 899
896 898
896 897
896 896
895 896
895 895
895 894
894 894
893 894
892 894
891 894
890 894
889 894
888 894
888 893
887 893
887 892
887 891
886 891
885 891
884 891
883 891
883 890
882 890
882 889
881 889
881 888
880 888
880 887
880 886
879 886
879 885
878 885
877 885
876 885
876 884
875 884
874 884
873 884
872 884
871 884
870 884
869 884
868 884
867 884
866 884
866 883
866 882
866 881
865 881
865 880
865 879
865 878
865 877
865 876
865 875
865 874
865 873
864 873
863 873
863 872
863 871
862 871
862 870
862 869
861 869
861 868
861 867
861 866
861 865
861 864
861 863
861 862
861 861
860 861
860 860
860 859
859 859
859 858
859 857
859 856
858 856
857 856
856 856
856 855
856 854
855 854
855 853
855 852
855 851
855 850
854 850
853 850
852 850
851 850
850 850
849 850
848 850
847 850
846 850
845 850
845 849
845 848
844 848
844 847
844 846
843 846
842 846
841 846
841 845
840 845
840 844
839 844
838 844
838 843
837 843
836 843
835 843
834 843
833 843
832 843
831 843
830 843
829 843
829 842
829 841
829 840
828 840
827 840
827 839
827 838
827 837
827 836
826 836
826 835
826 834
826 833
825 833
824 833
824 832
824 831
823 831
823 830
822 830
821 830
820 830
819 830
818 830
817 830
816 830
816 829
815 829
815 828
815 827
814 827
814 826
814 825
813 825
813 824
813 823
813 822
813 821
813 820
812 820
811 820
810 820
809 820
808 820
808 819
808 818
807 818
807 817
806 817
805 817
805 816
805 815
805 814
804 814
803 814
803 813
803 812
803 811
802 811
801 811
800 811
800 810
800 809
800 808
800 807
799 807
798 807
797 807
796 807
795 807
795 806
795 805
795 804
795 803
794 803
793 803
793 802
792 802
792 801
791 801
790 801
790 800
790 799
789 799
788 799
787 799
787 798
787 797
787 796
787 795
786 795
785 795
784 795
783 795
783 794
782 794
782 793
781 793
780 793
780 792
780 791
779 791
778 791
777 791
776 791
776 790
776 789
776 788
776 787
776 786
776 785
775 785
775 784
775 783
774 783
774 782
773 782
773 781
772 781
772 780
771 780
770 780
770 779
769 779
769 778
769 777
769 776
768 776
768 775
768 774
768 773
767 773
766 773
765 773
765 772
765 771
765 770
765 769
765 768
765 767
765 766
765 765
765 764
764 764
763 764
763 763
763 762
763 761
763 760
763 759
763 758
763 757
763 756
763 755
763 754
763 753
763 752
763 751
762 751
761 751
761 750
761 749
761 748
761 747
761 746
761 745
760 745
759 745
758 745
758 744
758 743
758 742
758 741
757 741
756 741
755 741
755 740
755 739
755 738
755 737
754 737
753 737
752 737
752 736
752 735
751 735
751 734
751 733
751 732
751 731
751 730
750 730
749 730
748 730
748 729
748 728
747 728
746 728
746 727
745 727
744 727
744 726
743 726
743 725
743 724
743 723
743 722
743 721
743 720
742 720
741 720
740 720
739 720
738 720
737 720
736 720
735 720
734 720
734 719
734 718
734 717
734 716
733 716
733 715
733 714
732 714
731 714
731 713
730 713
729 713
728 713
727 713
726 713
725 713
725 712
724 712
724 711
723 711
722 711
721 711
721 710
721 709
720 709
719 709
718 709
718 708
717 708
716 708
715 708
714 708
713 708
712 708
711 708
711 707
711 706
711 705
711 704
710 704
709 704
709 703
709 702
708 702
708 701
707 701
706 701
705 701
704 701
704 700
704 699
704 698
703 698
702 698
701 698
700 698
699 698
699 697
698 697
697 697
696 697
695 697
695 696
695 695
694 695
694 694
693 694
692 694
691 694
690 694
690 693
689 693
689 692
688 692
687 692
687 691
687 690
686 690
686 689
685 689
684 689
683 689
682 689
682 688
681 688
680 688
679 688
679 687
679 686
678 686
677 686
677 685
677 684
676 684
675 684
674 684
673 684
672 684
671 684
670 684
669 684
668 684
667 684
666 684
666 683
665 683
665 682
665 681
665 680
664 680
664 679
663 679
662 679
662 678
662 677
661 677
661 676
661 675
660 675
660 674
660 673
660 672
660 671
660 670
660 669
659 669
658 669
658 668
658 667
657 667
657 666
656 666
655 666
655 665
654 665
654 664
654 663
654 662
654 661
654 660
654 659
653 659
653 658
653 657
652 657
651 657
650 657
650 656
650 655
650 654
650 653
649 653
649 652
648 652
648 651
648 650
647 650
646 650
645 650
644 650
643 650
642 650
642 649
641 649
641 648
641 647
640 647
639 647
638 647
637 647
636 647
635 647
634 647
633 647
633 646
632 646
631 646
631 645
631 644
630 644
630 643
630 642
630 641
629 641
629 640
629 639
628 639
627 639
626 639
626 638
626 637
626 636
626 635
625 635
624 635
623 635
623 634
623 633
623 632
622 632
622 631
622 630
621 630
620 630
619 630
618 630
617 630
616 630
615 630
614 630
613 630
612 630
611 630
610 630
609 630
608 630
608 629
607 629
606 629
606 628
606 627
606 626
606 625
606 624
606 623
606 622
605 622
605 621
604 621
603 621
602 621
601 621
600 621
599 621
598 621
598 620
598 619
598 618
598 617
597 617
596 617
596 616
595 616
594 616
594 615
593 615
593 614
593 613
593 612
593 611
593 610
592 610
592 609
591 609
591 608
591 607
590 607
589 607
588 607
587 607
586 607
586 606
585 606
584 606
583 606
582 606
582 605
581 605
581 604
580 604
579 604
579 603
579 602
579 601
579 600
578 600
577 600
577 599
577 598
576 598
576 597
576 596
576 595
576 594
575 594
574 594
573 594
572 594
571 594
571 593
570 593
569 593
568 593
567 593
566 593
565 593
565 592
565 591
565 590
565 589
565 588
565 587
565 586
565 585
565 584
565 583
565 582
564 582
564 581
563 581
563 580
563 579
562 579
561 579
560 579
560 578
560 577
559 577
558 577
557 577
557 576
556 576
556 575
556 574
555 574
555 573
554 573
553 573
552 573
551 573
550 573
549 573
548 573
547 573
547 572
546 572
545 572
544 572
543 572
543 571
543 570
542 570
541 570
541 569
540 569
539 569
539 568
538 568
538 567
537 567
537 566
537 565
536 565
535 565
534 565
533 565
533 564
532 564
532 563
532 562
532 561
531 561
530 561
529 561
528 561
527 561
526 561
525 561
524 561
523 561
522 561
521 561
520 561
519 561
519 560
519 559
518 559
518 558
518 557
517 557
516 557
516 556
515 556
515 555
514 555
513 555
512 555
511 555
510 555
509 555
508 555
508 554
507 554
506 554
505 554
504 554
503 554
502 554
501 554
500 554
500 553
500 552
499 552
498 552
497 552
497 551
497 550
497 549
497 548
497 547
496 547
496 546
496 545
496 544
496 543
496 542
495 542
494 542
494 541
493 541
493 540
492 540
492 539
491 539
490 539
489 539
488 539
487 539
487 538
487 537
487 536
487 535
487 534
487 533
486 533
485 533
485 532
485 531
484 531
484 530
484 529
484 528
483 528
483 527
483 526
482 526
481 526
480 526
479 526
479 525
479 524
479 523
479 522
478 522
477 522
477 521
477 520
477 519
476 519
475 519
475 518
475 517
474 517
474 516
474 515
474 514
473 514
472 514
471 514
470 514
469 514
468 514
467 514
466 514
466 513
466 512
466 511
466 510
466 509
466 508
466 507
466 506
466 505
466 504
465 504
465 503
465 502
465 501
465 500
465 499
465 498
464 498
463 498
462 498
461 498
460 498
459 498
458 498
457 498
456 498
455 498
454 498
453 498
452 498
451 498
451 497
451 496
450 496
449 496
449 495
448 495
447 495
446 495
445 495
444 495
444 494
444 493
444 492
443 492
442 492
442 491
442 490
442 489
442 488
442 487
442 486
442 485
442 484
441 484
440 484
439 484
438 484
437 484
436 484
436 483
436 482
436 481
436 480
435 480
434 480
434 479
434 478
433 478
432 478
432 477
432 476
431 476
430 476
430 475
429 475
428 475
428 474
427 474
426 474
425 474
425 473
425 472
424 472
423 472
422 472
421 472
421 471
421 470
421 469
421 468
421 467
421 466
420 466
419 466
419 465
419 464
419 463
419 462
419 461
418 461
418 460
418 459
417 459
416 459
416 458
415 458
414 458
413 458
413 457
413 456
413 455
413 454
412 454
412 453
412 452
412 451
412 450
411 450
411 449
410 449
410 448
410 447
410 446
410 445
409 445
409 444
408 444
408 443
408 442
407 442
406 442
406 441
406 440
406 439
406 438
406 437
406 436
406 435
406 434
405 434
404 434
404 433
404 432
404 431
404 430
404 429
403 429
403 428
403 427
403 426
403 425
403 424
403 423
403 422
402 422
402 421
402 420
402 419
402 418
402 417
401 417
401 416
400 416
399 416
399 415
398 415
397 415
396 415
396 414
395 414
394 414
393 414
393 413
393 412
393 411
392 411
391 411
391 410
390 410
389 410
389 409
389 408
388 408
387 408
386 408
386 407
385 407
385 406
385 405
384 405
384 404
383 404
383 403
382 403
382 402
382 401
381 401
381 400
381 399
381 398
380 398
380 397
380 396
379 396
378 396
377 396
377 395
376 395
375 395
374 395
373 395
372 395
371 395
370 395
370 394
370 393
369 393
368 393
368 392
368 391
368 390
368 389
368 388
368 387
368 386
368 385
368 384
368 383
368 382
368 381
367 381
366 381
365 381
365 380
364 380
363 380
362 380
362 379
362 378
362 377
361 377
360 377
359 377
358 377
358 376
358 375
358 374
358 373
358 372
358 371
358 370
357 370
356 370
355 370
355 369
355 368
354 368
353 368
353 367
352 367
351 367
350 367
350 366
350 365
349 365
348 365
348 364
348 363
347 363
346 363
346 362
346 361
346 360
345 360
345 359
344 359
343 359
343 358
342 358
342 357
341 357
340 357
340 356
340 355
340 354
339 354
338 354
337 354
336 354
335 354
334 354
333 354
332 354
332 353
332 352
331 352
331 351
331 350
330 350
329 350
328 350
328 349
327 349
327 348
327 347
326 347
326 346
326 345
326 344
326 343
326 342
326 341
326 340
325 340
325 339
325 338
325 337
325 336
325 335
325 334
325 333
325 332
325 331
324 331
323 331
322 331
321 331
320 331
319 331
318 331
318 330
317 330
316 330
316 329
316 328
316 327
315 327
315 326
314 326
314 325
314 324
313 324
312 324
311 324
310 324
309 324
308 324
307 324
306 324
305 324
304 324
303 324
303 323
303 322
303 321
303 320
303 319
303 318
303 317
302 317
301 317
300 317
300 316
300 315
299 315
298 315
297 315
297 314
296 314
296 313
296 312
296 311
296 310
296 309
296 308
295 308
294 308
293 308
292 308
292 307
292 306
292 305
292 304
292 303
292 302
292 301
292 300
292 299
292 298
292 297
292 296
292 295
292 294
291 294
290 294
289 294
288 294
287 294
287 293
286 293
285 293
285 292
285 291
285 290
285 289
285 288
285 287
285 286
285 285
285 284
285 283
285 282
285 281
285 280
285 279
285 278
285 277
285 276
284 276
284 275
284 274
283 274
282 274
282 273
282 272
281 272
281 271
281 270
281 269
281 268
281 267
281 266
281 265
281 264
281 263
281 262
281 261
280 261
280 260
280 259
280 258
279 258
278 258
277 258
276 258
276 257
276 256
276 255
276 254
275 254
274 254
274 253
274 252
274 251
273 251
273 250
273 249
273 248
272 248
272 247
272 246
272 245
272 244
271 244
270 244
269 244
269 243
268 243
268 242
268 241
267 241
266 241
266 240
265 240
265 239
265 238
264 238
263 238
262 238
261 238
261 237
260 237
259 237
258 237
258 236
258 235
257 235
257 234
257 233
257 232
257 231
257 230
257 229
257 228
256 228
255 228
255 227
255 226
255 225
254 225
254 224
254 223
254 222
254 221
254 220
253 220
253 219
252 219
251 219
250 219
249 219
248 219
247 219
247 218
246 218
245 218
244 218
243 218
242 218
241 218
240 218
239 218
239 217
239 216
239 215
239 214
239 213
239 212
238 212
237 212
237 211
237 210
237 209
237 208
236 208
235 208
234 208
233 208
232 208
231 208
230 208
229 208
229 207
228 207
228 206
228 205
227 205
226 205
226 204
226 203
226 202
226 201
225 201
225 200
225 199
224 199
224 198
224 197
223 197
222 197
221 197
220 197
219 197
219 196
218 196
217 196
216 196
216 195
215 195
214 195
213 195
212 195
211 195
210 195
209 195
208 195
208 194
208 193
207 193
207 192
207 191
206 191
206 190
206 189
206 188
206 187
206 186
205 186
204 186
203 186
202 186
202 185
201 185
200 185
200 184
200 183
200 182
199 182
199 181
199 180
198 180
197 180
196 180
195 180
194 180
194 179
194 178
193 178
192 178
192 177
191 177
190 177
189 177
188 177
187 177
187 176
186 176
185 176
184 176
184 175
183 175
182 175
181 175
180 175
179 175
178 175
177 175
177 174
176 174
176 173
176 172
175 172
175 171
174 171
174 170
174 169
174 168
174 167
174 166
174 165
174 164
174 163
173 163
173 162
173 161
172 161
171 161
170 161
169 161
168 161
167 161
166 161
166 160
165 160
164 160
163 160
162 160
161 160
160 160
160 159
160 158
159 158
158 158
158 157
157 157
156 157
155 157
154 157
153 157
152 157
151 157
151 156
151 155
150 155
149 155
149 154
148 154
147 154
146 154
145 154
144 154
143 154
143 153
143 152
142 152
142 151
142 150
142 149
141 149
140 149
139 149
138 149
137 149
136 149
135 149
135 148
135 147
135 146
135 145
135 144
135 143
135 142
135 141
135 140
134 140
133 140
132 140
132 139
131 139
130 139
130 138
130 137
129 137
128 137
128 136
127 136
126 136
125 136
124 136
124 135
124 134
123 134
123 133
122 133
121 133
120 133
120 132
120 131
120 130
119 130
118 130
117 130
117 129
117 128
117 127
117 126
117 125
116 125
115 125
115 124
115 123
115 122
115 121
114 121
113 121
112 121
111 121
110 121
109 121
109 120
109 119
109 118
108 118
108 117
108 116
107 116
106 116
105 116
104 116
103 116
102 116
102 115
102 114
102 113
102 112
101 112
101 111
100 111
99 111
99 110
98 110
97 110
97 109
97 108
97 107
96 107
95 107
94 107
94 106
94 105
93 105
92 105
91 105
91 104
91 103
91 102
90 102
90 101
89 101
89 100
89 99
89 98
89 97
89 96
88 96
87 96
86 96
86 95
86 94
85 94
85 93
85 92
85 91
84 91
83 91
83 90
83 89
83 88
82 88
81 88
81 87
80 87
80 86
80 85
80 84
79 84
78 84
77 84
77 83
76 83
75 83
74 83
74 82
74 81
73 81
73 80
73 79
73 78
72 78
72 77
71 77
70 77
69 77
69 76
69 75
69 74
68 74
67 74
66 74
65 74
65 73
65 72
65 71
65 70
64 70
63 70
63 69
62 69
61 69
60 69
59 69
58 69
58 68
58 67
57 67
56 67
55 67
55 66
54 66
54 65
53 65
53 64
53 63
52 63
52 62
52 61
52 60
51 60
51 59
51 58
50 58
49 58
49 57
49 56
49 55
49 54
48 54
47 54
46 54
45 54
44 54
43 54
43 53
43 52
43 51
43 50
42 50
42 49
42 48
42 47
42 46
42 45
41 45
40 45
39 45
38 45
37 45
37 44
37 43
36 43
36 42
35 42
35 41
35 40
34 40
34 39
33 39
33 38
32 38
31 38
30 38
30 37
29 37
28 37
28 36
28 35
27 35
26 35
26 34
25 34
24 34
24 33
24 32
23 32
22 32
21 32
20 32
19 32
19 31
19 30
19 29
18 29
17 29
17 28
17 27
16 27
16 26
16 25
16 24
16 23
16 22
16 21
16 20
15 20
14 20
14 19
14 18
14 17
14 16
14 15
14 14
13 14
13 13
12 13
12 12
11 12
10 12
10 11
9 11
8 11
7 11
6 11
6 10
6 9
6 8
6 7
5 7
4 7
3 7
2 7
2 6
2 5
2 4
2 3
2 2
2 1
2 0
1 0
0 0
