904
499 499
498 499
497 499
496 499
495 499
495 498
494 498
494 497
494 496
494 495
494 494
494 493
493 493
493 492
493 491
493 490
493 489
493 488
493 487
492 487
492 486
491 486
490 486
489 486
489 485
488 485
488 484
488 483
488 482
487 482
486 482
485 482
484 482
483 482
482 482
481 482
480 482
479 482
478 482
477 482
476 482
475 482
474 482
473 482
472 482
471 482
470 482
469 482
468 482
467 482
466 482
465 482
465 481
464 481
463 481
463 480
463 479
462 479
461 479
461 478
461 477
461 476
460 476
460 475
460 474
459 474
458 474
458 473
457 473
457 472
456 472
456 471
455 471
454 471
453 471
453 470
452 470
451 470
451 469
451 468
450 468
450 467
450 466
450 465
450 464
450 463
450 462
450 461
450 460
450 459
450 458
450 457
449 457
449 456
448 456
448 455
447 455
447 454
447 453
447 452
447 451
446 451
445 451
444 451
443 451
443 450
442 450
442 449
442 448
442 447
442 446
441 446
441 445
441 444
440 444
440 443
440 442
440 441
440 440
440 439
440 438
439 438
439 437
439 436
439 435
439 434
439 433
439 432
439 431
439 430
439 429
439 428
439 427
439 426
439 425
438 425
438 424
438 423
438 422
438 421
438 420
438 419
437 419
437 418
437 417
437 416
437 415
437 414
436 414
436 413
436 412
435 412
435 411
435 410
434 410
433 410
432 410
431 410
431 409
430 409
430 408
430 407
429 407
429 406
429 405
429 404
429 403
428 403
428 402
428 401
428 400
427 400
426 400
425 400
424 400
423 400
422 400
422 399
421 399
421 398
420 398
420 397
419 397
418 397
417 397
417 396
417 395
416 395
415 395
414 395
413 395
412 395
412 394
411 394
411 393
410 393
410 392
409 392
408 392
407 392
406 392
405 392
404 392
403 392
402 392
401 392
400 392
400 391
399 391
398 391
398 390
398 389
398 388
398 387
397 387
396 387
395 387
395 386
395 385
395 384
394 384
394 383
394 382
393 382
392 382
391 382
390 382
390 381
390 380
389 380
388 380
388 379
387 379
386 379
386 378
386 377
386 376
386 375
386 374
385 374
385 373
385 372
384 372
384 371
384 370
383 370
383 369
382 369
381 369
381 368
381 367
381 366
381 365
381 364
380 364
379 364
379 363
379 362
379 361
379 360
379 359
379 358
379 357
379 356
379 355
379 354
379 353
378 353
378 352
377 352
377 351
377 350
377 349
377 348
377 347
377 346
377 345
377 344
377 343
377 342
377 341
377 340
377 339
376 339
376 338
376 337
376 336
376 335
376 334
376 333
376 332
376 331
376 330
376 329
376 328
375 328
375 327
375 326
375 325
374 325
373 325
372 325
372 324
371 324
371 323
371 322
371 321
371 320
371 319
370 319
369 319
369 318
369 317
368 317
367 317
366 317
365 317
364 317
363 317
363 316
363 315
363 314
363 313
362 313
362 312
362 311
362 310
362 309
362 308
362 307
362 306
362 305
362 304
362 303
362 302
362 301
362 300
361 300
360 300
360 299
360 298
360 297
360 296
360 295
360 294
360 293
360 292
359 292
359 291
358 291
358 290
358 289
358 288
357 288
356 288
356 287
356 286
356 285
356 284
356 283
356 282
356 281
356 280
355 280
355 279
354 279
353 279
352 279
351 279
350 279
349 279
348 279
348 278
348 277
347 277
347 276
347 275
347 274
346 274
346 273
346 272
345 272
345 271
345 270
344 270
343 270
343 269
342 269
342 268
342 267
341 267
340 267
339 267
338 267
337 267
336 267
335 267
334 267
334 266
334 265
333 265
332 265
331 265
330 265
329 265
328 265
327 265
327 264
326 264
325 264
324 264
323 264
323 263
322 263
322 262
321 262
321 261
321 260
321 259
320 259
319 259
319 258
318 258
317 258
316 258
315 258
314 258
313 258
312 258
311 258
310 258
309 258
309 257
309 256
309 255
309 254
308 254
307 254
307 253
306 253
305 253
304 253
304 252
303 252
302 252
302 251
302 250
302 249
302 248
302 247
301 247
300 247
299 247
298 247
297 247
297 246
297 245
297 244
297 243
297 242
296 242
295 242
294 242
293 242
293 241
292 241
292 240
292 239
291 239
291 238
291 237
291 236
290 236
289 236
289 235
289 234
289 233
289 232
289 231
289 230
289 229
289 228
288 228
288 227
287 227
286 227
285 227
285 226
285 225
285 224
284 224
283 224
283 223
282 223
282 222
281 222
281 221
280 221
280 220
280 219
280 218
279 218
278 218
277 218
276 218
276 217
276 216
275 216
275 215
275 214
275 213
274 213
273 213
272 213
272 212
272 211
272 210
272 209
272 208
272 207
272 206
271 206
271 205
270 205
269 205
268 205
267 205
267 204
267 203
267 202
266 202
266 201
266 200
266 199
265 199
265 198
264 198
263 198
263 197
263 196
263 195
263 194
262 194
261 194
261 193
261 192
261 191
261 190
260 190
259 190
258 190
257 190
257 189
256 189
255 189
254 189
253 189
252 189
251 189
250 189
250 188
249 188
248 188
247 188
246 188
245 188
244 188
243 188
242 188
241 188
241 187
240 187
239 187
238 187
237 187
236 187
235 187
234 187
234 186
234 185
234 184
234 183
233 183
232 183
232 182
232 181
232 180
232 179
232 178
232 177
232 176
231 176
231 175
231 174
230 174
229 174
228 174
228 173
228 172
228 171
227 171
226 171
226 170
226 169
225 169
224 169
223 169
222 169
222 168
221 168
220 168
219 168
219 167
219 166
219 165
218 165
218 164
218 163
218 162
218 161
217 161
216 161
216 160
216 159
216 158
215 158
214 158
213 158
212 158
211 158
210 158
210 157
209 157
208 157
208 156
208 155
208 154
208 153
208 152
207 152
207 151
206 151
205 151
204 151
203 151
202 151
201 151
201 150
200 150
199 150
198 150
197 150
196 150
195 150
194 150
194 149
194 148
194 147
193 147
192 147
191 147
190 147
189 147
188 147
187 147
187 146
187 145
187 144
186 144
185 144
185 143
184 143
184 142
184 141
184 140
184 139
183 139
183 138
182 138
182 137
181 137
180 137
179 137
179 136
179 135
178 135
178 134
177 134
176 134
175 134
175 133
174 133
174 132
174 131
174 130
174 129
174 128
173 128
173 127
173 126
173 125
173 124
173 123
173 122
172 122
171 122
170 122
169 122
168 122
167 122
167 121
167 120
167 119
166 119
165 119
164 119
163 119
163 118
162 118
162 117
162 116
162 115
162 114
162 113
162 112
161 112
160 112
160 111
159 111
159 110
159 109
159 108
159 107
159 106
159 105
159 104
159 103
158 103
158 102
157 102
156 102
155 102
155 101
155 100
155 99
155 98
154 98
153 98
153 97
153 96
153 95
153 94
153 93
153 92
153 91
153 90
152 90
152 89
152 88
152 87
152 86
151 86
151 85
151 84
151 83
150 83
149 83
149 82
148 82
147 82
146 82
145 82
145 81
145 80
144 80
143 80
142 80
142 79
142 78
142 77
142 76
141 76
140 76
139 76
138 76
137 76
136 76
135 76
135 75
135 74
135 73
135 72
135 71
134 71
133 71
133 70
132 70
131 70
131 69
130 69
129 69
128 69
128 68
127 68
126 68
125 68
124 68
123 68
123 67
123 66
122 66
122 65
121 65
120 65
119 65
118 65
117 65
117 64
117 63
117 62
117 61
117 60
116 60
115 60
115 59
114 59
114 58
114 57
114 56
113 56
112 56
111 56
110 56
109 56
108 56
107 56
106 56
105 56
104 56
103 56
102 56
101 56
100 56
99 56
98 56
97 56
97 55
96 55
95 55
94 55
93 55
93 54
92 54
92 53
92 52
91 52
91 51
90 51
89 51
88 51
87 51
86 51
85 51
84 51
83 51
82 51
82 50
82 49
82 48
81 48
80 48
79 48
78 48
77 48
76 48
75 48
74 48
73 48
72 48
71 48
71 47
71 46
70 46
70 45
70 44
70 43
70 42
70 41
69 41
68 41
68 40
68 39
68 38
67 38
66 38
65 38
64 38
63 38
62 38
61 38
61 37
60 37
59 37
58 37
57 37
57 36
56 36
55 36
54 36
53 36
53 35
52 35
51 35
50 35
49 35
48 35
47 35
46 35
45 35
44 35
43 35
42 35
41 35
40 35
40 34
40 33
40 32
39 32
39 31
38 31
38 30
37 30
37 29
36 29
36 28
36 27
36 26
36 25
36 24
35 24
35 23
34 23
33 23
32 23
31 23
31 22
30 22
29 22
28 22
27 22
26 22
25 22
24 22
23 22
23 21
22 21
22 20
21 20
21 19
20 19
19 19
18 19
17 19
16 19
15 19
14 19
13 19
12 19
11 19
10 19
10 18
10 17
9 17
8 17
7 17
7 16
6 16
6 15
6 14
6 13
6 12
6 11
6 10
6 9
5 9
4 9
3 9
2 9
2 8
2 7
2 6
1 6
0 6
0 5
0 4
0 3
0 2
0 1
0 0
