 17  17  25  11  11  21  12  13 
  9   9  25  19  19  21  12  13 
  7  16  16   6   6  18  15  15 
  7   4   4   2  20  18   1  27 
 24   3  14   2  20   8   1  27 
 24   3  14  26  26   8  22  22 
 28  28  23  23  10  10   5   5 

 17  17  25  11  11  21  12  13 
  9   9  25  19  19  21  12  13 
  7  16  16   6   6  18  15  15 
  7   4   4   2  20  18   1  27 
 24   3   3   2  20   8   1  27 
 24  14  14  26  26   8  22  22 
 28  28  23  23  10  10   5   5 

  9  17  25  11  11  21  12  13 
  9  17  25  19  19  21  12  13 
  7  16  16   6   6  18  15  15 
  7   4   4   2  20  18   1  27 
 24   3  14   2  20   8   1  27 
 24   3  14  26  26   8  22  22 
 28  28  23  23  10  10   5   5 

  9  17  25  11  11  21  12  13 
  9  17  25  19  19  21  12  13 
  7  16  16   6   6  18  15  15 
  7   4   4   2  20  18   1  27 
 24   3   3   2  20   8   1  27 
 24  14  14  26  26   8  22  22 
 28  28  23  23  10  10   5   5 

