  2   3  14  15  16  22  23   1 
  2   3  14  15  16  22  23   1 
  4   5  13  13  17  21  24  28 
  4   5  12  12  17  21  24  28 
  6   7  11  11  18  20  25  27 
  6   7  10  10  18  20  25  27 
  8   8   9   9  19  19  26  26 

  2   3  14  15  16  22  23   1 
  2   3  14  15  16  22  23   1 
  4   5  13  13  17  21  24  28 
  4   5  12  12  17  21  24  28 
  6   7  11  11  18  20  20  27 
  6   7  10  10  18  25  25  27 
  8   8   9   9  19  19  26  26 

  2   3  14  15  16  22  23   1 
  2   3  14  15  16  22  23   1 
  4   5  13  13  17  21  25  25 
  4   5  12  12  17  21  24  27 
  6   7  11  11  18  20  24  27 
  6   7  10  10  18  20  28  28 
  8   8   9   9  19  19  26  26 

  2   3  14  15  16  22  23   1 
  2   3  14  15  16  22  23   1 
  4   5  13  13  17  21  25  25 
  4   5  12  12  17  21  27  27 
  6   7  11  11  18  20  24  24 
  6   7  10  10  18  20  28  28 
  8   8   9   9  19  19  26  26 

  2   3  14  15  16  22  23   1 
  2   3  14  15  16  22  23   1 
  4   5  13  13  17  20  20  28 
  4   5  12  12  17  21  24  28 
  6   7  11  11  18  21  24  27 
  6   7  10  10  18  25  25  27 
  8   8   9   9  19  19  26  26 

  2   3  14  15  16  20  20   1 
  2   3  14  15  16  22  23   1 
  4   5  13  13  17  22  23  28 
  4   5  12  12  17  21  24  28 
  6   7  11  11  18  21  24  27 
  6   7  10  10  18  25  25  27 
  8   8   9   9  19  19  26  26 

  2   3  14  15  15  22  23   1 
  2   3  14  16  16  22  23   1 
  4   5  13  13  17  21  24  28 
  4   5  12  12  17  21  24  28 
  6   7  11  11  18  20  25  27 
  6   7  10  10  18  20  25  27 
  8   8   9   9  19  19  26  26 

  2   3  14  15  15  22  23   1 
  2   3  14  16  16  22  23   1 
  4   5  13  13  17  21  24  28 
  4   5  12  12  17  21  24  28 
  6   7  11  11  18  20  20  27 
  6   7  10  10  18  25  25  27 
  8   8   9   9  19  19  26  26 

  2   3  14  15  15  22  23   1 
  2   3  14  16  16  22  23   1 
  4   5  13  13  17  21  25  25 
  4   5  12  12  17  21  24  27 
  6   7  11  11  18  20  24  27 
  6   7  10  10  18  20  28  28 
  8   8   9   9  19  19  26  26 

  2   3  14  15  15  22  23   1 
  2   3  14  16  16  22  23   1 
  4   5  13  13  17  21  25  25 
  4   5  12  12  17  21  27  27 
  6   7  11  11  18  20  24  24 
  6   7  10  10  18  20  28  28 
  8   8   9   9  19  19  26  26 

  2   3  14  15  15  22  23   1 
  2   3  14  16  16  22  23   1 
  4   5  13  13  17  20  20  28 
  4   5  12  12  17  21  24  28 
  6   7  11  11  18  21  24  27 
  6   7  10  10  18  25  25  27 
  8   8   9   9  19  19  26  26 

  2   3  14  15  15  20  20   1 
  2   3  14  16  16  22  23   1 
  4   5  13  13  17  22  23  28 
  4   5  12  12  17  21  24  28 
  6   7  11  11  18  21  24  27 
  6   7  10  10  18  25  25  27 
  8   8   9   9  19  19  26  26 

  2   3  15  15  16  22  23   1 
  2   3  14  14  16  22  23   1 
  4   5  13  13  17  21  24  28 
  4   5  12  12  17  21  24  28 
  6   7  11  11  18  20  25  27 
  6   7  10  10  18  20  25  27 
  8   8   9   9  19  19  26  26 

  2   3  15  15  16  22  23   1 
  2   3  14  14  16  22  23   1 
  4   5  13  13  17  21  24  28 
  4   5  12  12  17  21  24  28 
  6   7  11  11  18  20  20  27 
  6   7  10  10  18  25  25  27 
  8   8   9   9  19  19  26  26 

  2   3  15  15  16  22  23   1 
  2   3  14  14  16  22  23   1 
  4   5  13  13  17  21  25  25 
  4   5  12  12  17  21  24  27 
  6   7  11  11  18  20  24  27 
  6   7  10  10  18  20  28  28 
  8   8   9   9  19  19  26  26 

  2   3  15  15  16  22  23   1 
  2   3  14  14  16  22  23   1 
  4   5  13  13  17  21  25  25 
  4   5  12  12  17  21  27  27 
  6   7  11  11  18  20  24  24 
  6   7  10  10  18  20  28  28 
  8   8   9   9  19  19  26  26 

  2   3  15  15  16  22  23   1 
  2   3  14  14  16  22  23   1 
  4   5  13  13  17  20  20  28 
  4   5  12  12  17  21  24  28 
  6   7  11  11  18  21  24  27 
  6   7  10  10  18  25  25  27 
  8   8   9   9  19  19  26  26 

  2   3  15  15  16  20  20   1 
  2   3  14  14  16  22  23   1 
  4   5  13  13  17  22  23  28 
  4   5  12  12  17  21  24  28 
  6   7  11  11  18  21  24  27 
  6   7  10  10  18  25  25  27 
  8   8   9   9  19  19  26  26 

  2   3   3  15  16  22  23   1 
  2  14  14  15  16  22  23   1 
  4   5  13  13  17  21  24  28 
  4   5  12  12  17  21  24  28 
  6   7  11  11  18  20  25  27 
  6   7  10  10  18  20  25  27 
  8   8   9   9  19  19  26  26 

  2   3   3  15  16  22  23   1 
  2  14  14  15  16  22  23   1 
  4   5  13  13  17  21  24  28 
  4   5  12  12  17  21  24  28 
  6   7  11  11  18  20  20  27 
  6   7  10  10  18  25  25  27 
  8   8   9   9  19  19  26  26 

  2   3   3  15  16  22  23   1 
  2  14  14  15  16  22  23   1 
  4   5  13  13  17  21  25  25 
  4   5  12  12  17  21  24  27 
  6   7  11  11  18  20  24  27 
  6   7  10  10  18  20  28  28 
  8   8   9   9  19  19  26  26 

  2   3   3  15  16  22  23   1 
  2  14  14  15  16  22  23   1 
  4   5  13  13  17  21  25  25 
  4   5  12  12  17  21  27  27 
  6   7  11  11  18  20  24  24 
  6   7  10  10  18  20  28  28 
  8   8   9   9  19  19  26  26 

  2   3   3  15  16  22  23   1 
  2  14  14  15  16  22  23   1 
  4   5  13  13  17  20  20  28 
  4   5  12  12  17  21  24  28 
  6   7  11  11  18  21  24  27 
  6   7  10  10  18  25  25  27 
  8   8   9   9  19  19  26  26 

  2   3   3  15  16  20  20   1 
  2  14  14  15  16  22  23   1 
  4   5  13  13  17  22  23  28 
  4   5  12  12  17  21  24  28 
  6   7  11  11  18  21  24  27 
  6   7  10  10  18  25  25  27 
  8   8   9   9  19  19  26  26 

  2   3   3  15  15  22  23   1 
  2  14  14  16  16  22  23   1 
  4   5  13  13  17  21  24  28 
  4   5  12  12  17  21  24  28 
  6   7  11  11  18  20  25  27 
  6   7  10  10  18  20  25  27 
  8   8   9   9  19  19  26  26 

  2   3   3  15  15  22  23   1 
  2  14  14  16  16  22  23   1 
  4   5  13  13  17  21  24  28 
  4   5  12  12  17  21  24  28 
  6   7  11  11  18  20  20  27 
  6   7  10  10  18  25  25  27 
  8   8   9   9  19  19  26  26 

  2   3   3  15  15  22  23   1 
  2  14  14  16  16  22  23   1 
  4   5  13  13  17  21  25  25 
  4   5  12  12  17  21  24  27 
  6   7  11  11  18  20  24  27 
  6   7  10  10  18  20  28  28 
  8   8   9   9  19  19  26  26 

  2   3   3  15  15  22  23   1 
  2  14  14  16  16  22  23   1 
  4   5  13  13  17  21  25  25 
  4   5  12  12  17  21  27  27 
  6   7  11  11  18  20  24  24 
  6   7  10  10  18  20  28  28 
  8   8   9   9  19  19  26  26 

  2   3   3  15  15  22  23   1 
  2  14  14  16  16  22  23   1 
  4   5  13  13  17  20  20  28 
  4   5  12  12  17  21  24  28 
  6   7  11  11  18  21  24  27 
  6   7  10  10  18  25  25  27 
  8   8   9   9  19  19  26  26 

  2   3   3  15  15  20  20   1 
  2  14  14  16  16  22  23   1 
  4   5  13  13  17  22  23  28 
  4   5  12  12  17  21  24  28 
  6   7  11  11  18  21  24  27 
  6   7  10  10  18  25  25  27 
  8   8   9   9  19  19  26  26 

