(1 2 11) (3 4 10) (5 6 9) (7 8 8) (9 10 7) (11 12 6) (13 14 5) (15 16 4) (17 18 3) (19 20 2) (21 22 1)
(1 3 10) (2 4 9) (5 7 8) (6 8 7) (9 11 6) (10 12 5) (13 15 4) (14 16 3) (17 19 2) (18 20 1)
(1 4 10) (2 3 9) (5 8 8) (6 7 7) (9 12 6) (10 11 5) (13 16 4) (14 15 3) (17 20 2) (18 19 1)
(1 5 10) (2 6 9) (3 7 8) (4 8 7) (9 13 6) (10 14 5) (11 15 4) (12 16 3) (17 21 2) (18 22 1)
(1 6 10) (2 5 9) (3 8 8) (4 7 7) (9 14 6) (10 13 5) (11 16 4) (12 15 3) (17 22 2) (18 21 1)
(1 7 10) (2 8 9) (3 5 8) (4 6 7) (9 15 6) (10 16 5) (11 13 4) (12 14 3) (19 21 2) (20 22 1)
(1 8 10) (2 7 9) (3 6 8) (4 5 7) (9 16 6) (10 15 5) (11 14 4) (12 13 3) (19 22 2) (20 21 1)
(1 9 8) (2 10 7) (3 11 6) (4 12 5) (5 13 4) (6 14 3) (7 15 2) (8 16 1)
(1 10 8) (2 9 7) (3 12 6) (4 11 5) (5 14 4) (6 13 3) (7 16 2) (8 15 1)
(1 11 8) (2 12 7) (3 9 6) (4 10 5) (5 15 4) (6 16 3) (7 13 2) (8 14 1)
(1 12 8) (2 11 7) (3 10 6) (4 9 5) (5 16 4) (6 15 3) (7 14 2) (8 13 1)
(1 13 16) (2 14 15) (3 15 14) (4 16 13) (5 9 12) (6 10 11) (7 11 10) (8 12 9)
(1 14 16) (2 13 15) (3 16 14) (4 15 13) (5 10 12) (6 9 11) (7 12 10) (8 11 9)
(1 15 16) (2 16 15) (3 13 14) (4 14 13) (5 11 12) (6 12 11) (7 9 10) (8 10 9)
(1 16 16) (2 15 15) (3 14 14) (4 13 13) (5 12 12) (6 11 11) (7 10 10) (8 9 9)
(1 17 16) (2 18 15) (3 19 14) (4 20 13) (5 21 12) (6 22 11)
(1 18 16) (2 17 15) (3 20 14) (4 19 13) (5 22 12) (6 21 11)
(1 19 16) (2 20 15) (3 17 14) (4 18 13) (7 21 12) (8 22 11)
(1 20 16) (2 19 15) (3 18 14) (4 17 13) (7 22 12) (8 21 11)
(1 21 16) (2 22 15) (5 17 14) (6 18 13) (7 19 12) (8 20 11)
(1 22 16) (2 21 15) (5 18 14) (6 17 13) (7 20 12) (8 19 11)
