(1 2 12) (3 4 11) (5 6 10) (7 8 9) (9 10 8) (11 12 7) (13 14 6) (15 16 5) (17 18 4) (19 20 3) (21 22 2) (23 24 1)
(1 3 12) (2 4 11) (5 7 10) (6 8 9) (9 11 8) (10 12 7) (13 15 6) (14 16 5) (17 19 4) (18 20 3) (21 23 2) (22 24 1)
(1 4 12) (2 3 11) (5 8 10) (6 7 9) (9 12 8) (10 11 7) (13 16 6) (14 15 5) (17 20 4) (18 19 3) (21 24 2) (22 23 1)
(1 5 12) (2 6 11) (3 7 10) (4 8 9) (9 13 8) (10 14 7) (11 15 6) (12 16 5) (17 21 4) (18 22 3) (19 23 2) (20 24 1)
(1 6 12) (2 5 11) (3 8 10) (4 7 9) (9 14 8) (10 13 7) (11 16 6) (12 15 5) (17 22 4) (18 21 3) (19 24 2) (20 23 1)
(1 7 12) (2 8 11) (3 5 10) (4 6 9) (9 15 8) (10 16 7) (11 13 6) (12 14 5) (17 23 4) (18 24 3) (19 21 2) (20 22 1)
(1 8 12) (2 7 11) (3 6 10) (4 5 9) (9 16 8) (10 15 7) (11 14 6) (12 13 5) (17 24 4) (18 23 3) (19 22 2) (20 21 1)
(1 9 8) (2 10 7) (3 11 6) (4 12 5) (5 13 4) (6 14 3) (7 15 2) (8 16 1)
(1 10 8) (2 9 7) (3 12 6) (4 11 5) (5 14 4) (6 13 3) (7 16 2) (8 15 1)
(1 11 8) (2 12 7) (3 9 6) (4 10 5) (5 15 4) (6 16 3) (7 13 2) (8 14 1)
(1 12 8) (2 11 7) (3 10 6) (4 9 5) (5 16 4) (6 15 3) (7 14 2) (8 13 1)
(1 13 8) (2 14 7) (3 15 6) (4 16 5) (5 9 4) (6 10 3) (7 11 2) (8 12 1)
(1 14 16) (2 13 15) (3 16 14) (4 15 13) (5 10 12) (6 9 11) (7 12 10) (8 11 9)
(1 15 16) (2 16 15) (3 13 14) (4 14 13) (5 11 12) (6 12 11) (7 9 10) (8 10 9)
(1 16 16) (2 15 15) (3 14 14) (4 13 13) (5 12 12) (6 11 11) (7 10 10) (8 9 9)
(1 17 16) (2 18 15) (3 19 14) (4 20 13) (5 21 12) (6 22 11) (7 23 10) (8 24 9)
(1 18 16) (2 17 15) (3 20 14) (4 19 13) (5 22 12) (6 21 11) (7 24 10) (8 23 9)
(1 19 20) (2 20 19) (3 17 18) (4 18 17) (5 23 16) (6 24 15) (7 21 14) (8 22 13)
(1 20 20) (2 19 19) (3 18 18) (4 17 17) (5 24 16) (6 23 15) (7 22 14) (8 21 13)
(1 21 20) (2 22 19) (3 23 18) (4 24 17) (5 17 16) (6 18 15) (7 19 14) (8 20 13)
(1 22 20) (2 21 19) (3 24 18) (4 23 17) (5 18 16) (6 17 15) (7 20 14) (8 19 13)
(1 23 20) (2 24 19) (3 21 18) (4 22 17) (5 19 16) (6 20 15) (7 17 14) (8 18 13)
(1 24 20) (2 23 19) (3 22 18) (4 21 17) (5 20 16) (6 19 15) (7 18 14) (8 17 13)
