(1 2 14) (3 4 13) (5 6 12) (7 8 11) (9 10 10) (11 12 9) (13 14 8) (15 16 7) (17 18 6) (19 20 5) (21 22 4) (23 24 3) (25 26 2) (27 28 1)
(1 3 14) (2 4 13) (5 7 12) (6 8 11) (9 11 10) (10 12 9) (13 15 8) (14 16 7) (17 19 6) (18 20 5) (21 23 4) (22 24 3) (25 27 2) (26 28 1)
(1 4 14) (2 3 13) (5 8 12) (6 7 11) (9 12 10) (10 11 9) (13 16 8) (14 15 7) (17 20 6) (18 19 5) (21 24 4) (22 23 3) (25 28 2) (26 27 1)
(1 5 12) (2 6 11) (3 7 10) (4 8 9) (9 13 8) (10 14 7) (11 15 6) (12 16 5) (17 21 4) (18 22 3) (19 23 2) (20 24 1)
(1 6 12) (2 5 11) (3 8 10) (4 7 9) (9 14 8) (10 13 7) (11 16 6) (12 15 5) (17 22 4) (18 21 3) (19 24 2) (20 23 1)
(1 7 12) (2 8 11) (3 5 10) (4 6 9) (9 15 8) (10 16 7) (11 13 6) (12 14 5) (17 23 4) (18 24 3) (19 21 2) (20 22 1)
(1 8 12) (2 7 11) (3 6 10) (4 5 9) (9 16 8) (10 15 7) (11 14 6) (12 13 5) (17 24 4) (18 23 3) (19 22 2) (20 21 1)
(1 9 12) (2 10 11) (3 11 10) (4 12 9) (5 13 8) (6 14 7) (7 15 6) (8 16 5) (17 25 4) (18 26 3) (19 27 2) (20 28 1)
(1 10 12) (2 9 11) (3 12 10) (4 11 9) (5 14 8) (6 13 7) (7 16 6) (8 15 5) (17 26 4) (18 25 3) (19 28 2) (20 27 1)
(1 11 12) (2 12 11) (3 9 10) (4 10 9) (5 15 8) (6 16 7) (7 13 6) (8 14 5) (17 27 4) (18 28 3) (19 25 2) (20 26 1)
(1 12 12) (2 11 11) (3 10 10) (4 9 9) (5 16 8) (6 15 7) (7 14 6) (8 13 5) (17 28 4) (18 27 3) (19 26 2) (20 25 1)
(1 13 12) (2 14 11) (3 15 10) (4 16 9) (5 9 8) (6 10 7) (7 11 6) (8 12 5) (21 25 4) (22 26 3) (23 27 2) (24 28 1)
(1 14 12) (2 13 11) (3 16 10) (4 15 9) (5 10 8) (6 9 7) (7 12 6) (8 11 5) (21 26 4) (22 25 3) (23 28 2) (24 27 1)
(1 15 12) (2 16 11) (3 13 10) (4 14 9) (5 11 8) (6 12 7) (7 9 6) (8 10 5) (21 27 4) (22 28 3) (23 25 2) (24 26 1)
(1 16 24) (2 15 23) (3 14 22) (4 13 21) (5 12 20) (6 11 19) (7 10 18) (8 9 17) (21 28 16) (22 27 15) (23 26 14) (24 25 13)
(1 17 24) (2 18 23) (3 19 22) (4 20 21) (5 21 20) (6 22 19) (7 23 18) (8 24 17) (9 25 16) (10 26 15) (11 27 14) (12 28 13)
(1 18 24) (2 17 23) (3 20 22) (4 19 21) (5 22 20) (6 21 19) (7 24 18) (8 23 17) (9 26 16) (10 25 15) (11 28 14) (12 27 13)
(1 19 24) (2 20 23) (3 17 22) (4 18 21) (5 23 20) (6 24 19) (7 21 18) (8 22 17) (9 27 16) (10 28 15) (11 25 14) (12 26 13)
(1 20 24) (2 19 23) (3 18 22) (4 17 21) (5 24 20) (6 23 19) (7 22 18) (8 21 17) (9 28 16) (10 27 15) (11 26 14) (12 25 13)
(1 21 24) (2 22 23) (3 23 22) (4 24 21) (5 17 20) (6 18 19) (7 19 18) (8 20 17) (13 25 16) (14 26 15) (15 27 14) (16 28 13)
(1 22 24) (2 21 23) (3 24 22) (4 23 21) (5 18 20) (6 17 19) (7 20 18) (8 19 17) (13 26 16) (14 25 15) (15 28 14) (16 27 13)
(1 23 24) (2 24 23) (3 21 22) (4 22 21) (5 19 20) (6 20 19) (7 17 18) (8 18 17) (13 27 16) (14 28 15) (15 25 14) (16 26 13)
(1 24 24) (2 23 23) (3 22 22) (4 21 21) (5 20 20) (6 19 19) (7 18 18) (8 17 17) (13 28 16) (14 27 15) (15 26 14) (16 25 13)
(1 25 24) (2 26 23) (3 27 22) (4 28 21) (9 17 20) (10 18 19) (11 19 18) (12 20 17) (13 21 16) (14 22 15) (15 23 14) (16 24 13)
(1 26 24) (2 25 23) (3 28 22) (4 27 21) (9 18 20) (10 17 19) (11 20 18) (12 19 17) (13 22 16) (14 21 15) (15 24 14) (16 23 13)
(1 27 26) (2 28 25) (3 25 24) (4 26 23) (9 19 22) (10 20 21) (11 17 20) (12 18 19) (13 23 18) (14 24 17) (15 21 16) (16 22 15)
(1 28 26) (2 27 25) (3 26 24) (4 25 23) (9 20 22) (10 19 21) (11 18 20) (12 17 19) (13 24 18) (14 23 17) (15 22 16) (16 21 15)
