(1 2 13) (3 4 12) (5 6 11) (7 8 10) (9 10 9) (11 12 8) (13 14 7) (15 16 6) (17 18 5) (19 20 4) (21 22 3) (23 24 2) (25 26 1)
(1 3 12) (2 4 11) (5 7 10) (6 8 9) (9 11 8) (10 12 7) (13 15 6) (14 16 5) (17 19 4) (18 20 3) (21 23 2) (22 24 1)
(1 4 12) (2 3 11) (5 8 10) (6 7 9) (9 12 8) (10 11 7) (13 16 6) (14 15 5) (17 20 4) (18 19 3) (21 24 2) (22 23 1)
(1 5 12) (2 6 11) (3 7 10) (4 8 9) (9 13 8) (10 14 7) (11 15 6) (12 16 5) (17 21 4) (18 22 3) (19 23 2) (20 24 1)
(1 6 12) (2 5 11) (3 8 10) (4 7 9) (9 14 8) (10 13 7) (11 16 6) (12 15 5) (17 22 4) (18 21 3) (19 24 2) (20 23 1)
(1 7 12) (2 8 11) (3 5 10) (4 6 9) (9 15 8) (10 16 7) (11 13 6) (12 14 5) (17 23 4) (18 24 3) (19 21 2) (20 22 1)
(1 8 12) (2 7 11) (3 6 10) (4 5 9) (9 16 8) (10 15 7) (11 14 6) (12 13 5) (17 24 4) (18 23 3) (19 22 2) (20 21 1)
(1 9 10) (2 10 9) (3 11 8) (4 12 7) (5 13 6) (6 14 5) (7 15 4) (8 16 3) (17 25 2) (18 26 1)
(1 10 10) (2 9 9) (3 12 8) (4 11 7) (5 14 6) (6 13 5) (7 16 4) (8 15 3) (17 26 2) (18 25 1)
(1 11 10) (2 12 9) (3 9 8) (4 10 7) (5 15 6) (6 16 5) (7 13 4) (8 14 3) (19 25 2) (20 26 1)
(1 12 10) (2 11 9) (3 10 8) (4 9 7) (5 16 6) (6 15 5) (7 14 4) (8 13 3) (19 26 2) (20 25 1)
(1 13 10) (2 14 9) (3 15 8) (4 16 7) (5 9 6) (6 10 5) (7 11 4) (8 12 3) (21 25 2) (22 26 1)
(1 14 10) (2 13 9) (3 16 8) (4 15 7) (5 10 6) (6 9 5) (7 12 4) (8 11 3) (21 26 2) (22 25 1)
(1 15 20) (2 16 19) (3 13 18) (4 14 17) (5 11 16) (6 12 15) (7 9 14) (8 10 13) (23 25 12) (24 26 11)
(1 16 20) (2 15 19) (3 14 18) (4 13 17) (5 12 16) (6 11 15) (7 10 14) (8 9 13) (23 26 12) (24 25 11)
(1 17 20) (2 18 19) (3 19 18) (4 20 17) (5 21 16) (6 22 15) (7 23 14) (8 24 13) (9 25 12) (10 26 11)
(1 18 20) (2 17 19) (3 20 18) (4 19 17) (5 22 16) (6 21 15) (7 24 14) (8 23 13) (9 26 12) (10 25 11)
(1 19 20) (2 20 19) (3 17 18) (4 18 17) (5 23 16) (6 24 15) (7 21 14) (8 22 13) (11 25 12) (12 26 11)
(1 20 20) (2 19 19) (3 18 18) (4 17 17) (5 24 16) (6 23 15) (7 22 14) (8 21 13) (11 26 12) (12 25 11)
(1 21 22) (2 22 21) (3 23 20) (4 24 19) (5 17 18) (6 18 17) (7 19 16) (8 20 15) (13 25 14) (14 26 13)
(1 22 22) (2 21 21) (3 24 20) (4 23 19) (5 18 18) (6 17 17) (7 20 16) (8 19 15) (13 26 14) (14 25 13)
(1 23 22) (2 24 21) (3 21 20) (4 22 19) (5 19 18) (6 20 17) (7 17 16) (8 18 15) (15 25 14) (16 26 13)
(1 24 22) (2 23 21) (3 22 20) (4 21 19) (5 20 18) (6 19 17) (7 18 16) (8 17 15) (15 26 14) (16 25 13)
(1 25 22) (2 26 21) (9 17 20) (10 18 19) (11 19 18) (12 20 17) (13 21 16) (14 22 15) (15 23 14) (16 24 13)
(1 26 22) (2 25 21) (9 18 20) (10 17 19) (11 20 18) (12 19 17) (13 22 16) (14 21 15) (15 24 14) (16 23 13)
