(1 2 15) (3 4 14) (5 6 13) (7 8 12) (9 10 11) (11 12 10) (13 14 9) (15 16 8) (17 18 7) (19 20 6) (21 22 5) (23 24 4) (25 26 3) (27 28 2) (29 30 1)
(1 3 14) (2 4 13) (5 7 12) (6 8 11) (9 11 10) (10 12 9) (13 15 8) (14 16 7) (17 19 6) (18 20 5) (21 23 4) (22 24 3) (25 27 2) (26 28 1)
(1 4 14) (2 3 13) (5 8 12) (6 7 11) (9 12 10) (10 11 9) (13 16 8) (14 15 7) (17 20 6) (18 19 5) (21 24 4) (22 23 3) (25 28 2) (26 27 1)
(1 5 14) (2 6 13) (3 7 12) (4 8 11) (9 13 10) (10 14 9) (11 15 8) (12 16 7) (17 21 6) (18 22 5) (19 23 4) (20 24 3) (25 29 2) (26 30 1)
(1 6 14) (2 5 13) (3 8 12) (4 7 11) (9 14 10) (10 13 9) (11 16 8) (12 15 7) (17 22 6) (18 21 5) (19 24 4) (20 23 3) (25 30 2) (26 29 1)
(1 7 14) (2 8 13) (3 5 12) (4 6 11) (9 15 10) (10 16 9) (11 13 8) (12 14 7) (17 23 6) (18 24 5) (19 21 4) (20 22 3) (27 29 2) (28 30 1)
(1 8 14) (2 7 13) (3 6 12) (4 5 11) (9 16 10) (10 15 9) (11 14 8) (12 13 7) (17 24 6) (18 23 5) (19 22 4) (20 21 3) (27 30 2) (28 29 1)
(1 9 14) (2 10 13) (3 11 12) (4 12 11) (5 13 10) (6 14 9) (7 15 8) (8 16 7) (17 25 6) (18 26 5) (19 27 4) (20 28 3) (21 29 2) (22 30 1)
(1 10 14) (2 9 13) (3 12 12) (4 11 11) (5 14 10) (6 13 9) (7 16 8) (8 15 7) (17 26 6) (18 25 5) (19 28 4) (20 27 3) (21 30 2) (22 29 1)
(1 11 14) (2 12 13) (3 9 12) (4 10 11) (5 15 10) (6 16 9) (7 13 8) (8 14 7) (17 27 6) (18 28 5) (19 25 4) (20 26 3) (23 29 2) (24 30 1)
(1 12 14) (2 11 13) (3 10 12) (4 9 11) (5 16 10) (6 15 9) (7 14 8) (8 13 7) (17 28 6) (18 27 5) (19 26 4) (20 25 3) (23 30 2) (24 29 1)
(1 13 14) (2 14 13) (3 15 12) (4 16 11) (5 9 10) (6 10 9) (7 11 8) (8 12 7) (17 29 6) (18 30 5) (21 25 4) (22 26 3) (23 27 2) (24 28 1)
(1 14 14) (2 13 13) (3 16 12) (4 15 11) (5 10 10) (6 9 9) (7 12 8) (8 11 7) (17 30 6) (18 29 5) (21 26 4) (22 25 3) (23 28 2) (24 27 1)
(1 15 14) (2 16 13) (3 13 12) (4 14 11) (5 11 10) (6 12 9) (7 9 8) (8 10 7) (19 29 6) (20 30 5) (21 27 4) (22 28 3) (23 25 2) (24 26 1)
(1 16 14) (2 15 13) (3 14 12) (4 13 11) (5 12 10) (6 11 9) (7 10 8) (8 9 7) (19 30 6) (20 29 5) (21 28 4) (22 27 3) (23 26 2) (24 25 1)
(1 17 28) (2 18 27) (3 19 26) (4 20 25) (5 21 24) (6 22 23) (7 23 22) (8 24 21) (9 25 20) (10 26 19) (11 27 18) (12 28 17) (13 29 16) (14 30 15)
(1 18 28) (2 17 27) (3 20 26) (4 19 25) (5 22 24) (6 21 23) (7 24 22) (8 23 21) (9 26 20) (10 25 19) (11 28 18) (12 27 17) (13 30 16) (14 29 15)
(1 19 28) (2 20 27) (3 17 26) (4 18 25) (5 23 24) (6 24 23) (7 21 22) (8 22 21) (9 27 20) (10 28 19) (11 25 18) (12 26 17) (15 29 16) (16 30 15)
(1 20 28) (2 19 27) (3 18 26) (4 17 25) (5 24 24) (6 23 23) (7 22 22) (8 21 21) (9 28 20) (10 27 19) (11 26 18) (12 25 17) (15 30 16) (16 29 15)
(1 21 28) (2 22 27) (3 23 26) (4 24 25) (5 17 24) (6 18 23) (7 19 22) (8 20 21) (9 29 20) (10 30 19) (13 25 18) (14 26 17) (15 27 16) (16 28 15)
(1 22 28) (2 21 27) (3 24 26) (4 23 25) (5 18 24) (6 17 23) (7 20 22) (8 19 21) (9 30 20) (10 29 19) (13 26 18) (14 25 17) (15 28 16) (16 27 15)
(1 23 28) (2 24 27) (3 21 26) (4 22 25) (5 19 24) (6 20 23) (7 17 22) (8 18 21) (11 29 20) (12 30 19) (13 27 18) (14 28 17) (15 25 16) (16 26 15)
(1 24 28) (2 23 27) (3 22 26) (4 21 25) (5 20 24) (6 19 23) (7 18 22) (8 17 21) (11 30 20) (12 29 19) (13 28 18) (14 27 17) (15 26 16) (16 25 15)
(1 25 28) (2 26 27) (3 27 26) (4 28 25) (5 29 24) (6 30 23) (9 17 22) (10 18 21) (11 19 20) (12 20 19) (13 21 18) (14 22 17) (15 23 16) (16 24 15)
(1 26 28) (2 25 27) (3 28 26) (4 27 25) (5 30 24) (6 29 23) (9 18 22) (10 17 21) (11 20 20) (12 19 19) (13 22 18) (14 21 17) (15 24 16) (16 23 15)
(1 27 28) (2 28 27) (3 25 26) (4 26 25) (7 29 24) (8 30 23) (9 19 22) (10 20 21) (11 17 20) (12 18 19) (13 23 18) (14 24 17) (15 21 16) (16 22 15)
(1 28 28) (2 27 27) (3 26 26) (4 25 25) (7 30 24) (8 29 23) (9 20 22) (10 19 21) (11 18 20) (12 17 19) (13 24 18) (14 23 17) (15 22 16) (16 21 15)
(1 29 28) (2 30 27) (5 25 26) (6 26 25) (7 27 24) (8 28 23) (9 21 22) (10 22 21) (11 23 20) (12 24 19) (13 17 18) (14 18 17) (15 19 16) (16 20 15)
(1 30 28) (2 29 27) (5 26 26) (6 25 25) (7 28 24) (8 27 23) (9 22 22) (10 21 21) (11 24 20) (12 23 19) (13 18 18) (14 17 17) (15 20 16) (16 19 15)
