bdssuz
bdsszu
bdsusz
bdsuzs
bdszsu
bdszus
bdussz
bduszs
bduzss
bdzssu
bdzsus
bdzuss
bsdsuz
bsdszu
bsdusz
bsduzs
bsdzsu
bsdzus
bssduz
bssdzu
bssudz
bssuzd
bsszdu
bsszud
bsudsz
bsudzs
bsusdz
bsuszd
bsuzds
bsuzsd
bszdsu
bszdus
bszsdu
bszsud
bszuds
bszusd
budssz
budszs
budzss
busdsz
busdzs
bussdz
busszd
buszds
buszsd
buzdss
buzsds
buzssd
bzdssu
bzdsus
bzduss
bzsdsu
bzsdus
bzssdu
bzssud
bzsuds
bzsusd
bzudss
bzusds
bzussd
dbssuz
dbsszu
dbsusz
dbsuzs
dbszsu
dbszus
dbussz
dbuszs
dbuzss
dbzssu
dbzsus
dbzuss
dsbsuz
dsbszu
dsbusz
dsbuzs
dsbzsu
dsbzus
dssbuz
dssbzu
dssubz
dssuzb
dsszbu
dsszub
dsubsz
dsubzs
dsusbz
dsuszb
dsuzbs
dsuzsb
dszbsu
dszbus
dszsbu
dszsub
dszubs
dszusb
dubssz
dubszs
dubzss
dusbsz
dusbzs
dussbz
dusszb
duszbs
duszsb
duzbss
duzsbs
duzssb
dzbssu
dzbsus
dzbuss
dzsbsu
dzsbus
dzssbu
dzssub
dzsubs
dzsusb
dzubss
dzusbs
dzussb
sbdsuz
sbdszu
sbdusz
sbduzs
sbdzsu
sbdzus
sbsduz
sbsdzu
sbsudz
sbsuzd
sbszdu
sbszud
sbudsz
sbudzs
sbusdz
sbuszd
sbuzds
sbuzsd
sbzdsu
sbzdus
sbzsdu
sbzsud
sbzuds
sbzusd
sdbsuz
sdbszu
sdbusz
sdbuzs
sdbzsu
sdbzus
sdsbuz
sdsbzu
sdsubz
sdsuzb
sdszbu
sdszub
sdubsz
sdubzs
sdusbz
sduszb
sduzbs
sduzsb
sdzbsu
sdzbus
sdzsbu
sdzsub
sdzubs
sdzusb
ssbduz
ssbdzu
ssbudz
ssbuzd
ssbzdu
ssbzud
ssdbuz
ssdbzu
ssdubz
ssduzb
ssdzbu
ssdzub
ssubdz
ssubzd
ssudbz
ssudzb
ssuzbd
ssuzdb
sszbdu
sszbud
sszdbu
sszdub
sszubd
sszudb
subdsz
subdzs
subsdz
subszd
subzds
subzsd
sudbsz
sudbzs
sudsbz
sudszb
sudzbs
sudzsb
susbdz
susbzd
susdbz
susdzb
suszbd
suszdb
suzbds
suzbsd
suzdbs
suzdsb
suzsbd
suzsdb
szbdsu
szbdus
szbsdu
szbsud
szbuds
szbusd
szdbsu
szdbus
szdsbu
szdsub
szdubs
szdusb
szsbdu
szsbud
szsdbu
szsdub
szsubd
szsudb
szubds
szubsd
szudbs
szudsb
szusbd
szusdb
ubdssz
ubdszs
ubdzss
ubsdsz
ubsdzs
ubssdz
ubsszd
ubszds
ubszsd
ubzdss
ubzsds
ubzssd
udbssz
udbszs
udbzss
udsbsz
udsbzs
udssbz
udsszb
udszbs
udszsb
udzbss
udzsbs
udzssb
usbdsz
usbdzs
usbsdz
usbszd
usbzds
usbzsd
usdbsz
usdbzs
usdsbz
usdszb
usdzbs
usdzsb
ussbdz
ussbzd
ussdbz
ussdzb
usszbd
usszdb
uszbds
uszbsd
uszdbs
uszdsb
uszsbd
uszsdb
uzbdss
uzbsds
uzbssd
uzdbss
uzdsbs
uzdssb
uzsbds
uzsbsd
uzsdbs
uzsdsb
uzssbd
uzssdb
zbdssu
zbdsus
zbduss
zbsdsu
zbsdus
zbssdu
zbssud
zbsuds
zbsusd
zbudss
zbusds
zbussd
zdbssu
zdbsus
zdbuss
zdsbsu
zdsbus
zdssbu
zdssub
zdsubs
zdsusb
zdubss
zdusbs
zdussb
zsbdsu
zsbdus
zsbsdu
zsbsud
zsbuds
zsbusd
zsdbsu
zsdbus
zsdsbu
zsdsub
zsdubs
zsdusb
zssbdu
zssbud
zssdbu
zssdub
zssubd
zssudb
zsubds
zsubsd
zsudbs
zsudsb
zsusbd
zsusdb
zubdss
zubsds
zubssd
zudbss
zudsbs
zudssb
zusbds
zusbsd
zusdbs
zusdsb
zussbd
zussdb
