bdppssuz
bdppsszu
bdppsusz
bdppsuzs
bdppszsu
bdppszus
bdppussz
bdppuszs
bdppuzss
bdppzssu
bdppzsus
bdppzuss
bdpspsuz
bdpspszu
bdpspusz
bdpspuzs
bdpspzsu
bdpspzus
bdpsspuz
bdpsspzu
bdpssupz
bdpssuzp
bdpsszpu
bdpsszup
bdpsupsz
bdpsupzs
bdpsuspz
bdpsuszp
bdpsuzps
bdpsuzsp
bdpszpsu
bdpszpus
bdpszspu
bdpszsup
bdpszups
bdpszusp
bdpupssz
bdpupszs
bdpupzss
bdpuspsz
bdpuspzs
bdpusspz
bdpusszp
bdpuszps
bdpuszsp
bdpuzpss
bdpuzsps
bdpuzssp
bdpzpssu
bdpzpsus
bdpzpuss
bdpzspsu
bdpzspus
bdpzsspu
bdpzssup
bdpzsups
bdpzsusp
bdpzupss
bdpzusps
bdpzussp
bdsppsuz
bdsppszu
bdsppusz
bdsppuzs
bdsppzsu
bdsppzus
bdspspuz
bdspspzu
bdspsupz
bdspsuzp
bdspszpu
bdspszup
bdspupsz
bdspupzs
bdspuspz
bdspuszp
bdspuzps
bdspuzsp
bdspzpsu
bdspzpus
bdspzspu
bdspzsup
bdspzups
bdspzusp
bdssppuz
bdssppzu
bdsspupz
bdsspuzp
bdsspzpu
bdsspzup
bdssuppz
bdssupzp
bdssuzpp
bdsszppu
bdsszpup
bdsszupp
bdsuppsz
bdsuppzs
bdsupspz
bdsupszp
bdsupzps
bdsupzsp
bdsusppz
bdsuspzp
bdsuszpp
bdsuzpps
bdsuzpsp
bdsuzspp
bdszppsu
bdszppus
bdszpspu
bdszpsup
bdszpups
bdszpusp
bdszsppu
bdszspup
bdszsupp
bdszupps
bdszupsp
bdszuspp
bduppssz
bduppszs
bduppzss
bdupspsz
bdupspzs
bdupsspz
bdupsszp
bdupszps
bdupszsp
bdupzpss
bdupzsps
bdupzssp
bdusppsz
bdusppzs
bduspspz
bduspszp
bduspzps
bduspzsp
bdussppz
bdusspzp
bdusszpp
bduszpps
bduszpsp
bduszspp
bduzppss
bduzpsps
bduzpssp
bduzspps
bduzspsp
bduzsspp
bdzppssu
bdzppsus
bdzppuss
bdzpspsu
bdzpspus
bdzpsspu
bdzpssup
bdzpsups
bdzpsusp
bdzpupss
bdzpusps
bdzpussp
bdzsppsu
bdzsppus
bdzspspu
bdzspsup
bdzspups
bdzspusp
bdzssppu
bdzsspup
bdzssupp
bdzsupps
bdzsupsp
bdzsuspp
bdzuppss
bdzupsps
bdzupssp
bdzuspps
bdzuspsp
bdzusspp
bpdpssuz
bpdpsszu
bpdpsusz
bpdpsuzs
bpdpszsu
bpdpszus
bpdpussz
bpdpuszs
bpdpuzss
bpdpzssu
bpdpzsus
bpdpzuss
bpdspsuz
bpdspszu
bpdspusz
bpdspuzs
bpdspzsu
bpdspzus
bpdsspuz
bpdsspzu
bpdssupz
bpdssuzp
bpdsszpu
bpdsszup
bpdsupsz
bpdsupzs
bpdsuspz
bpdsuszp
bpdsuzps
bpdsuzsp
bpdszpsu
bpdszpus
bpdszspu
bpdszsup
bpdszups
bpdszusp
bpdupssz
bpdupszs
bpdupzss
bpduspsz
bpduspzs
bpdusspz
bpdusszp
bpduszps
bpduszsp
bpduzpss
bpduzsps
bpduzssp
bpdzpssu
bpdzpsus
bpdzpuss
bpdzspsu
bpdzspus
bpdzsspu
bpdzssup
bpdzsups
bpdzsusp
bpdzupss
bpdzusps
bpdzussp
bppdssuz
bppdsszu
bppdsusz
bppdsuzs
bppdszsu
bppdszus
bppdussz
bppduszs
bppduzss
bppdzssu
bppdzsus
bppdzuss
bppsdsuz
bppsdszu
bppsdusz
bppsduzs
bppsdzsu
bppsdzus
bppssduz
bppssdzu
bppssudz
bppssuzd
bppsszdu
bppsszud
bppsudsz
bppsudzs
bppsusdz
bppsuszd
bppsuzds
bppsuzsd
bppszdsu
bppszdus
bppszsdu
bppszsud
bppszuds
bppszusd
bppudssz
bppudszs
bppudzss
bppusdsz
bppusdzs
bppussdz
bppusszd
bppuszds
bppuszsd
bppuzdss
bppuzsds
bppuzssd
bppzdssu
bppzdsus
bppzduss
bppzsdsu
bppzsdus
bppzssdu
bppzssud
bppzsuds
bppzsusd
bppzudss
bppzusds
bppzussd
bpsdpsuz
bpsdpszu
bpsdpusz
bpsdpuzs
bpsdpzsu
bpsdpzus
bpsdspuz
bpsdspzu
bpsdsupz
bpsdsuzp
bpsdszpu
bpsdszup
bpsdupsz
bpsdupzs
bpsduspz
bpsduszp
bpsduzps
bpsduzsp
bpsdzpsu
bpsdzpus
bpsdzspu
bpsdzsup
bpsdzups
bpsdzusp
bpspdsuz
bpspdszu
bpspdusz
bpspduzs
bpspdzsu
bpspdzus
bpspsduz
bpspsdzu
bpspsudz
bpspsuzd
bpspszdu
bpspszud
bpspudsz
bpspudzs
bpspusdz
bpspuszd
bpspuzds
bpspuzsd
bpspzdsu
bpspzdus
bpspzsdu
bpspzsud
bpspzuds
bpspzusd
bpssdpuz
bpssdpzu
bpssdupz
bpssduzp
bpssdzpu
bpssdzup
bpsspduz
bpsspdzu
bpsspudz
bpsspuzd
bpsspzdu
bpsspzud
bpssudpz
bpssudzp
bpssupdz
bpssupzd
bpssuzdp
bpssuzpd
bpsszdpu
bpsszdup
bpsszpdu
bpsszpud
bpsszudp
bpsszupd
bpsudpsz
bpsudpzs
bpsudspz
bpsudszp
bpsudzps
bpsudzsp
bpsupdsz
bpsupdzs
bpsupsdz
bpsupszd
bpsupzds
bpsupzsd
bpsusdpz
bpsusdzp
bpsuspdz
bpsuspzd
bpsuszdp
bpsuszpd
bpsuzdps
bpsuzdsp
bpsuzpds
bpsuzpsd
bpsuzsdp
bpsuzspd
bpszdpsu
bpszdpus
bpszdspu
bpszdsup
bpszdups
bpszdusp
bpszpdsu
bpszpdus
bpszpsdu
bpszpsud
bpszpuds
bpszpusd
bpszsdpu
bpszsdup
bpszspdu
bpszspud
bpszsudp
bpszsupd
bpszudps
bpszudsp
bpszupds
bpszupsd
bpszusdp
bpszuspd
bpudpssz
bpudpszs
bpudpzss
bpudspsz
bpudspzs
bpudsspz
bpudsszp
bpudszps
bpudszsp
bpudzpss
bpudzsps
bpudzssp
bpupdssz
bpupdszs
bpupdzss
bpupsdsz
bpupsdzs
bpupssdz
bpupsszd
bpupszds
bpupszsd
bpupzdss
bpupzsds
bpupzssd
bpusdpsz
bpusdpzs
bpusdspz
bpusdszp
bpusdzps
bpusdzsp
bpuspdsz
bpuspdzs
bpuspsdz
bpuspszd
bpuspzds
bpuspzsd
bpussdpz
bpussdzp
bpusspdz
bpusspzd
bpusszdp
bpusszpd
bpuszdps
bpuszdsp
bpuszpds
bpuszpsd
bpuszsdp
bpuszspd
bpuzdpss
bpuzdsps
bpuzdssp
bpuzpdss
bpuzpsds
bpuzpssd
bpuzsdps
bpuzsdsp
bpuzspds
bpuzspsd
bpuzssdp
bpuzsspd
bpzdpssu
bpzdpsus
bpzdpuss
bpzdspsu
bpzdspus
bpzdsspu
bpzdssup
bpzdsups
bpzdsusp
bpzdupss
bpzdusps
bpzdussp
bpzpdssu
bpzpdsus
bpzpduss
bpzpsdsu
bpzpsdus
bpzpssdu
bpzpssud
bpzpsuds
bpzpsusd
bpzpudss
bpzpusds
bpzpussd
bpzsdpsu
bpzsdpus
bpzsdspu
bpzsdsup
bpzsdups
bpzsdusp
bpzspdsu
bpzspdus
bpzspsdu
bpzspsud
bpzspuds
bpzspusd
bpzssdpu
bpzssdup
bpzsspdu
bpzsspud
bpzssudp
bpzssupd
bpzsudps
bpzsudsp
bpzsupds
bpzsupsd
bpzsusdp
bpzsuspd
bpzudpss
bpzudsps
bpzudssp
bpzupdss
bpzupsds
bpzupssd
bpzusdps
bpzusdsp
bpzuspds
bpzuspsd
bpzussdp
bpzusspd
bsdppsuz
bsdppszu
bsdppusz
bsdppuzs
bsdppzsu
bsdppzus
bsdpspuz
bsdpspzu
bsdpsupz
bsdpsuzp
bsdpszpu
bsdpszup
bsdpupsz
bsdpupzs
bsdpuspz
bsdpuszp
bsdpuzps
bsdpuzsp
bsdpzpsu
bsdpzpus
bsdpzspu
bsdpzsup
bsdpzups
bsdpzusp
bsdsppuz
bsdsppzu
bsdspupz
bsdspuzp
bsdspzpu
bsdspzup
bsdsuppz
bsdsupzp
bsdsuzpp
bsdszppu
bsdszpup
bsdszupp
bsduppsz
bsduppzs
bsdupspz
bsdupszp
bsdupzps
bsdupzsp
bsdusppz
bsduspzp
bsduszpp
bsduzpps
bsduzpsp
bsduzspp
bsdzppsu
bsdzppus
bsdzpspu
bsdzpsup
bsdzpups
bsdzpusp
bsdzsppu
bsdzspup
bsdzsupp
bsdzupps
bsdzupsp
bsdzuspp
bspdpsuz
bspdpszu
bspdpusz
bspdpuzs
bspdpzsu
bspdpzus
bspdspuz
bspdspzu
bspdsupz
bspdsuzp
bspdszpu
bspdszup
bspdupsz
bspdupzs
bspduspz
bspduszp
bspduzps
bspduzsp
bspdzpsu
bspdzpus
bspdzspu
bspdzsup
bspdzups
bspdzusp
bsppdsuz
bsppdszu
bsppdusz
bsppduzs
bsppdzsu
bsppdzus
bsppsduz
bsppsdzu
bsppsudz
bsppsuzd
bsppszdu
bsppszud
bsppudsz
bsppudzs
bsppusdz
bsppuszd
bsppuzds
bsppuzsd
bsppzdsu
bsppzdus
bsppzsdu
bsppzsud
bsppzuds
bsppzusd
bspsdpuz
bspsdpzu
bspsdupz
bspsduzp
bspsdzpu
bspsdzup
bspspduz
bspspdzu
bspspudz
bspspuzd
bspspzdu
bspspzud
bspsudpz
bspsudzp
bspsupdz
bspsupzd
bspsuzdp
bspsuzpd
bspszdpu
bspszdup
bspszpdu
bspszpud
bspszudp
bspszupd
bspudpsz
bspudpzs
bspudspz
bspudszp
bspudzps
bspudzsp
bspupdsz
bspupdzs
bspupsdz
bspupszd
bspupzds
bspupzsd
bspusdpz
bspusdzp
bspuspdz
bspuspzd
bspuszdp
bspuszpd
bspuzdps
bspuzdsp
bspuzpds
bspuzpsd
bspuzsdp
bspuzspd
bspzdpsu
bspzdpus
bspzdspu
bspzdsup
bspzdups
bspzdusp
bspzpdsu
bspzpdus
bspzpsdu
bspzpsud
bspzpuds
bspzpusd
bspzsdpu
bspzsdup
bspzspdu
bspzspud
bspzsudp
bspzsupd
bspzudps
bspzudsp
bspzupds
bspzupsd
bspzusdp
bspzuspd
bssdppuz
bssdppzu
bssdpupz
bssdpuzp
bssdpzpu
bssdpzup
bssduppz
bssdupzp
bssduzpp
bssdzppu
bssdzpup
bssdzupp
bsspdpuz
bsspdpzu
bsspdupz
bsspduzp
bsspdzpu
bsspdzup
bssppduz
bssppdzu
bssppudz
bssppuzd
bssppzdu
bssppzud
bsspudpz
bsspudzp
bsspupdz
bsspupzd
bsspuzdp
bsspuzpd
bsspzdpu
bsspzdup
bsspzpdu
bsspzpud
bsspzudp
bsspzupd
bssudppz
bssudpzp
bssudzpp
bssupdpz
bssupdzp
bssuppdz
bssuppzd
bssupzdp
bssupzpd
bssuzdpp
bssuzpdp
bssuzppd
bsszdppu
bsszdpup
bsszdupp
bsszpdpu
bsszpdup
bsszppdu
bsszppud
bsszpudp
bsszpupd
bsszudpp
bsszupdp
bsszuppd
bsudppsz
bsudppzs
bsudpspz
bsudpszp
bsudpzps
bsudpzsp
bsudsppz
bsudspzp
bsudszpp
bsudzpps
bsudzpsp
bsudzspp
bsupdpsz
bsupdpzs
bsupdspz
bsupdszp
bsupdzps
bsupdzsp
bsuppdsz
bsuppdzs
bsuppsdz
bsuppszd
bsuppzds
bsuppzsd
bsupsdpz
bsupsdzp
bsupspdz
bsupspzd
bsupszdp
bsupszpd
bsupzdps
bsupzdsp
bsupzpds
bsupzpsd
bsupzsdp
bsupzspd
bsusdppz
bsusdpzp
bsusdzpp
bsuspdpz
bsuspdzp
bsusppdz
bsusppzd
bsuspzdp
bsuspzpd
bsuszdpp
bsuszpdp
bsuszppd
bsuzdpps
bsuzdpsp
bsuzdspp
bsuzpdps
bsuzpdsp
bsuzppds
bsuzppsd
bsuzpsdp
bsuzpspd
bsuzsdpp
bsuzspdp
bsuzsppd
bszdppsu
bszdppus
bszdpspu
bszdpsup
bszdpups
bszdpusp
bszdsppu
bszdspup
bszdsupp
bszdupps
bszdupsp
bszduspp
bszpdpsu
bszpdpus
bszpdspu
bszpdsup
bszpdups
bszpdusp
bszppdsu
bszppdus
bszppsdu
bszppsud
bszppuds
bszppusd
bszpsdpu
bszpsdup
bszpspdu
bszpspud
bszpsudp
bszpsupd
bszpudps
bszpudsp
bszpupds
bszpupsd
bszpusdp
bszpuspd
bszsdppu
bszsdpup
bszsdupp
bszspdpu
bszspdup
bszsppdu
bszsppud
bszspudp
bszspupd
bszsudpp
bszsupdp
bszsuppd
bszudpps
bszudpsp
bszudspp
bszupdps
bszupdsp
bszuppds
bszuppsd
bszupsdp
bszupspd
bszusdpp
bszuspdp
bszusppd
budppssz
budppszs
budppzss
budpspsz
budpspzs
budpsspz
budpsszp
budpszps
budpszsp
budpzpss
budpzsps
budpzssp
budsppsz
budsppzs
budspspz
budspszp
budspzps
budspzsp
budssppz
budsspzp
budsszpp
budszpps
budszpsp
budszspp
budzppss
budzpsps
budzpssp
budzspps
budzspsp
budzsspp
bupdpssz
bupdpszs
bupdpzss
bupdspsz
bupdspzs
bupdsspz
bupdsszp
bupdszps
bupdszsp
bupdzpss
bupdzsps
bupdzssp
buppdssz
buppdszs
buppdzss
buppsdsz
buppsdzs
buppssdz
buppsszd
buppszds
buppszsd
buppzdss
buppzsds
buppzssd
bupsdpsz
bupsdpzs
bupsdspz
bupsdszp
bupsdzps
bupsdzsp
bupspdsz
bupspdzs
bupspsdz
bupspszd
bupspzds
bupspzsd
bupssdpz
bupssdzp
bupsspdz
bupsspzd
bupsszdp
bupsszpd
bupszdps
bupszdsp
bupszpds
bupszpsd
bupszsdp
bupszspd
bupzdpss
bupzdsps
bupzdssp
bupzpdss
bupzpsds
bupzpssd
bupzsdps
bupzsdsp
bupzspds
bupzspsd
bupzssdp
bupzsspd
busdppsz
busdppzs
busdpspz
busdpszp
busdpzps
busdpzsp
busdsppz
busdspzp
busdszpp
busdzpps
busdzpsp
busdzspp
buspdpsz
buspdpzs
buspdspz
buspdszp
buspdzps
buspdzsp
busppdsz
busppdzs
busppsdz
busppszd
busppzds
busppzsd
buspsdpz
buspsdzp
buspspdz
buspspzd
buspszdp
buspszpd
buspzdps
buspzdsp
buspzpds
buspzpsd
buspzsdp
buspzspd
bussdppz
bussdpzp
bussdzpp
busspdpz
busspdzp
bussppdz
bussppzd
busspzdp
busspzpd
busszdpp
busszpdp
busszppd
buszdpps
buszdpsp
buszdspp
buszpdps
buszpdsp
buszppds
buszppsd
buszpsdp
buszpspd
buszsdpp
buszspdp
buszsppd
buzdppss
buzdpsps
buzdpssp
buzdspps
buzdspsp
buzdsspp
buzpdpss
buzpdsps
buzpdssp
buzppdss
buzppsds
buzppssd
buzpsdps
buzpsdsp
buzpspds
buzpspsd
buzpssdp
buzpsspd
buzsdpps
buzsdpsp
buzsdspp
buzspdps
buzspdsp
buzsppds
buzsppsd
buzspsdp
buzspspd
buzssdpp
buzsspdp
buzssppd
bzdppssu
bzdppsus
bzdppuss
bzdpspsu
bzdpspus
bzdpsspu
bzdpssup
bzdpsups
bzdpsusp
bzdpupss
bzdpusps
bzdpussp
bzdsppsu
bzdsppus
bzdspspu
bzdspsup
bzdspups
bzdspusp
bzdssppu
bzdsspup
bzdssupp
bzdsupps
bzdsupsp
bzdsuspp
bzduppss
bzdupsps
bzdupssp
bzduspps
bzduspsp
bzdusspp
bzpdpssu
bzpdpsus
bzpdpuss
bzpdspsu
bzpdspus
bzpdsspu
bzpdssup
bzpdsups
bzpdsusp
bzpdupss
bzpdusps
bzpdussp
bzppdssu
bzppdsus
bzppduss
bzppsdsu
bzppsdus
bzppssdu
bzppssud
bzppsuds
bzppsusd
bzppudss
bzppusds
bzppussd
bzpsdpsu
bzpsdpus
bzpsdspu
bzpsdsup
bzpsdups
bzpsdusp
bzpspdsu
bzpspdus
bzpspsdu
bzpspsud
bzpspuds
bzpspusd
bzpssdpu
bzpssdup
bzpsspdu
bzpsspud
bzpssudp
bzpssupd
bzpsudps
bzpsudsp
bzpsupds
bzpsupsd
bzpsusdp
bzpsuspd
bzpudpss
bzpudsps
bzpudssp
bzpupdss
bzpupsds
bzpupssd
bzpusdps
bzpusdsp
bzpuspds
bzpuspsd
bzpussdp
bzpusspd
bzsdppsu
bzsdppus
bzsdpspu
bzsdpsup
bzsdpups
bzsdpusp
bzsdsppu
bzsdspup
bzsdsupp
bzsdupps
bzsdupsp
bzsduspp
bzspdpsu
bzspdpus
bzspdspu
bzspdsup
bzspdups
bzspdusp
bzsppdsu
bzsppdus
bzsppsdu
bzsppsud
bzsppuds
bzsppusd
bzspsdpu
bzspsdup
bzspspdu
bzspspud
bzspsudp
bzspsupd
bzspudps
bzspudsp
bzspupds
bzspupsd
bzspusdp
bzspuspd
bzssdppu
bzssdpup
bzssdupp
bzsspdpu
bzsspdup
bzssppdu
bzssppud
bzsspudp
bzsspupd
bzssudpp
bzssupdp
bzssuppd
bzsudpps
bzsudpsp
bzsudspp
bzsupdps
bzsupdsp
bzsuppds
bzsuppsd
bzsupsdp
bzsupspd
bzsusdpp
bzsuspdp
bzsusppd
bzudppss
bzudpsps
bzudpssp
bzudspps
bzudspsp
bzudsspp
bzupdpss
bzupdsps
bzupdssp
bzuppdss
bzuppsds
bzuppssd
bzupsdps
bzupsdsp
bzupspds
bzupspsd
bzupssdp
bzupsspd
bzusdpps
bzusdpsp
bzusdspp
bzuspdps
bzuspdsp
bzusppds
bzusppsd
bzuspsdp
bzuspspd
bzussdpp
bzusspdp
bzussppd
dbppssuz
dbppsszu
dbppsusz
dbppsuzs
dbppszsu
dbppszus
dbppussz
dbppuszs
dbppuzss
dbppzssu
dbppzsus
dbppzuss
dbpspsuz
dbpspszu
dbpspusz
dbpspuzs
dbpspzsu
dbpspzus
dbpsspuz
dbpsspzu
dbpssupz
dbpssuzp
dbpsszpu
dbpsszup
dbpsupsz
dbpsupzs
dbpsuspz
dbpsuszp
dbpsuzps
dbpsuzsp
dbpszpsu
dbpszpus
dbpszspu
dbpszsup
dbpszups
dbpszusp
dbpupssz
dbpupszs
dbpupzss
dbpuspsz
dbpuspzs
dbpusspz
dbpusszp
dbpuszps
dbpuszsp
dbpuzpss
dbpuzsps
dbpuzssp
dbpzpssu
dbpzpsus
dbpzpuss
dbpzspsu
dbpzspus
dbpzsspu
dbpzssup
dbpzsups
dbpzsusp
dbpzupss
dbpzusps
dbpzussp
dbsppsuz
dbsppszu
dbsppusz
dbsppuzs
dbsppzsu
dbsppzus
dbspspuz
dbspspzu
dbspsupz
dbspsuzp
dbspszpu
dbspszup
dbspupsz
dbspupzs
dbspuspz
dbspuszp
dbspuzps
dbspuzsp
dbspzpsu
dbspzpus
dbspzspu
dbspzsup
dbspzups
dbspzusp
dbssppuz
dbssppzu
dbsspupz
dbsspuzp
dbsspzpu
dbsspzup
dbssuppz
dbssupzp
dbssuzpp
dbsszppu
dbsszpup
dbsszupp
dbsuppsz
dbsuppzs
dbsupspz
dbsupszp
dbsupzps
dbsupzsp
dbsusppz
dbsuspzp
dbsuszpp
dbsuzpps
dbsuzpsp
dbsuzspp
dbszppsu
dbszppus
dbszpspu
dbszpsup
dbszpups
dbszpusp
dbszsppu
dbszspup
dbszsupp
dbszupps
dbszupsp
dbszuspp
dbuppssz
dbuppszs
dbuppzss
dbupspsz
dbupspzs
dbupsspz
dbupsszp
dbupszps
dbupszsp
dbupzpss
dbupzsps
dbupzssp
dbusppsz
dbusppzs
dbuspspz
dbuspszp
dbuspzps
dbuspzsp
dbussppz
dbusspzp
dbusszpp
dbuszpps
dbuszpsp
dbuszspp
dbuzppss
dbuzpsps
dbuzpssp
dbuzspps
dbuzspsp
dbuzsspp
dbzppssu
dbzppsus
dbzppuss
dbzpspsu
dbzpspus
dbzpsspu
dbzpssup
dbzpsups
dbzpsusp
dbzpupss
dbzpusps
dbzpussp
dbzsppsu
dbzsppus
dbzspspu
dbzspsup
dbzspups
dbzspusp
dbzssppu
dbzsspup
dbzssupp
dbzsupps
dbzsupsp
dbzsuspp
dbzuppss
dbzupsps
dbzupssp
dbzuspps
dbzuspsp
dbzusspp
dpbpssuz
dpbpsszu
dpbpsusz
dpbpsuzs
dpbpszsu
dpbpszus
dpbpussz
dpbpuszs
dpbpuzss
dpbpzssu
dpbpzsus
dpbpzuss
dpbspsuz
dpbspszu
dpbspusz
dpbspuzs
dpbspzsu
dpbspzus
dpbsspuz
dpbsspzu
dpbssupz
dpbssuzp
dpbsszpu
dpbsszup
dpbsupsz
dpbsupzs
dpbsuspz
dpbsuszp
dpbsuzps
dpbsuzsp
dpbszpsu
dpbszpus
dpbszspu
dpbszsup
dpbszups
dpbszusp
dpbupssz
dpbupszs
dpbupzss
dpbuspsz
dpbuspzs
dpbusspz
dpbusszp
dpbuszps
dpbuszsp
dpbuzpss
dpbuzsps
dpbuzssp
dpbzpssu
dpbzpsus
dpbzpuss
dpbzspsu
dpbzspus
dpbzsspu
dpbzssup
dpbzsups
dpbzsusp
dpbzupss
dpbzusps
dpbzussp
dppbssuz
dppbsszu
dppbsusz
dppbsuzs
dppbszsu
dppbszus
dppbussz
dppbuszs
dppbuzss
dppbzssu
dppbzsus
dppbzuss
dppsbsuz
dppsbszu
dppsbusz
dppsbuzs
dppsbzsu
dppsbzus
dppssbuz
dppssbzu
dppssubz
dppssuzb
dppsszbu
dppsszub
dppsubsz
dppsubzs
dppsusbz
dppsuszb
dppsuzbs
dppsuzsb
dppszbsu
dppszbus
dppszsbu
dppszsub
dppszubs
dppszusb
dppubssz
dppubszs
dppubzss
dppusbsz
dppusbzs
dppussbz
dppusszb
dppuszbs
dppuszsb
dppuzbss
dppuzsbs
dppuzssb
dppzbssu
dppzbsus
dppzbuss
dppzsbsu
dppzsbus
dppzssbu
dppzssub
dppzsubs
dppzsusb
dppzubss
dppzusbs
dppzussb
dpsbpsuz
dpsbpszu
dpsbpusz
dpsbpuzs
dpsbpzsu
dpsbpzus
dpsbspuz
dpsbspzu
dpsbsupz
dpsbsuzp
dpsbszpu
dpsbszup
dpsbupsz
dpsbupzs
dpsbuspz
dpsbuszp
dpsbuzps
dpsbuzsp
dpsbzpsu
dpsbzpus
dpsbzspu
dpsbzsup
dpsbzups
dpsbzusp
dpspbsuz
dpspbszu
dpspbusz
dpspbuzs
dpspbzsu
dpspbzus
dpspsbuz
dpspsbzu
dpspsubz
dpspsuzb
dpspszbu
dpspszub
dpspubsz
dpspubzs
dpspusbz
dpspuszb
dpspuzbs
dpspuzsb
dpspzbsu
dpspzbus
dpspzsbu
dpspzsub
dpspzubs
dpspzusb
dpssbpuz
dpssbpzu
dpssbupz
dpssbuzp
dpssbzpu
dpssbzup
dpsspbuz
dpsspbzu
dpsspubz
dpsspuzb
dpsspzbu
dpsspzub
dpssubpz
dpssubzp
dpssupbz
dpssupzb
dpssuzbp
dpssuzpb
dpsszbpu
dpsszbup
dpsszpbu
dpsszpub
dpsszubp
dpsszupb
dpsubpsz
dpsubpzs
dpsubspz
dpsubszp
dpsubzps
dpsubzsp
dpsupbsz
dpsupbzs
dpsupsbz
dpsupszb
dpsupzbs
dpsupzsb
dpsusbpz
dpsusbzp
dpsuspbz
dpsuspzb
dpsuszbp
dpsuszpb
dpsuzbps
dpsuzbsp
dpsuzpbs
dpsuzpsb
dpsuzsbp
dpsuzspb
dpszbpsu
dpszbpus
dpszbspu
dpszbsup
dpszbups
dpszbusp
dpszpbsu
dpszpbus
dpszpsbu
dpszpsub
dpszpubs
dpszpusb
dpszsbpu
dpszsbup
dpszspbu
dpszspub
dpszsubp
dpszsupb
dpszubps
dpszubsp
dpszupbs
dpszupsb
dpszusbp
dpszuspb
dpubpssz
dpubpszs
dpubpzss
dpubspsz
dpubspzs
dpubsspz
dpubsszp
dpubszps
dpubszsp
dpubzpss
dpubzsps
dpubzssp
dpupbssz
dpupbszs
dpupbzss
dpupsbsz
dpupsbzs
dpupssbz
dpupsszb
dpupszbs
dpupszsb
dpupzbss
dpupzsbs
dpupzssb
dpusbpsz
dpusbpzs
dpusbspz
dpusbszp
dpusbzps
dpusbzsp
dpuspbsz
dpuspbzs
dpuspsbz
dpuspszb
dpuspzbs
dpuspzsb
dpussbpz
dpussbzp
dpusspbz
dpusspzb
dpusszbp
dpusszpb
dpuszbps
dpuszbsp
dpuszpbs
dpuszpsb
dpuszsbp
dpuszspb
dpuzbpss
dpuzbsps
dpuzbssp
dpuzpbss
dpuzpsbs
dpuzpssb
dpuzsbps
dpuzsbsp
dpuzspbs
dpuzspsb
dpuzssbp
dpuzsspb
dpzbpssu
dpzbpsus
dpzbpuss
dpzbspsu
dpzbspus
dpzbsspu
dpzbssup
dpzbsups
dpzbsusp
dpzbupss
dpzbusps
dpzbussp
dpzpbssu
dpzpbsus
dpzpbuss
dpzpsbsu
dpzpsbus
dpzpssbu
dpzpssub
dpzpsubs
dpzpsusb
dpzpubss
dpzpusbs
dpzpussb
dpzsbpsu
dpzsbpus
dpzsbspu
dpzsbsup
dpzsbups
dpzsbusp
dpzspbsu
dpzspbus
dpzspsbu
dpzspsub
dpzspubs
dpzspusb
dpzssbpu
dpzssbup
dpzsspbu
dpzsspub
dpzssubp
dpzssupb
dpzsubps
dpzsubsp
dpzsupbs
dpzsupsb
dpzsusbp
dpzsuspb
dpzubpss
dpzubsps
dpzubssp
dpzupbss
dpzupsbs
dpzupssb
dpzusbps
dpzusbsp
dpzuspbs
dpzuspsb
dpzussbp
dpzusspb
dsbppsuz
dsbppszu
dsbppusz
dsbppuzs
dsbppzsu
dsbppzus
dsbpspuz
dsbpspzu
dsbpsupz
dsbpsuzp
dsbpszpu
dsbpszup
dsbpupsz
dsbpupzs
dsbpuspz
dsbpuszp
dsbpuzps
dsbpuzsp
dsbpzpsu
dsbpzpus
dsbpzspu
dsbpzsup
dsbpzups
dsbpzusp
dsbsppuz
dsbsppzu
dsbspupz
dsbspuzp
dsbspzpu
dsbspzup
dsbsuppz
dsbsupzp
dsbsuzpp
dsbszppu
dsbszpup
dsbszupp
dsbuppsz
dsbuppzs
dsbupspz
dsbupszp
dsbupzps
dsbupzsp
dsbusppz
dsbuspzp
dsbuszpp
dsbuzpps
dsbuzpsp
dsbuzspp
dsbzppsu
dsbzppus
dsbzpspu
dsbzpsup
dsbzpups
dsbzpusp
dsbzsppu
dsbzspup
dsbzsupp
dsbzupps
dsbzupsp
dsbzuspp
dspbpsuz
dspbpszu
dspbpusz
dspbpuzs
dspbpzsu
dspbpzus
dspbspuz
dspbspzu
dspbsupz
dspbsuzp
dspbszpu
dspbszup
dspbupsz
dspbupzs
dspbuspz
dspbuszp
dspbuzps
dspbuzsp
dspbzpsu
dspbzpus
dspbzspu
dspbzsup
dspbzups
dspbzusp
dsppbsuz
dsppbszu
dsppbusz
dsppbuzs
dsppbzsu
dsppbzus
dsppsbuz
dsppsbzu
dsppsubz
dsppsuzb
dsppszbu
dsppszub
dsppubsz
dsppubzs
dsppusbz
dsppuszb
dsppuzbs
dsppuzsb
dsppzbsu
dsppzbus
dsppzsbu
dsppzsub
dsppzubs
dsppzusb
dspsbpuz
dspsbpzu
dspsbupz
dspsbuzp
dspsbzpu
dspsbzup
dspspbuz
dspspbzu
dspspubz
dspspuzb
dspspzbu
dspspzub
dspsubpz
dspsubzp
dspsupbz
dspsupzb
dspsuzbp
dspsuzpb
dspszbpu
dspszbup
dspszpbu
dspszpub
dspszubp
dspszupb
dspubpsz
dspubpzs
dspubspz
dspubszp
dspubzps
dspubzsp
dspupbsz
dspupbzs
dspupsbz
dspupszb
dspupzbs
dspupzsb
dspusbpz
dspusbzp
dspuspbz
dspuspzb
dspuszbp
dspuszpb
dspuzbps
dspuzbsp
dspuzpbs
dspuzpsb
dspuzsbp
dspuzspb
dspzbpsu
dspzbpus
dspzbspu
dspzbsup
dspzbups
dspzbusp
dspzpbsu
dspzpbus
dspzpsbu
dspzpsub
dspzpubs
dspzpusb
dspzsbpu
dspzsbup
dspzspbu
dspzspub
dspzsubp
dspzsupb
dspzubps
dspzubsp
dspzupbs
dspzupsb
dspzusbp
dspzuspb
dssbppuz
dssbppzu
dssbpupz
dssbpuzp
dssbpzpu
dssbpzup
dssbuppz
dssbupzp
dssbuzpp
dssbzppu
dssbzpup
dssbzupp
dsspbpuz
dsspbpzu
dsspbupz
dsspbuzp
dsspbzpu
dsspbzup
dssppbuz
dssppbzu
dssppubz
dssppuzb
dssppzbu
dssppzub
dsspubpz
dsspubzp
dsspupbz
dsspupzb
dsspuzbp
dsspuzpb
dsspzbpu
dsspzbup
dsspzpbu
dsspzpub
dsspzubp
dsspzupb
dssubppz
dssubpzp
dssubzpp
dssupbpz
dssupbzp
dssuppbz
dssuppzb
dssupzbp
dssupzpb
dssuzbpp
dssuzpbp
dssuzppb
dsszbppu
dsszbpup
dsszbupp
dsszpbpu
dsszpbup
dsszppbu
dsszppub
dsszpubp
dsszpupb
dsszubpp
dsszupbp
dsszuppb
dsubppsz
dsubppzs
dsubpspz
dsubpszp
dsubpzps
dsubpzsp
dsubsppz
dsubspzp
dsubszpp
dsubzpps
dsubzpsp
dsubzspp
dsupbpsz
dsupbpzs
dsupbspz
dsupbszp
dsupbzps
dsupbzsp
dsuppbsz
dsuppbzs
dsuppsbz
dsuppszb
dsuppzbs
dsuppzsb
dsupsbpz
dsupsbzp
dsupspbz
dsupspzb
dsupszbp
dsupszpb
dsupzbps
dsupzbsp
dsupzpbs
dsupzpsb
dsupzsbp
dsupzspb
dsusbppz
dsusbpzp
dsusbzpp
dsuspbpz
dsuspbzp
dsusppbz
dsusppzb
dsuspzbp
dsuspzpb
dsuszbpp
dsuszpbp
dsuszppb
dsuzbpps
dsuzbpsp
dsuzbspp
dsuzpbps
dsuzpbsp
dsuzppbs
dsuzppsb
dsuzpsbp
dsuzpspb
dsuzsbpp
dsuzspbp
dsuzsppb
dszbppsu
dszbppus
dszbpspu
dszbpsup
dszbpups
dszbpusp
dszbsppu
dszbspup
dszbsupp
dszbupps
dszbupsp
dszbuspp
dszpbpsu
dszpbpus
dszpbspu
dszpbsup
dszpbups
dszpbusp
dszppbsu
dszppbus
dszppsbu
dszppsub
dszppubs
dszppusb
dszpsbpu
dszpsbup
dszpspbu
dszpspub
dszpsubp
dszpsupb
dszpubps
dszpubsp
dszpupbs
dszpupsb
dszpusbp
dszpuspb
dszsbppu
dszsbpup
dszsbupp
dszspbpu
dszspbup
dszsppbu
dszsppub
dszspubp
dszspupb
dszsubpp
dszsupbp
dszsuppb
dszubpps
dszubpsp
dszubspp
dszupbps
dszupbsp
dszuppbs
dszuppsb
dszupsbp
dszupspb
dszusbpp
dszuspbp
dszusppb
dubppssz
dubppszs
dubppzss
dubpspsz
dubpspzs
dubpsspz
dubpsszp
dubpszps
dubpszsp
dubpzpss
dubpzsps
dubpzssp
dubsppsz
dubsppzs
dubspspz
dubspszp
dubspzps
dubspzsp
dubssppz
dubsspzp
dubsszpp
dubszpps
dubszpsp
dubszspp
dubzppss
dubzpsps
dubzpssp
dubzspps
dubzspsp
dubzsspp
dupbpssz
dupbpszs
dupbpzss
dupbspsz
dupbspzs
dupbsspz
dupbsszp
dupbszps
dupbszsp
dupbzpss
dupbzsps
dupbzssp
duppbssz
duppbszs
duppbzss
duppsbsz
duppsbzs
duppssbz
duppsszb
duppszbs
duppszsb
duppzbss
duppzsbs
duppzssb
dupsbpsz
dupsbpzs
dupsbspz
dupsbszp
dupsbzps
dupsbzsp
dupspbsz
dupspbzs
dupspsbz
dupspszb
dupspzbs
dupspzsb
dupssbpz
dupssbzp
dupsspbz
dupsspzb
dupsszbp
dupsszpb
dupszbps
dupszbsp
dupszpbs
dupszpsb
dupszsbp
dupszspb
dupzbpss
dupzbsps
dupzbssp
dupzpbss
dupzpsbs
dupzpssb
dupzsbps
dupzsbsp
dupzspbs
dupzspsb
dupzssbp
dupzsspb
dusbppsz
dusbppzs
dusbpspz
dusbpszp
dusbpzps
dusbpzsp
dusbsppz
dusbspzp
dusbszpp
dusbzpps
dusbzpsp
dusbzspp
duspbpsz
duspbpzs
duspbspz
duspbszp
duspbzps
duspbzsp
dusppbsz
dusppbzs
dusppsbz
dusppszb
dusppzbs
dusppzsb
duspsbpz
duspsbzp
duspspbz
duspspzb
duspszbp
duspszpb
duspzbps
duspzbsp
duspzpbs
duspzpsb
duspzsbp
duspzspb
dussbppz
dussbpzp
dussbzpp
dusspbpz
dusspbzp
dussppbz
dussppzb
dusspzbp
dusspzpb
dusszbpp
dusszpbp
dusszppb
duszbpps
duszbpsp
duszbspp
duszpbps
duszpbsp
duszppbs
duszppsb
duszpsbp
duszpspb
duszsbpp
duszspbp
duszsppb
duzbppss
duzbpsps
duzbpssp
duzbspps
duzbspsp
duzbsspp
duzpbpss
duzpbsps
duzpbssp
duzppbss
duzppsbs
duzppssb
duzpsbps
duzpsbsp
duzpspbs
duzpspsb
duzpssbp
duzpsspb
duzsbpps
duzsbpsp
duzsbspp
duzspbps
duzspbsp
duzsppbs
duzsppsb
duzspsbp
duzspspb
duzssbpp
duzsspbp
duzssppb
dzbppssu
dzbppsus
dzbppuss
dzbpspsu
dzbpspus
dzbpsspu
dzbpssup
dzbpsups
dzbpsusp
dzbpupss
dzbpusps
dzbpussp
dzbsppsu
dzbsppus
dzbspspu
dzbspsup
dzbspups
dzbspusp
dzbssppu
dzbsspup
dzbssupp
dzbsupps
dzbsupsp
dzbsuspp
dzbuppss
dzbupsps
dzbupssp
dzbuspps
dzbuspsp
dzbusspp
dzpbpssu
dzpbpsus
dzpbpuss
dzpbspsu
dzpbspus
dzpbsspu
dzpbssup
dzpbsups
dzpbsusp
dzpbupss
dzpbusps
dzpbussp
dzppbssu
dzppbsus
dzppbuss
dzppsbsu
dzppsbus
dzppssbu
dzppssub
dzppsubs
dzppsusb
dzppubss
dzppusbs
dzppussb
dzpsbpsu
dzpsbpus
dzpsbspu
dzpsbsup
dzpsbups
dzpsbusp
dzpspbsu
dzpspbus
dzpspsbu
dzpspsub
dzpspubs
dzpspusb
dzpssbpu
dzpssbup
dzpsspbu
dzpsspub
dzpssubp
dzpssupb
dzpsubps
dzpsubsp
dzpsupbs
dzpsupsb
dzpsusbp
dzpsuspb
dzpubpss
dzpubsps
dzpubssp
dzpupbss
dzpupsbs
dzpupssb
dzpusbps
dzpusbsp
dzpuspbs
dzpuspsb
dzpussbp
dzpusspb
dzsbppsu
dzsbppus
dzsbpspu
dzsbpsup
dzsbpups
dzsbpusp
dzsbsppu
dzsbspup
dzsbsupp
dzsbupps
dzsbupsp
dzsbuspp
dzspbpsu
dzspbpus
dzspbspu
dzspbsup
dzspbups
dzspbusp
dzsppbsu
dzsppbus
dzsppsbu
dzsppsub
dzsppubs
dzsppusb
dzspsbpu
dzspsbup
dzspspbu
dzspspub
dzspsubp
dzspsupb
dzspubps
dzspubsp
dzspupbs
dzspupsb
dzspusbp
dzspuspb
dzssbppu
dzssbpup
dzssbupp
dzsspbpu
dzsspbup
dzssppbu
dzssppub
dzsspubp
dzsspupb
dzssubpp
dzssupbp
dzssuppb
dzsubpps
dzsubpsp
dzsubspp
dzsupbps
dzsupbsp
dzsuppbs
dzsuppsb
dzsupsbp
dzsupspb
dzsusbpp
dzsuspbp
dzsusppb
dzubppss
dzubpsps
dzubpssp
dzubspps
dzubspsp
dzubsspp
dzupbpss
dzupbsps
dzupbssp
dzuppbss
dzuppsbs
dzuppssb
dzupsbps
dzupsbsp
dzupspbs
dzupspsb
dzupssbp
dzupsspb
dzusbpps
dzusbpsp
dzusbspp
dzuspbps
dzuspbsp
dzusppbs
dzusppsb
dzuspsbp
dzuspspb
dzussbpp
dzusspbp
dzussppb
pbdpssuz
pbdpsszu
pbdpsusz
pbdpsuzs
pbdpszsu
pbdpszus
pbdpussz
pbdpuszs
pbdpuzss
pbdpzssu
pbdpzsus
pbdpzuss
pbdspsuz
pbdspszu
pbdspusz
pbdspuzs
pbdspzsu
pbdspzus
pbdsspuz
pbdsspzu
pbdssupz
pbdssuzp
pbdsszpu
pbdsszup
pbdsupsz
pbdsupzs
pbdsuspz
pbdsuszp
pbdsuzps
pbdsuzsp
pbdszpsu
pbdszpus
pbdszspu
pbdszsup
pbdszups
pbdszusp
pbdupssz
pbdupszs
pbdupzss
pbduspsz
pbduspzs
pbdusspz
pbdusszp
pbduszps
pbduszsp
pbduzpss
pbduzsps
pbduzssp
pbdzpssu
pbdzpsus
pbdzpuss
pbdzspsu
pbdzspus
pbdzsspu
pbdzssup
pbdzsups
pbdzsusp
pbdzupss
pbdzusps
pbdzussp
pbpdssuz
pbpdsszu
pbpdsusz
pbpdsuzs
pbpdszsu
pbpdszus
pbpdussz
pbpduszs
pbpduzss
pbpdzssu
pbpdzsus
pbpdzuss
pbpsdsuz
pbpsdszu
pbpsdusz
pbpsduzs
pbpsdzsu
pbpsdzus
pbpssduz
pbpssdzu
pbpssudz
pbpssuzd
pbpsszdu
pbpsszud
pbpsudsz
pbpsudzs
pbpsusdz
pbpsuszd
pbpsuzds
pbpsuzsd
pbpszdsu
pbpszdus
pbpszsdu
pbpszsud
pbpszuds
pbpszusd
pbpudssz
pbpudszs
pbpudzss
pbpusdsz
pbpusdzs
pbpussdz
pbpusszd
pbpuszds
pbpuszsd
pbpuzdss
pbpuzsds
pbpuzssd
pbpzdssu
pbpzdsus
pbpzduss
pbpzsdsu
pbpzsdus
pbpzssdu
pbpzssud
pbpzsuds
pbpzsusd
pbpzudss
pbpzusds
pbpzussd
pbsdpsuz
pbsdpszu
pbsdpusz
pbsdpuzs
pbsdpzsu
pbsdpzus
pbsdspuz
pbsdspzu
pbsdsupz
pbsdsuzp
pbsdszpu
pbsdszup
pbsdupsz
pbsdupzs
pbsduspz
pbsduszp
pbsduzps
pbsduzsp
pbsdzpsu
pbsdzpus
pbsdzspu
pbsdzsup
pbsdzups
pbsdzusp
pbspdsuz
pbspdszu
pbspdusz
pbspduzs
pbspdzsu
pbspdzus
pbspsduz
pbspsdzu
pbspsudz
pbspsuzd
pbspszdu
pbspszud
pbspudsz
pbspudzs
pbspusdz
pbspuszd
pbspuzds
pbspuzsd
pbspzdsu
pbspzdus
pbspzsdu
pbspzsud
pbspzuds
pbspzusd
pbssdpuz
pbssdpzu
pbssdupz
pbssduzp
pbssdzpu
pbssdzup
pbsspduz
pbsspdzu
pbsspudz
pbsspuzd
pbsspzdu
pbsspzud
pbssudpz
pbssudzp
pbssupdz
pbssupzd
pbssuzdp
pbssuzpd
pbsszdpu
pbsszdup
pbsszpdu
pbsszpud
pbsszudp
pbsszupd
pbsudpsz
pbsudpzs
pbsudspz
pbsudszp
pbsudzps
pbsudzsp
pbsupdsz
pbsupdzs
pbsupsdz
pbsupszd
pbsupzds
pbsupzsd
pbsusdpz
pbsusdzp
pbsuspdz
pbsuspzd
pbsuszdp
pbsuszpd
pbsuzdps
pbsuzdsp
pbsuzpds
pbsuzpsd
pbsuzsdp
pbsuzspd
pbszdpsu
pbszdpus
pbszdspu
pbszdsup
pbszdups
pbszdusp
pbszpdsu
pbszpdus
pbszpsdu
pbszpsud
pbszpuds
pbszpusd
pbszsdpu
pbszsdup
pbszspdu
pbszspud
pbszsudp
pbszsupd
pbszudps
pbszudsp
pbszupds
pbszupsd
pbszusdp
pbszuspd
pbudpssz
pbudpszs
pbudpzss
pbudspsz
pbudspzs
pbudsspz
pbudsszp
pbudszps
pbudszsp
pbudzpss
pbudzsps
pbudzssp
pbupdssz
pbupdszs
pbupdzss
pbupsdsz
pbupsdzs
pbupssdz
pbupsszd
pbupszds
pbupszsd
pbupzdss
pbupzsds
pbupzssd
pbusdpsz
pbusdpzs
pbusdspz
pbusdszp
pbusdzps
pbusdzsp
pbuspdsz
pbuspdzs
pbuspsdz
pbuspszd
pbuspzds
pbuspzsd
pbussdpz
pbussdzp
pbusspdz
pbusspzd
pbusszdp
pbusszpd
pbuszdps
pbuszdsp
pbuszpds
pbuszpsd
pbuszsdp
pbuszspd
pbuzdpss
pbuzdsps
pbuzdssp
pbuzpdss
pbuzpsds
pbuzpssd
pbuzsdps
pbuzsdsp
pbuzspds
pbuzspsd
pbuzssdp
pbuzsspd
pbzdpssu
pbzdpsus
pbzdpuss
pbzdspsu
pbzdspus
pbzdsspu
pbzdssup
pbzdsups
pbzdsusp
pbzdupss
pbzdusps
pbzdussp
pbzpdssu
pbzpdsus
pbzpduss
pbzpsdsu
pbzpsdus
pbzpssdu
pbzpssud
pbzpsuds
pbzpsusd
pbzpudss
pbzpusds
pbzpussd
pbzsdpsu
pbzsdpus
pbzsdspu
pbzsdsup
pbzsdups
pbzsdusp
pbzspdsu
pbzspdus
pbzspsdu
pbzspsud
pbzspuds
pbzspusd
pbzssdpu
pbzssdup
pbzsspdu
pbzsspud
pbzssudp
pbzssupd
pbzsudps
pbzsudsp
pbzsupds
pbzsupsd
pbzsusdp
pbzsuspd
pbzudpss
pbzudsps
pbzudssp
pbzupdss
pbzupsds
pbzupssd
pbzusdps
pbzusdsp
pbzuspds
pbzuspsd
pbzussdp
pbzusspd
pdbpssuz
pdbpsszu
pdbpsusz
pdbpsuzs
pdbpszsu
pdbpszus
pdbpussz
pdbpuszs
pdbpuzss
pdbpzssu
pdbpzsus
pdbpzuss
pdbspsuz
pdbspszu
pdbspusz
pdbspuzs
pdbspzsu
pdbspzus
pdbsspuz
pdbsspzu
pdbssupz
pdbssuzp
pdbsszpu
pdbsszup
pdbsupsz
pdbsupzs
pdbsuspz
pdbsuszp
pdbsuzps
pdbsuzsp
pdbszpsu
pdbszpus
pdbszspu
pdbszsup
pdbszups
pdbszusp
pdbupssz
pdbupszs
pdbupzss
pdbuspsz
pdbuspzs
pdbusspz
pdbusszp
pdbuszps
pdbuszsp
pdbuzpss
pdbuzsps
pdbuzssp
pdbzpssu
pdbzpsus
pdbzpuss
pdbzspsu
pdbzspus
pdbzsspu
pdbzssup
pdbzsups
pdbzsusp
pdbzupss
pdbzusps
pdbzussp
pdpbssuz
pdpbsszu
pdpbsusz
pdpbsuzs
pdpbszsu
pdpbszus
pdpbussz
pdpbuszs
pdpbuzss
pdpbzssu
pdpbzsus
pdpbzuss
pdpsbsuz
pdpsbszu
pdpsbusz
pdpsbuzs
pdpsbzsu
pdpsbzus
pdpssbuz
pdpssbzu
pdpssubz
pdpssuzb
pdpsszbu
pdpsszub
pdpsubsz
pdpsubzs
pdpsusbz
pdpsuszb
pdpsuzbs
pdpsuzsb
pdpszbsu
pdpszbus
pdpszsbu
pdpszsub
pdpszubs
pdpszusb
pdpubssz
pdpubszs
pdpubzss
pdpusbsz
pdpusbzs
pdpussbz
pdpusszb
pdpuszbs
pdpuszsb
pdpuzbss
pdpuzsbs
pdpuzssb
pdpzbssu
pdpzbsus
pdpzbuss
pdpzsbsu
pdpzsbus
pdpzssbu
pdpzssub
pdpzsubs
pdpzsusb
pdpzubss
pdpzusbs
pdpzussb
pdsbpsuz
pdsbpszu
pdsbpusz
pdsbpuzs
pdsbpzsu
pdsbpzus
pdsbspuz
pdsbspzu
pdsbsupz
pdsbsuzp
pdsbszpu
pdsbszup
pdsbupsz
pdsbupzs
pdsbuspz
pdsbuszp
pdsbuzps
pdsbuzsp
pdsbzpsu
pdsbzpus
pdsbzspu
pdsbzsup
pdsbzups
pdsbzusp
pdspbsuz
pdspbszu
pdspbusz
pdspbuzs
pdspbzsu
pdspbzus
pdspsbuz
pdspsbzu
pdspsubz
pdspsuzb
pdspszbu
pdspszub
pdspubsz
pdspubzs
pdspusbz
pdspuszb
pdspuzbs
pdspuzsb
pdspzbsu
pdspzbus
pdspzsbu
pdspzsub
pdspzubs
pdspzusb
pdssbpuz
pdssbpzu
pdssbupz
pdssbuzp
pdssbzpu
pdssbzup
pdsspbuz
pdsspbzu
pdsspubz
pdsspuzb
pdsspzbu
pdsspzub
pdssubpz
pdssubzp
pdssupbz
pdssupzb
pdssuzbp
pdssuzpb
pdsszbpu
pdsszbup
pdsszpbu
pdsszpub
pdsszubp
pdsszupb
pdsubpsz
pdsubpzs
pdsubspz
pdsubszp
pdsubzps
pdsubzsp
pdsupbsz
pdsupbzs
pdsupsbz
pdsupszb
pdsupzbs
pdsupzsb
pdsusbpz
pdsusbzp
pdsuspbz
pdsuspzb
pdsuszbp
pdsuszpb
pdsuzbps
pdsuzbsp
pdsuzpbs
pdsuzpsb
pdsuzsbp
pdsuzspb
pdszbpsu
pdszbpus
pdszbspu
pdszbsup
pdszbups
pdszbusp
pdszpbsu
pdszpbus
pdszpsbu
pdszpsub
pdszpubs
pdszpusb
pdszsbpu
pdszsbup
pdszspbu
pdszspub
pdszsubp
pdszsupb
pdszubps
pdszubsp
pdszupbs
pdszupsb
pdszusbp
pdszuspb
pdubpssz
pdubpszs
pdubpzss
pdubspsz
pdubspzs
pdubsspz
pdubsszp
pdubszps
pdubszsp
pdubzpss
pdubzsps
pdubzssp
pdupbssz
pdupbszs
pdupbzss
pdupsbsz
pdupsbzs
pdupssbz
pdupsszb
pdupszbs
pdupszsb
pdupzbss
pdupzsbs
pdupzssb
pdusbpsz
pdusbpzs
pdusbspz
pdusbszp
pdusbzps
pdusbzsp
pduspbsz
pduspbzs
pduspsbz
pduspszb
pduspzbs
pduspzsb
pdussbpz
pdussbzp
pdusspbz
pdusspzb
pdusszbp
pdusszpb
pduszbps
pduszbsp
pduszpbs
pduszpsb
pduszsbp
pduszspb
pduzbpss
pduzbsps
pduzbssp
pduzpbss
pduzpsbs
pduzpssb
pduzsbps
pduzsbsp
pduzspbs
pduzspsb
pduzssbp
pduzsspb
pdzbpssu
pdzbpsus
pdzbpuss
pdzbspsu
pdzbspus
pdzbsspu
pdzbssup
pdzbsups
pdzbsusp
pdzbupss
pdzbusps
pdzbussp
pdzpbssu
pdzpbsus
pdzpbuss
pdzpsbsu
pdzpsbus
pdzpssbu
pdzpssub
pdzpsubs
pdzpsusb
pdzpubss
pdzpusbs
pdzpussb
pdzsbpsu
pdzsbpus
pdzsbspu
pdzsbsup
pdzsbups
pdzsbusp
pdzspbsu
pdzspbus
pdzspsbu
pdzspsub
pdzspubs
pdzspusb
pdzssbpu
pdzssbup
pdzsspbu
pdzsspub
pdzssubp
pdzssupb
pdzsubps
pdzsubsp
pdzsupbs
pdzsupsb
pdzsusbp
pdzsuspb
pdzubpss
pdzubsps
pdzubssp
pdzupbss
pdzupsbs
pdzupssb
pdzusbps
pdzusbsp
pdzuspbs
pdzuspsb
pdzussbp
pdzusspb
ppbdssuz
ppbdsszu
ppbdsusz
ppbdsuzs
ppbdszsu
ppbdszus
ppbdussz
ppbduszs
ppbduzss
ppbdzssu
ppbdzsus
ppbdzuss
ppbsdsuz
ppbsdszu
ppbsdusz
ppbsduzs
ppbsdzsu
ppbsdzus
ppbssduz
ppbssdzu
ppbssudz
ppbssuzd
ppbsszdu
ppbsszud
ppbsudsz
ppbsudzs
ppbsusdz
ppbsuszd
ppbsuzds
ppbsuzsd
ppbszdsu
ppbszdus
ppbszsdu
ppbszsud
ppbszuds
ppbszusd
ppbudssz
ppbudszs
ppbudzss
ppbusdsz
ppbusdzs
ppbussdz
ppbusszd
ppbuszds
ppbuszsd
ppbuzdss
ppbuzsds
ppbuzssd
ppbzdssu
ppbzdsus
ppbzduss
ppbzsdsu
ppbzsdus
ppbzssdu
ppbzssud
ppbzsuds
ppbzsusd
ppbzudss
ppbzusds
ppbzussd
ppdbssuz
ppdbsszu
ppdbsusz
ppdbsuzs
ppdbszsu
ppdbszus
ppdbussz
ppdbuszs
ppdbuzss
ppdbzssu
ppdbzsus
ppdbzuss
ppdsbsuz
ppdsbszu
ppdsbusz
ppdsbuzs
ppdsbzsu
ppdsbzus
ppdssbuz
ppdssbzu
ppdssubz
ppdssuzb
ppdsszbu
ppdsszub
ppdsubsz
ppdsubzs
ppdsusbz
ppdsuszb
ppdsuzbs
ppdsuzsb
ppdszbsu
ppdszbus
ppdszsbu
ppdszsub
ppdszubs
ppdszusb
ppdubssz
ppdubszs
ppdubzss
ppdusbsz
ppdusbzs
ppdussbz
ppdusszb
ppduszbs
ppduszsb
ppduzbss
ppduzsbs
ppduzssb
ppdzbssu
ppdzbsus
ppdzbuss
ppdzsbsu
ppdzsbus
ppdzssbu
ppdzssub
ppdzsubs
ppdzsusb
ppdzubss
ppdzusbs
ppdzussb
ppsbdsuz
ppsbdszu
ppsbdusz
ppsbduzs
ppsbdzsu
ppsbdzus
ppsbsduz
ppsbsdzu
ppsbsudz
ppsbsuzd
ppsbszdu
ppsbszud
ppsbudsz
ppsbudzs
ppsbusdz
ppsbuszd
ppsbuzds
ppsbuzsd
ppsbzdsu
ppsbzdus
ppsbzsdu
ppsbzsud
ppsbzuds
ppsbzusd
ppsdbsuz
ppsdbszu
ppsdbusz
ppsdbuzs
ppsdbzsu
ppsdbzus
ppsdsbuz
ppsdsbzu
ppsdsubz
ppsdsuzb
ppsdszbu
ppsdszub
ppsdubsz
ppsdubzs
ppsdusbz
ppsduszb
ppsduzbs
ppsduzsb
ppsdzbsu
ppsdzbus
ppsdzsbu
ppsdzsub
ppsdzubs
ppsdzusb
ppssbduz
ppssbdzu
ppssbudz
ppssbuzd
ppssbzdu
ppssbzud
ppssdbuz
ppssdbzu
ppssdubz
ppssduzb
ppssdzbu
ppssdzub
ppssubdz
ppssubzd
ppssudbz
ppssudzb
ppssuzbd
ppssuzdb
ppsszbdu
ppsszbud
ppsszdbu
ppsszdub
ppsszubd
ppsszudb
ppsubdsz
ppsubdzs
ppsubsdz
ppsubszd
ppsubzds
ppsubzsd
ppsudbsz
ppsudbzs
ppsudsbz
ppsudszb
ppsudzbs
ppsudzsb
ppsusbdz
ppsusbzd
ppsusdbz
ppsusdzb
ppsuszbd
ppsuszdb
ppsuzbds
ppsuzbsd
ppsuzdbs
ppsuzdsb
ppsuzsbd
ppsuzsdb
ppszbdsu
ppszbdus
ppszbsdu
ppszbsud
ppszbuds
ppszbusd
ppszdbsu
ppszdbus
ppszdsbu
ppszdsub
ppszdubs
ppszdusb
ppszsbdu
ppszsbud
ppszsdbu
ppszsdub
ppszsubd
ppszsudb
ppszubds
ppszubsd
ppszudbs
ppszudsb
ppszusbd
ppszusdb
ppubdssz
ppubdszs
ppubdzss
ppubsdsz
ppubsdzs
ppubssdz
ppubsszd
ppubszds
ppubszsd
ppubzdss
ppubzsds
ppubzssd
ppudbssz
ppudbszs
ppudbzss
ppudsbsz
ppudsbzs
ppudssbz
ppudsszb
ppudszbs
ppudszsb
ppudzbss
ppudzsbs
ppudzssb
ppusbdsz
ppusbdzs
ppusbsdz
ppusbszd
ppusbzds
ppusbzsd
ppusdbsz
ppusdbzs
ppusdsbz
ppusdszb
ppusdzbs
ppusdzsb
ppussbdz
ppussbzd
ppussdbz
ppussdzb
ppusszbd
ppusszdb
ppuszbds
ppuszbsd
ppuszdbs
ppuszdsb
ppuszsbd
ppuszsdb
ppuzbdss
ppuzbsds
ppuzbssd
ppuzdbss
ppuzdsbs
ppuzdssb
ppuzsbds
ppuzsbsd
ppuzsdbs
ppuzsdsb
ppuzssbd
ppuzssdb
ppzbdssu
ppzbdsus
ppzbduss
ppzbsdsu
ppzbsdus
ppzbssdu
ppzbssud
ppzbsuds
ppzbsusd
ppzbudss
ppzbusds
ppzbussd
ppzdbssu
ppzdbsus
ppzdbuss
ppzdsbsu
ppzdsbus
ppzdssbu
ppzdssub
ppzdsubs
ppzdsusb
ppzdubss
ppzdusbs
ppzdussb
ppzsbdsu
ppzsbdus
ppzsbsdu
ppzsbsud
ppzsbuds
ppzsbusd
ppzsdbsu
ppzsdbus
ppzsdsbu
ppzsdsub
ppzsdubs
ppzsdusb
ppzssbdu
ppzssbud
ppzssdbu
ppzssdub
ppzssubd
ppzssudb
ppzsubds
ppzsubsd
ppzsudbs
ppzsudsb
ppzsusbd
ppzsusdb
ppzubdss
ppzubsds
ppzubssd
ppzudbss
ppzudsbs
ppzudssb
ppzusbds
ppzusbsd
ppzusdbs
ppzusdsb
ppzussbd
ppzussdb
psbdpsuz
psbdpszu
psbdpusz
psbdpuzs
psbdpzsu
psbdpzus
psbdspuz
psbdspzu
psbdsupz
psbdsuzp
psbdszpu
psbdszup
psbdupsz
psbdupzs
psbduspz
psbduszp
psbduzps
psbduzsp
psbdzpsu
psbdzpus
psbdzspu
psbdzsup
psbdzups
psbdzusp
psbpdsuz
psbpdszu
psbpdusz
psbpduzs
psbpdzsu
psbpdzus
psbpsduz
psbpsdzu
psbpsudz
psbpsuzd
psbpszdu
psbpszud
psbpudsz
psbpudzs
psbpusdz
psbpuszd
psbpuzds
psbpuzsd
psbpzdsu
psbpzdus
psbpzsdu
psbpzsud
psbpzuds
psbpzusd
psbsdpuz
psbsdpzu
psbsdupz
psbsduzp
psbsdzpu
psbsdzup
psbspduz
psbspdzu
psbspudz
psbspuzd
psbspzdu
psbspzud
psbsudpz
psbsudzp
psbsupdz
psbsupzd
psbsuzdp
psbsuzpd
psbszdpu
psbszdup
psbszpdu
psbszpud
psbszudp
psbszupd
psbudpsz
psbudpzs
psbudspz
psbudszp
psbudzps
psbudzsp
psbupdsz
psbupdzs
psbupsdz
psbupszd
psbupzds
psbupzsd
psbusdpz
psbusdzp
psbuspdz
psbuspzd
psbuszdp
psbuszpd
psbuzdps
psbuzdsp
psbuzpds
psbuzpsd
psbuzsdp
psbuzspd
psbzdpsu
psbzdpus
psbzdspu
psbzdsup
psbzdups
psbzdusp
psbzpdsu
psbzpdus
psbzpsdu
psbzpsud
psbzpuds
psbzpusd
psbzsdpu
psbzsdup
psbzspdu
psbzspud
psbzsudp
psbzsupd
psbzudps
psbzudsp
psbzupds
psbzupsd
psbzusdp
psbzuspd
psdbpsuz
psdbpszu
psdbpusz
psdbpuzs
psdbpzsu
psdbpzus
psdbspuz
psdbspzu
psdbsupz
psdbsuzp
psdbszpu
psdbszup
psdbupsz
psdbupzs
psdbuspz
psdbuszp
psdbuzps
psdbuzsp
psdbzpsu
psdbzpus
psdbzspu
psdbzsup
psdbzups
psdbzusp
psdpbsuz
psdpbszu
psdpbusz
psdpbuzs
psdpbzsu
psdpbzus
psdpsbuz
psdpsbzu
psdpsubz
psdpsuzb
psdpszbu
psdpszub
psdpubsz
psdpubzs
psdpusbz
psdpuszb
psdpuzbs
psdpuzsb
psdpzbsu
psdpzbus
psdpzsbu
psdpzsub
psdpzubs
psdpzusb
psdsbpuz
psdsbpzu
psdsbupz
psdsbuzp
psdsbzpu
psdsbzup
psdspbuz
psdspbzu
psdspubz
psdspuzb
psdspzbu
psdspzub
psdsubpz
psdsubzp
psdsupbz
psdsupzb
psdsuzbp
psdsuzpb
psdszbpu
psdszbup
psdszpbu
psdszpub
psdszubp
psdszupb
psdubpsz
psdubpzs
psdubspz
psdubszp
psdubzps
psdubzsp
psdupbsz
psdupbzs
psdupsbz
psdupszb
psdupzbs
psdupzsb
psdusbpz
psdusbzp
psduspbz
psduspzb
psduszbp
psduszpb
psduzbps
psduzbsp
psduzpbs
psduzpsb
psduzsbp
psduzspb
psdzbpsu
psdzbpus
psdzbspu
psdzbsup
psdzbups
psdzbusp
psdzpbsu
psdzpbus
psdzpsbu
psdzpsub
psdzpubs
psdzpusb
psdzsbpu
psdzsbup
psdzspbu
psdzspub
psdzsubp
psdzsupb
psdzubps
psdzubsp
psdzupbs
psdzupsb
psdzusbp
psdzuspb
pspbdsuz
pspbdszu
pspbdusz
pspbduzs
pspbdzsu
pspbdzus
pspbsduz
pspbsdzu
pspbsudz
pspbsuzd
pspbszdu
pspbszud
pspbudsz
pspbudzs
pspbusdz
pspbuszd
pspbuzds
pspbuzsd
pspbzdsu
pspbzdus
pspbzsdu
pspbzsud
pspbzuds
pspbzusd
pspdbsuz
pspdbszu
pspdbusz
pspdbuzs
pspdbzsu
pspdbzus
pspdsbuz
pspdsbzu
pspdsubz
pspdsuzb
pspdszbu
pspdszub
pspdubsz
pspdubzs
pspdusbz
pspduszb
pspduzbs
pspduzsb
pspdzbsu
pspdzbus
pspdzsbu
pspdzsub
pspdzubs
pspdzusb
pspsbduz
pspsbdzu
pspsbudz
pspsbuzd
pspsbzdu
pspsbzud
pspsdbuz
pspsdbzu
pspsdubz
pspsduzb
pspsdzbu
pspsdzub
pspsubdz
pspsubzd
pspsudbz
pspsudzb
pspsuzbd
pspsuzdb
pspszbdu
pspszbud
pspszdbu
pspszdub
pspszubd
pspszudb
pspubdsz
pspubdzs
pspubsdz
pspubszd
pspubzds
pspubzsd
pspudbsz
pspudbzs
pspudsbz
pspudszb
pspudzbs
pspudzsb
pspusbdz
pspusbzd
pspusdbz
pspusdzb
pspuszbd
pspuszdb
pspuzbds
pspuzbsd
pspuzdbs
pspuzdsb
pspuzsbd
pspuzsdb
pspzbdsu
pspzbdus
pspzbsdu
pspzbsud
pspzbuds
pspzbusd
pspzdbsu
pspzdbus
pspzdsbu
pspzdsub
pspzdubs
pspzdusb
pspzsbdu
pspzsbud
pspzsdbu
pspzsdub
pspzsubd
pspzsudb
pspzubds
pspzubsd
pspzudbs
pspzudsb
pspzusbd
pspzusdb
pssbdpuz
pssbdpzu
pssbdupz
pssbduzp
pssbdzpu
pssbdzup
pssbpduz
pssbpdzu
pssbpudz
pssbpuzd
pssbpzdu
pssbpzud
pssbudpz
pssbudzp
pssbupdz
pssbupzd
pssbuzdp
pssbuzpd
pssbzdpu
pssbzdup
pssbzpdu
pssbzpud
pssbzudp
pssbzupd
pssdbpuz
pssdbpzu
pssdbupz
pssdbuzp
pssdbzpu
pssdbzup
pssdpbuz
pssdpbzu
pssdpubz
pssdpuzb
pssdpzbu
pssdpzub
pssdubpz
pssdubzp
pssdupbz
pssdupzb
pssduzbp
pssduzpb
pssdzbpu
pssdzbup
pssdzpbu
pssdzpub
pssdzubp
pssdzupb
psspbduz
psspbdzu
psspbudz
psspbuzd
psspbzdu
psspbzud
psspdbuz
psspdbzu
psspdubz
psspduzb
psspdzbu
psspdzub
psspubdz
psspubzd
psspudbz
psspudzb
psspuzbd
psspuzdb
psspzbdu
psspzbud
psspzdbu
psspzdub
psspzubd
psspzudb
pssubdpz
pssubdzp
pssubpdz
pssubpzd
pssubzdp
pssubzpd
pssudbpz
pssudbzp
pssudpbz
pssudpzb
pssudzbp
pssudzpb
pssupbdz
pssupbzd
pssupdbz
pssupdzb
pssupzbd
pssupzdb
pssuzbdp
pssuzbpd
pssuzdbp
pssuzdpb
pssuzpbd
pssuzpdb
psszbdpu
psszbdup
psszbpdu
psszbpud
psszbudp
psszbupd
psszdbpu
psszdbup
psszdpbu
psszdpub
psszdubp
psszdupb
psszpbdu
psszpbud
psszpdbu
psszpdub
psszpubd
psszpudb
psszubdp
psszubpd
psszudbp
psszudpb
psszupbd
psszupdb
psubdpsz
psubdpzs
psubdspz
psubdszp
psubdzps
psubdzsp
psubpdsz
psubpdzs
psubpsdz
psubpszd
psubpzds
psubpzsd
psubsdpz
psubsdzp
psubspdz
psubspzd
psubszdp
psubszpd
psubzdps
psubzdsp
psubzpds
psubzpsd
psubzsdp
psubzspd
psudbpsz
psudbpzs
psudbspz
psudbszp
psudbzps
psudbzsp
psudpbsz
psudpbzs
psudpsbz
psudpszb
psudpzbs
psudpzsb
psudsbpz
psudsbzp
psudspbz
psudspzb
psudszbp
psudszpb
psudzbps
psudzbsp
psudzpbs
psudzpsb
psudzsbp
psudzspb
psupbdsz
psupbdzs
psupbsdz
psupbszd
psupbzds
psupbzsd
psupdbsz
psupdbzs
psupdsbz
psupdszb
psupdzbs
psupdzsb
psupsbdz
psupsbzd
psupsdbz
psupsdzb
psupszbd
psupszdb
psupzbds
psupzbsd
psupzdbs
psupzdsb
psupzsbd
psupzsdb
psusbdpz
psusbdzp
psusbpdz
psusbpzd
psusbzdp
psusbzpd
psusdbpz
psusdbzp
psusdpbz
psusdpzb
psusdzbp
psusdzpb
psuspbdz
psuspbzd
psuspdbz
psuspdzb
psuspzbd
psuspzdb
psuszbdp
psuszbpd
psuszdbp
psuszdpb
psuszpbd
psuszpdb
psuzbdps
psuzbdsp
psuzbpds
psuzbpsd
psuzbsdp
psuzbspd
psuzdbps
psuzdbsp
psuzdpbs
psuzdpsb
psuzdsbp
psuzdspb
psuzpbds
psuzpbsd
psuzpdbs
psuzpdsb
psuzpsbd
psuzpsdb
psuzsbdp
psuzsbpd
psuzsdbp
psuzsdpb
psuzspbd
psuzspdb
pszbdpsu
pszbdpus
pszbdspu
pszbdsup
pszbdups
pszbdusp
pszbpdsu
pszbpdus
pszbpsdu
pszbpsud
pszbpuds
pszbpusd
pszbsdpu
pszbsdup
pszbspdu
pszbspud
pszbsudp
pszbsupd
pszbudps
pszbudsp
pszbupds
pszbupsd
pszbusdp
pszbuspd
pszdbpsu
pszdbpus
pszdbspu
pszdbsup
pszdbups
pszdbusp
pszdpbsu
pszdpbus
pszdpsbu
pszdpsub
pszdpubs
pszdpusb
pszdsbpu
pszdsbup
pszdspbu
pszdspub
pszdsubp
pszdsupb
pszdubps
pszdubsp
pszdupbs
pszdupsb
pszdusbp
pszduspb
pszpbdsu
pszpbdus
pszpbsdu
pszpbsud
pszpbuds
pszpbusd
pszpdbsu
pszpdbus
pszpdsbu
pszpdsub
pszpdubs
pszpdusb
pszpsbdu
pszpsbud
pszpsdbu
pszpsdub
pszpsubd
pszpsudb
pszpubds
pszpubsd
pszpudbs
pszpudsb
pszpusbd
pszpusdb
pszsbdpu
pszsbdup
pszsbpdu
pszsbpud
pszsbudp
pszsbupd
pszsdbpu
pszsdbup
pszsdpbu
pszsdpub
pszsdubp
pszsdupb
pszspbdu
pszspbud
pszspdbu
pszspdub
pszspubd
pszspudb
pszsubdp
pszsubpd
pszsudbp
pszsudpb
pszsupbd
pszsupdb
pszubdps
pszubdsp
pszubpds
pszubpsd
pszubsdp
pszubspd
pszudbps
pszudbsp
pszudpbs
pszudpsb
pszudsbp
pszudspb
pszupbds
pszupbsd
pszupdbs
pszupdsb
pszupsbd
pszupsdb
pszusbdp
pszusbpd
pszusdbp
pszusdpb
pszuspbd
pszuspdb
pubdpssz
pubdpszs
pubdpzss
pubdspsz
pubdspzs
pubdsspz
pubdsszp
pubdszps
pubdszsp
pubdzpss
pubdzsps
pubdzssp
pubpdssz
pubpdszs
pubpdzss
pubpsdsz
pubpsdzs
pubpssdz
pubpsszd
pubpszds
pubpszsd
pubpzdss
pubpzsds
pubpzssd
pubsdpsz
pubsdpzs
pubsdspz
pubsdszp
pubsdzps
pubsdzsp
pubspdsz
pubspdzs
pubspsdz
pubspszd
pubspzds
pubspzsd
pubssdpz
pubssdzp
pubsspdz
pubsspzd
pubsszdp
pubsszpd
pubszdps
pubszdsp
pubszpds
pubszpsd
pubszsdp
pubszspd
pubzdpss
pubzdsps
pubzdssp
pubzpdss
pubzpsds
pubzpssd
pubzsdps
pubzsdsp
pubzspds
pubzspsd
pubzssdp
pubzsspd
pudbpssz
pudbpszs
pudbpzss
pudbspsz
pudbspzs
pudbsspz
pudbsszp
pudbszps
pudbszsp
pudbzpss
pudbzsps
pudbzssp
pudpbssz
pudpbszs
pudpbzss
pudpsbsz
pudpsbzs
pudpssbz
pudpsszb
pudpszbs
pudpszsb
pudpzbss
pudpzsbs
pudpzssb
pudsbpsz
pudsbpzs
pudsbspz
pudsbszp
pudsbzps
pudsbzsp
pudspbsz
pudspbzs
pudspsbz
pudspszb
pudspzbs
pudspzsb
pudssbpz
pudssbzp
pudsspbz
pudsspzb
pudsszbp
pudsszpb
pudszbps
pudszbsp
pudszpbs
pudszpsb
pudszsbp
pudszspb
pudzbpss
pudzbsps
pudzbssp
pudzpbss
pudzpsbs
pudzpssb
pudzsbps
pudzsbsp
pudzspbs
pudzspsb
pudzssbp
pudzsspb
pupbdssz
pupbdszs
pupbdzss
pupbsdsz
pupbsdzs
pupbssdz
pupbsszd
pupbszds
pupbszsd
pupbzdss
pupbzsds
pupbzssd
pupdbssz
pupdbszs
pupdbzss
pupdsbsz
pupdsbzs
pupdssbz
pupdsszb
pupdszbs
pupdszsb
pupdzbss
pupdzsbs
pupdzssb
pupsbdsz
pupsbdzs
pupsbsdz
pupsbszd
pupsbzds
pupsbzsd
pupsdbsz
pupsdbzs
pupsdsbz
pupsdszb
pupsdzbs
pupsdzsb
pupssbdz
pupssbzd
pupssdbz
pupssdzb
pupsszbd
pupsszdb
pupszbds
pupszbsd
pupszdbs
pupszdsb
pupszsbd
pupszsdb
pupzbdss
pupzbsds
pupzbssd
pupzdbss
pupzdsbs
pupzdssb
pupzsbds
pupzsbsd
pupzsdbs
pupzsdsb
pupzssbd
pupzssdb
pusbdpsz
pusbdpzs
pusbdspz
pusbdszp
pusbdzps
pusbdzsp
pusbpdsz
pusbpdzs
pusbpsdz
pusbpszd
pusbpzds
pusbpzsd
pusbsdpz
pusbsdzp
pusbspdz
pusbspzd
pusbszdp
pusbszpd
pusbzdps
pusbzdsp
pusbzpds
pusbzpsd
pusbzsdp
pusbzspd
pusdbpsz
pusdbpzs
pusdbspz
pusdbszp
pusdbzps
pusdbzsp
pusdpbsz
pusdpbzs
pusdpsbz
pusdpszb
pusdpzbs
pusdpzsb
pusdsbpz
pusdsbzp
pusdspbz
pusdspzb
pusdszbp
pusdszpb
pusdzbps
pusdzbsp
pusdzpbs
pusdzpsb
pusdzsbp
pusdzspb
puspbdsz
puspbdzs
puspbsdz
puspbszd
puspbzds
puspbzsd
puspdbsz
puspdbzs
puspdsbz
puspdszb
puspdzbs
puspdzsb
puspsbdz
puspsbzd
puspsdbz
puspsdzb
puspszbd
puspszdb
puspzbds
puspzbsd
puspzdbs
puspzdsb
puspzsbd
puspzsdb
pussbdpz
pussbdzp
pussbpdz
pussbpzd
pussbzdp
pussbzpd
pussdbpz
pussdbzp
pussdpbz
pussdpzb
pussdzbp
pussdzpb
pusspbdz
pusspbzd
pusspdbz
pusspdzb
pusspzbd
pusspzdb
pusszbdp
pusszbpd
pusszdbp
pusszdpb
pusszpbd
pusszpdb
puszbdps
puszbdsp
puszbpds
puszbpsd
puszbsdp
puszbspd
puszdbps
puszdbsp
puszdpbs
puszdpsb
puszdsbp
puszdspb
puszpbds
puszpbsd
puszpdbs
puszpdsb
puszpsbd
puszpsdb
puszsbdp
puszsbpd
puszsdbp
puszsdpb
puszspbd
puszspdb
puzbdpss
puzbdsps
puzbdssp
puzbpdss
puzbpsds
puzbpssd
puzbsdps
puzbsdsp
puzbspds
puzbspsd
puzbssdp
puzbsspd
puzdbpss
puzdbsps
puzdbssp
puzdpbss
puzdpsbs
puzdpssb
puzdsbps
puzdsbsp
puzdspbs
puzdspsb
puzdssbp
puzdsspb
puzpbdss
puzpbsds
puzpbssd
puzpdbss
puzpdsbs
puzpdssb
puzpsbds
puzpsbsd
puzpsdbs
puzpsdsb
puzpssbd
puzpssdb
puzsbdps
puzsbdsp
puzsbpds
puzsbpsd
puzsbsdp
puzsbspd
puzsdbps
puzsdbsp
puzsdpbs
puzsdpsb
puzsdsbp
puzsdspb
puzspbds
puzspbsd
puzspdbs
puzspdsb
puzspsbd
puzspsdb
puzssbdp
puzssbpd
puzssdbp
puzssdpb
puzsspbd
puzsspdb
pzbdpssu
pzbdpsus
pzbdpuss
pzbdspsu
pzbdspus
pzbdsspu
pzbdssup
pzbdsups
pzbdsusp
pzbdupss
pzbdusps
pzbdussp
pzbpdssu
pzbpdsus
pzbpduss
pzbpsdsu
pzbpsdus
pzbpssdu
pzbpssud
pzbpsuds
pzbpsusd
pzbpudss
pzbpusds
pzbpussd
pzbsdpsu
pzbsdpus
pzbsdspu
pzbsdsup
pzbsdups
pzbsdusp
pzbspdsu
pzbspdus
pzbspsdu
pzbspsud
pzbspuds
pzbspusd
pzbssdpu
pzbssdup
pzbsspdu
pzbsspud
pzbssudp
pzbssupd
pzbsudps
pzbsudsp
pzbsupds
pzbsupsd
pzbsusdp
pzbsuspd
pzbudpss
pzbudsps
pzbudssp
pzbupdss
pzbupsds
pzbupssd
pzbusdps
pzbusdsp
pzbuspds
pzbuspsd
pzbussdp
pzbusspd
pzdbpssu
pzdbpsus
pzdbpuss
pzdbspsu
pzdbspus
pzdbsspu
pzdbssup
pzdbsups
pzdbsusp
pzdbupss
pzdbusps
pzdbussp
pzdpbssu
pzdpbsus
pzdpbuss
pzdpsbsu
pzdpsbus
pzdpssbu
pzdpssub
pzdpsubs
pzdpsusb
pzdpubss
pzdpusbs
pzdpussb
pzdsbpsu
pzdsbpus
pzdsbspu
pzdsbsup
pzdsbups
pzdsbusp
pzdspbsu
pzdspbus
pzdspsbu
pzdspsub
pzdspubs
pzdspusb
pzdssbpu
pzdssbup
pzdsspbu
pzdsspub
pzdssubp
pzdssupb
pzdsubps
pzdsubsp
pzdsupbs
pzdsupsb
pzdsusbp
pzdsuspb
pzdubpss
pzdubsps
pzdubssp
pzdupbss
pzdupsbs
pzdupssb
pzdusbps
pzdusbsp
pzduspbs
pzduspsb
pzdussbp
pzdusspb
pzpbdssu
pzpbdsus
pzpbduss
pzpbsdsu
pzpbsdus
pzpbssdu
pzpbssud
pzpbsuds
pzpbsusd
pzpbudss
pzpbusds
pzpbussd
pzpdbssu
pzpdbsus
pzpdbuss
pzpdsbsu
pzpdsbus
pzpdssbu
pzpdssub
pzpdsubs
pzpdsusb
pzpdubss
pzpdusbs
pzpdussb
pzpsbdsu
pzpsbdus
pzpsbsdu
pzpsbsud
pzpsbuds
pzpsbusd
pzpsdbsu
pzpsdbus
pzpsdsbu
pzpsdsub
pzpsdubs
pzpsdusb
pzpssbdu
pzpssbud
pzpssdbu
pzpssdub
pzpssubd
pzpssudb
pzpsubds
pzpsubsd
pzpsudbs
pzpsudsb
pzpsusbd
pzpsusdb
pzpubdss
pzpubsds
pzpubssd
pzpudbss
pzpudsbs
pzpudssb
pzpusbds
pzpusbsd
pzpusdbs
pzpusdsb
pzpussbd
pzpussdb
pzsbdpsu
pzsbdpus
pzsbdspu
pzsbdsup
pzsbdups
pzsbdusp
pzsbpdsu
pzsbpdus
pzsbpsdu
pzsbpsud
pzsbpuds
pzsbpusd
pzsbsdpu
pzsbsdup
pzsbspdu
pzsbspud
pzsbsudp
pzsbsupd
pzsbudps
pzsbudsp
pzsbupds
pzsbupsd
pzsbusdp
pzsbuspd
pzsdbpsu
pzsdbpus
pzsdbspu
pzsdbsup
pzsdbups
pzsdbusp
pzsdpbsu
pzsdpbus
pzsdpsbu
pzsdpsub
pzsdpubs
pzsdpusb
pzsdsbpu
pzsdsbup
pzsdspbu
pzsdspub
pzsdsubp
pzsdsupb
pzsdubps
pzsdubsp
pzsdupbs
pzsdupsb
pzsdusbp
pzsduspb
pzspbdsu
pzspbdus
pzspbsdu
pzspbsud
pzspbuds
pzspbusd
pzspdbsu
pzspdbus
pzspdsbu
pzspdsub
pzspdubs
pzspdusb
pzspsbdu
pzspsbud
pzspsdbu
pzspsdub
pzspsubd
pzspsudb
pzspubds
pzspubsd
pzspudbs
pzspudsb
pzspusbd
pzspusdb
pzssbdpu
pzssbdup
pzssbpdu
pzssbpud
pzssbudp
pzssbupd
pzssdbpu
pzssdbup
pzssdpbu
pzssdpub
pzssdubp
pzssdupb
pzsspbdu
pzsspbud
pzsspdbu
pzsspdub
pzsspubd
pzsspudb
pzssubdp
pzssubpd
pzssudbp
pzssudpb
pzssupbd
pzssupdb
pzsubdps
pzsubdsp
pzsubpds
pzsubpsd
pzsubsdp
pzsubspd
pzsudbps
pzsudbsp
pzsudpbs
pzsudpsb
pzsudsbp
pzsudspb
pzsupbds
pzsupbsd
pzsupdbs
pzsupdsb
pzsupsbd
pzsupsdb
pzsusbdp
pzsusbpd
pzsusdbp
pzsusdpb
pzsuspbd
pzsuspdb
pzubdpss
pzubdsps
pzubdssp
pzubpdss
pzubpsds
pzubpssd
pzubsdps
pzubsdsp
pzubspds
pzubspsd
pzubssdp
pzubsspd
pzudbpss
pzudbsps
pzudbssp
pzudpbss
pzudpsbs
pzudpssb
pzudsbps
pzudsbsp
pzudspbs
pzudspsb
pzudssbp
pzudsspb
pzupbdss
pzupbsds
pzupbssd
pzupdbss
pzupdsbs
pzupdssb
pzupsbds
pzupsbsd
pzupsdbs
pzupsdsb
pzupssbd
pzupssdb
pzusbdps
pzusbdsp
pzusbpds
pzusbpsd
pzusbsdp
pzusbspd
pzusdbps
pzusdbsp
pzusdpbs
pzusdpsb
pzusdsbp
pzusdspb
pzuspbds
pzuspbsd
pzuspdbs
pzuspdsb
pzuspsbd
pzuspsdb
pzussbdp
pzussbpd
pzussdbp
pzussdpb
pzusspbd
pzusspdb
sbdppsuz
sbdppszu
sbdppusz
sbdppuzs
sbdppzsu
sbdppzus
sbdpspuz
sbdpspzu
sbdpsupz
sbdpsuzp
sbdpszpu
sbdpszup
sbdpupsz
sbdpupzs
sbdpuspz
sbdpuszp
sbdpuzps
sbdpuzsp
sbdpzpsu
sbdpzpus
sbdpzspu
sbdpzsup
sbdpzups
sbdpzusp
sbdsppuz
sbdsppzu
sbdspupz
sbdspuzp
sbdspzpu
sbdspzup
sbdsuppz
sbdsupzp
sbdsuzpp
sbdszppu
sbdszpup
sbdszupp
sbduppsz
sbduppzs
sbdupspz
sbdupszp
sbdupzps
sbdupzsp
sbdusppz
sbduspzp
sbduszpp
sbduzpps
sbduzpsp
sbduzspp
sbdzppsu
sbdzppus
sbdzpspu
sbdzpsup
sbdzpups
sbdzpusp
sbdzsppu
sbdzspup
sbdzsupp
sbdzupps
sbdzupsp
sbdzuspp
sbpdpsuz
sbpdpszu
sbpdpusz
sbpdpuzs
sbpdpzsu
sbpdpzus
sbpdspuz
sbpdspzu
sbpdsupz
sbpdsuzp
sbpdszpu
sbpdszup
sbpdupsz
sbpdupzs
sbpduspz
sbpduszp
sbpduzps
sbpduzsp
sbpdzpsu
sbpdzpus
sbpdzspu
sbpdzsup
sbpdzups
sbpdzusp
sbppdsuz
sbppdszu
sbppdusz
sbppduzs
sbppdzsu
sbppdzus
sbppsduz
sbppsdzu
sbppsudz
sbppsuzd
sbppszdu
sbppszud
sbppudsz
sbppudzs
sbppusdz
sbppuszd
sbppuzds
sbppuzsd
sbppzdsu
sbppzdus
sbppzsdu
sbppzsud
sbppzuds
sbppzusd
sbpsdpuz
sbpsdpzu
sbpsdupz
sbpsduzp
sbpsdzpu
sbpsdzup
sbpspduz
sbpspdzu
sbpspudz
sbpspuzd
sbpspzdu
sbpspzud
sbpsudpz
sbpsudzp
sbpsupdz
sbpsupzd
sbpsuzdp
sbpsuzpd
sbpszdpu
sbpszdup
sbpszpdu
sbpszpud
sbpszudp
sbpszupd
sbpudpsz
sbpudpzs
sbpudspz
sbpudszp
sbpudzps
sbpudzsp
sbpupdsz
sbpupdzs
sbpupsdz
sbpupszd
sbpupzds
sbpupzsd
sbpusdpz
sbpusdzp
sbpuspdz
sbpuspzd
sbpuszdp
sbpuszpd
sbpuzdps
sbpuzdsp
sbpuzpds
sbpuzpsd
sbpuzsdp
sbpuzspd
sbpzdpsu
sbpzdpus
sbpzdspu
sbpzdsup
sbpzdups
sbpzdusp
sbpzpdsu
sbpzpdus
sbpzpsdu
sbpzpsud
sbpzpuds
sbpzpusd
sbpzsdpu
sbpzsdup
sbpzspdu
sbpzspud
sbpzsudp
sbpzsupd
sbpzudps
sbpzudsp
sbpzupds
sbpzupsd
sbpzusdp
sbpzuspd
sbsdppuz
sbsdppzu
sbsdpupz
sbsdpuzp
sbsdpzpu
sbsdpzup
sbsduppz
sbsdupzp
sbsduzpp
sbsdzppu
sbsdzpup
sbsdzupp
sbspdpuz
sbspdpzu
sbspdupz
sbspduzp
sbspdzpu
sbspdzup
sbsppduz
sbsppdzu
sbsppudz
sbsppuzd
sbsppzdu
sbsppzud
sbspudpz
sbspudzp
sbspupdz
sbspupzd
sbspuzdp
sbspuzpd
sbspzdpu
sbspzdup
sbspzpdu
sbspzpud
sbspzudp
sbspzupd
sbsudppz
sbsudpzp
sbsudzpp
sbsupdpz
sbsupdzp
sbsuppdz
sbsuppzd
sbsupzdp
sbsupzpd
sbsuzdpp
sbsuzpdp
sbsuzppd
sbszdppu
sbszdpup
sbszdupp
sbszpdpu
sbszpdup
sbszppdu
sbszppud
sbszpudp
sbszpupd
sbszudpp
sbszupdp
sbszuppd
sbudppsz
sbudppzs
sbudpspz
sbudpszp
sbudpzps
sbudpzsp
sbudsppz
sbudspzp
sbudszpp
sbudzpps
sbudzpsp
sbudzspp
sbupdpsz
sbupdpzs
sbupdspz
sbupdszp
sbupdzps
sbupdzsp
sbuppdsz
sbuppdzs
sbuppsdz
sbuppszd
sbuppzds
sbuppzsd
sbupsdpz
sbupsdzp
sbupspdz
sbupspzd
sbupszdp
sbupszpd
sbupzdps
sbupzdsp
sbupzpds
sbupzpsd
sbupzsdp
sbupzspd
sbusdppz
sbusdpzp
sbusdzpp
sbuspdpz
sbuspdzp
sbusppdz
sbusppzd
sbuspzdp
sbuspzpd
sbuszdpp
sbuszpdp
sbuszppd
sbuzdpps
sbuzdpsp
sbuzdspp
sbuzpdps
sbuzpdsp
sbuzppds
sbuzppsd
sbuzpsdp
sbuzpspd
sbuzsdpp
sbuzspdp
sbuzsppd
sbzdppsu
sbzdppus
sbzdpspu
sbzdpsup
sbzdpups
sbzdpusp
sbzdsppu
sbzdspup
sbzdsupp
sbzdupps
sbzdupsp
sbzduspp
sbzpdpsu
sbzpdpus
sbzpdspu
sbzpdsup
sbzpdups
sbzpdusp
sbzppdsu
sbzppdus
sbzppsdu
sbzppsud
sbzppuds
sbzppusd
sbzpsdpu
sbzpsdup
sbzpspdu
sbzpspud
sbzpsudp
sbzpsupd
sbzpudps
sbzpudsp
sbzpupds
sbzpupsd
sbzpusdp
sbzpuspd
sbzsdppu
sbzsdpup
sbzsdupp
sbzspdpu
sbzspdup
sbzsppdu
sbzsppud
sbzspudp
sbzspupd
sbzsudpp
sbzsupdp
sbzsuppd
sbzudpps
sbzudpsp
sbzudspp
sbzupdps
sbzupdsp
sbzuppds
sbzuppsd
sbzupsdp
sbzupspd
sbzusdpp
sbzuspdp
sbzusppd
sdbppsuz
sdbppszu
sdbppusz
sdbppuzs
sdbppzsu
sdbppzus
sdbpspuz
sdbpspzu
sdbpsupz
sdbpsuzp
sdbpszpu
sdbpszup
sdbpupsz
sdbpupzs
sdbpuspz
sdbpuszp
sdbpuzps
sdbpuzsp
sdbpzpsu
sdbpzpus
sdbpzspu
sdbpzsup
sdbpzups
sdbpzusp
sdbsppuz
sdbsppzu
sdbspupz
sdbspuzp
sdbspzpu
sdbspzup
sdbsuppz
sdbsupzp
sdbsuzpp
sdbszppu
sdbszpup
sdbszupp
sdbuppsz
sdbuppzs
sdbupspz
sdbupszp
sdbupzps
sdbupzsp
sdbusppz
sdbuspzp
sdbuszpp
sdbuzpps
sdbuzpsp
sdbuzspp
sdbzppsu
sdbzppus
sdbzpspu
sdbzpsup
sdbzpups
sdbzpusp
sdbzsppu
sdbzspup
sdbzsupp
sdbzupps
sdbzupsp
sdbzuspp
sdpbpsuz
sdpbpszu
sdpbpusz
sdpbpuzs
sdpbpzsu
sdpbpzus
sdpbspuz
sdpbspzu
sdpbsupz
sdpbsuzp
sdpbszpu
sdpbszup
sdpbupsz
sdpbupzs
sdpbuspz
sdpbuszp
sdpbuzps
sdpbuzsp
sdpbzpsu
sdpbzpus
sdpbzspu
sdpbzsup
sdpbzups
sdpbzusp
sdppbsuz
sdppbszu
sdppbusz
sdppbuzs
sdppbzsu
sdppbzus
sdppsbuz
sdppsbzu
sdppsubz
sdppsuzb
sdppszbu
sdppszub
sdppubsz
sdppubzs
sdppusbz
sdppuszb
sdppuzbs
sdppuzsb
sdppzbsu
sdppzbus
sdppzsbu
sdppzsub
sdppzubs
sdppzusb
sdpsbpuz
sdpsbpzu
sdpsbupz
sdpsbuzp
sdpsbzpu
sdpsbzup
sdpspbuz
sdpspbzu
sdpspubz
sdpspuzb
sdpspzbu
sdpspzub
sdpsubpz
sdpsubzp
sdpsupbz
sdpsupzb
sdpsuzbp
sdpsuzpb
sdpszbpu
sdpszbup
sdpszpbu
sdpszpub
sdpszubp
sdpszupb
sdpubpsz
sdpubpzs
sdpubspz
sdpubszp
sdpubzps
sdpubzsp
sdpupbsz
sdpupbzs
sdpupsbz
sdpupszb
sdpupzbs
sdpupzsb
sdpusbpz
sdpusbzp
sdpuspbz
sdpuspzb
sdpuszbp
sdpuszpb
sdpuzbps
sdpuzbsp
sdpuzpbs
sdpuzpsb
sdpuzsbp
sdpuzspb
sdpzbpsu
sdpzbpus
sdpzbspu
sdpzbsup
sdpzbups
sdpzbusp
sdpzpbsu
sdpzpbus
sdpzpsbu
sdpzpsub
sdpzpubs
sdpzpusb
sdpzsbpu
sdpzsbup
sdpzspbu
sdpzspub
sdpzsubp
sdpzsupb
sdpzubps
sdpzubsp
sdpzupbs
sdpzupsb
sdpzusbp
sdpzuspb
sdsbppuz
sdsbppzu
sdsbpupz
sdsbpuzp
sdsbpzpu
sdsbpzup
sdsbuppz
sdsbupzp
sdsbuzpp
sdsbzppu
sdsbzpup
sdsbzupp
sdspbpuz
sdspbpzu
sdspbupz
sdspbuzp
sdspbzpu
sdspbzup
sdsppbuz
sdsppbzu
sdsppubz
sdsppuzb
sdsppzbu
sdsppzub
sdspubpz
sdspubzp
sdspupbz
sdspupzb
sdspuzbp
sdspuzpb
sdspzbpu
sdspzbup
sdspzpbu
sdspzpub
sdspzubp
sdspzupb
sdsubppz
sdsubpzp
sdsubzpp
sdsupbpz
sdsupbzp
sdsuppbz
sdsuppzb
sdsupzbp
sdsupzpb
sdsuzbpp
sdsuzpbp
sdsuzppb
sdszbppu
sdszbpup
sdszbupp
sdszpbpu
sdszpbup
sdszppbu
sdszppub
sdszpubp
sdszpupb
sdszubpp
sdszupbp
sdszuppb
sdubppsz
sdubppzs
sdubpspz
sdubpszp
sdubpzps
sdubpzsp
sdubsppz
sdubspzp
sdubszpp
sdubzpps
sdubzpsp
sdubzspp
sdupbpsz
sdupbpzs
sdupbspz
sdupbszp
sdupbzps
sdupbzsp
sduppbsz
sduppbzs
sduppsbz
sduppszb
sduppzbs
sduppzsb
sdupsbpz
sdupsbzp
sdupspbz
sdupspzb
sdupszbp
sdupszpb
sdupzbps
sdupzbsp
sdupzpbs
sdupzpsb
sdupzsbp
sdupzspb
sdusbppz
sdusbpzp
sdusbzpp
sduspbpz
sduspbzp
sdusppbz
sdusppzb
sduspzbp
sduspzpb
sduszbpp
sduszpbp
sduszppb
sduzbpps
sduzbpsp
sduzbspp
sduzpbps
sduzpbsp
sduzppbs
sduzppsb
sduzpsbp
sduzpspb
sduzsbpp
sduzspbp
sduzsppb
sdzbppsu
sdzbppus
sdzbpspu
sdzbpsup
sdzbpups
sdzbpusp
sdzbsppu
sdzbspup
sdzbsupp
sdzbupps
sdzbupsp
sdzbuspp
sdzpbpsu
sdzpbpus
sdzpbspu
sdzpbsup
sdzpbups
sdzpbusp
sdzppbsu
sdzppbus
sdzppsbu
sdzppsub
sdzppubs
sdzppusb
sdzpsbpu
sdzpsbup
sdzpspbu
sdzpspub
sdzpsubp
sdzpsupb
sdzpubps
sdzpubsp
sdzpupbs
sdzpupsb
sdzpusbp
sdzpuspb
sdzsbppu
sdzsbpup
sdzsbupp
sdzspbpu
sdzspbup
sdzsppbu
sdzsppub
sdzspubp
sdzspupb
sdzsubpp
sdzsupbp
sdzsuppb
sdzubpps
sdzubpsp
sdzubspp
sdzupbps
sdzupbsp
sdzuppbs
sdzuppsb
sdzupsbp
sdzupspb
sdzusbpp
sdzuspbp
sdzusppb
spbdpsuz
spbdpszu
spbdpusz
spbdpuzs
spbdpzsu
spbdpzus
spbdspuz
spbdspzu
spbdsupz
spbdsuzp
spbdszpu
spbdszup
spbdupsz
spbdupzs
spbduspz
spbduszp
spbduzps
spbduzsp
spbdzpsu
spbdzpus
spbdzspu
spbdzsup
spbdzups
spbdzusp
spbpdsuz
spbpdszu
spbpdusz
spbpduzs
spbpdzsu
spbpdzus
spbpsduz
spbpsdzu
spbpsudz
spbpsuzd
spbpszdu
spbpszud
spbpudsz
spbpudzs
spbpusdz
spbpuszd
spbpuzds
spbpuzsd
spbpzdsu
spbpzdus
spbpzsdu
spbpzsud
spbpzuds
spbpzusd
spbsdpuz
spbsdpzu
spbsdupz
spbsduzp
spbsdzpu
spbsdzup
spbspduz
spbspdzu
spbspudz
spbspuzd
spbspzdu
spbspzud
spbsudpz
spbsudzp
spbsupdz
spbsupzd
spbsuzdp
spbsuzpd
spbszdpu
spbszdup
spbszpdu
spbszpud
spbszudp
spbszupd
spbudpsz
spbudpzs
spbudspz
spbudszp
spbudzps
spbudzsp
spbupdsz
spbupdzs
spbupsdz
spbupszd
spbupzds
spbupzsd
spbusdpz
spbusdzp
spbuspdz
spbuspzd
spbuszdp
spbuszpd
spbuzdps
spbuzdsp
spbuzpds
spbuzpsd
spbuzsdp
spbuzspd
spbzdpsu
spbzdpus
spbzdspu
spbzdsup
spbzdups
spbzdusp
spbzpdsu
spbzpdus
spbzpsdu
spbzpsud
spbzpuds
spbzpusd
spbzsdpu
spbzsdup
spbzspdu
spbzspud
spbzsudp
spbzsupd
spbzudps
spbzudsp
spbzupds
spbzupsd
spbzusdp
spbzuspd
spdbpsuz
spdbpszu
spdbpusz
spdbpuzs
spdbpzsu
spdbpzus
spdbspuz
spdbspzu
spdbsupz
spdbsuzp
spdbszpu
spdbszup
spdbupsz
spdbupzs
spdbuspz
spdbuszp
spdbuzps
spdbuzsp
spdbzpsu
spdbzpus
spdbzspu
spdbzsup
spdbzups
spdbzusp
spdpbsuz
spdpbszu
spdpbusz
spdpbuzs
spdpbzsu
spdpbzus
spdpsbuz
spdpsbzu
spdpsubz
spdpsuzb
spdpszbu
spdpszub
spdpubsz
spdpubzs
spdpusbz
spdpuszb
spdpuzbs
spdpuzsb
spdpzbsu
spdpzbus
spdpzsbu
spdpzsub
spdpzubs
spdpzusb
spdsbpuz
spdsbpzu
spdsbupz
spdsbuzp
spdsbzpu
spdsbzup
spdspbuz
spdspbzu
spdspubz
spdspuzb
spdspzbu
spdspzub
spdsubpz
spdsubzp
spdsupbz
spdsupzb
spdsuzbp
spdsuzpb
spdszbpu
spdszbup
spdszpbu
spdszpub
spdszubp
spdszupb
spdubpsz
spdubpzs
spdubspz
spdubszp
spdubzps
spdubzsp
spdupbsz
spdupbzs
spdupsbz
spdupszb
spdupzbs
spdupzsb
spdusbpz
spdusbzp
spduspbz
spduspzb
spduszbp
spduszpb
spduzbps
spduzbsp
spduzpbs
spduzpsb
spduzsbp
spduzspb
spdzbpsu
spdzbpus
spdzbspu
spdzbsup
spdzbups
spdzbusp
spdzpbsu
spdzpbus
spdzpsbu
spdzpsub
spdzpubs
spdzpusb
spdzsbpu
spdzsbup
spdzspbu
spdzspub
spdzsubp
spdzsupb
spdzubps
spdzubsp
spdzupbs
spdzupsb
spdzusbp
spdzuspb
sppbdsuz
sppbdszu
sppbdusz
sppbduzs
sppbdzsu
sppbdzus
sppbsduz
sppbsdzu
sppbsudz
sppbsuzd
sppbszdu
sppbszud
sppbudsz
sppbudzs
sppbusdz
sppbuszd
sppbuzds
sppbuzsd
sppbzdsu
sppbzdus
sppbzsdu
sppbzsud
sppbzuds
sppbzusd
sppdbsuz
sppdbszu
sppdbusz
sppdbuzs
sppdbzsu
sppdbzus
sppdsbuz
sppdsbzu
sppdsubz
sppdsuzb
sppdszbu
sppdszub
sppdubsz
sppdubzs
sppdusbz
sppduszb
sppduzbs
sppduzsb
sppdzbsu
sppdzbus
sppdzsbu
sppdzsub
sppdzubs
sppdzusb
sppsbduz
sppsbdzu
sppsbudz
sppsbuzd
sppsbzdu
sppsbzud
sppsdbuz
sppsdbzu
sppsdubz
sppsduzb
sppsdzbu
sppsdzub
sppsubdz
sppsubzd
sppsudbz
sppsudzb
sppsuzbd
sppsuzdb
sppszbdu
sppszbud
sppszdbu
sppszdub
sppszubd
sppszudb
sppubdsz
sppubdzs
sppubsdz
sppubszd
sppubzds
sppubzsd
sppudbsz
sppudbzs
sppudsbz
sppudszb
sppudzbs
sppudzsb
sppusbdz
sppusbzd
sppusdbz
sppusdzb
sppuszbd
sppuszdb
sppuzbds
sppuzbsd
sppuzdbs
sppuzdsb
sppuzsbd
sppuzsdb
sppzbdsu
sppzbdus
sppzbsdu
sppzbsud
sppzbuds
sppzbusd
sppzdbsu
sppzdbus
sppzdsbu
sppzdsub
sppzdubs
sppzdusb
sppzsbdu
sppzsbud
sppzsdbu
sppzsdub
sppzsubd
sppzsudb
sppzubds
sppzubsd
sppzudbs
sppzudsb
sppzusbd
sppzusdb
spsbdpuz
spsbdpzu
spsbdupz
spsbduzp
spsbdzpu
spsbdzup
spsbpduz
spsbpdzu
spsbpudz
spsbpuzd
spsbpzdu
spsbpzud
spsbudpz
spsbudzp
spsbupdz
spsbupzd
spsbuzdp
spsbuzpd
spsbzdpu
spsbzdup
spsbzpdu
spsbzpud
spsbzudp
spsbzupd
spsdbpuz
spsdbpzu
spsdbupz
spsdbuzp
spsdbzpu
spsdbzup
spsdpbuz
spsdpbzu
spsdpubz
spsdpuzb
spsdpzbu
spsdpzub
spsdubpz
spsdubzp
spsdupbz
spsdupzb
spsduzbp
spsduzpb
spsdzbpu
spsdzbup
spsdzpbu
spsdzpub
spsdzubp
spsdzupb
spspbduz
spspbdzu
spspbudz
spspbuzd
spspbzdu
spspbzud
spspdbuz
spspdbzu
spspdubz
spspduzb
spspdzbu
spspdzub
spspubdz
spspubzd
spspudbz
spspudzb
spspuzbd
spspuzdb
spspzbdu
spspzbud
spspzdbu
spspzdub
spspzubd
spspzudb
spsubdpz
spsubdzp
spsubpdz
spsubpzd
spsubzdp
spsubzpd
spsudbpz
spsudbzp
spsudpbz
spsudpzb
spsudzbp
spsudzpb
spsupbdz
spsupbzd
spsupdbz
spsupdzb
spsupzbd
spsupzdb
spsuzbdp
spsuzbpd
spsuzdbp
spsuzdpb
spsuzpbd
spsuzpdb
spszbdpu
spszbdup
spszbpdu
spszbpud
spszbudp
spszbupd
spszdbpu
spszdbup
spszdpbu
spszdpub
spszdubp
spszdupb
spszpbdu
spszpbud
spszpdbu
spszpdub
spszpubd
spszpudb
spszubdp
spszubpd
spszudbp
spszudpb
spszupbd
spszupdb
spubdpsz
spubdpzs
spubdspz
spubdszp
spubdzps
spubdzsp
spubpdsz
spubpdzs
spubpsdz
spubpszd
spubpzds
spubpzsd
spubsdpz
spubsdzp
spubspdz
spubspzd
spubszdp
spubszpd
spubzdps
spubzdsp
spubzpds
spubzpsd
spubzsdp
spubzspd
spudbpsz
spudbpzs
spudbspz
spudbszp
spudbzps
spudbzsp
spudpbsz
spudpbzs
spudpsbz
spudpszb
spudpzbs
spudpzsb
spudsbpz
spudsbzp
spudspbz
spudspzb
spudszbp
spudszpb
spudzbps
spudzbsp
spudzpbs
spudzpsb
spudzsbp
spudzspb
spupbdsz
spupbdzs
spupbsdz
spupbszd
spupbzds
spupbzsd
spupdbsz
spupdbzs
spupdsbz
spupdszb
spupdzbs
spupdzsb
spupsbdz
spupsbzd
spupsdbz
spupsdzb
spupszbd
spupszdb
spupzbds
spupzbsd
spupzdbs
spupzdsb
spupzsbd
spupzsdb
spusbdpz
spusbdzp
spusbpdz
spusbpzd
spusbzdp
spusbzpd
spusdbpz
spusdbzp
spusdpbz
spusdpzb
spusdzbp
spusdzpb
spuspbdz
spuspbzd
spuspdbz
spuspdzb
spuspzbd
spuspzdb
spuszbdp
spuszbpd
spuszdbp
spuszdpb
spuszpbd
spuszpdb
spuzbdps
spuzbdsp
spuzbpds
spuzbpsd
spuzbsdp
spuzbspd
spuzdbps
spuzdbsp
spuzdpbs
spuzdpsb
spuzdsbp
spuzdspb
spuzpbds
spuzpbsd
spuzpdbs
spuzpdsb
spuzpsbd
spuzpsdb
spuzsbdp
spuzsbpd
spuzsdbp
spuzsdpb
spuzspbd
spuzspdb
spzbdpsu
spzbdpus
spzbdspu
spzbdsup
spzbdups
spzbdusp
spzbpdsu
spzbpdus
spzbpsdu
spzbpsud
spzbpuds
spzbpusd
spzbsdpu
spzbsdup
spzbspdu
spzbspud
spzbsudp
spzbsupd
spzbudps
spzbudsp
spzbupds
spzbupsd
spzbusdp
spzbuspd
spzdbpsu
spzdbpus
spzdbspu
spzdbsup
spzdbups
spzdbusp
spzdpbsu
spzdpbus
spzdpsbu
spzdpsub
spzdpubs
spzdpusb
spzdsbpu
spzdsbup
spzdspbu
spzdspub
spzdsubp
spzdsupb
spzdubps
spzdubsp
spzdupbs
spzdupsb
spzdusbp
spzduspb
spzpbdsu
spzpbdus
spzpbsdu
spzpbsud
spzpbuds
spzpbusd
spzpdbsu
spzpdbus
spzpdsbu
spzpdsub
spzpdubs
spzpdusb
spzpsbdu
spzpsbud
spzpsdbu
spzpsdub
spzpsubd
spzpsudb
spzpubds
spzpubsd
spzpudbs
spzpudsb
spzpusbd
spzpusdb
spzsbdpu
spzsbdup
spzsbpdu
spzsbpud
spzsbudp
spzsbupd
spzsdbpu
spzsdbup
spzsdpbu
spzsdpub
spzsdubp
spzsdupb
spzspbdu
spzspbud
spzspdbu
spzspdub
spzspubd
spzspudb
spzsubdp
spzsubpd
spzsudbp
spzsudpb
spzsupbd
spzsupdb
spzubdps
spzubdsp
spzubpds
spzubpsd
spzubsdp
spzubspd
spzudbps
spzudbsp
spzudpbs
spzudpsb
spzudsbp
spzudspb
spzupbds
spzupbsd
spzupdbs
spzupdsb
spzupsbd
spzupsdb
spzusbdp
spzusbpd
spzusdbp
spzusdpb
spzuspbd
spzuspdb
ssbdppuz
ssbdppzu
ssbdpupz
ssbdpuzp
ssbdpzpu
ssbdpzup
ssbduppz
ssbdupzp
ssbduzpp
ssbdzppu
ssbdzpup
ssbdzupp
ssbpdpuz
ssbpdpzu
ssbpdupz
ssbpduzp
ssbpdzpu
ssbpdzup
ssbppduz
ssbppdzu
ssbppudz
ssbppuzd
ssbppzdu
ssbppzud
ssbpudpz
ssbpudzp
ssbpupdz
ssbpupzd
ssbpuzdp
ssbpuzpd
ssbpzdpu
ssbpzdup
ssbpzpdu
ssbpzpud
ssbpzudp
ssbpzupd
ssbudppz
ssbudpzp
ssbudzpp
ssbupdpz
ssbupdzp
ssbuppdz
ssbuppzd
ssbupzdp
ssbupzpd
ssbuzdpp
ssbuzpdp
ssbuzppd
ssbzdppu
ssbzdpup
ssbzdupp
ssbzpdpu
ssbzpdup
ssbzppdu
ssbzppud
ssbzpudp
ssbzpupd
ssbzudpp
ssbzupdp
ssbzuppd
ssdbppuz
ssdbppzu
ssdbpupz
ssdbpuzp
ssdbpzpu
ssdbpzup
ssdbuppz
ssdbupzp
ssdbuzpp
ssdbzppu
ssdbzpup
ssdbzupp
ssdpbpuz
ssdpbpzu
ssdpbupz
ssdpbuzp
ssdpbzpu
ssdpbzup
ssdppbuz
ssdppbzu
ssdppubz
ssdppuzb
ssdppzbu
ssdppzub
ssdpubpz
ssdpubzp
ssdpupbz
ssdpupzb
ssdpuzbp
ssdpuzpb
ssdpzbpu
ssdpzbup
ssdpzpbu
ssdpzpub
ssdpzubp
ssdpzupb
ssdubppz
ssdubpzp
ssdubzpp
ssdupbpz
ssdupbzp
ssduppbz
ssduppzb
ssdupzbp
ssdupzpb
ssduzbpp
ssduzpbp
ssduzppb
ssdzbppu
ssdzbpup
ssdzbupp
ssdzpbpu
ssdzpbup
ssdzppbu
ssdzppub
ssdzpubp
ssdzpupb
ssdzubpp
ssdzupbp
ssdzuppb
sspbdpuz
sspbdpzu
sspbdupz
sspbduzp
sspbdzpu
sspbdzup
sspbpduz
sspbpdzu
sspbpudz
sspbpuzd
sspbpzdu
sspbpzud
sspbudpz
sspbudzp
sspbupdz
sspbupzd
sspbuzdp
sspbuzpd
sspbzdpu
sspbzdup
sspbzpdu
sspbzpud
sspbzudp
sspbzupd
sspdbpuz
sspdbpzu
sspdbupz
sspdbuzp
sspdbzpu
sspdbzup
sspdpbuz
sspdpbzu
sspdpubz
sspdpuzb
sspdpzbu
sspdpzub
sspdubpz
sspdubzp
sspdupbz
sspdupzb
sspduzbp
sspduzpb
sspdzbpu
sspdzbup
sspdzpbu
sspdzpub
sspdzubp
sspdzupb
ssppbduz
ssppbdzu
ssppbudz
ssppbuzd
ssppbzdu
ssppbzud
ssppdbuz
ssppdbzu
ssppdubz
ssppduzb
ssppdzbu
ssppdzub
ssppubdz
ssppubzd
ssppudbz
ssppudzb
ssppuzbd
ssppuzdb
ssppzbdu
ssppzbud
ssppzdbu
ssppzdub
ssppzubd
ssppzudb
sspubdpz
sspubdzp
sspubpdz
sspubpzd
sspubzdp
sspubzpd
sspudbpz
sspudbzp
sspudpbz
sspudpzb
sspudzbp
sspudzpb
sspupbdz
sspupbzd
sspupdbz
sspupdzb
sspupzbd
sspupzdb
sspuzbdp
sspuzbpd
sspuzdbp
sspuzdpb
sspuzpbd
sspuzpdb
sspzbdpu
sspzbdup
sspzbpdu
sspzbpud
sspzbudp
sspzbupd
sspzdbpu
sspzdbup
sspzdpbu
sspzdpub
sspzdubp
sspzdupb
sspzpbdu
sspzpbud
sspzpdbu
sspzpdub
sspzpubd
sspzpudb
sspzubdp
sspzubpd
sspzudbp
sspzudpb
sspzupbd
sspzupdb
ssubdppz
ssubdpzp
ssubdzpp
ssubpdpz
ssubpdzp
ssubppdz
ssubppzd
ssubpzdp
ssubpzpd
ssubzdpp
ssubzpdp
ssubzppd
ssudbppz
ssudbpzp
ssudbzpp
ssudpbpz
ssudpbzp
ssudppbz
ssudppzb
ssudpzbp
ssudpzpb
ssudzbpp
ssudzpbp
ssudzppb
ssupbdpz
ssupbdzp
ssupbpdz
ssupbpzd
ssupbzdp
ssupbzpd
ssupdbpz
ssupdbzp
ssupdpbz
ssupdpzb
ssupdzbp
ssupdzpb
ssuppbdz
ssuppbzd
ssuppdbz
ssuppdzb
ssuppzbd
ssuppzdb
ssupzbdp
ssupzbpd
ssupzdbp
ssupzdpb
ssupzpbd
ssupzpdb
ssuzbdpp
ssuzbpdp
ssuzbppd
ssuzdbpp
ssuzdpbp
ssuzdppb
ssuzpbdp
ssuzpbpd
ssuzpdbp
ssuzpdpb
ssuzppbd
ssuzppdb
sszbdppu
sszbdpup
sszbdupp
sszbpdpu
sszbpdup
sszbppdu
sszbppud
sszbpudp
sszbpupd
sszbudpp
sszbupdp
sszbuppd
sszdbppu
sszdbpup
sszdbupp
sszdpbpu
sszdpbup
sszdppbu
sszdppub
sszdpubp
sszdpupb
sszdubpp
sszdupbp
sszduppb
sszpbdpu
sszpbdup
sszpbpdu
sszpbpud
sszpbudp
sszpbupd
sszpdbpu
sszpdbup
sszpdpbu
sszpdpub
sszpdubp
sszpdupb
sszppbdu
sszppbud
sszppdbu
sszppdub
sszppubd
sszppudb
sszpubdp
sszpubpd
sszpudbp
sszpudpb
sszpupbd
sszpupdb
sszubdpp
sszubpdp
sszubppd
sszudbpp
sszudpbp
sszudppb
sszupbdp
sszupbpd
sszupdbp
sszupdpb
sszuppbd
sszuppdb
subdppsz
subdppzs
subdpspz
subdpszp
subdpzps
subdpzsp
subdsppz
subdspzp
subdszpp
subdzpps
subdzpsp
subdzspp
subpdpsz
subpdpzs
subpdspz
subpdszp
subpdzps
subpdzsp
subppdsz
subppdzs
subppsdz
subppszd
subppzds
subppzsd
subpsdpz
subpsdzp
subpspdz
subpspzd
subpszdp
subpszpd
subpzdps
subpzdsp
subpzpds
subpzpsd
subpzsdp
subpzspd
subsdppz
subsdpzp
subsdzpp
subspdpz
subspdzp
subsppdz
subsppzd
subspzdp
subspzpd
subszdpp
subszpdp
subszppd
subzdpps
subzdpsp
subzdspp
subzpdps
subzpdsp
subzppds
subzppsd
subzpsdp
subzpspd
subzsdpp
subzspdp
subzsppd
sudbppsz
sudbppzs
sudbpspz
sudbpszp
sudbpzps
sudbpzsp
sudbsppz
sudbspzp
sudbszpp
sudbzpps
sudbzpsp
sudbzspp
sudpbpsz
sudpbpzs
sudpbspz
sudpbszp
sudpbzps
sudpbzsp
sudppbsz
sudppbzs
sudppsbz
sudppszb
sudppzbs
sudppzsb
sudpsbpz
sudpsbzp
sudpspbz
sudpspzb
sudpszbp
sudpszpb
sudpzbps
sudpzbsp
sudpzpbs
sudpzpsb
sudpzsbp
sudpzspb
sudsbppz
sudsbpzp
sudsbzpp
sudspbpz
sudspbzp
sudsppbz
sudsppzb
sudspzbp
sudspzpb
sudszbpp
sudszpbp
sudszppb
sudzbpps
sudzbpsp
sudzbspp
sudzpbps
sudzpbsp
sudzppbs
sudzppsb
sudzpsbp
sudzpspb
sudzsbpp
sudzspbp
sudzsppb
supbdpsz
supbdpzs
supbdspz
supbdszp
supbdzps
supbdzsp
supbpdsz
supbpdzs
supbpsdz
supbpszd
supbpzds
supbpzsd
supbsdpz
supbsdzp
supbspdz
supbspzd
supbszdp
supbszpd
supbzdps
supbzdsp
supbzpds
supbzpsd
supbzsdp
supbzspd
supdbpsz
supdbpzs
supdbspz
supdbszp
supdbzps
supdbzsp
supdpbsz
supdpbzs
supdpsbz
supdpszb
supdpzbs
supdpzsb
supdsbpz
supdsbzp
supdspbz
supdspzb
supdszbp
supdszpb
supdzbps
supdzbsp
supdzpbs
supdzpsb
supdzsbp
supdzspb
suppbdsz
suppbdzs
suppbsdz
suppbszd
suppbzds
suppbzsd
suppdbsz
suppdbzs
suppdsbz
suppdszb
suppdzbs
suppdzsb
suppsbdz
suppsbzd
suppsdbz
suppsdzb
suppszbd
suppszdb
suppzbds
suppzbsd
suppzdbs
suppzdsb
suppzsbd
suppzsdb
supsbdpz
supsbdzp
supsbpdz
supsbpzd
supsbzdp
supsbzpd
supsdbpz
supsdbzp
supsdpbz
supsdpzb
supsdzbp
supsdzpb
supspbdz
supspbzd
supspdbz
supspdzb
supspzbd
supspzdb
supszbdp
supszbpd
supszdbp
supszdpb
supszpbd
supszpdb
supzbdps
supzbdsp
supzbpds
supzbpsd
supzbsdp
supzbspd
supzdbps
supzdbsp
supzdpbs
supzdpsb
supzdsbp
supzdspb
supzpbds
supzpbsd
supzpdbs
supzpdsb
supzpsbd
supzpsdb
supzsbdp
supzsbpd
supzsdbp
supzsdpb
supzspbd
supzspdb
susbdppz
susbdpzp
susbdzpp
susbpdpz
susbpdzp
susbppdz
susbppzd
susbpzdp
susbpzpd
susbzdpp
susbzpdp
susbzppd
susdbppz
susdbpzp
susdbzpp
susdpbpz
susdpbzp
susdppbz
susdppzb
susdpzbp
susdpzpb
susdzbpp
susdzpbp
susdzppb
suspbdpz
suspbdzp
suspbpdz
suspbpzd
suspbzdp
suspbzpd
suspdbpz
suspdbzp
suspdpbz
suspdpzb
suspdzbp
suspdzpb
susppbdz
susppbzd
susppdbz
susppdzb
susppzbd
susppzdb
suspzbdp
suspzbpd
suspzdbp
suspzdpb
suspzpbd
suspzpdb
suszbdpp
suszbpdp
suszbppd
suszdbpp
suszdpbp
suszdppb
suszpbdp
suszpbpd
suszpdbp
suszpdpb
suszppbd
suszppdb
suzbdpps
suzbdpsp
suzbdspp
suzbpdps
suzbpdsp
suzbppds
suzbppsd
suzbpsdp
suzbpspd
suzbsdpp
suzbspdp
suzbsppd
suzdbpps
suzdbpsp
suzdbspp
suzdpbps
suzdpbsp
suzdppbs
suzdppsb
suzdpsbp
suzdpspb
suzdsbpp
suzdspbp
suzdsppb
suzpbdps
suzpbdsp
suzpbpds
suzpbpsd
suzpbsdp
suzpbspd
suzpdbps
suzpdbsp
suzpdpbs
suzpdpsb
suzpdsbp
suzpdspb
suzppbds
suzppbsd
suzppdbs
suzppdsb
suzppsbd
suzppsdb
suzpsbdp
suzpsbpd
suzpsdbp
suzpsdpb
suzpspbd
suzpspdb
suzsbdpp
suzsbpdp
suzsbppd
suzsdbpp
suzsdpbp
suzsdppb
suzspbdp
suzspbpd
suzspdbp
suzspdpb
suzsppbd
suzsppdb
szbdppsu
szbdppus
szbdpspu
szbdpsup
szbdpups
szbdpusp
szbdsppu
szbdspup
szbdsupp
szbdupps
szbdupsp
szbduspp
szbpdpsu
szbpdpus
szbpdspu
szbpdsup
szbpdups
szbpdusp
szbppdsu
szbppdus
szbppsdu
szbppsud
szbppuds
szbppusd
szbpsdpu
szbpsdup
szbpspdu
szbpspud
szbpsudp
szbpsupd
szbpudps
szbpudsp
szbpupds
szbpupsd
szbpusdp
szbpuspd
szbsdppu
szbsdpup
szbsdupp
szbspdpu
szbspdup
szbsppdu
szbsppud
szbspudp
szbspupd
szbsudpp
szbsupdp
szbsuppd
szbudpps
szbudpsp
szbudspp
szbupdps
szbupdsp
szbuppds
szbuppsd
szbupsdp
szbupspd
szbusdpp
szbuspdp
szbusppd
szdbppsu
szdbppus
szdbpspu
szdbpsup
szdbpups
szdbpusp
szdbsppu
szdbspup
szdbsupp
szdbupps
szdbupsp
szdbuspp
szdpbpsu
szdpbpus
szdpbspu
szdpbsup
szdpbups
szdpbusp
szdppbsu
szdppbus
szdppsbu
szdppsub
szdppubs
szdppusb
szdpsbpu
szdpsbup
szdpspbu
szdpspub
szdpsubp
szdpsupb
szdpubps
szdpubsp
szdpupbs
szdpupsb
szdpusbp
szdpuspb
szdsbppu
szdsbpup
szdsbupp
szdspbpu
szdspbup
szdsppbu
szdsppub
szdspubp
szdspupb
szdsubpp
szdsupbp
szdsuppb
szdubpps
szdubpsp
szdubspp
szdupbps
szdupbsp
szduppbs
szduppsb
szdupsbp
szdupspb
szdusbpp
szduspbp
szdusppb
szpbdpsu
szpbdpus
szpbdspu
szpbdsup
szpbdups
szpbdusp
szpbpdsu
szpbpdus
szpbpsdu
szpbpsud
szpbpuds
szpbpusd
szpbsdpu
szpbsdup
szpbspdu
szpbspud
szpbsudp
szpbsupd
szpbudps
szpbudsp
szpbupds
szpbupsd
szpbusdp
szpbuspd
szpdbpsu
szpdbpus
szpdbspu
szpdbsup
szpdbups
szpdbusp
szpdpbsu
szpdpbus
szpdpsbu
szpdpsub
szpdpubs
szpdpusb
szpdsbpu
szpdsbup
szpdspbu
szpdspub
szpdsubp
szpdsupb
szpdubps
szpdubsp
szpdupbs
szpdupsb
szpdusbp
szpduspb
szppbdsu
szppbdus
szppbsdu
szppbsud
szppbuds
szppbusd
szppdbsu
szppdbus
szppdsbu
szppdsub
szppdubs
szppdusb
szppsbdu
szppsbud
szppsdbu
szppsdub
szppsubd
szppsudb
szppubds
szppubsd
szppudbs
szppudsb
szppusbd
szppusdb
szpsbdpu
szpsbdup
szpsbpdu
szpsbpud
szpsbudp
szpsbupd
szpsdbpu
szpsdbup
szpsdpbu
szpsdpub
szpsdubp
szpsdupb
szpspbdu
szpspbud
szpspdbu
szpspdub
szpspubd
szpspudb
szpsubdp
szpsubpd
szpsudbp
szpsudpb
szpsupbd
szpsupdb
szpubdps
szpubdsp
szpubpds
szpubpsd
szpubsdp
szpubspd
szpudbps
szpudbsp
szpudpbs
szpudpsb
szpudsbp
szpudspb
szpupbds
szpupbsd
szpupdbs
szpupdsb
szpupsbd
szpupsdb
szpusbdp
szpusbpd
szpusdbp
szpusdpb
szpuspbd
szpuspdb
szsbdppu
szsbdpup
szsbdupp
szsbpdpu
szsbpdup
szsbppdu
szsbppud
szsbpudp
szsbpupd
szsbudpp
szsbupdp
szsbuppd
szsdbppu
szsdbpup
szsdbupp
szsdpbpu
szsdpbup
szsdppbu
szsdppub
szsdpubp
szsdpupb
szsdubpp
szsdupbp
szsduppb
szspbdpu
szspbdup
szspbpdu
szspbpud
szspbudp
szspbupd
szspdbpu
szspdbup
szspdpbu
szspdpub
szspdubp
szspdupb
szsppbdu
szsppbud
szsppdbu
szsppdub
szsppubd
szsppudb
szspubdp
szspubpd
szspudbp
szspudpb
szspupbd
szspupdb
szsubdpp
szsubpdp
szsubppd
szsudbpp
szsudpbp
szsudppb
szsupbdp
szsupbpd
szsupdbp
szsupdpb
szsuppbd
szsuppdb
szubdpps
szubdpsp
szubdspp
szubpdps
szubpdsp
szubppds
szubppsd
szubpsdp
szubpspd
szubsdpp
szubspdp
szubsppd
szudbpps
szudbpsp
szudbspp
szudpbps
szudpbsp
szudppbs
szudppsb
szudpsbp
szudpspb
szudsbpp
szudspbp
szudsppb
szupbdps
szupbdsp
szupbpds
szupbpsd
szupbsdp
szupbspd
szupdbps
szupdbsp
szupdpbs
szupdpsb
szupdsbp
szupdspb
szuppbds
szuppbsd
szuppdbs
szuppdsb
szuppsbd
szuppsdb
szupsbdp
szupsbpd
szupsdbp
szupsdpb
szupspbd
szupspdb
szusbdpp
szusbpdp
szusbppd
szusdbpp
szusdpbp
szusdppb
szuspbdp
szuspbpd
szuspdbp
szuspdpb
szusppbd
szusppdb
ubdppssz
ubdppszs
ubdppzss
ubdpspsz
ubdpspzs
ubdpsspz
ubdpsszp
ubdpszps
ubdpszsp
ubdpzpss
ubdpzsps
ubdpzssp
ubdsppsz
ubdsppzs
ubdspspz
ubdspszp
ubdspzps
ubdspzsp
ubdssppz
ubdsspzp
ubdsszpp
ubdszpps
ubdszpsp
ubdszspp
ubdzppss
ubdzpsps
ubdzpssp
ubdzspps
ubdzspsp
ubdzsspp
ubpdpssz
ubpdpszs
ubpdpzss
ubpdspsz
ubpdspzs
ubpdsspz
ubpdsszp
ubpdszps
ubpdszsp
ubpdzpss
ubpdzsps
ubpdzssp
ubppdssz
ubppdszs
ubppdzss
ubppsdsz
ubppsdzs
ubppssdz
ubppsszd
ubppszds
ubppszsd
ubppzdss
ubppzsds
ubppzssd
ubpsdpsz
ubpsdpzs
ubpsdspz
ubpsdszp
ubpsdzps
ubpsdzsp
ubpspdsz
ubpspdzs
ubpspsdz
ubpspszd
ubpspzds
ubpspzsd
ubpssdpz
ubpssdzp
ubpsspdz
ubpsspzd
ubpsszdp
ubpsszpd
ubpszdps
ubpszdsp
ubpszpds
ubpszpsd
ubpszsdp
ubpszspd
ubpzdpss
ubpzdsps
ubpzdssp
ubpzpdss
ubpzpsds
ubpzpssd
ubpzsdps
ubpzsdsp
ubpzspds
ubpzspsd
ubpzssdp
ubpzsspd
ubsdppsz
ubsdppzs
ubsdpspz
ubsdpszp
ubsdpzps
ubsdpzsp
ubsdsppz
ubsdspzp
ubsdszpp
ubsdzpps
ubsdzpsp
ubsdzspp
ubspdpsz
ubspdpzs
ubspdspz
ubspdszp
ubspdzps
ubspdzsp
ubsppdsz
ubsppdzs
ubsppsdz
ubsppszd
ubsppzds
ubsppzsd
ubspsdpz
ubspsdzp
ubspspdz
ubspspzd
ubspszdp
ubspszpd
ubspzdps
ubspzdsp
ubspzpds
ubspzpsd
ubspzsdp
ubspzspd
ubssdppz
ubssdpzp
ubssdzpp
ubsspdpz
ubsspdzp
ubssppdz
ubssppzd
ubsspzdp
ubsspzpd
ubsszdpp
ubsszpdp
ubsszppd
ubszdpps
ubszdpsp
ubszdspp
ubszpdps
ubszpdsp
ubszppds
ubszppsd
ubszpsdp
ubszpspd
ubszsdpp
ubszspdp
ubszsppd
ubzdppss
ubzdpsps
ubzdpssp
ubzdspps
ubzdspsp
ubzdsspp
ubzpdpss
ubzpdsps
ubzpdssp
ubzppdss
ubzppsds
ubzppssd
ubzpsdps
ubzpsdsp
ubzpspds
ubzpspsd
ubzpssdp
ubzpsspd
ubzsdpps
ubzsdpsp
ubzsdspp
ubzspdps
ubzspdsp
ubzsppds
ubzsppsd
ubzspsdp
ubzspspd
ubzssdpp
ubzsspdp
ubzssppd
udbppssz
udbppszs
udbppzss
udbpspsz
udbpspzs
udbpsspz
udbpsszp
udbpszps
udbpszsp
udbpzpss
udbpzsps
udbpzssp
udbsppsz
udbsppzs
udbspspz
udbspszp
udbspzps
udbspzsp
udbssppz
udbsspzp
udbsszpp
udbszpps
udbszpsp
udbszspp
udbzppss
udbzpsps
udbzpssp
udbzspps
udbzspsp
udbzsspp
udpbpssz
udpbpszs
udpbpzss
udpbspsz
udpbspzs
udpbsspz
udpbsszp
udpbszps
udpbszsp
udpbzpss
udpbzsps
udpbzssp
udppbssz
udppbszs
udppbzss
udppsbsz
udppsbzs
udppssbz
udppsszb
udppszbs
udppszsb
udppzbss
udppzsbs
udppzssb
udpsbpsz
udpsbpzs
udpsbspz
udpsbszp
udpsbzps
udpsbzsp
udpspbsz
udpspbzs
udpspsbz
udpspszb
udpspzbs
udpspzsb
udpssbpz
udpssbzp
udpsspbz
udpsspzb
udpsszbp
udpsszpb
udpszbps
udpszbsp
udpszpbs
udpszpsb
udpszsbp
udpszspb
udpzbpss
udpzbsps
udpzbssp
udpzpbss
udpzpsbs
udpzpssb
udpzsbps
udpzsbsp
udpzspbs
udpzspsb
udpzssbp
udpzsspb
udsbppsz
udsbppzs
udsbpspz
udsbpszp
udsbpzps
udsbpzsp
udsbsppz
udsbspzp
udsbszpp
udsbzpps
udsbzpsp
udsbzspp
udspbpsz
udspbpzs
udspbspz
udspbszp
udspbzps
udspbzsp
udsppbsz
udsppbzs
udsppsbz
udsppszb
udsppzbs
udsppzsb
udspsbpz
udspsbzp
udspspbz
udspspzb
udspszbp
udspszpb
udspzbps
udspzbsp
udspzpbs
udspzpsb
udspzsbp
udspzspb
udssbppz
udssbpzp
udssbzpp
udsspbpz
udsspbzp
udssppbz
udssppzb
udsspzbp
udsspzpb
udsszbpp
udsszpbp
udsszppb
udszbpps
udszbpsp
udszbspp
udszpbps
udszpbsp
udszppbs
udszppsb
udszpsbp
udszpspb
udszsbpp
udszspbp
udszsppb
udzbppss
udzbpsps
udzbpssp
udzbspps
udzbspsp
udzbsspp
udzpbpss
udzpbsps
udzpbssp
udzppbss
udzppsbs
udzppssb
udzpsbps
udzpsbsp
udzpspbs
udzpspsb
udzpssbp
udzpsspb
udzsbpps
udzsbpsp
udzsbspp
udzspbps
udzspbsp
udzsppbs
udzsppsb
udzspsbp
udzspspb
udzssbpp
udzsspbp
udzssppb
upbdpssz
upbdpszs
upbdpzss
upbdspsz
upbdspzs
upbdsspz
upbdsszp
upbdszps
upbdszsp
upbdzpss
upbdzsps
upbdzssp
upbpdssz
upbpdszs
upbpdzss
upbpsdsz
upbpsdzs
upbpssdz
upbpsszd
upbpszds
upbpszsd
upbpzdss
upbpzsds
upbpzssd
upbsdpsz
upbsdpzs
upbsdspz
upbsdszp
upbsdzps
upbsdzsp
upbspdsz
upbspdzs
upbspsdz
upbspszd
upbspzds
upbspzsd
upbssdpz
upbssdzp
upbsspdz
upbsspzd
upbsszdp
upbsszpd
upbszdps
upbszdsp
upbszpds
upbszpsd
upbszsdp
upbszspd
upbzdpss
upbzdsps
upbzdssp
upbzpdss
upbzpsds
upbzpssd
upbzsdps
upbzsdsp
upbzspds
upbzspsd
upbzssdp
upbzsspd
updbpssz
updbpszs
updbpzss
updbspsz
updbspzs
updbsspz
updbsszp
updbszps
updbszsp
updbzpss
updbzsps
updbzssp
updpbssz
updpbszs
updpbzss
updpsbsz
updpsbzs
updpssbz
updpsszb
updpszbs
updpszsb
updpzbss
updpzsbs
updpzssb
updsbpsz
updsbpzs
updsbspz
updsbszp
updsbzps
updsbzsp
updspbsz
updspbzs
updspsbz
updspszb
updspzbs
updspzsb
updssbpz
updssbzp
updsspbz
updsspzb
updsszbp
updsszpb
updszbps
updszbsp
updszpbs
updszpsb
updszsbp
updszspb
updzbpss
updzbsps
updzbssp
updzpbss
updzpsbs
updzpssb
updzsbps
updzsbsp
updzspbs
updzspsb
updzssbp
updzsspb
uppbdssz
uppbdszs
uppbdzss
uppbsdsz
uppbsdzs
uppbssdz
uppbsszd
uppbszds
uppbszsd
uppbzdss
uppbzsds
uppbzssd
uppdbssz
uppdbszs
uppdbzss
uppdsbsz
uppdsbzs
uppdssbz
uppdsszb
uppdszbs
uppdszsb
uppdzbss
uppdzsbs
uppdzssb
uppsbdsz
uppsbdzs
uppsbsdz
uppsbszd
uppsbzds
uppsbzsd
uppsdbsz
uppsdbzs
uppsdsbz
uppsdszb
uppsdzbs
uppsdzsb
uppssbdz
uppssbzd
uppssdbz
uppssdzb
uppsszbd
uppsszdb
uppszbds
uppszbsd
uppszdbs
uppszdsb
uppszsbd
uppszsdb
uppzbdss
uppzbsds
uppzbssd
uppzdbss
uppzdsbs
uppzdssb
uppzsbds
uppzsbsd
uppzsdbs
uppzsdsb
uppzssbd
uppzssdb
upsbdpsz
upsbdpzs
upsbdspz
upsbdszp
upsbdzps
upsbdzsp
upsbpdsz
upsbpdzs
upsbpsdz
upsbpszd
upsbpzds
upsbpzsd
upsbsdpz
upsbsdzp
upsbspdz
upsbspzd
upsbszdp
upsbszpd
upsbzdps
upsbzdsp
upsbzpds
upsbzpsd
upsbzsdp
upsbzspd
upsdbpsz
upsdbpzs
upsdbspz
upsdbszp
upsdbzps
upsdbzsp
upsdpbsz
upsdpbzs
upsdpsbz
upsdpszb
upsdpzbs
upsdpzsb
upsdsbpz
upsdsbzp
upsdspbz
upsdspzb
upsdszbp
upsdszpb
upsdzbps
upsdzbsp
upsdzpbs
upsdzpsb
upsdzsbp
upsdzspb
upspbdsz
upspbdzs
upspbsdz
upspbszd
upspbzds
upspbzsd
upspdbsz
upspdbzs
upspdsbz
upspdszb
upspdzbs
upspdzsb
upspsbdz
upspsbzd
upspsdbz
upspsdzb
upspszbd
upspszdb
upspzbds
upspzbsd
upspzdbs
upspzdsb
upspzsbd
upspzsdb
upssbdpz
upssbdzp
upssbpdz
upssbpzd
upssbzdp
upssbzpd
upssdbpz
upssdbzp
upssdpbz
upssdpzb
upssdzbp
upssdzpb
upsspbdz
upsspbzd
upsspdbz
upsspdzb
upsspzbd
upsspzdb
upsszbdp
upsszbpd
upsszdbp
upsszdpb
upsszpbd
upsszpdb
upszbdps
upszbdsp
upszbpds
upszbpsd
upszbsdp
upszbspd
upszdbps
upszdbsp
upszdpbs
upszdpsb
upszdsbp
upszdspb
upszpbds
upszpbsd
upszpdbs
upszpdsb
upszpsbd
upszpsdb
upszsbdp
upszsbpd
upszsdbp
upszsdpb
upszspbd
upszspdb
upzbdpss
upzbdsps
upzbdssp
upzbpdss
upzbpsds
upzbpssd
upzbsdps
upzbsdsp
upzbspds
upzbspsd
upzbssdp
upzbsspd
upzdbpss
upzdbsps
upzdbssp
upzdpbss
upzdpsbs
upzdpssb
upzdsbps
upzdsbsp
upzdspbs
upzdspsb
upzdssbp
upzdsspb
upzpbdss
upzpbsds
upzpbssd
upzpdbss
upzpdsbs
upzpdssb
upzpsbds
upzpsbsd
upzpsdbs
upzpsdsb
upzpssbd
upzpssdb
upzsbdps
upzsbdsp
upzsbpds
upzsbpsd
upzsbsdp
upzsbspd
upzsdbps
upzsdbsp
upzsdpbs
upzsdpsb
upzsdsbp
upzsdspb
upzspbds
upzspbsd
upzspdbs
upzspdsb
upzspsbd
upzspsdb
upzssbdp
upzssbpd
upzssdbp
upzssdpb
upzsspbd
upzsspdb
usbdppsz
usbdppzs
usbdpspz
usbdpszp
usbdpzps
usbdpzsp
usbdsppz
usbdspzp
usbdszpp
usbdzpps
usbdzpsp
usbdzspp
usbpdpsz
usbpdpzs
usbpdspz
usbpdszp
usbpdzps
usbpdzsp
usbppdsz
usbppdzs
usbppsdz
usbppszd
usbppzds
usbppzsd
usbpsdpz
usbpsdzp
usbpspdz
usbpspzd
usbpszdp
usbpszpd
usbpzdps
usbpzdsp
usbpzpds
usbpzpsd
usbpzsdp
usbpzspd
usbsdppz
usbsdpzp
usbsdzpp
usbspdpz
usbspdzp
usbsppdz
usbsppzd
usbspzdp
usbspzpd
usbszdpp
usbszpdp
usbszppd
usbzdpps
usbzdpsp
usbzdspp
usbzpdps
usbzpdsp
usbzppds
usbzppsd
usbzpsdp
usbzpspd
usbzsdpp
usbzspdp
usbzsppd
usdbppsz
usdbppzs
usdbpspz
usdbpszp
usdbpzps
usdbpzsp
usdbsppz
usdbspzp
usdbszpp
usdbzpps
usdbzpsp
usdbzspp
usdpbpsz
usdpbpzs
usdpbspz
usdpbszp
usdpbzps
usdpbzsp
usdppbsz
usdppbzs
usdppsbz
usdppszb
usdppzbs
usdppzsb
usdpsbpz
usdpsbzp
usdpspbz
usdpspzb
usdpszbp
usdpszpb
usdpzbps
usdpzbsp
usdpzpbs
usdpzpsb
usdpzsbp
usdpzspb
usdsbppz
usdsbpzp
usdsbzpp
usdspbpz
usdspbzp
usdsppbz
usdsppzb
usdspzbp
usdspzpb
usdszbpp
usdszpbp
usdszppb
usdzbpps
usdzbpsp
usdzbspp
usdzpbps
usdzpbsp
usdzppbs
usdzppsb
usdzpsbp
usdzpspb
usdzsbpp
usdzspbp
usdzsppb
uspbdpsz
uspbdpzs
uspbdspz
uspbdszp
uspbdzps
uspbdzsp
uspbpdsz
uspbpdzs
uspbpsdz
uspbpszd
uspbpzds
uspbpzsd
uspbsdpz
uspbsdzp
uspbspdz
uspbspzd
uspbszdp
uspbszpd
uspbzdps
uspbzdsp
uspbzpds
uspbzpsd
uspbzsdp
uspbzspd
uspdbpsz
uspdbpzs
uspdbspz
uspdbszp
uspdbzps
uspdbzsp
uspdpbsz
uspdpbzs
uspdpsbz
uspdpszb
uspdpzbs
uspdpzsb
uspdsbpz
uspdsbzp
uspdspbz
uspdspzb
uspdszbp
uspdszpb
uspdzbps
uspdzbsp
uspdzpbs
uspdzpsb
uspdzsbp
uspdzspb
usppbdsz
usppbdzs
usppbsdz
usppbszd
usppbzds
usppbzsd
usppdbsz
usppdbzs
usppdsbz
usppdszb
usppdzbs
usppdzsb
usppsbdz
usppsbzd
usppsdbz
usppsdzb
usppszbd
usppszdb
usppzbds
usppzbsd
usppzdbs
usppzdsb
usppzsbd
usppzsdb
uspsbdpz
uspsbdzp
uspsbpdz
uspsbpzd
uspsbzdp
uspsbzpd
uspsdbpz
uspsdbzp
uspsdpbz
uspsdpzb
uspsdzbp
uspsdzpb
uspspbdz
uspspbzd
uspspdbz
uspspdzb
uspspzbd
uspspzdb
uspszbdp
uspszbpd
uspszdbp
uspszdpb
uspszpbd
uspszpdb
uspzbdps
uspzbdsp
uspzbpds
uspzbpsd
uspzbsdp
uspzbspd
uspzdbps
uspzdbsp
uspzdpbs
uspzdpsb
uspzdsbp
uspzdspb
uspzpbds
uspzpbsd
uspzpdbs
uspzpdsb
uspzpsbd
uspzpsdb
uspzsbdp
uspzsbpd
uspzsdbp
uspzsdpb
uspzspbd
uspzspdb
ussbdppz
ussbdpzp
ussbdzpp
ussbpdpz
ussbpdzp
ussbppdz
ussbppzd
ussbpzdp
ussbpzpd
ussbzdpp
ussbzpdp
ussbzppd
ussdbppz
ussdbpzp
ussdbzpp
ussdpbpz
ussdpbzp
ussdppbz
ussdppzb
ussdpzbp
ussdpzpb
ussdzbpp
ussdzpbp
ussdzppb
usspbdpz
usspbdzp
usspbpdz
usspbpzd
usspbzdp
usspbzpd
usspdbpz
usspdbzp
usspdpbz
usspdpzb
usspdzbp
usspdzpb
ussppbdz
ussppbzd
ussppdbz
ussppdzb
ussppzbd
ussppzdb
usspzbdp
usspzbpd
usspzdbp
usspzdpb
usspzpbd
usspzpdb
usszbdpp
usszbpdp
usszbppd
usszdbpp
usszdpbp
usszdppb
usszpbdp
usszpbpd
usszpdbp
usszpdpb
usszppbd
usszppdb
uszbdpps
uszbdpsp
uszbdspp
uszbpdps
uszbpdsp
uszbppds
uszbppsd
uszbpsdp
uszbpspd
uszbsdpp
uszbspdp
uszbsppd
uszdbpps
uszdbpsp
uszdbspp
uszdpbps
uszdpbsp
uszdppbs
uszdppsb
uszdpsbp
uszdpspb
uszdsbpp
uszdspbp
uszdsppb
uszpbdps
uszpbdsp
uszpbpds
uszpbpsd
uszpbsdp
uszpbspd
uszpdbps
uszpdbsp
uszpdpbs
uszpdpsb
uszpdsbp
uszpdspb
uszppbds
uszppbsd
uszppdbs
uszppdsb
uszppsbd
uszppsdb
uszpsbdp
uszpsbpd
uszpsdbp
uszpsdpb
uszpspbd
uszpspdb
uszsbdpp
uszsbpdp
uszsbppd
uszsdbpp
uszsdpbp
uszsdppb
uszspbdp
uszspbpd
uszspdbp
uszspdpb
uszsppbd
uszsppdb
uzbdppss
uzbdpsps
uzbdpssp
uzbdspps
uzbdspsp
uzbdsspp
uzbpdpss
uzbpdsps
uzbpdssp
uzbppdss
uzbppsds
uzbppssd
uzbpsdps
uzbpsdsp
uzbpspds
uzbpspsd
uzbpssdp
uzbpsspd
uzbsdpps
uzbsdpsp
uzbsdspp
uzbspdps
uzbspdsp
uzbsppds
uzbsppsd
uzbspsdp
uzbspspd
uzbssdpp
uzbsspdp
uzbssppd
uzdbppss
uzdbpsps
uzdbpssp
uzdbspps
uzdbspsp
uzdbsspp
uzdpbpss
uzdpbsps
uzdpbssp
uzdppbss
uzdppsbs
uzdppssb
uzdpsbps
uzdpsbsp
uzdpspbs
uzdpspsb
uzdpssbp
uzdpsspb
uzdsbpps
uzdsbpsp
uzdsbspp
uzdspbps
uzdspbsp
uzdsppbs
uzdsppsb
uzdspsbp
uzdspspb
uzdssbpp
uzdsspbp
uzdssppb
uzpbdpss
uzpbdsps
uzpbdssp
uzpbpdss
uzpbpsds
uzpbpssd
uzpbsdps
uzpbsdsp
uzpbspds
uzpbspsd
uzpbssdp
uzpbsspd
uzpdbpss
uzpdbsps
uzpdbssp
uzpdpbss
uzpdpsbs
uzpdpssb
uzpdsbps
uzpdsbsp
uzpdspbs
uzpdspsb
uzpdssbp
uzpdsspb
uzppbdss
uzppbsds
uzppbssd
uzppdbss
uzppdsbs
uzppdssb
uzppsbds
uzppsbsd
uzppsdbs
uzppsdsb
uzppssbd
uzppssdb
uzpsbdps
uzpsbdsp
uzpsbpds
uzpsbpsd
uzpsbsdp
uzpsbspd
uzpsdbps
uzpsdbsp
uzpsdpbs
uzpsdpsb
uzpsdsbp
uzpsdspb
uzpspbds
uzpspbsd
uzpspdbs
uzpspdsb
uzpspsbd
uzpspsdb
uzpssbdp
uzpssbpd
uzpssdbp
uzpssdpb
uzpsspbd
uzpsspdb
uzsbdpps
uzsbdpsp
uzsbdspp
uzsbpdps
uzsbpdsp
uzsbppds
uzsbppsd
uzsbpsdp
uzsbpspd
uzsbsdpp
uzsbspdp
uzsbsppd
uzsdbpps
uzsdbpsp
uzsdbspp
uzsdpbps
uzsdpbsp
uzsdppbs
uzsdppsb
uzsdpsbp
uzsdpspb
uzsdsbpp
uzsdspbp
uzsdsppb
uzspbdps
uzspbdsp
uzspbpds
uzspbpsd
uzspbsdp
uzspbspd
uzspdbps
uzspdbsp
uzspdpbs
uzspdpsb
uzspdsbp
uzspdspb
uzsppbds
uzsppbsd
uzsppdbs
uzsppdsb
uzsppsbd
uzsppsdb
uzspsbdp
uzspsbpd
uzspsdbp
uzspsdpb
uzspspbd
uzspspdb
uzssbdpp
uzssbpdp
uzssbppd
uzssdbpp
uzssdpbp
uzssdppb
uzsspbdp
uzsspbpd
uzsspdbp
uzsspdpb
uzssppbd
uzssppdb
zbdppssu
zbdppsus
zbdppuss
zbdpspsu
zbdpspus
zbdpsspu
zbdpssup
zbdpsups
zbdpsusp
zbdpupss
zbdpusps
zbdpussp
zbdsppsu
zbdsppus
zbdspspu
zbdspsup
zbdspups
zbdspusp
zbdssppu
zbdsspup
zbdssupp
zbdsupps
zbdsupsp
zbdsuspp
zbduppss
zbdupsps
zbdupssp
zbduspps
zbduspsp
zbdusspp
zbpdpssu
zbpdpsus
zbpdpuss
zbpdspsu
zbpdspus
zbpdsspu
zbpdssup
zbpdsups
zbpdsusp
zbpdupss
zbpdusps
zbpdussp
zbppdssu
zbppdsus
zbppduss
zbppsdsu
zbppsdus
zbppssdu
zbppssud
zbppsuds
zbppsusd
zbppudss
zbppusds
zbppussd
zbpsdpsu
zbpsdpus
zbpsdspu
zbpsdsup
zbpsdups
zbpsdusp
zbpspdsu
zbpspdus
zbpspsdu
zbpspsud
zbpspuds
zbpspusd
zbpssdpu
zbpssdup
zbpsspdu
zbpsspud
zbpssudp
zbpssupd
zbpsudps
zbpsudsp
zbpsupds
zbpsupsd
zbpsusdp
zbpsuspd
zbpudpss
zbpudsps
zbpudssp
zbpupdss
zbpupsds
zbpupssd
zbpusdps
zbpusdsp
zbpuspds
zbpuspsd
zbpussdp
zbpusspd
zbsdppsu
zbsdppus
zbsdpspu
zbsdpsup
zbsdpups
zbsdpusp
zbsdsppu
zbsdspup
zbsdsupp
zbsdupps
zbsdupsp
zbsduspp
zbspdpsu
zbspdpus
zbspdspu
zbspdsup
zbspdups
zbspdusp
zbsppdsu
zbsppdus
zbsppsdu
zbsppsud
zbsppuds
zbsppusd
zbspsdpu
zbspsdup
zbspspdu
zbspspud
zbspsudp
zbspsupd
zbspudps
zbspudsp
zbspupds
zbspupsd
zbspusdp
zbspuspd
zbssdppu
zbssdpup
zbssdupp
zbsspdpu
zbsspdup
zbssppdu
zbssppud
zbsspudp
zbsspupd
zbssudpp
zbssupdp
zbssuppd
zbsudpps
zbsudpsp
zbsudspp
zbsupdps
zbsupdsp
zbsuppds
zbsuppsd
zbsupsdp
zbsupspd
zbsusdpp
zbsuspdp
zbsusppd
zbudppss
zbudpsps
zbudpssp
zbudspps
zbudspsp
zbudsspp
zbupdpss
zbupdsps
zbupdssp
zbuppdss
zbuppsds
zbuppssd
zbupsdps
zbupsdsp
zbupspds
zbupspsd
zbupssdp
zbupsspd
zbusdpps
zbusdpsp
zbusdspp
zbuspdps
zbuspdsp
zbusppds
zbusppsd
zbuspsdp
zbuspspd
zbussdpp
zbusspdp
zbussppd
zdbppssu
zdbppsus
zdbppuss
zdbpspsu
zdbpspus
zdbpsspu
zdbpssup
zdbpsups
zdbpsusp
zdbpupss
zdbpusps
zdbpussp
zdbsppsu
zdbsppus
zdbspspu
zdbspsup
zdbspups
zdbspusp
zdbssppu
zdbsspup
zdbssupp
zdbsupps
zdbsupsp
zdbsuspp
zdbuppss
zdbupsps
zdbupssp
zdbuspps
zdbuspsp
zdbusspp
zdpbpssu
zdpbpsus
zdpbpuss
zdpbspsu
zdpbspus
zdpbsspu
zdpbssup
zdpbsups
zdpbsusp
zdpbupss
zdpbusps
zdpbussp
zdppbssu
zdppbsus
zdppbuss
zdppsbsu
zdppsbus
zdppssbu
zdppssub
zdppsubs
zdppsusb
zdppubss
zdppusbs
zdppussb
zdpsbpsu
zdpsbpus
zdpsbspu
zdpsbsup
zdpsbups
zdpsbusp
zdpspbsu
zdpspbus
zdpspsbu
zdpspsub
zdpspubs
zdpspusb
zdpssbpu
zdpssbup
zdpsspbu
zdpsspub
zdpssubp
zdpssupb
zdpsubps
zdpsubsp
zdpsupbs
zdpsupsb
zdpsusbp
zdpsuspb
zdpubpss
zdpubsps
zdpubssp
zdpupbss
zdpupsbs
zdpupssb
zdpusbps
zdpusbsp
zdpuspbs
zdpuspsb
zdpussbp
zdpusspb
zdsbppsu
zdsbppus
zdsbpspu
zdsbpsup
zdsbpups
zdsbpusp
zdsbsppu
zdsbspup
zdsbsupp
zdsbupps
zdsbupsp
zdsbuspp
zdspbpsu
zdspbpus
zdspbspu
zdspbsup
zdspbups
zdspbusp
zdsppbsu
zdsppbus
zdsppsbu
zdsppsub
zdsppubs
zdsppusb
zdspsbpu
zdspsbup
zdspspbu
zdspspub
zdspsubp
zdspsupb
zdspubps
zdspubsp
zdspupbs
zdspupsb
zdspusbp
zdspuspb
zdssbppu
zdssbpup
zdssbupp
zdsspbpu
zdsspbup
zdssppbu
zdssppub
zdsspubp
zdsspupb
zdssubpp
zdssupbp
zdssuppb
zdsubpps
zdsubpsp
zdsubspp
zdsupbps
zdsupbsp
zdsuppbs
zdsuppsb
zdsupsbp
zdsupspb
zdsusbpp
zdsuspbp
zdsusppb
zdubppss
zdubpsps
zdubpssp
zdubspps
zdubspsp
zdubsspp
zdupbpss
zdupbsps
zdupbssp
zduppbss
zduppsbs
zduppssb
zdupsbps
zdupsbsp
zdupspbs
zdupspsb
zdupssbp
zdupsspb
zdusbpps
zdusbpsp
zdusbspp
zduspbps
zduspbsp
zdusppbs
zdusppsb
zduspsbp
zduspspb
zdussbpp
zdusspbp
zdussppb
zpbdpssu
zpbdpsus
zpbdpuss
zpbdspsu
zpbdspus
zpbdsspu
zpbdssup
zpbdsups
zpbdsusp
zpbdupss
zpbdusps
zpbdussp
zpbpdssu
zpbpdsus
zpbpduss
zpbpsdsu
zpbpsdus
zpbpssdu
zpbpssud
zpbpsuds
zpbpsusd
zpbpudss
zpbpusds
zpbpussd
zpbsdpsu
zpbsdpus
zpbsdspu
zpbsdsup
zpbsdups
zpbsdusp
zpbspdsu
zpbspdus
zpbspsdu
zpbspsud
zpbspuds
zpbspusd
zpbssdpu
zpbssdup
zpbsspdu
zpbsspud
zpbssudp
zpbssupd
zpbsudps
zpbsudsp
zpbsupds
zpbsupsd
zpbsusdp
zpbsuspd
zpbudpss
zpbudsps
zpbudssp
zpbupdss
zpbupsds
zpbupssd
zpbusdps
zpbusdsp
zpbuspds
zpbuspsd
zpbussdp
zpbusspd
zpdbpssu
zpdbpsus
zpdbpuss
zpdbspsu
zpdbspus
zpdbsspu
zpdbssup
zpdbsups
zpdbsusp
zpdbupss
zpdbusps
zpdbussp
zpdpbssu
zpdpbsus
zpdpbuss
zpdpsbsu
zpdpsbus
zpdpssbu
zpdpssub
zpdpsubs
zpdpsusb
zpdpubss
zpdpusbs
zpdpussb
zpdsbpsu
zpdsbpus
zpdsbspu
zpdsbsup
zpdsbups
zpdsbusp
zpdspbsu
zpdspbus
zpdspsbu
zpdspsub
zpdspubs
zpdspusb
zpdssbpu
zpdssbup
zpdsspbu
zpdsspub
zpdssubp
zpdssupb
zpdsubps
zpdsubsp
zpdsupbs
zpdsupsb
zpdsusbp
zpdsuspb
zpdubpss
zpdubsps
zpdubssp
zpdupbss
zpdupsbs
zpdupssb
zpdusbps
zpdusbsp
zpduspbs
zpduspsb
zpdussbp
zpdusspb
zppbdssu
zppbdsus
zppbduss
zppbsdsu
zppbsdus
zppbssdu
zppbssud
zppbsuds
zppbsusd
zppbudss
zppbusds
zppbussd
zppdbssu
zppdbsus
zppdbuss
zppdsbsu
zppdsbus
zppdssbu
zppdssub
zppdsubs
zppdsusb
zppdubss
zppdusbs
zppdussb
zppsbdsu
zppsbdus
zppsbsdu
zppsbsud
zppsbuds
zppsbusd
zppsdbsu
zppsdbus
zppsdsbu
zppsdsub
zppsdubs
zppsdusb
zppssbdu
zppssbud
zppssdbu
zppssdub
zppssubd
zppssudb
zppsubds
zppsubsd
zppsudbs
zppsudsb
zppsusbd
zppsusdb
zppubdss
zppubsds
zppubssd
zppudbss
zppudsbs
zppudssb
zppusbds
zppusbsd
zppusdbs
zppusdsb
zppussbd
zppussdb
zpsbdpsu
zpsbdpus
zpsbdspu
zpsbdsup
zpsbdups
zpsbdusp
zpsbpdsu
zpsbpdus
zpsbpsdu
zpsbpsud
zpsbpuds
zpsbpusd
zpsbsdpu
zpsbsdup
zpsbspdu
zpsbspud
zpsbsudp
zpsbsupd
zpsbudps
zpsbudsp
zpsbupds
zpsbupsd
zpsbusdp
zpsbuspd
zpsdbpsu
zpsdbpus
zpsdbspu
zpsdbsup
zpsdbups
zpsdbusp
zpsdpbsu
zpsdpbus
zpsdpsbu
zpsdpsub
zpsdpubs
zpsdpusb
zpsdsbpu
zpsdsbup
zpsdspbu
zpsdspub
zpsdsubp
zpsdsupb
zpsdubps
zpsdubsp
zpsdupbs
zpsdupsb
zpsdusbp
zpsduspb
zpspbdsu
zpspbdus
zpspbsdu
zpspbsud
zpspbuds
zpspbusd
zpspdbsu
zpspdbus
zpspdsbu
zpspdsub
zpspdubs
zpspdusb
zpspsbdu
zpspsbud
zpspsdbu
zpspsdub
zpspsubd
zpspsudb
zpspubds
zpspubsd
zpspudbs
zpspudsb
zpspusbd
zpspusdb
zpssbdpu
zpssbdup
zpssbpdu
zpssbpud
zpssbudp
zpssbupd
zpssdbpu
zpssdbup
zpssdpbu
zpssdpub
zpssdubp
zpssdupb
zpsspbdu
zpsspbud
zpsspdbu
zpsspdub
zpsspubd
zpsspudb
zpssubdp
zpssubpd
zpssudbp
zpssudpb
zpssupbd
zpssupdb
zpsubdps
zpsubdsp
zpsubpds
zpsubpsd
zpsubsdp
zpsubspd
zpsudbps
zpsudbsp
zpsudpbs
zpsudpsb
zpsudsbp
zpsudspb
zpsupbds
zpsupbsd
zpsupdbs
zpsupdsb
zpsupsbd
zpsupsdb
zpsusbdp
zpsusbpd
zpsusdbp
zpsusdpb
zpsuspbd
zpsuspdb
zpubdpss
zpubdsps
zpubdssp
zpubpdss
zpubpsds
zpubpssd
zpubsdps
zpubsdsp
zpubspds
zpubspsd
zpubssdp
zpubsspd
zpudbpss
zpudbsps
zpudbssp
zpudpbss
zpudpsbs
zpudpssb
zpudsbps
zpudsbsp
zpudspbs
zpudspsb
zpudssbp
zpudsspb
zpupbdss
zpupbsds
zpupbssd
zpupdbss
zpupdsbs
zpupdssb
zpupsbds
zpupsbsd
zpupsdbs
zpupsdsb
zpupssbd
zpupssdb
zpusbdps
zpusbdsp
zpusbpds
zpusbpsd
zpusbsdp
zpusbspd
zpusdbps
zpusdbsp
zpusdpbs
zpusdpsb
zpusdsbp
zpusdspb
zpuspbds
zpuspbsd
zpuspdbs
zpuspdsb
zpuspsbd
zpuspsdb
zpussbdp
zpussbpd
zpussdbp
zpussdpb
zpusspbd
zpusspdb
zsbdppsu
zsbdppus
zsbdpspu
zsbdpsup
zsbdpups
zsbdpusp
zsbdsppu
zsbdspup
zsbdsupp
zsbdupps
zsbdupsp
zsbduspp
zsbpdpsu
zsbpdpus
zsbpdspu
zsbpdsup
zsbpdups
zsbpdusp
zsbppdsu
zsbppdus
zsbppsdu
zsbppsud
zsbppuds
zsbppusd
zsbpsdpu
zsbpsdup
zsbpspdu
zsbpspud
zsbpsudp
zsbpsupd
zsbpudps
zsbpudsp
zsbpupds
zsbpupsd
zsbpusdp
zsbpuspd
zsbsdppu
zsbsdpup
zsbsdupp
zsbspdpu
zsbspdup
zsbsppdu
zsbsppud
zsbspudp
zsbspupd
zsbsudpp
zsbsupdp
zsbsuppd
zsbudpps
zsbudpsp
zsbudspp
zsbupdps
zsbupdsp
zsbuppds
zsbuppsd
zsbupsdp
zsbupspd
zsbusdpp
zsbuspdp
zsbusppd
zsdbppsu
zsdbppus
zsdbpspu
zsdbpsup
zsdbpups
zsdbpusp
zsdbsppu
zsdbspup
zsdbsupp
zsdbupps
zsdbupsp
zsdbuspp
zsdpbpsu
zsdpbpus
zsdpbspu
zsdpbsup
zsdpbups
zsdpbusp
zsdppbsu
zsdppbus
zsdppsbu
zsdppsub
zsdppubs
zsdppusb
zsdpsbpu
zsdpsbup
zsdpspbu
zsdpspub
zsdpsubp
zsdpsupb
zsdpubps
zsdpubsp
zsdpupbs
zsdpupsb
zsdpusbp
zsdpuspb
zsdsbppu
zsdsbpup
zsdsbupp
zsdspbpu
zsdspbup
zsdsppbu
zsdsppub
zsdspubp
zsdspupb
zsdsubpp
zsdsupbp
zsdsuppb
zsdubpps
zsdubpsp
zsdubspp
zsdupbps
zsdupbsp
zsduppbs
zsduppsb
zsdupsbp
zsdupspb
zsdusbpp
zsduspbp
zsdusppb
zspbdpsu
zspbdpus
zspbdspu
zspbdsup
zspbdups
zspbdusp
zspbpdsu
zspbpdus
zspbpsdu
zspbpsud
zspbpuds
zspbpusd
zspbsdpu
zspbsdup
zspbspdu
zspbspud
zspbsudp
zspbsupd
zspbudps
zspbudsp
zspbupds
zspbupsd
zspbusdp
zspbuspd
zspdbpsu
zspdbpus
zspdbspu
zspdbsup
zspdbups
zspdbusp
zspdpbsu
zspdpbus
zspdpsbu
zspdpsub
zspdpubs
zspdpusb
zspdsbpu
zspdsbup
zspdspbu
zspdspub
zspdsubp
zspdsupb
zspdubps
zspdubsp
zspdupbs
zspdupsb
zspdusbp
zspduspb
zsppbdsu
zsppbdus
zsppbsdu
zsppbsud
zsppbuds
zsppbusd
zsppdbsu
zsppdbus
zsppdsbu
zsppdsub
zsppdubs
zsppdusb
zsppsbdu
zsppsbud
zsppsdbu
zsppsdub
zsppsubd
zsppsudb
zsppubds
zsppubsd
zsppudbs
zsppudsb
zsppusbd
zsppusdb
zspsbdpu
zspsbdup
zspsbpdu
zspsbpud
zspsbudp
zspsbupd
zspsdbpu
zspsdbup
zspsdpbu
zspsdpub
zspsdubp
zspsdupb
zspspbdu
zspspbud
zspspdbu
zspspdub
zspspubd
zspspudb
zspsubdp
zspsubpd
zspsudbp
zspsudpb
zspsupbd
zspsupdb
zspubdps
zspubdsp
zspubpds
zspubpsd
zspubsdp
zspubspd
zspudbps
zspudbsp
zspudpbs
zspudpsb
zspudsbp
zspudspb
zspupbds
zspupbsd
zspupdbs
zspupdsb
zspupsbd
zspupsdb
zspusbdp
zspusbpd
zspusdbp
zspusdpb
zspuspbd
zspuspdb
zssbdppu
zssbdpup
zssbdupp
zssbpdpu
zssbpdup
zssbppdu
zssbppud
zssbpudp
zssbpupd
zssbudpp
zssbupdp
zssbuppd
zssdbppu
zssdbpup
zssdbupp
zssdpbpu
zssdpbup
zssdppbu
zssdppub
zssdpubp
zssdpupb
zssdubpp
zssdupbp
zssduppb
zsspbdpu
zsspbdup
zsspbpdu
zsspbpud
zsspbudp
zsspbupd
zsspdbpu
zsspdbup
zsspdpbu
zsspdpub
zsspdubp
zsspdupb
zssppbdu
zssppbud
zssppdbu
zssppdub
zssppubd
zssppudb
zsspubdp
zsspubpd
zsspudbp
zsspudpb
zsspupbd
zsspupdb
zssubdpp
zssubpdp
zssubppd
zssudbpp
zssudpbp
zssudppb
zssupbdp
zssupbpd
zssupdbp
zssupdpb
zssuppbd
zssuppdb
zsubdpps
zsubdpsp
zsubdspp
zsubpdps
zsubpdsp
zsubppds
zsubppsd
zsubpsdp
zsubpspd
zsubsdpp
zsubspdp
zsubsppd
zsudbpps
zsudbpsp
zsudbspp
zsudpbps
zsudpbsp
zsudppbs
zsudppsb
zsudpsbp
zsudpspb
zsudsbpp
zsudspbp
zsudsppb
zsupbdps
zsupbdsp
zsupbpds
zsupbpsd
zsupbsdp
zsupbspd
zsupdbps
zsupdbsp
zsupdpbs
zsupdpsb
zsupdsbp
zsupdspb
zsuppbds
zsuppbsd
zsuppdbs
zsuppdsb
zsuppsbd
zsuppsdb
zsupsbdp
zsupsbpd
zsupsdbp
zsupsdpb
zsupspbd
zsupspdb
zsusbdpp
zsusbpdp
zsusbppd
zsusdbpp
zsusdpbp
zsusdppb
zsuspbdp
zsuspbpd
zsuspdbp
zsuspdpb
zsusppbd
zsusppdb
zubdppss
zubdpsps
zubdpssp
zubdspps
zubdspsp
zubdsspp
zubpdpss
zubpdsps
zubpdssp
zubppdss
zubppsds
zubppssd
zubpsdps
zubpsdsp
zubpspds
zubpspsd
zubpssdp
zubpsspd
zubsdpps
zubsdpsp
zubsdspp
zubspdps
zubspdsp
zubsppds
zubsppsd
zubspsdp
zubspspd
zubssdpp
zubsspdp
zubssppd
zudbppss
zudbpsps
zudbpssp
zudbspps
zudbspsp
zudbsspp
zudpbpss
zudpbsps
zudpbssp
zudppbss
zudppsbs
zudppssb
zudpsbps
zudpsbsp
zudpspbs
zudpspsb
zudpssbp
zudpsspb
zudsbpps
zudsbpsp
zudsbspp
zudspbps
zudspbsp
zudsppbs
zudsppsb
zudspsbp
zudspspb
zudssbpp
zudsspbp
zudssppb
zupbdpss
zupbdsps
zupbdssp
zupbpdss
zupbpsds
zupbpssd
zupbsdps
zupbsdsp
zupbspds
zupbspsd
zupbssdp
zupbsspd
zupdbpss
zupdbsps
zupdbssp
zupdpbss
zupdpsbs
zupdpssb
zupdsbps
zupdsbsp
zupdspbs
zupdspsb
zupdssbp
zupdsspb
zuppbdss
zuppbsds
zuppbssd
zuppdbss
zuppdsbs
zuppdssb
zuppsbds
zuppsbsd
zuppsdbs
zuppsdsb
zuppssbd
zuppssdb
zupsbdps
zupsbdsp
zupsbpds
zupsbpsd
zupsbsdp
zupsbspd
zupsdbps
zupsdbsp
zupsdpbs
zupsdpsb
zupsdsbp
zupsdspb
zupspbds
zupspbsd
zupspdbs
zupspdsb
zupspsbd
zupspsdb
zupssbdp
zupssbpd
zupssdbp
zupssdpb
zupsspbd
zupsspdb
zusbdpps
zusbdpsp
zusbdspp
zusbpdps
zusbpdsp
zusbppds
zusbppsd
zusbpsdp
zusbpspd
zusbsdpp
zusbspdp
zusbsppd
zusdbpps
zusdbpsp
zusdbspp
zusdpbps
zusdpbsp
zusdppbs
zusdppsb
zusdpsbp
zusdpspb
zusdsbpp
zusdspbp
zusdsppb
zuspbdps
zuspbdsp
zuspbpds
zuspbpsd
zuspbsdp
zuspbspd
zuspdbps
zuspdbsp
zuspdpbs
zuspdpsb
zuspdsbp
zuspdspb
zusppbds
zusppbsd
zusppdbs
zusppdsb
zusppsbd
zusppsdb
zuspsbdp
zuspsbpd
zuspsdbp
zuspsdpb
zuspspbd
zuspspdb
zussbdpp
zussbpdp
zussbppd
zussdbpp
zussdpbp
zussdppb
zusspbdp
zusspbpd
zusspdbp
zusspdpb
zussppbd
zussppdb
