bdpssuz
bdpsszu
bdpsusz
bdpsuzs
bdpszsu
bdpszus
bdpussz
bdpuszs
bdpuzss
bdpzssu
bdpzsus
bdpzuss
bdspsuz
bdspszu
bdspusz
bdspuzs
bdspzsu
bdspzus
bdsspuz
bdsspzu
bdssupz
bdssuzp
bdsszpu
bdsszup
bdsupsz
bdsupzs
bdsuspz
bdsuszp
bdsuzps
bdsuzsp
bdszpsu
bdszpus
bdszspu
bdszsup
bdszups
bdszusp
bdupssz
bdupszs
bdupzss
bduspsz
bduspzs
bdusspz
bdusszp
bduszps
bduszsp
bduzpss
bduzsps
bduzssp
bdzpssu
bdzpsus
bdzpuss
bdzspsu
bdzspus
bdzsspu
bdzssup
bdzsups
bdzsusp
bdzupss
bdzusps
bdzussp
bpdssuz
bpdsszu
bpdsusz
bpdsuzs
bpdszsu
bpdszus
bpdussz
bpduszs
bpduzss
bpdzssu
bpdzsus
bpdzuss
bpsdsuz
bpsdszu
bpsdusz
bpsduzs
bpsdzsu
bpsdzus
bpssduz
bpssdzu
bpssudz
bpssuzd
bpsszdu
bpsszud
bpsudsz
bpsudzs
bpsusdz
bpsuszd
bpsuzds
bpsuzsd
bpszdsu
bpszdus
bpszsdu
bpszsud
bpszuds
bpszusd
bpudssz
bpudszs
bpudzss
bpusdsz
bpusdzs
bpussdz
bpusszd
bpuszds
bpuszsd
bpuzdss
bpuzsds
bpuzssd
bpzdssu
bpzdsus
bpzduss
bpzsdsu
bpzsdus
bpzssdu
bpzssud
bpzsuds
bpzsusd
bpzudss
bpzusds
bpzussd
bsdpsuz
bsdpszu
bsdpusz
bsdpuzs
bsdpzsu
bsdpzus
bsdspuz
bsdspzu
bsdsupz
bsdsuzp
bsdszpu
bsdszup
bsdupsz
bsdupzs
bsduspz
bsduszp
bsduzps
bsduzsp
bsdzpsu
bsdzpus
bsdzspu
bsdzsup
bsdzups
bsdzusp
bspdsuz
bspdszu
bspdusz
bspduzs
bspdzsu
bspdzus
bspsduz
bspsdzu
bspsudz
bspsuzd
bspszdu
bspszud
bspudsz
bspudzs
bspusdz
bspuszd
bspuzds
bspuzsd
bspzdsu
bspzdus
bspzsdu
bspzsud
bspzuds
bspzusd
bssdpuz
bssdpzu
bssdupz
bssduzp
bssdzpu
bssdzup
bsspduz
bsspdzu
bsspudz
bsspuzd
bsspzdu
bsspzud
bssudpz
bssudzp
bssupdz
bssupzd
bssuzdp
bssuzpd
bsszdpu
bsszdup
bsszpdu
bsszpud
bsszudp
bsszupd
bsudpsz
bsudpzs
bsudspz
bsudszp
bsudzps
bsudzsp
bsupdsz
bsupdzs
bsupsdz
bsupszd
bsupzds
bsupzsd
bsusdpz
bsusdzp
bsuspdz
bsuspzd
bsuszdp
bsuszpd
bsuzdps
bsuzdsp
bsuzpds
bsuzpsd
bsuzsdp
bsuzspd
bszdpsu
bszdpus
bszdspu
bszdsup
bszdups
bszdusp
bszpdsu
bszpdus
bszpsdu
bszpsud
bszpuds
bszpusd
bszsdpu
bszsdup
bszspdu
bszspud
bszsudp
bszsupd
bszudps
bszudsp
bszupds
bszupsd
bszusdp
bszuspd
budpssz
budpszs
budpzss
budspsz
budspzs
budsspz
budsszp
budszps
budszsp
budzpss
budzsps
budzssp
bupdssz
bupdszs
bupdzss
bupsdsz
bupsdzs
bupssdz
bupsszd
bupszds
bupszsd
bupzdss
bupzsds
bupzssd
busdpsz
busdpzs
busdspz
busdszp
busdzps
busdzsp
buspdsz
buspdzs
buspsdz
buspszd
buspzds
buspzsd
bussdpz
bussdzp
busspdz
busspzd
busszdp
busszpd
buszdps
buszdsp
buszpds
buszpsd
buszsdp
buszspd
buzdpss
buzdsps
buzdssp
buzpdss
buzpsds
buzpssd
buzsdps
buzsdsp
buzspds
buzspsd
buzssdp
buzsspd
bzdpssu
bzdpsus
bzdpuss
bzdspsu
bzdspus
bzdsspu
bzdssup
bzdsups
bzdsusp
bzdupss
bzdusps
bzdussp
bzpdssu
bzpdsus
bzpduss
bzpsdsu
bzpsdus
bzpssdu
bzpssud
bzpsuds
bzpsusd
bzpudss
bzpusds
bzpussd
bzsdpsu
bzsdpus
bzsdspu
bzsdsup
bzsdups
bzsdusp
bzspdsu
bzspdus
bzspsdu
bzspsud
bzspuds
bzspusd
bzssdpu
bzssdup
bzsspdu
bzsspud
bzssudp
bzssupd
bzsudps
bzsudsp
bzsupds
bzsupsd
bzsusdp
bzsuspd
bzudpss
bzudsps
bzudssp
bzupdss
bzupsds
bzupssd
bzusdps
bzusdsp
bzuspds
bzuspsd
bzussdp
bzusspd
dbpssuz
dbpsszu
dbpsusz
dbpsuzs
dbpszsu
dbpszus
dbpussz
dbpuszs
dbpuzss
dbpzssu
dbpzsus
dbpzuss
dbspsuz
dbspszu
dbspusz
dbspuzs
dbspzsu
dbspzus
dbsspuz
dbsspzu
dbssupz
dbssuzp
dbsszpu
dbsszup
dbsupsz
dbsupzs
dbsuspz
dbsuszp
dbsuzps
dbsuzsp
dbszpsu
dbszpus
dbszspu
dbszsup
dbszups
dbszusp
dbupssz
dbupszs
dbupzss
dbuspsz
dbuspzs
dbusspz
dbusszp
dbuszps
dbuszsp
dbuzpss
dbuzsps
dbuzssp
dbzpssu
dbzpsus
dbzpuss
dbzspsu
dbzspus
dbzsspu
dbzssup
dbzsups
dbzsusp
dbzupss
dbzusps
dbzussp
dpbssuz
dpbsszu
dpbsusz
dpbsuzs
dpbszsu
dpbszus
dpbussz
dpbuszs
dpbuzss
dpbzssu
dpbzsus
dpbzuss
dpsbsuz
dpsbszu
dpsbusz
dpsbuzs
dpsbzsu
dpsbzus
dpssbuz
dpssbzu
dpssubz
dpssuzb
dpsszbu
dpsszub
dpsubsz
dpsubzs
dpsusbz
dpsuszb
dpsuzbs
dpsuzsb
dpszbsu
dpszbus
dpszsbu
dpszsub
dpszubs
dpszusb
dpubssz
dpubszs
dpubzss
dpusbsz
dpusbzs
dpussbz
dpusszb
dpuszbs
dpuszsb
dpuzbss
dpuzsbs
dpuzssb
dpzbssu
dpzbsus
dpzbuss
dpzsbsu
dpzsbus
dpzssbu
dpzssub
dpzsubs
dpzsusb
dpzubss
dpzusbs
dpzussb
dsbpsuz
dsbpszu
dsbpusz
dsbpuzs
dsbpzsu
dsbpzus
dsbspuz
dsbspzu
dsbsupz
dsbsuzp
dsbszpu
dsbszup
dsbupsz
dsbupzs
dsbuspz
dsbuszp
dsbuzps
dsbuzsp
dsbzpsu
dsbzpus
dsbzspu
dsbzsup
dsbzups
dsbzusp
dspbsuz
dspbszu
dspbusz
dspbuzs
dspbzsu
dspbzus
dspsbuz
dspsbzu
dspsubz
dspsuzb
dspszbu
dspszub
dspubsz
dspubzs
dspusbz
dspuszb
dspuzbs
dspuzsb
dspzbsu
dspzbus
dspzsbu
dspzsub
dspzubs
dspzusb
dssbpuz
dssbpzu
dssbupz
dssbuzp
dssbzpu
dssbzup
dsspbuz
dsspbzu
dsspubz
dsspuzb
dsspzbu
dsspzub
dssubpz
dssubzp
dssupbz
dssupzb
dssuzbp
dssuzpb
dsszbpu
dsszbup
dsszpbu
dsszpub
dsszubp
dsszupb
dsubpsz
dsubpzs
dsubspz
dsubszp
dsubzps
dsubzsp
dsupbsz
dsupbzs
dsupsbz
dsupszb
dsupzbs
dsupzsb
dsusbpz
dsusbzp
dsuspbz
dsuspzb
dsuszbp
dsuszpb
dsuzbps
dsuzbsp
dsuzpbs
dsuzpsb
dsuzsbp
dsuzspb
dszbpsu
dszbpus
dszbspu
dszbsup
dszbups
dszbusp
dszpbsu
dszpbus
dszpsbu
dszpsub
dszpubs
dszpusb
dszsbpu
dszsbup
dszspbu
dszspub
dszsubp
dszsupb
dszubps
dszubsp
dszupbs
dszupsb
dszusbp
dszuspb
dubpssz
dubpszs
dubpzss
dubspsz
dubspzs
dubsspz
dubsszp
dubszps
dubszsp
dubzpss
dubzsps
dubzssp
dupbssz
dupbszs
dupbzss
dupsbsz
dupsbzs
dupssbz
dupsszb
dupszbs
dupszsb
dupzbss
dupzsbs
dupzssb
dusbpsz
dusbpzs
dusbspz
dusbszp
dusbzps
dusbzsp
duspbsz
duspbzs
duspsbz
duspszb
duspzbs
duspzsb
dussbpz
dussbzp
dusspbz
dusspzb
dusszbp
dusszpb
duszbps
duszbsp
duszpbs
duszpsb
duszsbp
duszspb
duzbpss
duzbsps
duzbssp
duzpbss
duzpsbs
duzpssb
duzsbps
duzsbsp
duzspbs
duzspsb
duzssbp
duzsspb
dzbpssu
dzbpsus
dzbpuss
dzbspsu
dzbspus
dzbsspu
dzbssup
dzbsups
dzbsusp
dzbupss
dzbusps
dzbussp
dzpbssu
dzpbsus
dzpbuss
dzpsbsu
dzpsbus
dzpssbu
dzpssub
dzpsubs
dzpsusb
dzpubss
dzpusbs
dzpussb
dzsbpsu
dzsbpus
dzsbspu
dzsbsup
dzsbups
dzsbusp
dzspbsu
dzspbus
dzspsbu
dzspsub
dzspubs
dzspusb
dzssbpu
dzssbup
dzsspbu
dzsspub
dzssubp
dzssupb
dzsubps
dzsubsp
dzsupbs
dzsupsb
dzsusbp
dzsuspb
dzubpss
dzubsps
dzubssp
dzupbss
dzupsbs
dzupssb
dzusbps
dzusbsp
dzuspbs
dzuspsb
dzussbp
dzusspb
pbdssuz
pbdsszu
pbdsusz
pbdsuzs
pbdszsu
pbdszus
pbdussz
pbduszs
pbduzss
pbdzssu
pbdzsus
pbdzuss
pbsdsuz
pbsdszu
pbsdusz
pbsduzs
pbsdzsu
pbsdzus
pbssduz
pbssdzu
pbssudz
pbssuzd
pbsszdu
pbsszud
pbsudsz
pbsudzs
pbsusdz
pbsuszd
pbsuzds
pbsuzsd
pbszdsu
pbszdus
pbszsdu
pbszsud
pbszuds
pbszusd
pbudssz
pbudszs
pbudzss
pbusdsz
pbusdzs
pbussdz
pbusszd
pbuszds
pbuszsd
pbuzdss
pbuzsds
pbuzssd
pbzdssu
pbzdsus
pbzduss
pbzsdsu
pbzsdus
pbzssdu
pbzssud
pbzsuds
pbzsusd
pbzudss
pbzusds
pbzussd
pdbssuz
pdbsszu
pdbsusz
pdbsuzs
pdbszsu
pdbszus
pdbussz
pdbuszs
pdbuzss
pdbzssu
pdbzsus
pdbzuss
pdsbsuz
pdsbszu
pdsbusz
pdsbuzs
pdsbzsu
pdsbzus
pdssbuz
pdssbzu
pdssubz
pdssuzb
pdsszbu
pdsszub
pdsubsz
pdsubzs
pdsusbz
pdsuszb
pdsuzbs
pdsuzsb
pdszbsu
pdszbus
pdszsbu
pdszsub
pdszubs
pdszusb
pdubssz
pdubszs
pdubzss
pdusbsz
pdusbzs
pdussbz
pdusszb
pduszbs
pduszsb
pduzbss
pduzsbs
pduzssb
pdzbssu
pdzbsus
pdzbuss
pdzsbsu
pdzsbus
pdzssbu
pdzssub
pdzsubs
pdzsusb
pdzubss
pdzusbs
pdzussb
psbdsuz
psbdszu
psbdusz
psbduzs
psbdzsu
psbdzus
psbsduz
psbsdzu
psbsudz
psbsuzd
psbszdu
psbszud
psbudsz
psbudzs
psbusdz
psbuszd
psbuzds
psbuzsd
psbzdsu
psbzdus
psbzsdu
psbzsud
psbzuds
psbzusd
psdbsuz
psdbszu
psdbusz
psdbuzs
psdbzsu
psdbzus
psdsbuz
psdsbzu
psdsubz
psdsuzb
psdszbu
psdszub
psdubsz
psdubzs
psdusbz
psduszb
psduzbs
psduzsb
psdzbsu
psdzbus
psdzsbu
psdzsub
psdzubs
psdzusb
pssbduz
pssbdzu
pssbudz
pssbuzd
pssbzdu
pssbzud
pssdbuz
pssdbzu
pssdubz
pssduzb
pssdzbu
pssdzub
pssubdz
pssubzd
pssudbz
pssudzb
pssuzbd
pssuzdb
psszbdu
psszbud
psszdbu
psszdub
psszubd
psszudb
psubdsz
psubdzs
psubsdz
psubszd
psubzds
psubzsd
psudbsz
psudbzs
psudsbz
psudszb
psudzbs
psudzsb
psusbdz
psusbzd
psusdbz
psusdzb
psuszbd
psuszdb
psuzbds
psuzbsd
psuzdbs
psuzdsb
psuzsbd
psuzsdb
pszbdsu
pszbdus
pszbsdu
pszbsud
pszbuds
pszbusd
pszdbsu
pszdbus
pszdsbu
pszdsub
pszdubs
pszdusb
pszsbdu
pszsbud
pszsdbu
pszsdub
pszsubd
pszsudb
pszubds
pszubsd
pszudbs
pszudsb
pszusbd
pszusdb
pubdssz
pubdszs
pubdzss
pubsdsz
pubsdzs
pubssdz
pubsszd
pubszds
pubszsd
pubzdss
pubzsds
pubzssd
pudbssz
pudbszs
pudbzss
pudsbsz
pudsbzs
pudssbz
pudsszb
pudszbs
pudszsb
pudzbss
pudzsbs
pudzssb
pusbdsz
pusbdzs
pusbsdz
pusbszd
pusbzds
pusbzsd
pusdbsz
pusdbzs
pusdsbz
pusdszb
pusdzbs
pusdzsb
pussbdz
pussbzd
pussdbz
pussdzb
pusszbd
pusszdb
puszbds
puszbsd
puszdbs
puszdsb
puszsbd
puszsdb
puzbdss
puzbsds
puzbssd
puzdbss
puzdsbs
puzdssb
puzsbds
puzsbsd
puzsdbs
puzsdsb
puzssbd
puzssdb
pzbdssu
pzbdsus
pzbduss
pzbsdsu
pzbsdus
pzbssdu
pzbssud
pzbsuds
pzbsusd
pzbudss
pzbusds
pzbussd
pzdbssu
pzdbsus
pzdbuss
pzdsbsu
pzdsbus
pzdssbu
pzdssub
pzdsubs
pzdsusb
pzdubss
pzdusbs
pzdussb
pzsbdsu
pzsbdus
pzsbsdu
pzsbsud
pzsbuds
pzsbusd
pzsdbsu
pzsdbus
pzsdsbu
pzsdsub
pzsdubs
pzsdusb
pzssbdu
pzssbud
pzssdbu
pzssdub
pzssubd
pzssudb
pzsubds
pzsubsd
pzsudbs
pzsudsb
pzsusbd
pzsusdb
pzubdss
pzubsds
pzubssd
pzudbss
pzudsbs
pzudssb
pzusbds
pzusbsd
pzusdbs
pzusdsb
pzussbd
pzussdb
sbdpsuz
sbdpszu
sbdpusz
sbdpuzs
sbdpzsu
sbdpzus
sbdspuz
sbdspzu
sbdsupz
sbdsuzp
sbdszpu
sbdszup
sbdupsz
sbdupzs
sbduspz
sbduszp
sbduzps
sbduzsp
sbdzpsu
sbdzpus
sbdzspu
sbdzsup
sbdzups
sbdzusp
sbpdsuz
sbpdszu
sbpdusz
sbpduzs
sbpdzsu
sbpdzus
sbpsduz
sbpsdzu
sbpsudz
sbpsuzd
sbpszdu
sbpszud
sbpudsz
sbpudzs
sbpusdz
sbpuszd
sbpuzds
sbpuzsd
sbpzdsu
sbpzdus
sbpzsdu
sbpzsud
sbpzuds
sbpzusd
sbsdpuz
sbsdpzu
sbsdupz
sbsduzp
sbsdzpu
sbsdzup
sbspduz
sbspdzu
sbspudz
sbspuzd
sbspzdu
sbspzud
sbsudpz
sbsudzp
sbsupdz
sbsupzd
sbsuzdp
sbsuzpd
sbszdpu
sbszdup
sbszpdu
sbszpud
sbszudp
sbszupd
sbudpsz
sbudpzs
sbudspz
sbudszp
sbudzps
sbudzsp
sbupdsz
sbupdzs
sbupsdz
sbupszd
sbupzds
sbupzsd
sbusdpz
sbusdzp
sbuspdz
sbuspzd
sbuszdp
sbuszpd
sbuzdps
sbuzdsp
sbuzpds
sbuzpsd
sbuzsdp
sbuzspd
sbzdpsu
sbzdpus
sbzdspu
sbzdsup
sbzdups
sbzdusp
sbzpdsu
sbzpdus
sbzpsdu
sbzpsud
sbzpuds
sbzpusd
sbzsdpu
sbzsdup
sbzspdu
sbzspud
sbzsudp
sbzsupd
sbzudps
sbzudsp
sbzupds
sbzupsd
sbzusdp
sbzuspd
sdbpsuz
sdbpszu
sdbpusz
sdbpuzs
sdbpzsu
sdbpzus
sdbspuz
sdbspzu
sdbsupz
sdbsuzp
sdbszpu
sdbszup
sdbupsz
sdbupzs
sdbuspz
sdbuszp
sdbuzps
sdbuzsp
sdbzpsu
sdbzpus
sdbzspu
sdbzsup
sdbzups
sdbzusp
sdpbsuz
sdpbszu
sdpbusz
sdpbuzs
sdpbzsu
sdpbzus
sdpsbuz
sdpsbzu
sdpsubz
sdpsuzb
sdpszbu
sdpszub
sdpubsz
sdpubzs
sdpusbz
sdpuszb
sdpuzbs
sdpuzsb
sdpzbsu
sdpzbus
sdpzsbu
sdpzsub
sdpzubs
sdpzusb
sdsbpuz
sdsbpzu
sdsbupz
sdsbuzp
sdsbzpu
sdsbzup
sdspbuz
sdspbzu
sdspubz
sdspuzb
sdspzbu
sdspzub
sdsubpz
sdsubzp
sdsupbz
sdsupzb
sdsuzbp
sdsuzpb
sdszbpu
sdszbup
sdszpbu
sdszpub
sdszubp
sdszupb
sdubpsz
sdubpzs
sdubspz
sdubszp
sdubzps
sdubzsp
sdupbsz
sdupbzs
sdupsbz
sdupszb
sdupzbs
sdupzsb
sdusbpz
sdusbzp
sduspbz
sduspzb
sduszbp
sduszpb
sduzbps
sduzbsp
sduzpbs
sduzpsb
sduzsbp
sduzspb
sdzbpsu
sdzbpus
sdzbspu
sdzbsup
sdzbups
sdzbusp
sdzpbsu
sdzpbus
sdzpsbu
sdzpsub
sdzpubs
sdzpusb
sdzsbpu
sdzsbup
sdzspbu
sdzspub
sdzsubp
sdzsupb
sdzubps
sdzubsp
sdzupbs
sdzupsb
sdzusbp
sdzuspb
spbdsuz
spbdszu
spbdusz
spbduzs
spbdzsu
spbdzus
spbsduz
spbsdzu
spbsudz
spbsuzd
spbszdu
spbszud
spbudsz
spbudzs
spbusdz
spbuszd
spbuzds
spbuzsd
spbzdsu
spbzdus
spbzsdu
spbzsud
spbzuds
spbzusd
spdbsuz
spdbszu
spdbusz
spdbuzs
spdbzsu
spdbzus
spdsbuz
spdsbzu
spdsubz
spdsuzb
spdszbu
spdszub
spdubsz
spdubzs
spdusbz
spduszb
spduzbs
spduzsb
spdzbsu
spdzbus
spdzsbu
spdzsub
spdzubs
spdzusb
spsbduz
spsbdzu
spsbudz
spsbuzd
spsbzdu
spsbzud
spsdbuz
spsdbzu
spsdubz
spsduzb
spsdzbu
spsdzub
spsubdz
spsubzd
spsudbz
spsudzb
spsuzbd
spsuzdb
spszbdu
spszbud
spszdbu
spszdub
spszubd
spszudb
spubdsz
spubdzs
spubsdz
spubszd
spubzds
spubzsd
spudbsz
spudbzs
spudsbz
spudszb
spudzbs
spudzsb
spusbdz
spusbzd
spusdbz
spusdzb
spuszbd
spuszdb
spuzbds
spuzbsd
spuzdbs
spuzdsb
spuzsbd
spuzsdb
spzbdsu
spzbdus
spzbsdu
spzbsud
spzbuds
spzbusd
spzdbsu
spzdbus
spzdsbu
spzdsub
spzdubs
spzdusb
spzsbdu
spzsbud
spzsdbu
spzsdub
spzsubd
spzsudb
spzubds
spzubsd
spzudbs
spzudsb
spzusbd
spzusdb
ssbdpuz
ssbdpzu
ssbdupz
ssbduzp
ssbdzpu
ssbdzup
ssbpduz
ssbpdzu
ssbpudz
ssbpuzd
ssbpzdu
ssbpzud
ssbudpz
ssbudzp
ssbupdz
ssbupzd
ssbuzdp
ssbuzpd
ssbzdpu
ssbzdup
ssbzpdu
ssbzpud
ssbzudp
ssbzupd
ssdbpuz
ssdbpzu
ssdbupz
ssdbuzp
ssdbzpu
ssdbzup
ssdpbuz
ssdpbzu
ssdpubz
ssdpuzb
ssdpzbu
ssdpzub
ssdubpz
ssdubzp
ssdupbz
ssdupzb
ssduzbp
ssduzpb
ssdzbpu
ssdzbup
ssdzpbu
ssdzpub
ssdzubp
ssdzupb
sspbduz
sspbdzu
sspbudz
sspbuzd
sspbzdu
sspbzud
sspdbuz
sspdbzu
sspdubz
sspduzb
sspdzbu
sspdzub
sspubdz
sspubzd
sspudbz
sspudzb
sspuzbd
sspuzdb
sspzbdu
sspzbud
sspzdbu
sspzdub
sspzubd
sspzudb
ssubdpz
ssubdzp
ssubpdz
ssubpzd
ssubzdp
ssubzpd
ssudbpz
ssudbzp
ssudpbz
ssudpzb
ssudzbp
ssudzpb
ssupbdz
ssupbzd
ssupdbz
ssupdzb
ssupzbd
ssupzdb
ssuzbdp
ssuzbpd
ssuzdbp
ssuzdpb
ssuzpbd
ssuzpdb
sszbdpu
sszbdup
sszbpdu
sszbpud
sszbudp
sszbupd
sszdbpu
sszdbup
sszdpbu
sszdpub
sszdubp
sszdupb
sszpbdu
sszpbud
sszpdbu
sszpdub
sszpubd
sszpudb
sszubdp
sszubpd
sszudbp
sszudpb
sszupbd
sszupdb
subdpsz
subdpzs
subdspz
subdszp
subdzps
subdzsp
subpdsz
subpdzs
subpsdz
subpszd
subpzds
subpzsd
subsdpz
subsdzp
subspdz
subspzd
subszdp
subszpd
subzdps
subzdsp
subzpds
subzpsd
subzsdp
subzspd
sudbpsz
sudbpzs
sudbspz
sudbszp
sudbzps
sudbzsp
sudpbsz
sudpbzs
sudpsbz
sudpszb
sudpzbs
sudpzsb
sudsbpz
sudsbzp
sudspbz
sudspzb
sudszbp
sudszpb
sudzbps
sudzbsp
sudzpbs
sudzpsb
sudzsbp
sudzspb
supbdsz
supbdzs
supbsdz
supbszd
supbzds
supbzsd
supdbsz
supdbzs
supdsbz
supdszb
supdzbs
supdzsb
supsbdz
supsbzd
supsdbz
supsdzb
supszbd
supszdb
supzbds
supzbsd
supzdbs
supzdsb
supzsbd
supzsdb
susbdpz
susbdzp
susbpdz
susbpzd
susbzdp
susbzpd
susdbpz
susdbzp
susdpbz
susdpzb
susdzbp
susdzpb
suspbdz
suspbzd
suspdbz
suspdzb
suspzbd
suspzdb
suszbdp
suszbpd
suszdbp
suszdpb
suszpbd
suszpdb
suzbdps
suzbdsp
suzbpds
suzbpsd
suzbsdp
suzbspd
suzdbps
suzdbsp
suzdpbs
suzdpsb
suzdsbp
suzdspb
suzpbds
suzpbsd
suzpdbs
suzpdsb
suzpsbd
suzpsdb
suzsbdp
suzsbpd
suzsdbp
suzsdpb
suzspbd
suzspdb
szbdpsu
szbdpus
szbdspu
szbdsup
szbdups
szbdusp
szbpdsu
szbpdus
szbpsdu
szbpsud
szbpuds
szbpusd
szbsdpu
szbsdup
szbspdu
szbspud
szbsudp
szbsupd
szbudps
szbudsp
szbupds
szbupsd
szbusdp
szbuspd
szdbpsu
szdbpus
szdbspu
szdbsup
szdbups
szdbusp
szdpbsu
szdpbus
szdpsbu
szdpsub
szdpubs
szdpusb
szdsbpu
szdsbup
szdspbu
szdspub
szdsubp
szdsupb
szdubps
szdubsp
szdupbs
szdupsb
szdusbp
szduspb
szpbdsu
szpbdus
szpbsdu
szpbsud
szpbuds
szpbusd
szpdbsu
szpdbus
szpdsbu
szpdsub
szpdubs
szpdusb
szpsbdu
szpsbud
szpsdbu
szpsdub
szpsubd
szpsudb
szpubds
szpubsd
szpudbs
szpudsb
szpusbd
szpusdb
szsbdpu
szsbdup
szsbpdu
szsbpud
szsbudp
szsbupd
szsdbpu
szsdbup
szsdpbu
szsdpub
szsdubp
szsdupb
szspbdu
szspbud
szspdbu
szspdub
szspubd
szspudb
szsubdp
szsubpd
szsudbp
szsudpb
szsupbd
szsupdb
szubdps
szubdsp
szubpds
szubpsd
szubsdp
szubspd
szudbps
szudbsp
szudpbs
szudpsb
szudsbp
szudspb
szupbds
szupbsd
szupdbs
szupdsb
szupsbd
szupsdb
szusbdp
szusbpd
szusdbp
szusdpb
szuspbd
szuspdb
ubdpssz
ubdpszs
ubdpzss
ubdspsz
ubdspzs
ubdsspz
ubdsszp
ubdszps
ubdszsp
ubdzpss
ubdzsps
ubdzssp
ubpdssz
ubpdszs
ubpdzss
ubpsdsz
ubpsdzs
ubpssdz
ubpsszd
ubpszds
ubpszsd
ubpzdss
ubpzsds
ubpzssd
ubsdpsz
ubsdpzs
ubsdspz
ubsdszp
ubsdzps
ubsdzsp
ubspdsz
ubspdzs
ubspsdz
ubspszd
ubspzds
ubspzsd
ubssdpz
ubssdzp
ubsspdz
ubsspzd
ubsszdp
ubsszpd
ubszdps
ubszdsp
ubszpds
ubszpsd
ubszsdp
ubszspd
ubzdpss
ubzdsps
ubzdssp
ubzpdss
ubzpsds
ubzpssd
ubzsdps
ubzsdsp
ubzspds
ubzspsd
ubzssdp
ubzsspd
udbpssz
udbpszs
udbpzss
udbspsz
udbspzs
udbsspz
udbsszp
udbszps
udbszsp
udbzpss
udbzsps
udbzssp
udpbssz
udpbszs
udpbzss
udpsbsz
udpsbzs
udpssbz
udpsszb
udpszbs
udpszsb
udpzbss
udpzsbs
udpzssb
udsbpsz
udsbpzs
udsbspz
udsbszp
udsbzps
udsbzsp
udspbsz
udspbzs
udspsbz
udspszb
udspzbs
udspzsb
udssbpz
udssbzp
udsspbz
udsspzb
udsszbp
udsszpb
udszbps
udszbsp
udszpbs
udszpsb
udszsbp
udszspb
udzbpss
udzbsps
udzbssp
udzpbss
udzpsbs
udzpssb
udzsbps
udzsbsp
udzspbs
udzspsb
udzssbp
udzsspb
upbdssz
upbdszs
upbdzss
upbsdsz
upbsdzs
upbssdz
upbsszd
upbszds
upbszsd
upbzdss
upbzsds
upbzssd
updbssz
updbszs
updbzss
updsbsz
updsbzs
updssbz
updsszb
updszbs
updszsb
updzbss
updzsbs
updzssb
upsbdsz
upsbdzs
upsbsdz
upsbszd
upsbzds
upsbzsd
upsdbsz
upsdbzs
upsdsbz
upsdszb
upsdzbs
upsdzsb
upssbdz
upssbzd
upssdbz
upssdzb
upsszbd
upsszdb
upszbds
upszbsd
upszdbs
upszdsb
upszsbd
upszsdb
upzbdss
upzbsds
upzbssd
upzdbss
upzdsbs
upzdssb
upzsbds
upzsbsd
upzsdbs
upzsdsb
upzssbd
upzssdb
usbdpsz
usbdpzs
usbdspz
usbdszp
usbdzps
usbdzsp
usbpdsz
usbpdzs
usbpsdz
usbpszd
usbpzds
usbpzsd
usbsdpz
usbsdzp
usbspdz
usbspzd
usbszdp
usbszpd
usbzdps
usbzdsp
usbzpds
usbzpsd
usbzsdp
usbzspd
usdbpsz
usdbpzs
usdbspz
usdbszp
usdbzps
usdbzsp
usdpbsz
usdpbzs
usdpsbz
usdpszb
usdpzbs
usdpzsb
usdsbpz
usdsbzp
usdspbz
usdspzb
usdszbp
usdszpb
usdzbps
usdzbsp
usdzpbs
usdzpsb
usdzsbp
usdzspb
uspbdsz
uspbdzs
uspbsdz
uspbszd
uspbzds
uspbzsd
uspdbsz
uspdbzs
uspdsbz
uspdszb
uspdzbs
uspdzsb
uspsbdz
uspsbzd
uspsdbz
uspsdzb
uspszbd
uspszdb
uspzbds
uspzbsd
uspzdbs
uspzdsb
uspzsbd
uspzsdb
ussbdpz
ussbdzp
ussbpdz
ussbpzd
ussbzdp
ussbzpd
ussdbpz
ussdbzp
ussdpbz
ussdpzb
ussdzbp
ussdzpb
usspbdz
usspbzd
usspdbz
usspdzb
usspzbd
usspzdb
usszbdp
usszbpd
usszdbp
usszdpb
usszpbd
usszpdb
uszbdps
uszbdsp
uszbpds
uszbpsd
uszbsdp
uszbspd
uszdbps
uszdbsp
uszdpbs
uszdpsb
uszdsbp
uszdspb
uszpbds
uszpbsd
uszpdbs
uszpdsb
uszpsbd
uszpsdb
uszsbdp
uszsbpd
uszsdbp
uszsdpb
uszspbd
uszspdb
uzbdpss
uzbdsps
uzbdssp
uzbpdss
uzbpsds
uzbpssd
uzbsdps
uzbsdsp
uzbspds
uzbspsd
uzbssdp
uzbsspd
uzdbpss
uzdbsps
uzdbssp
uzdpbss
uzdpsbs
uzdpssb
uzdsbps
uzdsbsp
uzdspbs
uzdspsb
uzdssbp
uzdsspb
uzpbdss
uzpbsds
uzpbssd
uzpdbss
uzpdsbs
uzpdssb
uzpsbds
uzpsbsd
uzpsdbs
uzpsdsb
uzpssbd
uzpssdb
uzsbdps
uzsbdsp
uzsbpds
uzsbpsd
uzsbsdp
uzsbspd
uzsdbps
uzsdbsp
uzsdpbs
uzsdpsb
uzsdsbp
uzsdspb
uzspbds
uzspbsd
uzspdbs
uzspdsb
uzspsbd
uzspsdb
uzssbdp
uzssbpd
uzssdbp
uzssdpb
uzsspbd
uzsspdb
zbdpssu
zbdpsus
zbdpuss
zbdspsu
zbdspus
zbdsspu
zbdssup
zbdsups
zbdsusp
zbdupss
zbdusps
zbdussp
zbpdssu
zbpdsus
zbpduss
zbpsdsu
zbpsdus
zbpssdu
zbpssud
zbpsuds
zbpsusd
zbpudss
zbpusds
zbpussd
zbsdpsu
zbsdpus
zbsdspu
zbsdsup
zbsdups
zbsdusp
zbspdsu
zbspdus
zbspsdu
zbspsud
zbspuds
zbspusd
zbssdpu
zbssdup
zbsspdu
zbsspud
zbssudp
zbssupd
zbsudps
zbsudsp
zbsupds
zbsupsd
zbsusdp
zbsuspd
zbudpss
zbudsps
zbudssp
zbupdss
zbupsds
zbupssd
zbusdps
zbusdsp
zbuspds
zbuspsd
zbussdp
zbusspd
zdbpssu
zdbpsus
zdbpuss
zdbspsu
zdbspus
zdbsspu
zdbssup
zdbsups
zdbsusp
zdbupss
zdbusps
zdbussp
zdpbssu
zdpbsus
zdpbuss
zdpsbsu
zdpsbus
zdpssbu
zdpssub
zdpsubs
zdpsusb
zdpubss
zdpusbs
zdpussb
zdsbpsu
zdsbpus
zdsbspu
zdsbsup
zdsbups
zdsbusp
zdspbsu
zdspbus
zdspsbu
zdspsub
zdspubs
zdspusb
zdssbpu
zdssbup
zdsspbu
zdsspub
zdssubp
zdssupb
zdsubps
zdsubsp
zdsupbs
zdsupsb
zdsusbp
zdsuspb
zdubpss
zdubsps
zdubssp
zdupbss
zdupsbs
zdupssb
zdusbps
zdusbsp
zduspbs
zduspsb
zdussbp
zdusspb
zpbdssu
zpbdsus
zpbduss
zpbsdsu
zpbsdus
zpbssdu
zpbssud
zpbsuds
zpbsusd
zpbudss
zpbusds
zpbussd
zpdbssu
zpdbsus
zpdbuss
zpdsbsu
zpdsbus
zpdssbu
zpdssub
zpdsubs
zpdsusb
zpdubss
zpdusbs
zpdussb
zpsbdsu
zpsbdus
zpsbsdu
zpsbsud
zpsbuds
zpsbusd
zpsdbsu
zpsdbus
zpsdsbu
zpsdsub
zpsdubs
zpsdusb
zpssbdu
zpssbud
zpssdbu
zpssdub
zpssubd
zpssudb
zpsubds
zpsubsd
zpsudbs
zpsudsb
zpsusbd
zpsusdb
zpubdss
zpubsds
zpubssd
zpudbss
zpudsbs
zpudssb
zpusbds
zpusbsd
zpusdbs
zpusdsb
zpussbd
zpussdb
zsbdpsu
zsbdpus
zsbdspu
zsbdsup
zsbdups
zsbdusp
zsbpdsu
zsbpdus
zsbpsdu
zsbpsud
zsbpuds
zsbpusd
zsbsdpu
zsbsdup
zsbspdu
zsbspud
zsbsudp
zsbsupd
zsbudps
zsbudsp
zsbupds
zsbupsd
zsbusdp
zsbuspd
zsdbpsu
zsdbpus
zsdbspu
zsdbsup
zsdbups
zsdbusp
zsdpbsu
zsdpbus
zsdpsbu
zsdpsub
zsdpubs
zsdpusb
zsdsbpu
zsdsbup
zsdspbu
zsdspub
zsdsubp
zsdsupb
zsdubps
zsdubsp
zsdupbs
zsdupsb
zsdusbp
zsduspb
zspbdsu
zspbdus
zspbsdu
zspbsud
zspbuds
zspbusd
zspdbsu
zspdbus
zspdsbu
zspdsub
zspdubs
zspdusb
zspsbdu
zspsbud
zspsdbu
zspsdub
zspsubd
zspsudb
zspubds
zspubsd
zspudbs
zspudsb
zspusbd
zspusdb
zssbdpu
zssbdup
zssbpdu
zssbpud
zssbudp
zssbupd
zssdbpu
zssdbup
zssdpbu
zssdpub
zssdubp
zssdupb
zsspbdu
zsspbud
zsspdbu
zsspdub
zsspubd
zsspudb
zssubdp
zssubpd
zssudbp
zssudpb
zssupbd
zssupdb
zsubdps
zsubdsp
zsubpds
zsubpsd
zsubsdp
zsubspd
zsudbps
zsudbsp
zsudpbs
zsudpsb
zsudsbp
zsudspb
zsupbds
zsupbsd
zsupdbs
zsupdsb
zsupsbd
zsupsdb
zsusbdp
zsusbpd
zsusdbp
zsusdpb
zsuspbd
zsuspdb
zubdpss
zubdsps
zubdssp
zubpdss
zubpsds
zubpssd
zubsdps
zubsdsp
zubspds
zubspsd
zubssdp
zubsspd
zudbpss
zudbsps
zudbssp
zudpbss
zudpsbs
zudpssb
zudsbps
zudsbsp
zudspbs
zudspsb
zudssbp
zudsspb
zupbdss
zupbsds
zupbssd
zupdbss
zupdsbs
zupdssb
zupsbds
zupsbsd
zupsdbs
zupsdsb
zupssbd
zupssdb
zusbdps
zusbdsp
zusbpds
zusbpsd
zusbsdp
zusbspd
zusdbps
zusdbsp
zusdpbs
zusdpsb
zusdsbp
zusdspb
zuspbds
zuspbsd
zuspdbs
zuspdsb
zuspsbd
zuspsdb
zussbdp
zussbpd
zussdbp
zussdpb
zusspbd
zusspdb
