ajkls
ajksl
ajlks
ajlsk
ajskl
ajslk
akjls
akjsl
akljs
aklsj
aksjl
akslj
aljks
aljsk
alkjs
alksj
alsjk
alskj
asjkl
asjlk
askjl
asklj
asljk
aslkj
jakls
jaksl
jalks
jalsk
jaskl
jaslk
jkals
jkasl
jklas
jklsa
jksal
jksla
jlaks
jlask
jlkas
jlksa
jlsak
jlska
jsakl
jsalk
jskal
jskla
jslak
jslka
kajls
kajsl
kaljs
kalsj
kasjl
kaslj
kjals
kjasl
kjlas
kjlsa
kjsal
kjsla
klajs
klasj
kljas
kljsa
klsaj
klsja
ksajl
ksalj
ksjal
ksjla
kslaj
kslja
lajks
lajsk
lakjs
laksj
lasjk
laskj
ljaks
ljask
ljkas
ljksa
ljsak
ljska
lkajs
lkasj
lkjas
lkjsa
lksaj
lksja
lsajk
lsakj
lsjak
lsjka
lskaj
lskja
sajkl
sajlk
sakjl
saklj
saljk
salkj
sjakl
sjalk
sjkal
sjkla
sjlak
sjlka
skajl
skalj
skjal
skjla
sklaj
sklja
slajk
slakj
sljak
sljka
slkaj
slkja
