74
72
61 62 63
66
65 67 73
64 68 75
14 70 71
78
69 76
12
1 2 3 77
79
6 117
5 7 13 80 134
4 8 15
10 11 81 82 118 120
18 114 132
9 16 121 122 123
83 84 85
17 126
19 125 127 133
57 86 87 88 89 124 128 135
20 115 119 130 131
138
21 22 58 60 90 91 92 116 129 136
54 194
137
23 24 25 93 94 139
177 192
140 181 182 183
26 27 28 29
55 59 141 142 178 180 186
95 96 174 185 187 193
30 31 32 56 184 188 195
143 144 145 190 191
198
33 34 189 196
97 98 146 147 148 149
99 100 175 179 197
101 102 103 199
104 105 106 107 150 151 152 176
35 36 108 109 110 200
111 112
153 154
37 38
39 40
41 42 43 113 155 156
44 45 46 47
48 49 50
51 52
157 158
159 160
161 162 163
164 165 166 167
53 168 169 170
171 172
173