Download is Started (1:02 AM, February 3, 2002)

 Error (HTTP code 404) - 'http://pl.changwon.ac.kr/algorithm/eClass/notes/10/10/avi/a10-1-1-2m.mpg'
 Error (HTTP code 404) - 'http://pl.changwon.ac.kr/algorithm/eClass/notes/10/images/line.gif'
 Error (HTTP code 404) - 'http://pl.changwon.ac.kr/algorithm/eClass/notes/10/선택하는 방법은 어떠한 것이든 상관없다. 보통은 그림 상에서 왼쪽부터 선택하거나, 인덱스가 작은 것부터 선택한다.'
 Error (HTTP code 404) - 'http://pl.changwon.ac.kr/algorithm/eClass/notes/10/다시 돌아온다는 의미에서 'backtracking.''
 Error (HTTP code 404) - 'http://pl.changwon.ac.kr/algorithm/eClass/notes/10/vin("트리에서 아래쪽에 연결된 노드를 자식(child)이라고 한다. 거꾸로 위쪽에 연결된 노드는 부모(parent)라고 한다.",0);'
 Error (HTTP code 404) - 'http://pl.changwon.ac.kr/algorithm/eClass/notes/10/faq.html'
 Error (HTTP code 404) - 'http://pl.changwon.ac.kr/algorithm/eClass/notes/10/정렬 문제의 경우는 입력된 순서로 저장되어 있는 배열, 배낭 문제의 경우는 빈 배낭.'
 Error (HTTP code 404) - 'http://pl.changwon.ac.kr/algorithm/eClass/notes/10/정렬 문제의 경우는 크기 순으로 정렬된 배열, 배낭 문제의 경우는 최고의 이득으로 물건이 담겨져 있는 배낭.'
 Error (HTTP code 404) - 'http://pl.changwon.ac.kr/algorithm/eClass/notes/10/물건들의 모든 부분집합. 배낭에 담을 수 있는지 없는지는 고려하지 않는다. 단지 가능한 모든 방법들을 나열하면 된다.'
 Error (HTTP code 404) - 'http://pl.changwon.ac.kr/algorithm/eClass/notes/10/예를 들면, 배낭의 용량을 넘도록 선택한 물건들의 집합.'
 Error (HTTP code 404) - 'http://pl.changwon.ac.kr/jsboard/JSBoard 1.2.2 관리자 페이지'
 Error (HTTP code 404) - 'http://pl.changwon.ac.kr/algorithm/eClass/notes/10/실현 가능한지를 검사하는 부분.'
 Error (HTTP code 404) - 'http://pl.changwon.ac.kr/jsboard/Jsboard Open Project/'
 Error (HTTP code 404) - 'http://pl.changwon.ac.kr/algorithm/eClass/notes/10/원래 체스판의 크기는 8 x 8이다.'
 Error (HTTP code 404) - 'http://pl.changwon.ac.kr/algorithm/eClass/notes/10/vin("루트(root)로부터 떨어져 있는 거리. 루트 바로 밑의 노드들은 레벨 1이된다.",0);'
 Error (HTTP code 404) - 'http://pl.changwon.ac.kr/algorithm/eClass/notes/10/즉, 아래쪽으로.'
 Error (HTTP code 404) - 'http://pl.changwon.ac.kr/algorithm/eClass/notes/10/마지막 행에 queen을 배치하였으므로, 하나의 해를 구하였다.'

Download is Stopped (1:04 AM, February 3, 2002)

Summary:
 Number of Files: 239        Total Size: 1.2 MB
