2002.05.11 21:06 B D:\IT영재교육센터\c++\교재\book\image\addison-wesley_accelerate.gif --> gifted.icu.ac.kr /home/web/htdocs/hjkim/c++/book/image addison-wesley_accelerate.gif
2002.05.11 21:06 B D:\IT영재교육센터\c++\교재\book\image\addison-wesley_c++.jpg --> gifted.icu.ac.kr /home/web/htdocs/hjkim/c++/book/image addison-wesley_c++.jpg
2002.05.11 21:06 B D:\IT영재교육센터\c++\교재\book\image\addison-wesley_efficientc++2.gif --> gifted.icu.ac.kr /home/web/htdocs/hjkim/c++/book/image addison-wesley_efficientc++2.gif
2002.05.11 21:06 B D:\IT영재교육센터\c++\교재\book\image\prenticehall2.gif --> gifted.icu.ac.kr /home/web/htdocs/hjkim/c++/book/image prenticehall2.gif
2002.05.11 21:06 B D:\IT영재교육센터\c++\교재\book\image\que.gif --> gifted.icu.ac.kr /home/web/htdocs/hjkim/c++/book/image que.gif
2002.05.11 21:06 B D:\IT영재교육센터\c++\교재\book\image\가남사.gif --> gifted.icu.ac.kr /home/web/htdocs/hjkim/c++/book/image 가남사.gif
2002.05.11 21:06 B D:\IT영재교육센터\c++\교재\book\image\대림2.gif --> gifted.icu.ac.kr /home/web/htdocs/hjkim/c++/book/image 대림2.gif
2002.05.11 21:06 B D:\IT영재교육센터\c++\교재\book\image\성안당c++.jpg --> gifted.icu.ac.kr /home/web/htdocs/hjkim/c++/book/image 성안당c++.jpg
2002.05.11 21:06 B D:\IT영재교육센터\c++\교재\book\image\인터비전.gif --> gifted.icu.ac.kr /home/web/htdocs/hjkim/c++/book/image 인터비전.gif
2002.05.11 21:06 B D:\IT영재교육센터\c++\교재\book\image\인포북_c++.jpg --> gifted.icu.ac.kr /home/web/htdocs/hjkim/c++/book/image 인포북_c++.jpg
2002.05.11 21:06 B D:\IT영재교육센터\c++\교재\book\image\한빛2.gif --> gifted.icu.ac.kr /home/web/htdocs/hjkim/c++/book/image 한빛2.gif
2002.05.11 21:06 B D:\IT영재교육센터\c++\교재\book\image\한빛c++.jpg --> gifted.icu.ac.kr /home/web/htdocs/hjkim/c++/book/image 한빛c++.jpg
2002.05.11 21:15 B D:\IT영재교육센터\c++\교재\book\image\addison-wesley_accelerate.gif --> gifted.icu.ac.kr /home/web/htdocs/hjkim/c++/book/image addison-wesley_accelerate.gif
2002.05.11 21:15 B D:\IT영재교육센터\c++\교재\book\image\addison-wesley_c++.jpg --> gifted.icu.ac.kr /home/web/htdocs/hjkim/c++/book/image addison-wesley_c++.jpg
2002.05.11 21:15 B D:\IT영재교육센터\c++\교재\book\image\addison-wesley_efficientc++2.gif --> gifted.icu.ac.kr /home/web/htdocs/hjkim/c++/book/image addison-wesley_efficientc++2.gif
2002.05.11 21:15 B D:\IT영재교육센터\c++\교재\book\image\prenticehall2.gif --> gifted.icu.ac.kr /home/web/htdocs/hjkim/c++/book/image prenticehall2.gif
2002.05.11 21:15 B D:\IT영재교육센터\c++\교재\book\image\que.gif --> gifted.icu.ac.kr /home/web/htdocs/hjkim/c++/book/image que.gif
2002.05.11 21:17 B D:\IT영재교육센터\c++\교재\book\image\WS_FTP.LOG <-- gifted.icu.ac.kr /home/web/htdocs/hjkim/c++/book/image WS_FTP.LOG
2002.05.11 21:17 B D:\IT영재교육센터\c++\교재\book\image\가남사.gif <-- gifted.icu.ac.kr /home/web/htdocs/hjkim/c++/book/image 가남사.gif
2002.05.11 21:17 B D:\IT영재교육센터\c++\교재\book\image\대림2.gif <-- gifted.icu.ac.kr /home/web/htdocs/hjkim/c++/book/image 대림2.gif
2002.05.11 21:17 B D:\IT영재교육센터\c++\교재\book\image\성안당c++.jpg <-- gifted.icu.ac.kr /home/web/htdocs/hjkim/c++/book/image 성안당c++.jpg
2002.05.11 21:17 B D:\IT영재교육센터\c++\교재\book\image\인터비전.gif <-- gifted.icu.ac.kr /home/web/htdocs/hjkim/c++/book/image 인터비전.gif
2002.05.11 21:17 B D:\IT영재교육센터\c++\교재\book\image\인포북_c++.jpg <-- gifted.icu.ac.kr /home/web/htdocs/hjkim/c++/book/image 인포북_c++.jpg
2002.05.11 21:17 B D:\IT영재교육센터\c++\교재\book\image\한빛2.gif <-- gifted.icu.ac.kr /home/web/htdocs/hjkim/c++/book/image 한빛2.gif
2002.05.11 21:17 B D:\IT영재교육센터\c++\교재\book\image\한빛c++.jpg <-- gifted.icu.ac.kr /home/web/htdocs/hjkim/c++/book/image 한빛c++.jpg
2002.05.11 21:19 B D:\IT영재교육센터\c++\교재\book\image\1.jpg --> gifted.icu.ac.kr /home/web/htdocs/hjkim/c++/book/image 1.jpg
2002.05.11 21:19 B D:\IT영재교육센터\c++\교재\book\image\2.gif --> gifted.icu.ac.kr /home/web/htdocs/hjkim/c++/book/image 2.gif
2002.05.11 21:19 B D:\IT영재교육센터\c++\교재\book\image\3.gif --> gifted.icu.ac.kr /home/web/htdocs/hjkim/c++/book/image 3.gif
2002.05.11 21:19 B D:\IT영재교육센터\c++\교재\book\image\4.gif --> gifted.icu.ac.kr /home/web/htdocs/hjkim/c++/book/image 4.gif
2002.05.11 21:19 B D:\IT영재교육센터\c++\교재\book\image\9.gif --> gifted.icu.ac.kr /home/web/htdocs/hjkim/c++/book/image 9.gif
2002.05.11 21:19 B D:\IT영재교육센터\c++\교재\book\image\8.jpg --> gifted.icu.ac.kr /home/web/htdocs/hjkim/c++/book/image 8.jpg
2002.05.11 21:19 B D:\IT영재교육센터\c++\교재\book\image\7.gif --> gifted.icu.ac.kr /home/web/htdocs/hjkim/c++/book/image 7.gif
2002.05.11 21:19 B D:\IT영재교육센터\c++\교재\book\image\6.jpg --> gifted.icu.ac.kr /home/web/htdocs/hjkim/c++/book/image 6.jpg
2002.05.11 21:19 B D:\IT영재교육센터\c++\교재\book\image\5.jpg --> gifted.icu.ac.kr /home/web/htdocs/hjkim/c++/book/image 5.jpg
2002.05.11 21:19 B D:\IT영재교육센터\c++\교재\book\image\4.gif --> gifted.icu.ac.kr /home/web/htdocs/hjkim/c++/book/image 4.gif
2002.05.11 21:19 B D:\IT영재교육센터\c++\교재\book\image\3.gif --> gifted.icu.ac.kr /home/web/htdocs/hjkim/c++/book/image 3.gif
2002.05.11 21:20 B D:\IT영재교육센터\c++\교재\book\image\2.gif --> gifted.icu.ac.kr /home/web/htdocs/hjkim/c++/book/image 2.gif
2002.05.11 21:20 B D:\IT영재교육센터\c++\교재\book\image\12.gif --> gifted.icu.ac.kr /home/web/htdocs/hjkim/c++/book/image 12.gif
2002.05.11 21:20 B D:\IT영재교육센터\c++\교재\book\image\11.gif --> gifted.icu.ac.kr /home/web/htdocs/hjkim/c++/book/image 11.gif
2002.05.11 21:20 B D:\IT영재교육센터\c++\교재\book\image\10.gif --> gifted.icu.ac.kr /home/web/htdocs/hjkim/c++/book/image 10.gif
2002.05.11 21:20 B D:\IT영재교육센터\c++\교재\book\image\1.jpg --> gifted.icu.ac.kr /home/web/htdocs/hjkim/c++/book/image 1.jpg
