78
125
113
152
90
172
173
93
81
44
70
186
198
30
148
103
123
156
119
51
24
27
189
154
117
21
4
14
63
187
11
196
13
155
36
50
3
109
68
149
105
167
188
169
184
53
35
57
121
8
91
96
83
108
74
76
139
126
54
88
10
140
28
141
100
199
122
132
163
6
52
164
111
9
200
195
98
162
151
80
118
56
66
2
174
18
110
86
7
42
99
59
176
39
69
129
87
114
175
194
133
170
32
106
73
171
47
161
17
15
193
104
5
157
179
61
102
71
150
43
95
112
29
131
158
40
135
181
34
20
23
31
168
185
116
89
58
12
26
45
67
94
37
142
85
25
165
55
33
128
177
60
120
19
192
62
138
124
77
136
134
153
130
147
101
46
137
107
41
183
16
191
145
178
143
197
79
65
49
48
22
159
115
160
92
144
127
190
180
38
1
97
182
166
64
84
146
75
72
82
