221
116
152
253
187
52
269
91
161
74
122
145
292
21
230
251
260
170
222
119
146
87
264
96
45
126
19
90
62
176
294
49
73
20
46
220
189
148
88
214
82
32
23
206
140
169
150
295
142
72
130
279
71
180
136
254
293
211
178
173
226
135
158
120
195
115
164
27
166
3
296
261
66
237
144
131
43
147
69
262
219
248
2
157
167
192
58
177
24
92
184
100
160
79
239
291
198
14
282
85
83
61
159
30
209
174
252
284
132
203
216
171
181
207
255
67
224
42
231
11
283
108
18
183
212
7
57
47
188
107
287
246
218
151
227
103
50
185
259
280
299
268
182
12
39
265
298
41
162
243
215
233
275
110
194
273
139
149
105
289
244
240
35
78
68
228
104
84
202
225
113
123
270
95
257
210
53
247
281
65
266
134
22
234
114
272
232
229
285
286
236
193
94
137
205
63
17
143
34
201
208
223
200
98
118
28
127
109
213
278
196
300
290
199
165
29
156
288
267
277
33
172
70
186
6
44
106
241
121
1
249
80
153
276
101
274
125
197
86
75
258
128
8
48
64
9
31
242
117
15
81
10
54
93
175
76
36
4
155
245
163
133
59
217
89
235
124
190
112
256
179
250
271
77
5
56
40
191
55
168
97
13
263
111
154
25
60
99
26
297
129
102
141
51
238
38
138
204
16
37
