114
341
13
189
323
55
302
273
113
217
387
332
343
270
459
360
141
468
293
108
101
156
176
224
237
134
6
64
380
256
82
61
382
264
131
488
327
423
79
81
165
88
154
286
445
448
31
49
483
149
159
385
390
301
69
362
197
458
438
60
243
142
35
75
367
297
17
90
484
167
337
296
78
218
397
41
99
236
283
386
4
469
215
329
148
482
230
153
188
431
453
119
259
414
495
437
374
424
274
109
94
26
489
51
9
371
333
433
304
238
499
466
365
356
219
25
137
93
493
33
262
42
37
475
226
477
241
406
128
139
305
381
235
121
295
313
48
416
292
426
125
318
150
3
144
58
440
115
11
322
291
439
20
247
394
400
449
287
450
53
210
321
205
347
388
451
402
73
40
8
407
111
63
67
198
317
22
375
95
161
123
311
279
398
307
275
316
207
298
359
331
278
126
408
456
363
372
185
227
71
251
239
105
255
166
100
43
428
120
330
231
250
465
186
248
470
76
7
403
419
309
395
184
494
277
214
383
282
164
457
84
351
405
59
368
254
443
130
326
177
370
124
178
70
349
335
417
127
118
27
294
306
133
34
496
97
52
132
201
221
169
155
15
267
106
30
328
135
432
202
172
404
89
373
492
418
258
174
257
454
39
430
486
366
411
245
171
194
471
147
213
38
500
357
203
308
284
46
44
393
280
98
252
422
87
315
312
209
104
472
47
54
80
162
476
182
110
14
50
145
16
72
117
122
36
180
225
310
340
446
222
68
158
244
334
246
195
421
56
151
19
103
157
265
107
191
276
376
160
173
413
57
479
344
429
415
303
62
336
181
112
208
342
420
143
18
233
190
223
338
425
434
354
229
350
74
339
358
216
29
211
348
179
314
66
163
196
146
345
21
24
91
263
220
379
461
271
2
28
491
65
140
490
232
260
474
462
441
401
253
269
175
464
170
1
481
83
460
228
377
285
478
77
369
452
86
447
266
412
187
116
261
497
23
480
319
485
300
498
136
96
200
355
92
212
325
455
281
102
409
5
389
435
290
378
289
399
242
299
45
391
152
288
392
183
138
249
346
444
396
427
364
10
473
12
463
193
352
353
467
199
436
168
234
268
272
32
85
442
320
204
487
324
129
192
240
410
361
206
384
