196
143
284
153
38
32
297
72
287
171
77
129
96
183
172
10
19
126
45
283
163
206
215
266
140
204
85
111
87
192
37
98
265
300
154
164
21
168
207
118
79
108
131
269
195
227
298
50
222
116
69
253
121
26
197
24
136
202
44
138
8
151
5
292
240
52
205
186
66
137
106
100
53
29
1
117
170
27
263
132
279
273
189
296
101
105
71
294
75
89
133
290
177
193
238
61
280
219
62
82
60
128
288
41
114
34
47
16
254
201
104
12
15
113
180
208
233
261
268
159
184
92
230
125
232
94
248
169
211
250
267
158
226
68
295
33
179
174
217
162
155
127
135
173
259
123
209
6
51
115
282
46
112
3
270
25
119
142
277
120
200
22
58
157
182
152
214
35
124
42
221
235
285
239
299
39
167
31
59
145
210
276
255
146
225
23
86
150
148
36
7
122
49
63
144
40
275
141
264
95
161
291
78
109
245
252
191
262
244
91
13
84
65
4
220
278
83
97
216
251
190
156
185
271
80
48
194
218
70
181
149
242
229
286
198
199
243
188
73
9
247
74
14
56
55
134
187
281
43
234
166
57
139
289
178
20
224
260
176
110
241
64
256
102
293
2
246
257
203
54
175
212
30
223
103
272
17
147
18
231
258
165
236
67
90
249
28
274
213
160
81
130
237
93
11
107
88
99
228
76
