292
252
404
496
463
281
378
433
325
237
143
324
384
162
109
457
460
185
388
352
45
92
229
289
90
437
316
423
421
152
427
329
151
140
476
331
167
279
23
482
86
438
474
466
47
42
467
257
179
272
175
291
345
343
371
241
88
484
160
386
286
154
443
464
425
265
374
266
498
99
139
274
273
222
276
93
3
243
104
407
363
336
119
436
40
308
244
497
44
211
448
300
383
441
392
158
100
294
136
82
337
150
455
322
56
403
490
236
387
449
430
205
434
353
396
41
53
269
284
226
238
306
141
357
174
39
129
221
270
64
176
442
57
429
255
309
361
197
494
37
48
112
103
25
473
85
33
20
254
182
28
208
445
72
340
317
245
163
338
267
191
18
385
7
51
233
169
426
393
431
81
318
217
101
285
344
122
58
161
249
302
111
364
95
62
488
305
253
240
231
118
299
242
115
204
216
395
192
106
339
12
377
341
157
13
164
228
11
71
195
127
75
447
271
193
452
459
372
256
263
225
334
180
230
477
214
94
399
147
432
360
67
60
166
312
187
307
202
486
367
190
200
315
351
201
76
250
70
251
6
327
59
188
186
264
428
295
382
471
394
16
234
366
365
461
296
246
30
398
170
114
348
326
390
159
173
420
199
146
10
183
282
49
132
359
333
414
478
29
454
492
491
184
84
24
349
156
409
489
458
126
145
98
14
32
43
247
406
148
165
203
123
219
362
493
472
435
465
210
21
416
34
450
223
52
215
413
5
105
113
235
133
290
405
311
304
422
212
313
134
116
46
470
36
26
207
261
218
411
355
125
397
356
50
137
144
63
283
310
440
138
206
130
278
376
358
481
149
495
483
439
232
181
131
260
153
319
79
293
444
335
391
155
485
108
262
418
220
456
446
350
87
369
69
451
110
77
314
462
248
479
61
259
412
73
97
8
68
213
117
120
453
389
74
38
468
239
19
80
342
288
330
224
102
15
400
480
287
168
78
469
9
107
177
280
196
402
424
268
65
297
415
298
17
401
66
178
83
54
22
124
31
354
487
1
303
91
379
321
142
35
381
419
475
121
380
347
499
417
2
171
277
410
275
172
301
373
375
198
227
370
189
500
320
27
55
258
332
328
89
96
194
323
209
346
368
4
408
135
128
