573 : ((((100-1)*2)-7)*3)
30 : ((((26*3)+78)/12)+17)
923 : (((58-67)+22)*(2+69))
0 : (((20+20)+20)*(20-20))
278 : (((25*33)+(47*83))/17)
976 : ((((49-15)*29)-88)+78)
143 : ((50-((83-89)*15))+3)
648 : (((60-51)-1)*(3+78))
576 : ((((69+71)*78)/21)+56)
295 : ((((96-25)-68)*65)+100)
566 : (((78+89)+(50*9))-51)
989 : ((((96-69)*34)*1)+71)
785 : (((75-20)*(92-78))+15)
629 : (((59-(87/29))*10)+69)
959 : (((28*55)-88)-(17*29))
497 : ((18/18)-((27-58)*16))
81 : (((16+29)*(61+74))/75)
381 : ((((8-11)+80)*6)-81)
811 : ((((50-35)*62)-44)-75)
194 : (((15-82)*(7-10))-7)
835 : (((68-58)+(23*37))-26)
305 : ((((70-32)-32)*66)-91)
723 : (48-(((77-30)-56)*75))
113 : (((42*89)-(55*67))+60)
674 : ((12/6)-((41-55)*48))
248 : (93-(((69-84)*93)/9))
231 : ((((50*74)-71)+67)/16)
54 : (((95-99)+13)*(37-31))
652 : ((87-((11-56)*11))+70)
439 : ((((31*33)-91)-54)/2)
848 : (((35+36)+49)+(8*91))
893 : ((((77-93)+50)+13)*19)
619 : ((21*41)-((81-59)*11))
183 : ((((93-33)+55)+45)+23)
98 : ((((100+70)*63)/70)-55)
437 : (((15*89)-24)/(75-72))
378 : ((((16*99)/4)-19)+1)
461 : ((((40+51)*46)-37)/9)
578 : (((68-57)*(82-26))-38)
874 : ((26-((61-70)*88))+56)
191 : ((((46-37)*37)-63)-79)
770 : ((((84+91)*76)/19)+70)
179 : ((((27+30)+71)-46)+97)
764 : (((2+90)+(23*33))-87)
247 : ((((40+84)*3)-97)-28)
704 : ((51-((43-1)/6))*16)
293 : (40-((27-16)*(32-55)))
558 : ((((79-71)+66)*8)-34)
32 : (((90-(26*3))+89)-69)
2 : ((16+16)/((42/42)+15))
60 : ((77-53)+((24*87)/58))
804 : ((((37+67)*8)-49)+21)
47 : ((42-4)+((100+53)/17))
213 : ((96-81)+((12+6)*11))
803 : (((99-50)-60)*(4-77))
713 : ((93-((67-77)*52))+100)
364 : ((100-74)+((79+90)*2))
915 : ((((32+8)*27)-79)-86)
379 : ((((90-93)+69)*5)+49)
509 : ((((43-35)*63)+75)-70)
356 : ((((100-11)+62)*3)-97)
498 : (((52-65)*(64-96))+82)
689 : (49-(((24-100)+44)*20))
169 : ((((81-76)*47)-4)-62)
431 : ((((97-64)*8)+79)+88)
472 : ((((1+6)*58)-23)+89)
211 : (((87-73)*(94-86))+99)
816 : (((16*2)+19)*(83-67))
866 : (((47-80)+44)+(15*57))
404 : ((((10+60)-48)*22)-80)
599 : ((((51+71)*4)+79)+32)
656 : (((47-9)*22)-(30*6))
707 : (((31-92)*(35-48))-86)
348 : ((((42*81)/9)-26)-4)
344 : ((((89-87)*26)-44)*43)
454 : (((43-82)*(66-76))+64)
716 : ((((31*54)/62)*25)+41)
891 : (66-(((18*4)-97)*33))
582 : (((42+88)*(52-47))-68)
610 : ((((15*32)+98)+48)-16)
329 : ((((82-47)-15)*14)+49)
736 : ((((67+83)-86)-18)*16)
690 : (((35-28)*(4+91))+25)
770 : (((67-59)+62)*(2+9))
767 : ((((20*49)+82)*65)/90)
875 : (((20+38)*(91-75))-53)
354 : ((((30-60)+35)*73)-11)
986 : (((43-74)*(58-92))-68)
237 : ((((41-36)+28)*10)-93)
225 : (((52-39)*54)-(53*9))
371 : (20-((42-51)*(97-58)))
526 : ((38-92)+((79-69)*58))
969 : (((23*50)-(3*93))+98)
998 : ((10-83)+((44+7)*21))
651 : ((((87-39)-40)*71)+83)
83 : ((((87-28)+19)-37)+42)
635 : (((1+7)*(97-19))+11)
481 : (((12+28)*(81-70))+41)
265 : ((((53-11)+94)+33)+96)
720 : ((86-80)+((43-29)*51))
