74
72
61 62 63
66
65 67 73
64 68 75
14 70 71
78
69 76
12
3 2 1 77
79
6 117
5 7 13 80 134
4 8 15
10 11 81 82 118 120
18 114 132
9 16 121 122 123
83 84 85
17 126
19 125 127 133
86 87 88 89 124 128 57 135
20 115 119 130 131
138
21 22 58 60 90 91 92 116 129 136
54 194
137
25 23 93 94 24 139
177 192
140 181 182 183
26 27 29 28
55 59 141 142 178 180 186
174 95 96 185 187 193
32 56 30 31 184 188 195
143 144 145 190 191
198
33 34 189 196
97 98 146 147 148 149
99 100 175 179 197
102 101 103 199
150 151 152 176 105 104 106 107
108 35 109 110 36 200
111 112
154 153
37 38
39 40
41 155 43 156 42 113
44 46 45 47
50 49 48
51 52
157 158
160 159
161 162 163
164 167 166 165
169 168 53 170
171 172
173
