90
70
125
172
156
81
152
93
186
148
198
173
78
44
123
113
73
51
7
107
89
30
126
42
189
37
154
177
96
106
15
192
40
121
138
101
116
195
57
9
61
102
79
178
118
161
94
27
45
112
171
14
11
155
53
134
168
119
68
150
16
191
33
196
103
197
133
12
20
80
114
41
176
139
88
199
137
19
174
71
188
28
109
60
124
165
181
49
183
58
29
145
100
135
23
122
131
46
10
162
85
36
35
18
34
87
175
62
2
108
180
120
179
167
164
32
170
159
74
76
25
26
200
132
69
194
50
55
169
136
3
24
185
141
111
17
128
86
142
5
157
98
8
187
13
4
21
95
91
184
52
63
117
39
56
66
129
115
143
144
22
77
110
104
43
99
130
147
149
160
163
6
67
151
65
193
47
83
190
31
97
153
146
59
158
92
140
54
105
38
48
127
1
166
75
84
82
72
182
64
