2 papaya = 9 mango
? guava = ? mango
? papaya = ? passionfruit
2 armoredcommandotruck = 3 secretrockethovercar
9 a = 320 z
? chicken = ? dog
1 cow = 54 cat
2 chicken = 1 dog
74 dvdplayer = 637 toaster
? fork = ? cow
7 toaster = 74 spoon
689 sportutilityvehicle = 1504 truck
5 sock = 2 shirt
? shirt = ? pant
45 pant = 188 shirt
2 papaya = 9 mangogo
? guavava = ? mangogo
? papaya = ? passionfruitter
? armoredcommandotruckk = ? secretrockethovercarrer
1 r = 1 qqq
9 aaa = 320 z
? chickener = ? dogger
1 coww = 54 cat
2 chickener = 1 dogger
74 dvdplayer = 637 toast
? forker = ? coww
7 toast = 74 spoon
338 sportutilityvehicle = 517 truckker
? sockker = ? shirt
? shirt = ? pantter
7 papaya = 31 mangooo
? guava = ? mangooo
? papaya = ? passionfruitttt
1 aredcommandotruck = 1 secretrockethovertaxi
1 sstoperqr = 1 vos
? abababacarsstoperqrtoper = ? zpo
? chickennnn = ? dogggg
1 cowcow = 36 catcat
3 chickennnn = 1 dogggg
74 cdpplayer = 637 coaster
? forkkkk = ? cowcow
7 coaster = 74 spppoon
312 silityvehicle = 517 truck
5 sock = 2 ts
188 ts = 45 pant
45 pant = 188 ts
63 ee = 2560 aa
? aa = ? oo
? aa = ? zz
? aa = ? yy
4543 ww = 96 nn
? yy = ? ii
? gg = ? uu
7007 uu = 192 yy
9 bc = 2 de
4 ab = 1 ef
1 op = 5 lm
? yy = ? zz
9 bc = 1 ef
? gh = ? ww
? gh = ? lm
8 vw = 15 yz
660 xx = 91 ab
4 ABCE = 1 ABCL
1 za = 8 ABCD
1 ABCS = 128 ABCZ
32 ABCY = 1 ABCO
8 ABCY = 1 ABDZ
1 ABDZ = 4 ABEW
1 ABET = 1 ABEF
1 ABFK = 2 ABFW
1 ABGO = 2 ABGI
8 ABHK = 3 ABHX
3 ABIQ = 4 ABIZ
8 ABCD = 1 ABIZ
128 ABCD = 3 ABIR
? ABER = ? ABKR
? ABIR = ? ABKR
8 ABCD = 1 za
? ABCD = ? hi
1024 ABEX = 165 ABKT
2 ABNY = 1 ABNU
128 m = 1 ABOZ
16 ABSY = 1 ABQX
5 d = 1 ccc
131072 ABGQ = 165 ABJV
? AROV = ? ASTU
826 ABCD = 55 ABDV
? mango = ? ABEF
2 ABQV = 1 ABVW
32 ASWZ = 1 ASUV
4 ab = 1 ARWY
? aa = ? ABFW
413 dangmu = 1980 ABDF
? ARWY = ? AUXY
23040 nn = 413 ARVX
22 ABED = 9 nn
6 k = 1 jjj
? ABSZ = ? ASWY
4 tt = 57475 pp
2 dangmu = 9 ABCD
9 ABCD = 2 dangmu
9 mango = 2 papaya
2 papaya = 9 mango
5 passionfruit = 31 guava
31 guava = 5 passionfruit
1 thermonuclearwarhead = 3 secretrockethovercar
3 secretrockethovercar = 1 thermonuclearwarhead
1 fork = 1 spoon
1 spoon = 1 fork
2 armoredcommandotruck = 1 thermonuclearwarhead
1 p = 1 q
1 q = 1 p
1 w = 1 x
1 x = 1 w
1 y = 1 x
1 s = 1 t
1 t = 1 s
1 r = 1 q
1 j = 4 k
4 k = 1 j
1 l = 1 k
1 m = 1 l
3 b = 4 c
4 c = 3 b
5 d = 1 c
2 e = 3 d
7 f = 1 e
1 g = 2 f
1 n = 1 m
1 u = 1 t
1 v = 1 u
1 a = 2 b
1 o = 1 n
10 h = 1 g
2 i = 7 h
1 z = 5 y
9 cat = 1 dog
1 dog = 9 cat
1 cow = 12 chicken
12 chicken = 1 cow
2 sheep = 1 mule
1 mule = 2 sheep
4 television = 83 knife
83 knife = 4 television
2 dvdplayer = 91 knife
1 microwave = 37 fork
7 toaster = 2 microwave
47 car = 13 sportutilityvehicle
13 sportutilityvehicle = 47 car
32 truck = 53 car
2 shirt = 5 sock
5 sock = 2 shirt
47 underwear = 9 pant
9 pant = 47 underwear
9 mangogo = 2 papaya
5 passionfruitter = 31 guavava
31 guavava = 5 passionfruitter
1 thermonuclearwarheadder = 3 secretrockethovercarrer
3 secretrockethovercarrer = 1 thermonuclearwarheadder
1 forker = 1 spoon
1 pp = 1 q
1 ww = 1 x
1 xxx = 1 y
1 sss = 1 t
1 qqq = 1 r
1 rrr = 1 s
1 jjj = 6 k
1 kk = 1 l
1 lll = 1 m
1 bbb = 2 c
1 ccc = 5 d
1 ddd = 1 e
1 eee = 7 f
2 ffff = 1 g
1 mmm = 1 n
1 ttt = 1 u
1 uuu = 1 v
1 aaa = 2 b
1 nnn = 1 o
1 ooo = 1 p
1 vv = 1 w
1 ggg = 10 h
7 hhh = 2 i
11 iii = 8 j
5 yyy = 1 z
1 dogger = 9 cat
1 coww = 12 chickener
12 chickener = 1 coww
3 sheepp = 1 muler
1 muler = 3 sheepp
2 televi = 41 knife
91 knifer = 2 dvdplayer
1 microwaver = 27 forker
7 toast = 2 microwave
11 truckker = 26 car
2 shirtter = 5 sock
47 underwearer = 9 pant
2 sockker = 1 underwearer
31 mangooo = 7 papaya
5 passionfruitttt = 21 guava
1 twarhead = 2 secretrockethovertaxi
2 secretrockethovertaxi = 1 twarhead
1 forkkkk = 1 spppoon
1 spppoon = 1 forkkkk
2 aredcommandotruck = 1 twarhead
1 posstoperqr = 1 qqrsstoperqrtopertopetop
1 qqrsstoperqrtopertopetop = 1 posstoperqr
1 wow = 1 xyqu
1 xyqu = 1 wow
1 yq = 1 xyqu
1 sstoperqr = 1 top
1 top = 1 sstoperqr
1 rsstoperqrtoper = 1 qqrsstoperqrtopertopetop
1 josstoperqrkosstoperqrr = 6 kosstoperqrr
6 kosstoperqrr = 1 josstoperqrkosstoperqrr
1 kosstoperqrrsstoperqrtoperea = 1 lemosstoerqrnosstoperqrnosstoperqr
1 lemosstoerqrnosstoperqrnosstoperqr = 1 kosstoperqrrsstoperqrtoperea
1 lemosstoperqp = 1 mosstopeqr
1 mosstopeqr = 1 lemosstoperqp
1 bababa = 2 carsstoperqrtoper
2 carsstoperqrtoper = 1 bababa
5 decorqrrsstoperqrtoperea = 1 carsstoperqrtoper
1 decosstoperqrnoerea = 1 ecosstoperqrerqr
1 ecosstoperqrerqr = 1 decosstoperqrnoerea
1 ecosstoperqrnosstoperqqr = 7 fffinosstoperqrnossrqrtop
7 fffinosstoperqrnossrqrtop = 1 ecosstoperqrnosstoperqqr
2 fffinosstopstoperqrtop = 1 ghsstoperqrsstoperqrtop
1 ghsstoperqrsstoperqrtop = 2 fffinosstopstoperqrtop
1 mosstoerqr = 1 nosstoperqrnosstoperq
1 nosstoperqrnosstoperq = 1 mosstoerqr
1 uer = 1 top
1 vos = 1 uer
1 abababacarsstoperqrtoper = 2 bababa
1 nosstoperqrnosstoperqrnosstoperqr = 1 osstoperqr
1 osstoperqr = 1 nosstoperqrnosstoperqrnosstoperqr
1 ghuermosstoqrtop = 10 huermosstoperqrmosr
10 huermosstoperqrmosr = 1 ghuermosstoqrtop
7 huermosstoperqrmo = 2 inosstoperqrnosstoperqrosstoperqr
2 inosstoperqrnosstoperqrosstoperqr = 7 huermosstoperqrmo
11 inosstoperqrnoerqr = 8 josstoperqrkostoperqrtoper
8 josstoperqrkostoperqrtoper = 11 inosstoperqrnoerqr
1 zpo = 5 yq
9 catcat = 1 dogggg
1 dogggg = 9 catcat
1 cowcow = 12 chickennnn
12 chickennnn = 1 cowcow
3 sheepppp = 1 mule
2 tvision = 41 knife
2 cdpplayer = 91 knife
7 coaster = 2 microwave
47 taxi = 12 silityvehicle
12 silityvehicle = 47 taxi
2 ts = 5 sock
47 upwear = 9 pant
2 aa = 7 bb
7 bb = 2 aa
1 cc = 16 bb
9 dd = 4 cc
1 ee = 20 dd
44 ff = 3 gg
3 gg = 44 ff
5 hh = 21 gg
1 ii = 62 hh
1 jj = 62 ii
4 ll = 21 kk
8 mm = 59 ll
9 nn = 11 mm
1 oo = 41 nn
1 ABKS = 1 kk
1 qq = 10 pp
2 rr = 33 qq
1 ss = 11 rr
12 tt = 95 ss
7 uu = 3 vv
8 xx = 91 ww
8 yy = 11 xx
1 zz = 25 aa
4 ab = 9 bc
9 bc = 4 ab
4 cd = 9 bc
1 de = 2 cd
1 ef = 2 de
1 fg = 4 gh
4 gh = 1 fg
1 hi = 2 gh
1 ij = 2 hi
2 jk = 1 ij
3 kl = 2 lm
2 lm = 3 kl
1 mn = 5 lm
1 no = 1 mn
1 op = 1 no
1 pq = 1 qr
1 qr = 1 pq
4 rs = 9 qr
1 st = 1 rs
1 tu = 9 st
6 uv = 5 vw
5 vw = 6 uv
2 wx = 1 vw
5 xy = 8 wx
3 yz = 2 xy
1 za = 1 ab
1 ABCE = 1 ABCD
2 ABCF = 1 ABCE
1 ABCG = 2 ABCF
1 ABCH = 1 ABCG
1 ABCI = 1 ABCH
1 ABCJ = 4 ABCI
1 ABCK = 1 ABCJ
1 ABCL = 1 ABCK
2 ABCM = 1 ABCL
8 ABCN = 1 ABCM
1 ABCO = 1 ABCN
1 ABCP = 2 ABCO
1 ABCQ = 1 ABCP
2 ABCR = 1 ABCQ
1 ABCS = 4 ABCR
4 ABCT = 1 ABCS
1 ABCU = 2 ABCT
1 ABCV = 1 ABCU
4 ABCW = 1 ABCV
4 ABCX = 1 ABCW
4 ABCY = 1 ABCX
1 ABCZ = 1 ABCY
1 ABDE = 1 ABCZ
2 ABDF = 1 ABDE
1 ABDG = 4 ABDF
1 ABDH = 1 ABDG
4 ABDI = 1 ABDH
1 ABDJ = 2 ABDI
1 ABDK = 2 ABDJ
2 ABDL = 1 ABDK
1 ABDM = 2 ABDL
1 ABDN = 4 ABDM
8 ABDO = 1 ABDN
1 ABDP = 1 ABDO
1 ABDQ = 1 ABDP
1 ABDR = 1 ABDQ
1 ABDS = 1 ABDR
1 ABDT = 1 ABDS
1 ABDU = 2 ABDT
1 ABDV = 4 ABDU
1 ABDW = 1 ABDV
1 ABDX = 1 ABDW
1 ABDY = 4 ABDX
4 ABDZ = 1 ABDY
2 ABEF = 1 ABDZ
1 ABEG = 1 ABEF
1 ABEH = 1 ABEG
1 ABEI = 1 ABEH
1 ABEJ = 1 ABEI
1 ABEK = 2 ABEJ
2 ABEL = 1 ABEK
4 ABEM = 1 ABEL
1 ABEN = 2 ABEM
1 ABEO = 1 ABEN
1 ABEP = 1 ABEO
1 ABEQ = 2 ABEP
2 ABER = 1 ABEQ
1 ABES = 2 ABER
1 ABET = 1 ABES
1 ABEU = 1 ABET
1 ABEV = 1 ABEU
2 ABEW = 1 ABEV
1 ABEX = 1 ABEW
1 ABEY = 1 ABEX
2 ABEZ = 1 ABEY
1 ABFG = 1 ABEZ
2 ABFH = 1 ABFG
2 ABFI = 1 ABFH
1 ABFJ = 1 ABFI
1 ABFK = 2 ABFJ
1 ABFL = 1 ABFK
1 ABFM = 1 ABFL
4 ABFN = 1 ABFM
1 ABFO = 1 ABFN
2 ABFP = 1 ABFO
2 ABFQ = 1 ABFP
1 ABFR = 2 ABFQ
1 ABFS = 4 ABFR
1 ABFT = 1 ABFS
4 ABFU = 1 ABFT
1 ABFV = 4 ABFU
1 ABFW = 1 ABFV
1 ABFX = 2 ABFW
1 ABFY = 4 ABFX
2 ABFZ = 1 ABFY
1 ABGH = 2 ABFZ
1 ABGI = 2 ABGH
1 ABGJ = 2 ABGI
1 ABGK = 2 ABGJ
1 ABGL = 2 ABGK
4 ABGM = 1 ABGL
2 ABGN = 1 ABGM
1 ABGO = 2 ABGN
1 ABGP = 8 ABGO
1 ABGQ = 2 ABGP
2 ABGR = 1 ABGQ
1 ABGS = 2 ABGR
4 ABGT = 1 ABGS
1 ABGU = 1 ABGT
4 ABGV = 1 ABGU
2 ABGW = 1 ABGV
4 ABGX = 1 ABGW
1 ABGY = 1 ABGX
2 ABGZ = 1 ABGY
1 ABHI = 4 ABGZ
1 ABHJ = 1 ABHI
1 ABHK = 1 ABHJ
1 ABHL = 1 ABHK
1 ABHM = 2 ABHL
3 ABHN = 2 ABHM
1 ABHO = 2 ABHN
1 ABHP = 4 ABHO
4 ABHQ = 1 ABHP
1 ABHR = 1 ABHQ
8 ABHS = 1 ABHR
1 ABHT = 8 ABHS
1 ABHU = 1 ABHT
1 ABHV = 1 ABHU
1 ABHW = 2 ABHV
2 ABHX = 1 ABHW
1 ABHY = 4 ABHX
1 ABHZ = 1 ABHY
1 ABIJ = 1 ABHZ
1 ABIK = 8 ABIJ
1 ABIL = 1 ABIK
1 ABIM = 1 ABIL
1 ABIN = 1 ABIM
1 ABIO = 2 ABIN
1 ABIP = 2 ABIO
1 ABIQ = 2 ABIP
1 ABIR = 4 ABIQ
4 ABIS = 1 ABIR
2 ABIT = 1 ABIS
2 ABIU = 1 ABIT
1 ABIV = 3 ABIU
1 ABIW = 1 ABIV
1 ABIX = 1 ABIW
1 ABIY = 1 ABIX
1 ABIZ = 1 ABIY
4 ABJK = 1 ABIZ
2 ABJL = 3 ABJK
2 ABJM = 1 ABJL
1 ABJN = 2 ABJM
1 ABJO = 1 ABJN
1 ABJP = 2 ABJO
1 ABJQ = 2 ABJP
1 ABJR = 1 ABJQ
1 ABJS = 1 ABJR
1 ABJT = 1 ABJS
2 ABJU] = 1 ABJT
2 ABJU = 1 ABJV
1 ABJV = 2 ABJU
4 ABJW = 1 ABJV
2 ABJX = 1 ABJW
2 ABJY = 1 ABJX
4 ABJZ = 1 ABJY
1 ABKL = 1 ABJZ
1 ABKM = 1 ABKL
2 ABKN = 1 ABKM
8 ABKO = 1 ABKN
4 ABKP = 1 ABKO
1 ABKQ = 2 ABKP
4 ABKR = 1 ABKQ
1 ABKT = 1 ABKS
1 ABKU = 4 ABKT
1 ABKV = 8 ABKU
1 ABKW = 2 ABKV
1 ABKX = 2 ABKW
1 ABKY = 1 ABKX
2 ABKZ = 1 ABKY
1 ABLM = 1 ABKZ
8 ABLN = 1 ABLM
1 ABLO = 1 ABLN
1 ABLP = 2 ABLO
1 ABLQ = 1 ABLP
1 ABLR = 1 ABLQ
1 ABLS = 8 ABLR
1 ABLT = 4 ABLS
1 ABLU = 2 ABLT
1 ABLV = 1 ABLU
2 ABLW = 1 ABLV
1 ABLX = 4 ABLW
1 ABLY = 1 ABLX
1 ABLZ = 4 ABLY
1 ABMN = 2 ABLZ
1 ABMO = 1 ABMN
4 ABMP = 1 ABMO
8 ABMQ = 1 ABMP
1 ABMR = 2 ABMQ
4 ABMS = 1 ABMR
2 ABMT = 1 ABMS
1 ABMU = 1 ABMT
1 ABMV = 1 ABMU
1 ABMW = 1 ABMV
1 ABMX = 2 ABMW
2 ABMY = 1 ABMX
1 ABMZ = 4 ABMY
2 ABNO = 1 ABMZ
8 ABNP = 1 ABNO
1 ABNQ = 1 ABNP
1 ABNR = 1 ABNQ
1 ABNS = 1 ABNR
1 ABNT = 8 ABNS
1 ABNU = 4 ABNT
1 ABNV = 2 ABNU
2 ABNW = 1 ABNV
1 ABNX = 1 ABNW
2 ABNY = 1 ABNX
2 ABNZ = 1 ABNY
1 ABOP = 2 ABNZ
2 ABOQ = 1 ABOP
4 ABOR = 1 ABOQ
1 ABOS = 1 ABOR
1 ABOT = 4 ABOS
1 ABOU = 4 ABOT
4 ABOV = 1 ABOU
2 ABOW = 1 ABOV
1 ABOX = 1 ABOW
1 ABOY = 1 ABOX
1 ABOZ = 1 ABOY
1 ABPQ = 4 ABOZ
1 ABPR = 4 ABPQ
8 ABPS = 1 ABPR
4 ABPT = 1 ABPS
1 ABPU = 2 ABPT
1 ABPV = 1 ABPU
1 ABPW = 1 ABPV
1 ABPX = 2 ABPW
1 ABPY = 4 ABPX
1 ABPZ = 1 ABPY
1 ABQR = 8 ABPZ
1 ABQS = 4 ABQR
2 ABQT = 1 ABQS
1 ABQU = 1 ABQT
2 ABQV = 1 ABQU
1 ABQW = 1 ABQV
1 ABQX = 1 ABQW
1 ABQY = 2 ABQX
4 ABQZ = 1 ABQY
4 ABRS = 1 ABQZ
1 ABRT = 1 ABRS
4 ABRU = 1 ABRT
1 ABRV = 1 ABRU
1 ABRW = 1 ABRV
1 ABRX = 1 ABRW
1 ABRY = 1 ABRX
1 ABRZ = 2 ABRY
2 ABST = 1 ABRZ
1 ABSU = 2 ABST
1 ABSV = 2 ABSU
1 ABSW = 1 ABSV
2 ABSX = 1 ABSW
1 ABSY = 1 ABSX
1 ABSZ = 1 ABSY
1 ABTU = 4 ABSZ
1 ABTV = 2 ABTU
1 ABTW = 2 ABTV
2 ABTX = 1 ABTW
4 ABTY = 1 ABTX
2 ABTZ = 1 ABTY
1 ABUV = 1 ABTZ
1 ABUW = 1 ABUV
1 ABUX = 2 ABUW
1 ABUY = 1 ABUX
1 ABUZ = 4 ABUY
1 ABVW = 4 ABUZ
1 ASTX = 1 ASTY
1 ASTY = 1 ASTX
2 ASTZ = 1 ASTY
2 ASUV = 1 ASTZ
1 ASUW = 2 ASUV
1 ASUX = 8 ASUW
2 ASUY = 1 ASUX
1 ASUZ = 1 ASUY
8 ASVW = 1 ASUZ
2 ASVX = 1 ASVW
4 ASVY = 1 ASVX
4 ASVZ = 1 ASVY
2 ASWX = 1 ASVZ
1 ASWY = 1 ASWX
1 ASWZ = 2 ASWY
1 ASXY = 4 ASWZ
1 ASXZ = 2 ASXY
2 ASYZ = 1 ASXZ
8 ATUV = 1 ASYZ
1 ATUW = 8 ATUV
2 ATUX = 1 ATUW
1 ATUY = 1 ATUX
1 ATUZ = 2 ATUY
4 ATVW = 1 ATUZ
1 ATVX = 4 ATVW
1 ATVY = 2 ATVX
1 ATVZ = 1 ATVY
1 ATWX = 1 ATVZ
1 ATWY = 1 ATWX
2 ARTY = 1 ARTZ
1 ARTZ = 2 ARTY
1 ARUV = 2 ARTZ
1 ARUW = 1 ARUV
4 ARUX = 1 ARUW
1 ARUY = 2 ARUX
1 ARUZ = 1 ARUY
1 ARWY = 1 ef
1 ARVW = 4 ARUZ
1 ARVX = 1 ARVW
2 ARVY = 1 ARVX
4 ARVZ = 1 ARVY
1 ARWX = 1 ARVZ
1 ARWZ = 4 ARWY
1 ARXY = 1 ARWZ
2 ARXZ = 1 ARXY
1 ARYZ = 2 ARXZ
2 ASTU = 1 ARYZ
2 AUVW = 1 AUVX
1 AUVX = 2 AUVW
1 AUVY = 1 AUVX
2 AUVZ = 1 AUVY
1 AUWX = 2 AUVZ
1 AUWY = 2 AUWX
2 AUWZ = 1 AUWY
1 AUXY = 1 AUWZ
1 AUXZ = 1 AUXY
1 ACEZ = 1 e
2 ABED = 1 mm
192 ABHV = 1 za
? ATUY = ? ABDZ
413 ABCG = 55 ABGN
1 ABJQ = 768 ABEX
1 ABEU = 2 ABEO
413 r = 4 ABHQ
? ASUY = ? underwear
1 ABGO = 16 ABDI
? ABGR = ? ASVY
2048 ABGM = 231 ggg
? ATUY = ? ll
1024 ABDG = 33 z
7 f = 20 xxx
? no = ? ASUV
64 ATUY = 1 ASTY
? ATVW = ? ABDS
? ATUW = ? cow
1652 tt = 57475 ABHZ
? ABRW = ? ATVZ
14080 jjj = 1239 ABMO
? upwear = ? ABEG
1 j = 4 nnn
? dd = ? ABEH
1 ABTW = 4 ABNV
? hi = ? ABCQ
? fork = ? truck
? cdpplayer = ? ABCZ
? a = ? ASVW
413 rrr = 4 ABHO
1 ABKY = 128 nnn
256 cd = 165 ABOZ
131072 ABEJ = 165 ABRY
? wx = ? ttt
? carsstoperqrtoper = ? ABCS
? ABHQ = ? ATWX
? fffinosstopstoperqrtop = ? op
? ABJT = ? AUWZ
? coww = ? decosstoperqrnoerea
2 chickener = 1 sheep
165 ABLW = 1048576 ABDO
? ABGZ = ? television
? lemosstoperqp = ? ABRU
? sportutilityvehicle = ? ABFT
165 ABSW = 65536 ABCT
1652 ABCI = 55 ABGK
512 s = 1 ABRZ
? mangogo = ? vw
? microwave = ? ABIL
? ASYZ = ? shirtter
? jj = ? ABGT
1 ARWX = 66 z
? spoon = ? vv
? ABKU = ? zpo
165 ABQU = 16777216 ABHL
5 ABOS = 16 e
? ABJO = ? chicken
? ASWX = ? ABDE
? aredcommandotruck = ? ABMU
55 ABVW = 65536 ABIL
165 ABKQ = 16384 ABFM
32 ABJP = 495 j
1652 ABCT = 55 ABEH
? ABIR = ? ASUZ
? kl = ? ABDP
1239 y = 16 ABEJ
? guavava = ? secretrockethovercar
165 ABMY = 131072 ABFY
? bababa = ? h
? ABRY = ? bb
? ABLM = ? televi
64 ABKT = 1 ABQW
? nosstoperqrnosstoperqrnosstoperqr = ? ABDY
2 ABEZ = 1 ABHJ
? AUWX = ? ii
? ABGQ = ? truck
? mn = ? ABCH
? n = ? ASVY
165 ABLS = 262144 ABDP
3 ABIT = 4 ABCK
? ABTY = ? nosstoperqrnosstoperqrnosstoperqr
16384 ABDI = 33 ddd
11 ACEZ = 413 ABMY
? z = ? inosstoperqrnosstoperqrosstoperqr
? ABKZ = ? ij
128 n = 1 ABMU
1 vv = 1 ooo
? x = ? ASTX
? passionfruitter = ? ABHS
? ATUY = ? ABEZ
? ABEK = ? ecosstoperqrnosstoperqqr
? ABGP = ? zz
4956 ABHV = 55 mm
? cc = ? ABJV
413 ARVW = 2640 ABHZ
52864 ABES = 165 ABHR
? f = ? dvdplayer
16384 ABCO = 165 ABNZ
? ABDN = ? xyqu
8192 ABIJ = 55 ABRW
? AUVY = ? ab
5 ABMU = 128 z
262144 ABFY = 165 ABRU
? kosstoperqrr = ? sss
1 ABGQ = 64 ABHK
? cat = ? ABHT
2048 ABFW = 1 ABCJ
? ABPQ = ? zpo
13216 n = 1 ABIT
3383296 ABEQ = 55 ABIX
? ABCD = ? ASUV
1 ABQU = 32 ABPQ
? bb = ? decorqrrsstoperqrtoperea
1 ABLM = 32 ABRW
1 ABNW = 8 ABMT
211456 ABCV = 55 ABIY
? ASTY = ? ABGX
? ABIW = ? zpo
? mosstopeqr = ? ABNX
? forkkkk = ? ABCF
? sock = ? ASTZ
? ABDW = ? lemosstoerqrnosstoperqrnosstoperqr
? i = ? ATUV
52864 ABDT = 55 ABEL
160 za = 99 bbb
297 ccc = 640 ABJO
? ABIJ = ? qr
? ATUV = ? sheep
? fork = ? hhh
? ABDP = ? ij
6 dogggg = 1 knife
1239 t = 16 ABEQ
32 ARVX = 165 ABTZ
2 uuu = 1 i
16384 ABFL = 165 ABKU
? rs = ? AUVW
2 ATVW = 1 ATUY
? ABRW = ? mosstopeqr
? ABMO = ? ATUW
? ij = ? bb
231 ggg = 512 ABGU
? underwearer = ? ee
13216 ABEO = 55 mm
? nosstoperqrnosstoperqrnosstoperqr = ? thermonuclearwarheadder
13216 ABDK = 55 ABDU
? abababacarsstoperqrtoper = ? lll
? ccc = ? dvdplayer
? yz = ? sockker
4 ABJS = 495 yyy
? ABPZ = ? AUWX
1 ABHM = 1 ABET
32768 ABFH = 1 ARWZ
3304 ABCW = 55 ABHM
? ABHS = ? ecosstoperqrnosstoperqqr
? qqrsstoperqrtopertopetop = ? q
64 ABIQ = 55 ABMY
1 ABPT = 64 r
? guavava = ? ABPS
? rr = ? ghsstoperqrsstoperqrtop
? ASTY = ? ABCZ
165 ABST = 128 ARVZ
? cat = ? ABFR
1048576 ABFP = 165 ABNS
165 ABUV = 256 ARWY
13216 ABEF = 55 ABEG
? ABOZ = ? spoon
262144 ABFJ = 1815 iii
? ABTZ = ? lemosstoerqrnosstoperqrnosstoperqr
2 ABJR = 3 ABIZ
3304 ABDL = 55 ABFI
99 aaa = 33040 ABMT
? ASVZ = ? ABFH
2 ABOP = 1 ABNX
? ABLN = ? josstoperqrkosstoperqrr
? ABMU = ? ASXY
? sheepppp = ? m
? qr = ? ABMZ
? tu = ? ABNY
? ABFQ = ? jk
? aa = ? ARTY
? ABRV = ? lemosstoerqrnosstoperqrnosstoperqr
? ABJZ = ? television
2048 ABDU = 165 i
? ooo = ? dvdplayer
? ABQV = ? lm
? ABHM = ? cat
? underwear = ? ASUV
5 microwaver = 702 mango
2048 ABDT = 165 n
? jj = ? nnn
? upwear = ? toaster
49152 bc = 55 ABQS
? dvdplayer = ? y
? dvdplayer = ? ABJY
6413 truckker = 21632 taxi
1 ABUZ = 128 ABNS
? mule = ? ABUW
256 ABEW = 3 ABIK
? wx = ? ABKN
262144 ABDK = 165 ABNO
128 ARVY = 165 ABSW
1 ABGJ = 1 ABGM
3 ABIN = 32 ABGK
? ARVW = ? kosstoperqrr
99 aaa = 40960 ABHX
? ABGM = ? AUWZ
33554432 ABDS = 165 ABQU
? ABCV = ? truckker
? f = ? shirt
131072 ABDX = 165 ABLW
? ABEW = ? sportutilityvehicle
? ABDT = ? ASTY
128 ABCL = 1815 iii
32768 ABIZ = 165 ABQU
? osstoperqr = ? ABGX
8 xx = 91 m
? forker = ? ABNU
45056 ABFL = 1 ss
220 h = 59 ABUV
? truck = ? ATUW
1 n = 1 kk
1 ABJY = 128 ABKQ
1 ABIX = 1024 ABEM
? decorqrrsstoperqrtoperea = ? pq
? abababacarsstoperqrtoper = ? ABHI
64 ABCN = 165 rrr
? aa = ? ABIV
? AUWZ = ? ABDU
8192 r = 1 ABQV
? passionfruit = ? ABHQ
? ATUX = ? ABIT
165 ABOP = 131072 ABDZ
? posstoperqr = ? ABJN
165 ABRU = 8192 ABCV
? ABOZ = ? osstoperqr
? mule = ? ABGS
? uv = ? ABJM
? microwaver = ? q
? toast = ? uv
? j = ? nosstoperqrnosstoperq
? ABGI = ? decosstoperqrnoerea
? guava = ? ABNR
1048576 ABDP = 165 ABUW
1600 mmm = 9 aaa
? yq = ? toaster
165 ABTX = 1048576 ABDX
? osstoperqr = ? ABRX
? decorqrrsstoperqrtoperea = ? aa
165 ooo = 2048 ABDJ
13533184 ABDO = 55 ABIV
? mosstoerqr = ? dogggg
? ABHP = ? ii
? ghsstoperqrsstoperqrtop = ? ts
? mosstoerqr = ? zz
? ABCQ = ? sportutilityvehicle
? ABFH = ? ij
1 ABTV = 4096 y
? ASVW = ? fffinosstoperqrnossrqrtop
? ABNV = ? ASXZ
? ASYZ = ? ABEQ
? ASVY = ? chicken
891 b = 2560 ABJL
? dog = ? ABEF
4096 ABFX = 165 ABKS
1 ABLM = 64 yyy
? ABQW = ? nosstoperqrnosstoperq
1024 ABFR = 3 ABHY
? ABTX = ? ATUV
165 ABJW = 32768 ABCE
? knifer = ? ABMN
256 ABFQ = 1 ABGO
1024 ABIY = 165 ABUW
2 ARUX = 33 ddd
? coaster = ? ABLO
? ASTU = ? posstoperqr
1 ABNW = 8 ABKM
? shirtter = ? silityvehicle
? ABJP = ? dvdplayer
1 ATVZ = 8 ASVZ
? o = ? posstoperqr
1024 ABHX = 77 g
1 ABJK = 64 ABEU
? ABUX = ? hi
96 ABIL = 1 ARXY
165 ABKM = 4194304 ABFU
? passionfruit = ? w
64 ABNT = 1 ABMN
? toaster = ? ABPW
65536 ABFY = 165 ABOR
? ABGM = ? ts
? ABKL = ? vos
1 ABGO = 1 ABDZ
? guava = ? fg
? qr = ? ABDO
1024 ABIQ = 55 ABLY
? ABEY = ? secretrockethovertaxi
1 ABJT = 12288 ABFN
? nosstoperqrnosstoperq = ? mangogo
? yz = ? ABEH
55 ABSU = 2048 ABIK
? bababa = ? tt
165 i = 4 ABIW
11 ffff = 59 ABLS
1 ABJV = 128 ABKN
1239 qq = 10 ABGR
165 ABLN = 4096 ABEH
512 ABEK = 165 ABKP
3 ABIO = 256 ABEU
96 nn = 4543 n
? sheepppp = ? AUXY
512 ABHI = 1 ABIW
? z = ? lemosstoerqrnosstoperqrnosstoperqr
? st = ? dogger
? underwearer = ? ABHP
? secretrockethovertaxi = ? ABCU
? huermosstoperqrmo = ? ABKV
? chicken = ? ABQZ
99 a = 66080 ABOS
165 ABMX = 64 ARUY
? ARVW = ? ATVX
? ABOT = ? twarhead
19824 xxx = 1 ABIX
55 ABTU = 65536 ABHP
? ABKP = ? ASVX
165 ABRX = 1024 ABCL
1 ABQV = 64 ABOY
4096 ABDQ = 165 ABKP
80 ll = 21 ACEZ
65536 ABCQ = 165 ABPR
? ABJQ = ? television
? catcat = ? ABHN
32 ABKU = 1 ABQY
634368 rrr = 1 ARVW
? josstoperqrkosstoperqrr = ? decorqrrsstoperqrtoperea
2048 ABGO = 1 ARWZ
3 ABIR = 16384 ABCY
3 ABIP = 512 ABEQ
1 ABKL = 128 ABPU
? wx = ? ARUX
? mango = ? ABKL
26432 ABDX = 165 ABHV
826 ARXZ = 55 ABCL
? ABHW = ? thermonuclearwarhead
1024 cd = 165 ABNY
? kosstoperqrr = ? ABDX
? wow = ? ABEM
262144 ABEJ = 165 ABPQ
? ABIS = ? twarhead
? microwave = ? ccc
? sheepppp = ? ABGQ
6608 ABEN = 55 ABFG
880 k = 413 ABSY
77 ggg = 1024 ABHT
512 ABGO = 3 ABIQ
16 ABCH = 165 p
? twarhead = ? ij
1 ABOT = 256 w
186263 o = 96 oo
? ABCR = ? ASTZ
165 ABKO = 4096 ABGI
? fffinosstoperqrnossrqrtop = ? kosstoperqrr
? ABPQ = ? ee
1 ABNS = 4 ABPZ
32 ARWZ = 165 ABRV
16384 ABHX = 55 ABOY
? qq = ? ASTZ
826 ABCY = 55 ABFP
55 ABQU = 16384 ABIT
? ATUZ = ? ABLW
1 ABGP = 2 ABGU
110 mm = 413 ABCE
? ecosstoperqrnosstoperqqr = ? ecosstoperqrerqr
? ABGQ = ? underwearer
? armoredcommandotruck = ? ABFZ
? decorqrrsstoperqrtoperea = ? ASUW
? shirtter = ? ttt
? ASVZ = ? ABEX
1 ABQX = 4 ABLY
1 ABUZ = 32 ABPV
? ABQY = ? bb
? ij = ? ABGW
? ABPX = ? inosstoperqrnosstoperqrosstoperqr
5 pp = 1 z
? huermosstoperqrmosr = ? ABLU
? rsstoperqrtoper = ? ABCX
16 ABNP = 1 ABJY
? cdpplayer = ? ABJW
? ABOU = ? osstoperqr
? bababa = ? ABSU
? ASXY = ? ABQR
? mn = ? ABJX
? josstoperqrkostoperqrtoper = ? ABUW
4194304 ABEQ = 165 ABQR
? vos = ? ABOT
32 ABJS = 3 ARYZ
1815 iii = 16 ARUX
? ABNX = ? zpo
? ABMT = ? microwaver
? zz = ? ABFH
? ASTZ = ? ARVX
? huermosstoperqrmo = ? mangooo
55 ABMT = 16 ABIR
16384 ABHJ = 165 ABLQ
1 ABKP = 2 kk
1652 ABDW = 55 ABED
1 ABJN = 192 ABHJ
? ATUZ = ? dogggg
1 ABMR = 256 ABSY
? bb = ? ASWY
? kosstoperqrr = ? ARTZ
1 ABLU = 256 ABNY
? ATUV = ? ABQV
? ABFV = ? AUVY
1536 ABHX = 1 ARTZ
1815 ABKY = 128 ss
8192 ABJN = 495 ABLW
64 ABCH = 1 ARTZ
128 ABGR = 33 ACEZ
6608 ABCW = 55 ABGM
? ABDF = ? carsstoperqrtoper
2048 ABIZ = 165 ABMR
158592 vv = 1 ARXZ
? toast = ? ABGZ
4 ABRS = 1 ABTV
4096 ABCO = 165 ABLM
1 ABHT = 1 ABHX
1 ABLQ = 8 ABRV
165 ABRT = 524288 ABEQ
? ASYZ = ? ARTZ
1239 rrr = 256 ABFS
? ABTY = ? secretrockethovertaxi
? cow = ? sockker
1 ABMQ = 512 ABMU
2048 ABJP = 495 ABRV
165 ABQW = 32768 ABCJ
165 ABKU = 2048 ABEL
? lemosstoerqrnosstoperqrnosstoperqr = ? ij
110 hhh = 59 ABNO
? d = ? secretrockethovercar
? josstoperqrkostoperqrtoper = ? dogggg
? dog = ? qr
524288 ABEM = 165 ABNT
? posstoperqr = ? ATWY
? ATUX = ? ABDW
? tvision = ? ABEY
3 ABIT = 16384 ABFN
512 ABCN = 1 ARUV
? passionfruitter = ? g
? yz = ? ABKT
? ASXY = ? guava
1 ABQY = 256 ABKW
1 ABQY = 32 ABLT
? ABDL = ? yz
1 ABGM = 2 ABEH
? ABJK = ? papaya
? underwear = ? ff
96 nn = 4543 sss
128 ABGR = 1 ASTU
? ABHM = ? sockker
1 ABKM = 256 ABKW
? mule = ? nosstoperqrnosstoperqrnosstoperqr
1815 ABUY = 1024 ss
55 ABKY = 128 ABIT
? papaya = ? ABQT
? zz = ? spppoon
1 ABKR = 1 w
512 ABEI = 165 r
5632 ABEU = 1 ss
3 ABIP = 4096 ABFL
? ABNQ = ? tvision
? ATVZ = ? nnn
? ASUZ = ? ABOV
1239 nnn = 64 ABDJ
1 ABRS = 8 ABJZ
131072 ABEW = 165 ABKX
? ARXY = ? guava
? qr = ? dvdplayer
? passionfruit = ? AUWZ
? cowcow = ? ABGV
33554432 ABGX = 165 ABMN
? ABHY = ? ASVW
32 ABJS = 693 g
? ABFP = ? mosstopeqr
165 ABUY = 1024 de
413 ASTU = 220 ABGP
5 ABNQ = 12 d
? ABLS = ? rs
? ABJP = ? shirtter
64 ABDY = 165 y
1 ABMQ = 4 ABVW
? mangogo = ? ASVX
? posstoperqr = ? ABOW
1048576 ABDG = 165 ABNU
? ABFV = ? forkkkk
? ABCN = ? televi
77 f = 256 ABHW
? thermonuclearwarheadder = ? ABEH
1 vv = 1 p
1 ARXZ = 660 mmm
6608 ABEQ = 165 ABHS
55 ABKM = 512 ABIK
91 ABPU = 1024 xx
165 ABUW = 131072 ABGO
1 ABQZ = 4 ABPZ
? lemosstoerqrnosstoperqrnosstoperqr = ? ABOS
? silityvehicle = ? vw
? ABQZ = ? cc
? knife = ? huermosstoperqrmosr
? vw = ? ABIP
? ABIU = ? huermosstoperqrmosr
? ABCP = ? AUWZ
64 ABJP = 3 ARYZ
165 ABMT = 131072 ABEP
? ABDY = ? pant
26432 ABCZ = 55 ABFY
? ABNR = ? AUVW
165 ABJZ = 2048 ABCH
? decorqrrsstoperqrtoperea = ? cat
? catcat = ? ABCU
? passionfruitttt = ? ABJV
165 ABQT = 16777216 ABER
? ATUX = ? ABLM
? ATVY = ? ffff
? vos = ? ASTU
165 ABKQ = 8192 ABDL
4194304 ABFJ = 165 ABSX
? ABHT = ? muler
? sportutilityvehicle = ? ABEO
1268736 ABEQ = 55 ABJL
165 ABPS = 4096 ABCG
413 ARYZ = 55 ABCK
? ecosstoperqrerqr = ? AUWY
? ABEK = ? underwearer
? lm = ? kosstoperqrr
? sheepppp = ? ABLQ
? ffff = ? ATVY
? sock = ? ef
64 ABGT = 165 o
16 za = 1 ARWZ
? ARXZ = ? ghuermosstoqrtop
64 ABHK = 1 ABCH
? AUVY = ? ABNV
? yz = ? AUVW
3452680 rrr = 1 tt
413 ARTZ = 450560 ABFQ
1 ABHM = 4 ABDP
? kosstoperqrr = ? ATVX
? thermonuclearwarheadder = ? mn
? ARUV = ? bb
? ATWY = ? ABHM
4096 ABJS = 495 ABUY
? ABLW = ? knife
? pq = ? ABOV
165 ABPW = 65536 ABET
? ABFR = ? papaya
? ABHO = ? zpo
165 ABMP = 8388608 ABGY
? ABOX = ? ASXY
? catcat = ? ww
? fg = ? ACEZ
? dog = ? ABNS
? ABDH = ? televi
? silityvehicle = ? ABLQ
? coaster = ? ATUX
? pant = ? armoredcommandotruck
26432 ABGZ = 55 ABED
? ABFS = ? ATVY
32768 ABJQ = 495 ABJV
273 cowcow = 4 cdpplayer
? ABOV = ? cc
? ASVX = ? AUWZ
? ABST = ? ATWX
? ABUY = ? ecosstoperqrerqr
64 t = 1 ABLM
4096 ABIL = 55 ABTY
? ABDZ = ? ecosstoperqrnosstoperqqr
? catcat = ? ABJO
? ATUZ = ? mn
? thermonuclearwarheadder = ? ARWX
64 ABFQ = 1 ABHJ
4 ABCS = 1 ABCJ
165 ABQU = 524288 ABCF
13216 ABEH = 55 ABET
2 ABEH = 1 ABDN
? ACEZ = ? ATWX
512 ABES = 165 y
128 ABFP = 1 ABGV
? ABJY = ? nosstoperqrnosstoperqrnosstoperqr
? mosstopeqr = ? shirt
165 ABJW = 2097152 ABHI
? ss = ? xyqu
4 ARWY = 1 ARWZ
? ts = ? mosstoerqr
256 ABDV = 165 ooo
165 ABLW = 524288 ABHJ
165 ABJY = 33554432 ABFQ
? ABSY = ? thermonuclearwarheadder
3520 j = 413 ABTW
512 ABIO = 55 ABRW
3 ABIR = 16384 ABDO
? microwave = ? ABJU
55 ABPT = 96 bc
? ABNT = ? spoon
55 ABKO = 32 ABIK
32768 ABEG = 165 ABOS
? ABJY = ? uv
512 ABIW = 165 ABOV
1 upwear = 1 underwearer
1024 ABEX = 165 nnn
16777216 ABDE = 165 ABQX
? ASWZ = ? passionfruitttt
? yz = ? spppoon
165 ABNV = 524288 ABEK
65536 ABIV = 165 ABQS
4096 ABDE = 55 jjj
16384 ABHW = 55 ABRW
256 ABDN = 165 v
1 ABJQ = 11385 vv
? ABEV = ? fffinosstopstoperqrtop
6 ABIM = 1 za
165 ABLX = 2097152 ABEY
? ASVW = ? passionfruit
? ll = ? AUVZ
? ABTW = ? mosstopeqr
16777216 ABEZ = 165 ABTW
? josstoperqrkosstoperqrr = ? ASVX
1 ABKQ = 2 i
? kl = ? vv
1239 r = 64 ABGY
? AUXZ = ? ABLQ
? ABSZ = ? ASUW
? ABMX = ? AUWZ
? ABHP = ? sstoperqr
165 ABQU = 16777216 ABEP
? mango = ? ASUW
? sheepp = ? rr
? ABDJ = ? television
1239 z = 40 ABGM
262144 ABEX = 165 ABST
? secretrockethovercarrer = ? ABEY
? ABHK = ? pq
924 f = 1 ARVW
? ABEQ = ? forker
20 kk = 1 eee
? ABTY = ? shirtter
? coaster = ? ABKP
16 ABEG = 1 ABCQ
? silityvehicle = ? secretrockethovercarrer
? guavava = ? ABIQ
? u = ? nosstoperqrnosstoperq
? ABKW = ? yq
? ABJV = ? muler
7 ARXZ = 880 ll
1 ABKN = 64 uuu
? ecosstoperqrerqr = ? ABJW
? shirtter = ? ABDZ
? vos = ? ASYZ
? mn = ? lll
? carsstoperqrtoper = ? sheep
8 ASTU = 165 ABKV
165 ABPZ = 16384 ABGQ
1 ABDV = 8 ABDT
? ATUY = ? ABTZ
413 ARUZ = 14080 ABDO
? sportutilityvehicle = ? armoredcommandotruck
? ABLY = ? zpo
5 ABRU = 224 g
1 ABOP = 512 u
? josstoperqrkostoperqrtoper = ? ABQX
? AUXZ = ? zpo
6608 ABEH = 55 ABEX
? pq = ? ABIW
1 ABSV = 1 ABMR
? ABJK = ? fg
1612 mangooo = 315 fork
? ABCU = ? decosstoperqrnoerea
165 ABLR = 16384 ABDU
2 ABIZ = 165 sss
? lm = ? taxi
? secretrockethovertaxi = ? fg
? ABDY = ? hh
1 ABLO = 8 ABOZ
13216 t = 55 pp
1 ABGT = 6 ABHU
1048576 ABGW = 165 ABNV
? ABTV = ? mn
? AUWZ = ? bbb
? ABHX = ? ATVZ
? chicken = ? ABNV
? passionfruitttt = ? ABQY
? decosstoperqrnoerea = ? ABCW
165 ABRV = 2048 ABJK
? ASVY = ? upwear
32768 ABFS = 1 ARXZ
4 ABSX = 1 ABNV
? taxi = ? ASTY
? ABPX = ? ecosstoperqrerqr
? AUVY = ? pant
67108864 ABFQ = 165 ABNX
26432 ABEI = 55 ABGO
? pq = ? AUWZ
? ecosstoperqrnosstoperqqr = ? yyy
? ASTY = ? ABKR
? ABRU = ? cdpplayer
3 ABNP = 20608 uu
? fffinosstoperqrnossrqrtop = ? de
? ASUV = ? ABKX
? sockker = ? ABCF
1 ABHL = 32 ABFU
1 sheepppp = 6 catcat
1 ABHV = 1 ABHO
16 ABOW = 1 ABLY
? ABHK = ? ATVZ
2 cow = 3 cowcow
1 ABLN = 64 ABLQ
? s = ? dd
? ghuermosstoqrtop = ? ABGR
? ABKS = ? huermosstoperqrmo
? bababa = ? ABFG
? osstoperqr = ? guavava
4 u = 7 h
? ABCW = ? rsstoperqrtoper
413 cd = 7040 ABFJ
? ATWX = ? ABIX
512 ABIM = 55 ABPV
? kl = ? ABMY
? ABDT = ? nosstoperqrnosstoperqrnosstoperqr
? ABMO = ? chickennnn
? ghsstoperqrsstoperqrtop = ? ABFP
1 ABPY = 1024 s
165 ABQX = 2097152 ABGM
65536 ABFL = 165 ABLP
3072 ABFX = 1 ABJT
? fork = ? ABMQ
? ARYZ = ? ghuermosstoqrtop
8 ABMT = 1 ABJX
1 ABQR = 16 ABLT
? armoredcommandotruck = ? ABJK
1 ABMO = 16384 ABPU
? ATWX = ? mm
? ASUZ = ? thermonuclearwarhead
? ABRT = ? mule
413 ABCK = 1760 ABDF
1 ABIV = 1024 ABDP
? mangogo = ? vw
65536 ABJN = 495 ABTX
413 ARXZ = 55 ABCM
512 ABEX = 1 ABIV
1024 ABJO = 495 ABOS
4 ABFM = 1 ABDU
? mango = ? ABKM
524288 ABEJ = 165 ABPZ
165 ABQV = 8388608 mm
66880 ABDN = 3 tt
? jj = ? ABHT
? ABEI = ? AUWX
? bb = ? a
? secretrockethovercarrer = ? nn
? ij = ? ATUX
4096 ABEQ = 231 g
? ABGZ = ? mule
? ABCF = ? ASVX
? ABCG = ? mn
413 ABCD = 220 ABDE
165 ABQV = 134217728 ABFO
16 ABCI = 33 z
? microwaver = ? ABLN
? dog = ? lll
165 ABUY = 128 ARUV
1 ABQZ = 16 ABNZ
? coww = ? ggg
262144 ABCQ = 165 ABQV
? ABDQ = ? chickennnn
2478 t = 1 ABCI
? rrr = ? ASWX
413 ABEO = 55 ABFP
165 ABPU = 131072 ABDK
? underwearer = ? ASUZ
220 k = 413 ABLS
? ABEK = ? toast
96 oo = 186263 ABJZ
1 ABSZ = 4 ABKY
? kl = ? ABEX
? ABHU = ? ASUV
1 ABNO = 128 i
64 ABGU = 165 mmm
? carsstoperqrtoper = ? ASUY
1 ABPW = 4 ABNS
? decorqrrsstoperqrtoperea = ? passionfruit
2 ARUW = 1 ARVW
52864 ABDT = 55 ABEQ
33554432 ABGY = 165 ABVW
? chicken = ? gh
165 ABKR = 1024 ABEN
1 ABTV = 4096 kk
55 ABSY = 1024 ABIU
? gh = ? inosstoperqrnoerqr
? cdpplayer = ? kl
? dogger = ? ABCT
1 ABJV = 8192 k
? cow = ? ccc
? ABFH = ? tvision
8 ABFZ = 1 ABDX
413 ABCP = 440 ABFW
? chickener = ? ABTZ
? ABGY = ? rsstoperqrtoper
? y = ? twarhead
? ATVY = ? y
? ABDU = ? ASWX
11 g = 3776 ABKU
? ARVX = ? shirtter
? ABEG = ? qr
55 ABED = 13216 ABDQ
55 ABNY = 32768 ABHW
? sheepppp = ? ABRY
? lll = ? truckker
? mn = ? ARUZ
29736 z = 5 ABJQ
? ASXY = ? ABIZ
? muler = ? silityvehicle
55 ABPZ = 131072 ABHO
20 pp = 1 eee
32 ABFP = 1 ABEO
? mosstoerqr = ? ABCW
413 dangmu = 1980 ABFH
165 ABQS = 33554432 ABER
? y = ? ASTY
? ccc = ? wx
? vos = ? ABHZ
1 ABJX = 128 ABLV
6608 ss = 605 ABIX
3383296 ABCX = 55 ABIW
? ecosstoperqrnosstoperqqr = ? hh
413 ARUX = 1320 ABHT
? catcat = ? ABET
128 ABHT = 55 ttt
? ABOP = ? yq
? shirtter = ? tt
64 ABDN = 8855 uu
? ABGU = ? coww
1 ABJO = 18 ABHZ
? AUXY = ? ABDI
? ARVW = ? chickennnn
2478 q = 1 ABGS
? sss = ? taxi
1 ABNX = 8 ABMU
55 ABSZ = 256 ABIQ
1239 qq = 160 ABES
1239 pp = 16 ABEG
? ee = ? r
? fg = ? microwaver
1 ABLT = 2048 ABNP
1048576 ABEQ = 165 ABLX
? ABPZ = ? kosstoperqrr
? ts = ? ABHY
512 ABGW = 165 lll
? ABEH = ? ASVW
? ASUZ = ? ABPU
1268736 ABEF = 55 ABJL
165 ABTZ = 16777216 ABFP
? ABFU = ? yq
512 ABDE = 8855 uu
? zz = ? ABUY
? microwaver = ? yy
13216 ABDH = 55 ABHK
165 ABSU = 65536 ABCW
165 ABQT = 4096 ASTU
165 ABTY = 2097152 ABDE
? ecosstoperqrerqr = ? ABIQ
16777216 ABEX = 165 ABMO
3 ABIJ = 16 ABEJ
512 pp = 1 ABTZ
? cdpplayer = ? zz
? sstoperqr = ? ABFK
1 ABJL = 24 ABCW
? ABCE = ? cowcow
? cdpplayer = ? ASVY
? microwaver = ? ABJR
32 ABJS = 495 ABKO
? ABFX = ? underwearer
16 ABJR = 693 ffff
1652 ABCH = 165 ABHV
? ABSZ = ? jj
? ABDR = ? ij
? mosstoerqr = ? ABJM
165 ABKN = 2048 ABCU
495 ABKT = 8 ABJP
? ABQV = ? ASTY
? ARVW = ? mangogo
165 ABQX = 33554432 ABDI
? ABED = ? forker
512 ABCU = 165 ABLP
1024 ABFU = 1 ABCQ
165 ABKY = 4096 ABCP
? ATUX = ? ABEK
1024 ABIT = 55 ABUY
? lll = ? shirtter
131072 ABHT = 55 ABLV
1 ARUW = 1320 nnn
? tu = ? ABJR
? ff = ? fg
1 ABTY = 4 ABPX
? uuu = ? tu
? ARTY = ? ASTY
? passionfruitter = ? g
57475 ABTU = 8192 tt
? ABRT = ? mosstopeqr
512 ABCK = 165 ABLS
55 ABPU = 16384 ABHT
? fffinosstopstoperqrtop = ? ABOX
128 ABGL = 3 ABIS
1155 h = 8 ABIW
? zz = ? bbb
? ARVY = ? sheepppp
? ABOP = ? inosstoperqrnoerqr
? secretrockethovertaxi = ? rs
4194304 ABFW = 165 ABSZ
? yz = ? ABFT
55 ABMY = 16384 ABHX
? jj = ? ABMS
? n = ? nosstoperqrnosstoperqrnosstoperqr
? ABRV = ? underwearer
? ABIK = ? fork
? secretrockethovercar = ? ABQT
? s = ? AUXZ
? AUVW = ? ABIT
8 ABEF = 1 ABCR
? ABRU = ? yz
? ABHO = ? tu
413 ARXY = 440 ABCP
? ABHK = ? ASWZ
? sheep = ? ABJU]
? nosstoperqrnosstoperq = ? AUVW
? ABDX = ? vw
? josstoperqrkostoperqrtoper = ? ABJO
81920 ABDU = 99 bbb
413 ABCM = 440 ABDO
? secretrockethovercarrer = ? taxi
? passionfruitter = ? ABGN
1 ABOU = 64 ABLP
1 ABJS = 12 ABGQ
317184 v = 1 ARXY
? decosstoperqrnoerea = ? jjj
33 ddd = 512 ABCW
165 ABNV = 256 ARUV
? mango = ? qr
1 ABPR = 16 ABPV
99 b = 8260 ABOQ
? thermonuclearwarhead = ? lll
? ghuermosstoqrtop = ? ABGT
165 ABTZ = 131072 ABGO
? passionfruit = ? ABNS
? tvision = ? AUVY
? ffff = ? ATUW
1815 ABLN = 8 ss
? bb = ? chickennnn
? ABJU = ? zpo
192 ABHZ = 1 ARVZ
165 ABMP = 4194304 ABDG
? q = ? guavava
165 j = 256 ABGT
524288 ABDL = 165 ABNZ
13216 ABDR = 55 ABEM
12 ccc = 275 iii
413 ARXY = 14080 ABFY
165 ABNX = 1024 de
? microwaver = ? ABUV
131072 ABER = 165 ABPW
? cat = ? ATVY
? shirt = ? ABPW
? AUXZ = ? ABOR
231 g = 4096 ABEU
6608 ABCX = 55 ABEN
1 ABLU = 1024 r
? cowcow = ? AUVX
? op = ? jjj
605 iii = 3304 ABJZ
? ABEK = ? yq
? u = ? sock
? hh = ? ABDM
? ABMT = ? AUXY
? k = ? lemosstoperqp
? catcat = ? n
? fg = ? ts
40 ABKR = 7 g
317184 ABCF = 55 ABJR
? top = ? ASYZ
4096 ABEY = 165 ABKU
? ABHU = ? yz
? sheepppp = ? ABNP
? ABHI = ? ATVY
6 pp = 1 jjj
? cowcow = ? ABKS
45 nn = 3304 ABGV
6608 ABEM = 55 ABFL
6608 ABCX = 55 ABEW
? inosstoperqrnosstoperqrosstoperqr = ? j
44 ACEZ = 413 ABPQ
? ABFW = ? underwear
2 ABSX = 1 ABLV
4096 ABGP = 165 ABOY