2 papaya = 9 mango
? guava = ? mango
? papaya = ? passionfruit
2 armoredcommandotruck = 3 secretrockethovercar
9 a = 320 z
? chicken = ? dog
1 cow = 54 cat
2 chicken = 1 dog
74 dvdplayer = 637 toaster
? fork = ? cow
7 toaster = 74 spoon
689 sportutilityvehicle = 1504 truck
5 sock = 2 shirt
? shirt = ? pant
45 pant = 188 shirt
2 papaya = 9 mangogo
? guavava = ? mangogo
? papaya = ? passionfruitter
? armoredcommandotruckk = ? secretrockethovercarrer
1 r = 1 qqq
9 aaa = 320 z
? chickener = ? dogger
1 coww = 54 cat
2 chickener = 1 dogger
74 dvdplayer = 637 toast
? forker = ? coww
7 toast = 74 spoon
338 sportutilityvehicle = 517 truckker
? sockker = ? shirt
? shirt = ? pantter
7 papaya = 31 mangooo
? guava = ? mangooo
? papaya = ? passionfruitttt
1 aredcommandotruck = 1 secretrockethovertaxi
1 sstoperqr = 1 vos
? abababacarsstoperqrtoper = ? zpo
? chickennnn = ? dogggg
1 cowcow = 36 catcat
3 chickennnn = 1 dogggg
74 cdpplayer = 637 coaster
? forkkkk = ? cowcow
7 coaster = 74 spppoon
312 silityvehicle = 517 truck
5 sock = 2 ts
188 ts = 45 pant
45 pant = 188 ts
63 ee = 2560 aa
? aa = ? oo
? aa = ? zz
? aa = ? yy
4543 ww = 96 nn
? yy = ? ii
? gg = ? uu
7007 uu = 192 yy
9 bc = 2 de
4 ab = 1 ef
1 op = 5 lm
? yy = ? zz
9 bc = 1 ef
? gh = ? ww
? gh = ? lm
8 vw = 15 yz
660 xx = 91 ab